21:58:43.891 [main                     ] DEBUG Logger               - Configured Logger
21:58:43.905 [main                     ] DEBUG GameApplication      - Logging settings
Title: Dungeon Crawler
Version: Development 0.0.1
Width: 1280
Height: 720
Fullscreen: false
Intro: false
Profiling: false
Single step:false
App Mode: DEVELOPER
Menu Key: ESCAPE
Stage Style: DECORATED
Scene Factory: class com.group19.javafxgame.MainSceneFactory

21:58:44.336 [JavaFX Application Thread] DEBUG FXGLApplication      - Initializing FXGL
21:58:44.338 [JavaFX Application Thread] INFO  Engine               - FXGL-11.12 (11.12.2020 08.51) on WINDOWS (J:11.0.10 FX:15)
21:58:44.338 [JavaFX Application Thread] DEBUG Engine               - JRE Vendor Name: AdoptOpenJDK
21:58:44.338 [JavaFX Application Thread] DEBUG Engine               - Running on OS: Windows 10 version 10.0
21:58:44.338 [JavaFX Application Thread] DEBUG Engine               - Architecture: amd64
21:58:44.338 [JavaFX Application Thread] INFO  Engine               - Source code and latest versions at: https://github.com/AlmasB/FXGL
21:58:44.339 [JavaFX Application Thread] INFO  Engine               -              Join the FXGL chat at: https://gitter.im/AlmasB/FXGL
21:58:44.422 [JavaFX Application Thread] DEBUG MainWindow           - Creating a JavaFX scene
21:58:44.472 [JavaFX Application Thread] DEBUG MainWindow           - Target settings size: 1280.0 x 720.0
21:58:44.472 [JavaFX Application Thread] DEBUG MainWindow           - Scaled scene size:    1280.0 x 720.0
21:58:44.473 [JavaFX Application Thread] DEBUG MainWindow           - Scaled ratio: (1.0, 1.0)
21:58:44.473 [JavaFX Application Thread] DEBUG MainWindow           - Set initial scene to StartupScene
21:58:44.478 [JavaFX Application Thread] DEBUG MainWindow           - Opening main window
21:58:44.544 [JavaFX Application Thread] DEBUG MainWindow           - Window border size: (16.0, 39.0)
21:58:44.545 [JavaFX Application Thread] DEBUG MainWindow           - Scaled size: 1280.0 x 720.0
21:58:44.545 [JavaFX Application Thread] DEBUG MainWindow           - Scaled ratio: (1.0, 1.0)
21:58:44.545 [JavaFX Application Thread] DEBUG MainWindow           - Scene size: 1280.0 x 720.0
21:58:44.545 [JavaFX Application Thread] DEBUG MainWindow           - Stage size: 1296.0 x 759.0
21:58:44.550 [FXGL Background Thread 1 ] DEBUG Engine               - Initializing environment variables
21:58:44.572 [FXGL Background Thread 1 ] DEBUG GameApplicationServi - Applying CSS: fxgl_dark.css
21:58:44.573 [FXGL Background Thread 1 ] DEBUG FXGLAssetLoaderServi - Loading from file system: /assets/ui/css/fxgl_dark.css
21:58:44.617 [FXGL Background Thread 1 ] DEBUG GameApplicationServi - Initializing application scenes
21:58:44.647 [FXGL Background Thread 1 ] DEBUG GameWorld            - Game world initialized
21:58:44.701 [FXGL Background Thread 1 ] DEBUG PhysicsWorld         - Physics world initialized: appHeight=720, physics.ppm=50.0
21:58:44.702 [FXGL Background Thread 1 ] DEBUG GameScene            - Game scene initialized: 1280x720
21:58:44.716 [FXGL Background Thread 1 ] DEBUG FXGLAssetLoaderServi - Loading from file system: /assets/textures/background/MainMenuBackground.jpg
21:58:44.784 [FXGL Background Thread 1 ] DEBUG FXGLAssetLoaderServi - Loading from file system: /assets/textures/particles/trace_horizontal.png
21:58:44.818 [FXGL Background Thread 1 ] DEBUG FXGL.DefaultMenu     - createMenuBodyGameMenu()
21:58:44.827 [FXGL Background Thread 1 ] DEBUG FXGL.DefaultMenu     - createOptionsMenu()
21:58:44.833 [FXGL Background Thread 1 ] DEBUG FXGLAssetLoaderServi - Loading from file system: /assets/textures/particles/smoke.png
21:58:44.872 [FXGL Background Thread 1 ] DEBUG GameApplicationServi - Application scenes initialized
21:58:44.881 [FXGL Background Thread 1 ] DEBUG SystemBundleService  - Loading FXGL system data
21:58:44.885 [FXGL Background Thread 1 ] DEBUG FileSystemAccess     - Reading from: C:\Users\rodos\CS-2340-Final-Project\system\fxgl.bundle
21:58:44.889 [FXGL Background Thread 1 ] DEBUG SystemBundleService  - Bundle FXGL: {}
21:58:44.890 [FXGL Background Thread 1 ] DEBUG UpdaterService       - Checking for updates
21:58:44.893 [FXGL Background Thread 4 ] DEBUG FXGLApplication      - Loading fonts
21:58:44.894 [FXGL Background Thread 4 ] DEBUG FXGLAssetLoaderServi - Loading from file system: /assets/ui/fonts/VarelaRound-Regular.ttf
21:58:44.894 [FXGL Background Thread 1 ] DEBUG FXGLApplication      - Loading default localization
21:58:44.894 [FXGL Background Thread 1 ] DEBUG FXGLAssetLoaderServi - Loading from file system: /assets/languages/english.lang
21:58:44.907 [FXGL Background Thread 1 ] INFO  FXGLApplication      - FXGL initialization took: 0.357 sec
21:58:44.908 [JavaFX Application Thread] DEBUG FXGLAssetLoaderServi - Loading from file system: /assets/textures/fxgl_icon.png
21:58:44.924 [JavaFX Application Thread] DEBUG FXGLAssetLoaderServi - Loading from file system: /assets/ui/cursors/fxgl_default.png
21:58:44.937 [JavaFX Application Thread] DEBUG Input                - Registered new binding: Screenshot - P
21:58:44.938 [JavaFX Application Thread] DEBUG Input                - Registered new binding: System info dump - CTRL+9
21:58:44.938 [JavaFX Application Thread] DEBUG Input                - Registered new binding: Restart - CTRL+R
21:58:44.939 [JavaFX Application Thread] DEBUG Input                - Registered new binding: Toggle Debug Camera - CTRL+C
21:58:44.942 [JavaFX Application Thread] DEBUG LoopRunner           - Starting loop
21:58:44.944 [JavaFX Application Thread] DEBUG Input                - Clearing active input actions
21:58:44.951 [JavaFX Application Thread] DEBUG GameApplicationServi - Removing overlay from StartupScene and adding to FXGLMainMenuDummyScene
21:58:44.951 [JavaFX Application Thread] DEBUG MainWindow           - StartupScene -> FXGLMainMenuDummyScene
21:58:44.951 [JavaFX Application Thread] DEBUG MainWindow           - Push state: MainMenu
21:58:44.951 [JavaFX Application Thread] DEBUG Input                - Clearing active input actions
21:58:44.960 [JavaFX Application Thread] DEBUG GameApplicationServi - Removing overlay from FXGLMainMenuDummyScene and adding to MainMenu
21:58:44.960 [JavaFX Application Thread] DEBUG MainWindow           - FXGLMainMenuDummyScene -> MainMenu
21:58:45.185 [FXGL Background Thread 4 ] DEBUG FXGLAssetLoaderServi - Loading from file system: /assets/ui/fonts/Abel-Regular.ttf
21:58:45.187 [FXGL Background Thread 4 ] DEBUG FXGLAssetLoaderServi - Loading from file system: /assets/ui/fonts/lucida_console.ttf
21:58:45.191 [FXGL Background Thread 4 ] DEBUG FXGLAssetLoaderServi - Loading from file system: /assets/ui/fonts/Courier-Prime.ttf
21:58:45.196 [JavaFX Application Thread] DEBUG FXGLApplication      - Registering font factories with UI factory
21:58:45.357 [FXGL Background Thread 2 ] INFO  UpdaterService       - Your current version:  11.12
21:58:45.357 [FXGL Background Thread 2 ] INFO  UpdaterService       - Latest stable version: 11.16
21:58:45.841 [JavaFX Application Thread] DEBUG Menu                 - fireNewGame()
21:58:45.841 [JavaFX Application Thread] DEBUG GameApplicationServi - Starting new game
21:58:45.841 [JavaFX Application Thread] DEBUG MainWindow           - Pop state: MainMenu
21:58:45.841 [JavaFX Application Thread] DEBUG Input                - Clearing active input actions
21:58:45.842 [JavaFX Application Thread] DEBUG GameApplicationServi - Removing overlay from MainMenu and adding to FXGLMainMenuDummyScene
21:58:45.842 [JavaFX Application Thread] DEBUG MainWindow           - FXGLMainMenuDummyScene <- MainMenu
21:58:45.842 [JavaFX Application Thread] DEBUG Input                - Clearing active input actions
21:58:45.848 [JavaFX Application Thread] DEBUG GameApplicationServi - Removing overlay from FXGLMainMenuDummyScene and adding to FXGLLoadingScene
21:58:45.848 [JavaFX Application Thread] DEBUG MainWindow           - FXGLMainMenuDummyScene -> FXGLLoadingScene
21:58:45.848 [JavaFX Application Thread] DEBUG GameApplicationServi - Clearing previous game
21:58:45.848 [JavaFX Application Thread] DEBUG GameScene            - Clearing game scene
21:58:45.848 [JavaFX Application Thread] DEBUG GameWorld            - Clearing game world
21:58:45.848 [JavaFX Application Thread] DEBUG PhysicsWorld         - Clearing physics world
21:58:45.849 [FXGL Background Thread 2 ] DEBUG FXGLApplication      - Initializing game
21:58:45.854 [FXGL Background Thread 2 ] DEBUG FXGLAssetLoaderServi - Loading from cache: /assets/textures/background/MainMenuBackground.jpg
21:58:45.866 [FXGL Background Thread 2 ] INFO  FXGLApplication      - Game initialization took: 0.016 sec
21:58:45.897 [JavaFX Application Thread] DEBUG Input                - Clearing active input actions
21:58:45.902 [JavaFX Application Thread] DEBUG GameApplicationServi - Removing overlay from FXGLLoadingScene and adding to GameScene
21:58:45.903 [JavaFX Application Thread] DEBUG MainWindow           - FXGLLoadingScene -> GameScene
21:58:47.893 [FXGL Background Thread 3 ] DEBUG Engine               - Logging environment variables
21:58:47.893 [FXGL Background Thread 3 ] DEBUG Engine               - achievements: []
21:58:47.893 [FXGL Background Thread 3 ] DEBUG Engine               - actualHeight: 720.0
21:58:47.893 [FXGL Background Thread 3 ] DEBUG Engine               - actualHeightProperty: ReadOnlyDoubleProperty [value: 720.0]
21:58:47.893 [FXGL Background Thread 3 ] DEBUG Engine               - actualWidth: 1280.0
21:58:47.893 [FXGL Background Thread 3 ] DEBUG Engine               - actualWidthProperty: ReadOnlyDoubleProperty [value: 1280.0]
21:58:47.893 [FXGL Background Thread 3 ] DEBUG Engine               - appIcon: fxgl_icon.png
21:58:47.893 [FXGL Background Thread 3 ] DEBUG Engine               - applicationMode: DEVELOPER
21:58:47.893 [FXGL Background Thread 3 ] DEBUG Engine               - cSSList: [fxgl_dark.css]
21:58:47.893 [FXGL Background Thread 3 ] DEBUG Engine               - configClass: Optional.empty
21:58:47.894 [FXGL Background Thread 3 ] DEBUG Engine               - credits: []
21:58:47.894 [FXGL Background Thread 3 ] DEBUG Engine               - devBBoxColorProperty: ObjectProperty [value: 0xff0000ff]
21:58:47.894 [FXGL Background Thread 3 ] DEBUG Engine               - devEnableDebugCameraProperty: BooleanProperty [value: false]
21:58:47.894 [FXGL Background Thread 3 ] DEBUG Engine               - devSensorColorProperty: ObjectProperty [value: 0xffff00ff]
21:58:47.894 [FXGL Background Thread 3 ] DEBUG Engine               - devShowBBoxProperty: BooleanProperty [value: false]
21:58:47.894 [FXGL Background Thread 3 ] DEBUG Engine               - devShowPositionProperty: BooleanProperty [value: false]
21:58:47.894 [FXGL Background Thread 3 ] DEBUG Engine               - enabledMenuItems: []
21:58:47.894 [FXGL Background Thread 3 ] DEBUG Engine               - engineServices: [class com.almasb.fxgl.app.FXGLApplication$GameApplicationService, class com.almasb.fxgl.app.services.FXGLDialogService, class com.almasb.fxgl.app.services.IOTaskExecutorService, class com.almasb.fxgl.event.EventBusService, class com.almasb.fxgl.io.FileSystemService, class com.almasb.fxgl.localization.LocalizationService, class com.almasb.fxgl.app.services.FXGLAssetLoaderService, class com.almasb.fxgl.app.services.SystemBundleService, class com.almasb.fxgl.profile.SaveLoadService, class com.almasb.fxgl.ui.FXGLUIFactoryServiceProvider, class com.almasb.fxgl.ui.FXGLDialogFactoryServiceProvider, class com.almasb.fxgl.audio.AudioPlayer, class com.almasb.fxgl.notification.impl.NotificationServiceProvider, class com.almasb.fxgl.achievement.AchievementService, class com.almasb.fxgl.cutscene.CutsceneService, class com.almasb.fxgl.minigames.MiniGameService, class com.almasb.fxgl.net.NetService, class com.almasb.fxgl.app.services.UpdaterService, class com.almasb.fxgl.dev.DevService]
21:58:47.894 [FXGL Background Thread 3 ] DEBUG Engine               - fontGame: Abel-Regular.ttf
21:58:47.894 [FXGL Background Thread 3 ] DEBUG Engine               - fontMono: lucida_console.ttf
21:58:47.894 [FXGL Background Thread 3 ] DEBUG Engine               - fontText: Courier-Prime.ttf
21:58:47.894 [FXGL Background Thread 3 ] DEBUG Engine               - fontUI: VarelaRound-Regular.ttf
21:58:47.894 [FXGL Background Thread 3 ] DEBUG Engine               - fullScreen: BooleanProperty [value: false]
21:58:47.894 [FXGL Background Thread 3 ] DEBUG Engine               - gameDifficulty: MEDIUM
21:58:47.894 [FXGL Background Thread 3 ] DEBUG Engine               - gameDifficultyProperty: ObjectProperty [value: MEDIUM]
21:58:47.894 [FXGL Background Thread 3 ] DEBUG Engine               - globalMusicVolume: 0.5
21:58:47.894 [FXGL Background Thread 3 ] DEBUG Engine               - globalMusicVolumeProperty: DoubleProperty [value: 0.5]
21:58:47.894 [FXGL Background Thread 3 ] DEBUG Engine               - globalSoundVolume: 0.5
21:58:47.894 [FXGL Background Thread 3 ] DEBUG Engine               - globalSoundVolumeProperty: DoubleProperty [value: 0.5]
21:58:47.894 [FXGL Background Thread 3 ] DEBUG Engine               - height: 720
21:58:47.894 [FXGL Background Thread 3 ] DEBUG Engine               - isAndroid: false
21:58:47.894 [FXGL Background Thread 3 ] DEBUG Engine               - isBrowser: false
21:58:47.895 [FXGL Background Thread 3 ] DEBUG Engine               - isClickFeedbackEnabled: false
21:58:47.895 [FXGL Background Thread 3 ] DEBUG Engine               - isCloseConfirmation: false
21:58:47.895 [FXGL Background Thread 3 ] DEBUG Engine               - isDesktop: true
21:58:47.895 [FXGL Background Thread 3 ] DEBUG Engine               - isDeveloperMenuEnabled: false
21:58:47.895 [FXGL Background Thread 3 ] DEBUG Engine               - isEntityPreloadEnabled: true
21:58:47.895 [FXGL Background Thread 3 ] DEBUG Engine               - isExperimental3D: false
21:58:47.895 [FXGL Background Thread 3 ] DEBUG Engine               - isExperimentalNative: false
21:58:47.895 [FXGL Background Thread 3 ] DEBUG Engine               - isExperimentalTiledLargeMap: false
21:58:47.895 [FXGL Background Thread 3 ] DEBUG Engine               - isFileSystemWriteAllowed: true
21:58:47.895 [FXGL Background Thread 3 ] DEBUG Engine               - isFullScreenAllowed: false
21:58:47.895 [FXGL Background Thread 3 ] DEBUG Engine               - isFullScreenFromStart: false
21:58:47.895 [FXGL Background Thread 3 ] DEBUG Engine               - isGameMenuEnabled: true
21:58:47.895 [FXGL Background Thread 3 ] DEBUG Engine               - isIOS: false
21:58:47.895 [FXGL Background Thread 3 ] DEBUG Engine               - isIntroEnabled: false
21:58:47.895 [FXGL Background Thread 3 ] DEBUG Engine               - isLinux: false
21:58:47.895 [FXGL Background Thread 3 ] DEBUG Engine               - isMac: false
21:58:47.895 [FXGL Background Thread 3 ] DEBUG Engine               - isMainMenuEnabled: true
21:58:47.895 [FXGL Background Thread 3 ] DEBUG Engine               - isManualResizeEnabled: false
21:58:47.895 [FXGL Background Thread 3 ] DEBUG Engine               - isMobile: false
21:58:47.895 [FXGL Background Thread 3 ] DEBUG Engine               - isPreserveResizeRatio: false
21:58:47.895 [FXGL Background Thread 3 ] DEBUG Engine               - isProfilingEnabled: false
21:58:47.895 [FXGL Background Thread 3 ] DEBUG Engine               - isScaleAffectedOnResize: true
21:58:47.895 [FXGL Background Thread 3 ] DEBUG Engine               - isSingleStep: false
21:58:47.895 [FXGL Background Thread 3 ] DEBUG Engine               - isUserProfileEnabled: false
21:58:47.895 [FXGL Background Thread 3 ] DEBUG Engine               - isWindows: true
21:58:47.895 [FXGL Background Thread 3 ] DEBUG Engine               - language: ObjectProperty [value: ENGLISH]
21:58:47.895 [FXGL Background Thread 3 ] DEBUG Engine               - menuKey: ESCAPE
21:58:47.895 [FXGL Background Thread 3 ] DEBUG Engine               - notificationViewClass: class com.almasb.fxgl.notification.view.XboxNotificationView
21:58:47.896 [FXGL Background Thread 3 ] DEBUG Engine               - pixelsPerMeter: 50.0
21:58:47.896 [FXGL Background Thread 3 ] DEBUG Engine               - platform: WINDOWS
21:58:47.896 [FXGL Background Thread 3 ] DEBUG Engine               - prefHeightProperty: ReadOnlyDoubleProperty [value: 720.0]
21:58:47.896 [FXGL Background Thread 3 ] DEBUG Engine               - prefWidthProperty: ReadOnlyDoubleProperty [value: 1280.0]
21:58:47.896 [FXGL Background Thread 3 ] DEBUG Engine               - profileDir: profiles/
21:58:47.896 [FXGL Background Thread 3 ] DEBUG Engine               - profileName: StringProperty [value: DEFAULT]
21:58:47.896 [FXGL Background Thread 3 ] DEBUG Engine               - randomSeed: -1
21:58:47.896 [FXGL Background Thread 3 ] DEBUG Engine               - runtimeInfo: RuntimeInfo(platform=WINDOWS, version=11.12, build=11.12.2020 08.51)
21:58:47.896 [FXGL Background Thread 3 ] DEBUG Engine               - saveFileExt: sav
21:58:47.896 [FXGL Background Thread 3 ] DEBUG Engine               - scaledHeightProp$fxgl: DoubleProperty [bound, value: 720.0]
21:58:47.896 [FXGL Background Thread 3 ] DEBUG Engine               - scaledWidthProp$fxgl: DoubleProperty [bound, value: 1280.0]
21:58:47.896 [FXGL Background Thread 3 ] DEBUG Engine               - sceneFactory: com.group19.javafxgame.MainSceneFactory@1a823f0f
21:58:47.896 [FXGL Background Thread 3 ] DEBUG Engine               - secondsIn24h: 60
21:58:47.896 [FXGL Background Thread 3 ] DEBUG Engine               - soundMenuBack: menu/back.wav
21:58:47.896 [FXGL Background Thread 3 ] DEBUG Engine               - soundMenuPress: menu/press.wav
21:58:47.896 [FXGL Background Thread 3 ] DEBUG Engine               - soundMenuSelect: menu/select.wav
21:58:47.896 [FXGL Background Thread 3 ] DEBUG Engine               - soundNotification: core/notification.wav
21:58:47.896 [FXGL Background Thread 3 ] DEBUG Engine               - stageStyle: DECORATED
21:58:47.896 [FXGL Background Thread 3 ] DEBUG Engine               - supportedLanguages: [ENGLISH, FRENCH, GERMAN, HUNGARIAN, RUSSIAN]
21:58:47.896 [FXGL Background Thread 3 ] DEBUG Engine               - title: Dungeon Crawler
21:58:47.896 [FXGL Background Thread 3 ] DEBUG Engine               - urlGithub: https://github.com/AlmasB/FXGL
21:58:47.896 [FXGL Background Thread 3 ] DEBUG Engine               - urlLeaderboard: http://fxgl-top.herokuapp.com/
21:58:47.896 [FXGL Background Thread 3 ] DEBUG Engine               - urlPOM: https://raw.githubusercontent.com/AlmasB/FXGL/master/README.md
21:58:47.896 [FXGL Background Thread 3 ] DEBUG Engine               - version: Development 0.0.1
21:58:47.896 [FXGL Background Thread 3 ] DEBUG Engine               - versionCheckDays: 7
21:58:47.896 [FXGL Background Thread 3 ] DEBUG Engine               - width: 1280
21:58:47.896 [FXGL Background Thread 3 ] DEBUG Engine               - Logging services
21:58:47.896 [FXGL Background Thread 3 ] DEBUG Engine               - class com.almasb.fxgl.app.FXGLApplication$GameApplicationService
21:58:47.896 [FXGL Background Thread 3 ] DEBUG Engine               - class com.almasb.fxgl.app.services.FXGLDialogService
21:58:47.896 [FXGL Background Thread 3 ] DEBUG Engine               - class com.almasb.fxgl.app.services.IOTaskExecutorService
21:58:47.896 [FXGL Background Thread 3 ] DEBUG Engine               - class com.almasb.fxgl.event.EventBusService
21:58:47.896 [FXGL Background Thread 3 ] DEBUG Engine               - class com.almasb.fxgl.io.FileSystemService
21:58:47.896 [FXGL Background Thread 3 ] DEBUG Engine               - class com.almasb.fxgl.localization.LocalizationService
21:58:47.896 [FXGL Background Thread 3 ] DEBUG Engine               - class com.almasb.fxgl.app.services.FXGLAssetLoaderService
21:58:47.896 [FXGL Background Thread 3 ] DEBUG Engine               - class com.almasb.fxgl.app.services.SystemBundleService
21:58:47.897 [FXGL Background Thread 3 ] DEBUG Engine               - class com.almasb.fxgl.profile.SaveLoadService
21:58:47.897 [FXGL Background Thread 3 ] DEBUG Engine               - class com.almasb.fxgl.ui.FXGLUIFactoryServiceProvider
21:58:47.897 [FXGL Background Thread 3 ] DEBUG Engine               - class com.almasb.fxgl.ui.FXGLDialogFactoryServiceProvider
21:58:47.897 [FXGL Background Thread 3 ] DEBUG Engine               - class com.almasb.fxgl.audio.AudioPlayer
21:58:47.897 [FXGL Background Thread 3 ] DEBUG Engine               - class com.almasb.fxgl.notification.impl.NotificationServiceProvider
21:58:47.897 [FXGL Background Thread 3 ] DEBUG Engine               - class com.almasb.fxgl.achievement.AchievementService
21:58:47.897 [FXGL Background Thread 3 ] DEBUG Engine               - class com.almasb.fxgl.cutscene.CutsceneService
21:58:47.897 [FXGL Background Thread 3 ] DEBUG Engine               - class com.almasb.fxgl.minigames.MiniGameService
21:58:47.897 [FXGL Background Thread 3 ] DEBUG Engine               - class com.almasb.fxgl.net.NetService
21:58:47.897 [FXGL Background Thread 3 ] DEBUG Engine               - class com.almasb.fxgl.app.services.UpdaterService
21:58:47.897 [FXGL Background Thread 3 ] DEBUG Engine               - class com.almasb.fxgl.dev.DevService
21:58:49.239 [JavaFX Application Thread] DEBUG FXGLApplication      - Exiting FXGL
21:58:49.239 [JavaFX Application Thread] DEBUG LoopRunner           - Stopping loop
21:58:49.239 [JavaFX Application Thread] DEBUG SystemBundleService  - Saving FXGL system data
21:58:49.240 [JavaFX Application Thread] DEBUG FileSystemAccess     - Writing to: C:\Users\rodos\CS-2340-Final-Project\system\fxgl.bundle
21:58:49.241 [JavaFX Application Thread] DEBUG Async                - Shutting down background threads
21:58:49.241 [JavaFX Application Thread] DEBUG MainWindow           - Closing main window
21:58:49.252 [JavaFX Application Thread] DEBUG Logger               - Closing Logger
