22:06:23.404 [main                     ] DEBUG Logger               - Configured Logger
22:06:23.418 [main                     ] DEBUG GameApplication      - Logging settings
Title: Dungeon Crawler
Version: Development 0.0.1
Width: 1280
Height: 720
Fullscreen: false
Intro: false
Profiling: false
Single step:false
App Mode: DEVELOPER
Menu Key: ESCAPE
Stage Style: DECORATED
Scene Factory: class com.group19.javafxgame.MainSceneFactory

22:06:23.841 [JavaFX Application Thread] DEBUG FXGLApplication      - Initializing FXGL
22:06:23.843 [JavaFX Application Thread] INFO  Engine               - FXGL-11.12 (11.12.2020 08.51) on WINDOWS (J:11.0.10 FX:15)
22:06:23.843 [JavaFX Application Thread] DEBUG Engine               - JRE Vendor Name: AdoptOpenJDK
22:06:23.843 [JavaFX Application Thread] DEBUG Engine               - Running on OS: Windows 10 version 10.0
22:06:23.843 [JavaFX Application Thread] DEBUG Engine               - Architecture: amd64
22:06:23.843 [JavaFX Application Thread] INFO  Engine               - Source code and latest versions at: https://github.com/AlmasB/FXGL
22:06:23.843 [JavaFX Application Thread] INFO  Engine               -              Join the FXGL chat at: https://gitter.im/AlmasB/FXGL
22:06:23.932 [JavaFX Application Thread] DEBUG MainWindow           - Creating a JavaFX scene
22:06:23.980 [JavaFX Application Thread] DEBUG MainWindow           - Target settings size: 1280.0 x 720.0
22:06:23.980 [JavaFX Application Thread] DEBUG MainWindow           - Scaled scene size:    1280.0 x 720.0
22:06:23.980 [JavaFX Application Thread] DEBUG MainWindow           - Scaled ratio: (1.0, 1.0)
22:06:23.980 [JavaFX Application Thread] DEBUG MainWindow           - Set initial scene to StartupScene
22:06:23.985 [JavaFX Application Thread] DEBUG MainWindow           - Opening main window
22:06:24.074 [JavaFX Application Thread] DEBUG MainWindow           - Window border size: (16.0, 39.0)
22:06:24.074 [JavaFX Application Thread] DEBUG MainWindow           - Scaled size: 1280.0 x 720.0
22:06:24.074 [JavaFX Application Thread] DEBUG MainWindow           - Scaled ratio: (1.0, 1.0)
22:06:24.074 [JavaFX Application Thread] DEBUG MainWindow           - Scene size: 1280.0 x 720.0
22:06:24.074 [JavaFX Application Thread] DEBUG MainWindow           - Stage size: 1296.0 x 759.0
22:06:24.081 [FXGL Background Thread 1 ] DEBUG Engine               - Initializing environment variables
22:06:24.105 [FXGL Background Thread 1 ] DEBUG GameApplicationServi - Applying CSS: fxgl_dark.css
22:06:24.106 [FXGL Background Thread 1 ] DEBUG FXGLAssetLoaderServi - Loading from file system: /assets/ui/css/fxgl_dark.css
22:06:24.150 [FXGL Background Thread 1 ] DEBUG GameApplicationServi - Initializing application scenes
22:06:24.184 [FXGL Background Thread 1 ] DEBUG GameWorld            - Game world initialized
22:06:24.237 [FXGL Background Thread 1 ] DEBUG PhysicsWorld         - Physics world initialized: appHeight=720, physics.ppm=50.0
22:06:24.239 [FXGL Background Thread 1 ] DEBUG GameScene            - Game scene initialized: 1280x720
22:06:24.250 [FXGL Background Thread 1 ] DEBUG FXGLAssetLoaderServi - Loading from file system: /assets/textures/background/MainMenuBackground.jpg
22:06:24.318 [FXGL Background Thread 1 ] DEBUG FXGLAssetLoaderServi - Loading from file system: /assets/textures/particles/trace_horizontal.png
22:06:24.345 [FXGL Background Thread 1 ] DEBUG FXGL.DefaultMenu     - createMenuBodyGameMenu()
22:06:24.354 [FXGL Background Thread 1 ] DEBUG FXGL.DefaultMenu     - createOptionsMenu()
22:06:24.358 [FXGL Background Thread 1 ] DEBUG FXGLAssetLoaderServi - Loading from file system: /assets/textures/particles/smoke.png
22:06:24.402 [FXGL Background Thread 1 ] DEBUG GameApplicationServi - Application scenes initialized
22:06:24.409 [FXGL Background Thread 1 ] DEBUG SystemBundleService  - Loading FXGL system data
22:06:24.413 [FXGL Background Thread 1 ] DEBUG FileSystemAccess     - Reading from: C:\Users\rodos\CS-2340-Final-Project\system\fxgl.bundle
22:06:24.417 [FXGL Background Thread 1 ] DEBUG SystemBundleService  - Bundle FXGL: {}
22:06:24.417 [FXGL Background Thread 1 ] DEBUG UpdaterService       - Checking for updates
22:06:24.420 [FXGL Background Thread 4 ] DEBUG FXGLApplication      - Loading fonts
22:06:24.420 [FXGL Background Thread 4 ] DEBUG FXGLAssetLoaderServi - Loading from file system: /assets/ui/fonts/VarelaRound-Regular.ttf
22:06:24.421 [FXGL Background Thread 1 ] DEBUG FXGLApplication      - Loading default localization
22:06:24.421 [FXGL Background Thread 1 ] DEBUG FXGLAssetLoaderServi - Loading from file system: /assets/languages/english.lang
22:06:24.435 [FXGL Background Thread 1 ] INFO  FXGLApplication      - FXGL initialization took: 0.354 sec
22:06:24.435 [JavaFX Application Thread] DEBUG FXGLAssetLoaderServi - Loading from file system: /assets/textures/fxgl_icon.png
22:06:24.454 [JavaFX Application Thread] DEBUG FXGLAssetLoaderServi - Loading from file system: /assets/ui/cursors/fxgl_default.png
22:06:24.467 [JavaFX Application Thread] DEBUG Input                - Registered new binding: Screenshot - P
22:06:24.468 [JavaFX Application Thread] DEBUG Input                - Registered new binding: System info dump - CTRL+9
22:06:24.468 [JavaFX Application Thread] DEBUG Input                - Registered new binding: Restart - CTRL+R
22:06:24.469 [JavaFX Application Thread] DEBUG Input                - Registered new binding: Toggle Debug Camera - CTRL+C
22:06:24.471 [JavaFX Application Thread] DEBUG LoopRunner           - Starting loop
22:06:24.473 [JavaFX Application Thread] DEBUG Input                - Clearing active input actions
22:06:24.479 [JavaFX Application Thread] DEBUG GameApplicationServi - Removing overlay from StartupScene and adding to FXGLMainMenuDummyScene
22:06:24.480 [JavaFX Application Thread] DEBUG MainWindow           - StartupScene -> FXGLMainMenuDummyScene
22:06:24.480 [JavaFX Application Thread] DEBUG MainWindow           - Push state: MainMenu
22:06:24.480 [JavaFX Application Thread] DEBUG Input                - Clearing active input actions
22:06:24.490 [JavaFX Application Thread] DEBUG GameApplicationServi - Removing overlay from FXGLMainMenuDummyScene and adding to MainMenu
22:06:24.490 [JavaFX Application Thread] DEBUG MainWindow           - FXGLMainMenuDummyScene -> MainMenu
22:06:24.717 [FXGL Background Thread 4 ] DEBUG FXGLAssetLoaderServi - Loading from file system: /assets/ui/fonts/Abel-Regular.ttf
22:06:24.720 [FXGL Background Thread 4 ] DEBUG FXGLAssetLoaderServi - Loading from file system: /assets/ui/fonts/lucida_console.ttf
22:06:24.726 [FXGL Background Thread 4 ] DEBUG FXGLAssetLoaderServi - Loading from file system: /assets/ui/fonts/Courier-Prime.ttf
22:06:24.730 [JavaFX Application Thread] DEBUG FXGLApplication      - Registering font factories with UI factory
22:06:24.874 [FXGL Background Thread 2 ] INFO  UpdaterService       - Your current version:  11.12
22:06:24.874 [FXGL Background Thread 2 ] INFO  UpdaterService       - Latest stable version: 11.16
22:06:27.421 [FXGL Background Thread 3 ] DEBUG Engine               - Logging environment variables
22:06:27.421 [FXGL Background Thread 3 ] DEBUG Engine               - achievements: []
22:06:27.421 [FXGL Background Thread 3 ] DEBUG Engine               - actualHeight: 720.0
22:06:27.421 [FXGL Background Thread 3 ] DEBUG Engine               - actualHeightProperty: ReadOnlyDoubleProperty [value: 720.0]
22:06:27.422 [FXGL Background Thread 3 ] DEBUG Engine               - actualWidth: 1280.0
22:06:27.422 [FXGL Background Thread 3 ] DEBUG Engine               - actualWidthProperty: ReadOnlyDoubleProperty [value: 1280.0]
22:06:27.422 [FXGL Background Thread 3 ] DEBUG Engine               - appIcon: fxgl_icon.png
22:06:27.422 [FXGL Background Thread 3 ] DEBUG Engine               - applicationMode: DEVELOPER
22:06:27.422 [FXGL Background Thread 3 ] DEBUG Engine               - cSSList: [fxgl_dark.css]
22:06:27.422 [FXGL Background Thread 3 ] DEBUG Engine               - configClass: Optional.empty
22:06:27.422 [FXGL Background Thread 3 ] DEBUG Engine               - credits: []
22:06:27.422 [FXGL Background Thread 3 ] DEBUG Engine               - devBBoxColorProperty: ObjectProperty [value: 0xff0000ff]
22:06:27.422 [FXGL Background Thread 3 ] DEBUG Engine               - devEnableDebugCameraProperty: BooleanProperty [value: false]
22:06:27.422 [FXGL Background Thread 3 ] DEBUG Engine               - devSensorColorProperty: ObjectProperty [value: 0xffff00ff]
22:06:27.422 [FXGL Background Thread 3 ] DEBUG Engine               - devShowBBoxProperty: BooleanProperty [value: false]
22:06:27.422 [FXGL Background Thread 3 ] DEBUG Engine               - devShowPositionProperty: BooleanProperty [value: false]
22:06:27.422 [FXGL Background Thread 3 ] DEBUG Engine               - enabledMenuItems: []
22:06:27.422 [FXGL Background Thread 3 ] DEBUG Engine               - engineServices: [class com.almasb.fxgl.app.FXGLApplication$GameApplicationService, class com.almasb.fxgl.app.services.FXGLDialogService, class com.almasb.fxgl.app.services.IOTaskExecutorService, class com.almasb.fxgl.event.EventBusService, class com.almasb.fxgl.io.FileSystemService, class com.almasb.fxgl.localization.LocalizationService, class com.almasb.fxgl.app.services.FXGLAssetLoaderService, class com.almasb.fxgl.app.services.SystemBundleService, class com.almasb.fxgl.profile.SaveLoadService, class com.almasb.fxgl.ui.FXGLUIFactoryServiceProvider, class com.almasb.fxgl.ui.FXGLDialogFactoryServiceProvider, class com.almasb.fxgl.audio.AudioPlayer, class com.almasb.fxgl.notification.impl.NotificationServiceProvider, class com.almasb.fxgl.achievement.AchievementService, class com.almasb.fxgl.cutscene.CutsceneService, class com.almasb.fxgl.minigames.MiniGameService, class com.almasb.fxgl.net.NetService, class com.almasb.fxgl.app.services.UpdaterService, class com.almasb.fxgl.dev.DevService]
22:06:27.423 [FXGL Background Thread 3 ] DEBUG Engine               - fontGame: Abel-Regular.ttf
22:06:27.423 [FXGL Background Thread 3 ] DEBUG Engine               - fontMono: lucida_console.ttf
22:06:27.423 [FXGL Background Thread 3 ] DEBUG Engine               - fontText: Courier-Prime.ttf
22:06:27.423 [FXGL Background Thread 3 ] DEBUG Engine               - fontUI: VarelaRound-Regular.ttf
22:06:27.423 [FXGL Background Thread 3 ] DEBUG Engine               - fullScreen: BooleanProperty [value: false]
22:06:27.423 [FXGL Background Thread 3 ] DEBUG Engine               - gameDifficulty: MEDIUM
22:06:27.423 [FXGL Background Thread 3 ] DEBUG Engine               - gameDifficultyProperty: ObjectProperty [value: MEDIUM]
22:06:27.423 [FXGL Background Thread 3 ] DEBUG Engine               - globalMusicVolume: 0.5
22:06:27.423 [FXGL Background Thread 3 ] DEBUG Engine               - globalMusicVolumeProperty: DoubleProperty [value: 0.5]
22:06:27.423 [FXGL Background Thread 3 ] DEBUG Engine               - globalSoundVolume: 0.5
22:06:27.423 [FXGL Background Thread 3 ] DEBUG Engine               - globalSoundVolumeProperty: DoubleProperty [value: 0.5]
22:06:27.423 [FXGL Background Thread 3 ] DEBUG Engine               - height: 720
22:06:27.423 [FXGL Background Thread 3 ] DEBUG Engine               - isAndroid: false
22:06:27.423 [FXGL Background Thread 3 ] DEBUG Engine               - isBrowser: false
22:06:27.423 [FXGL Background Thread 3 ] DEBUG Engine               - isClickFeedbackEnabled: false
22:06:27.423 [FXGL Background Thread 3 ] DEBUG Engine               - isCloseConfirmation: false
22:06:27.423 [FXGL Background Thread 3 ] DEBUG Engine               - isDesktop: true
22:06:27.423 [FXGL Background Thread 3 ] DEBUG Engine               - isDeveloperMenuEnabled: false
22:06:27.423 [FXGL Background Thread 3 ] DEBUG Engine               - isEntityPreloadEnabled: true
22:06:27.424 [FXGL Background Thread 3 ] DEBUG Engine               - isExperimental3D: false
22:06:27.424 [FXGL Background Thread 3 ] DEBUG Engine               - isExperimentalNative: false
22:06:27.424 [FXGL Background Thread 3 ] DEBUG Engine               - isExperimentalTiledLargeMap: false
22:06:27.424 [FXGL Background Thread 3 ] DEBUG Engine               - isFileSystemWriteAllowed: true
22:06:27.424 [FXGL Background Thread 3 ] DEBUG Engine               - isFullScreenAllowed: false
22:06:27.424 [FXGL Background Thread 3 ] DEBUG Engine               - isFullScreenFromStart: false
22:06:27.424 [FXGL Background Thread 3 ] DEBUG Engine               - isGameMenuEnabled: true
22:06:27.424 [FXGL Background Thread 3 ] DEBUG Engine               - isIOS: false
22:06:27.424 [FXGL Background Thread 3 ] DEBUG Engine               - isIntroEnabled: false
22:06:27.424 [FXGL Background Thread 3 ] DEBUG Engine               - isLinux: false
22:06:27.424 [FXGL Background Thread 3 ] DEBUG Engine               - isMac: false
22:06:27.424 [FXGL Background Thread 3 ] DEBUG Engine               - isMainMenuEnabled: true
22:06:27.424 [FXGL Background Thread 3 ] DEBUG Engine               - isManualResizeEnabled: false
22:06:27.424 [FXGL Background Thread 3 ] DEBUG Engine               - isMobile: false
22:06:27.424 [FXGL Background Thread 3 ] DEBUG Engine               - isPreserveResizeRatio: false
22:06:27.424 [FXGL Background Thread 3 ] DEBUG Engine               - isProfilingEnabled: false
22:06:27.424 [FXGL Background Thread 3 ] DEBUG Engine               - isScaleAffectedOnResize: true
22:06:27.424 [FXGL Background Thread 3 ] DEBUG Engine               - isSingleStep: false
22:06:27.424 [FXGL Background Thread 3 ] DEBUG Engine               - isUserProfileEnabled: false
22:06:27.424 [FXGL Background Thread 3 ] DEBUG Engine               - isWindows: true
22:06:27.424 [FXGL Background Thread 3 ] DEBUG Engine               - language: ObjectProperty [value: ENGLISH]
22:06:27.424 [FXGL Background Thread 3 ] DEBUG Engine               - menuKey: ESCAPE
22:06:27.424 [FXGL Background Thread 3 ] DEBUG Engine               - notificationViewClass: class com.almasb.fxgl.notification.view.XboxNotificationView
22:06:27.425 [FXGL Background Thread 3 ] DEBUG Engine               - pixelsPerMeter: 50.0
22:06:27.425 [FXGL Background Thread 3 ] DEBUG Engine               - platform: WINDOWS
22:06:27.425 [FXGL Background Thread 3 ] DEBUG Engine               - prefHeightProperty: ReadOnlyDoubleProperty [value: 720.0]
22:06:27.425 [FXGL Background Thread 3 ] DEBUG Engine               - prefWidthProperty: ReadOnlyDoubleProperty [value: 1280.0]
22:06:27.425 [FXGL Background Thread 3 ] DEBUG Engine               - profileDir: profiles/
22:06:27.425 [FXGL Background Thread 3 ] DEBUG Engine               - profileName: StringProperty [value: DEFAULT]
22:06:27.425 [FXGL Background Thread 3 ] DEBUG Engine               - randomSeed: -1
22:06:27.425 [FXGL Background Thread 3 ] DEBUG Engine               - runtimeInfo: RuntimeInfo(platform=WINDOWS, version=11.12, build=11.12.2020 08.51)
22:06:27.425 [FXGL Background Thread 3 ] DEBUG Engine               - saveFileExt: sav
22:06:27.425 [FXGL Background Thread 3 ] DEBUG Engine               - scaledHeightProp$fxgl: DoubleProperty [bound, value: 720.0]
22:06:27.425 [FXGL Background Thread 3 ] DEBUG Engine               - scaledWidthProp$fxgl: DoubleProperty [bound, value: 1280.0]
22:06:27.425 [FXGL Background Thread 3 ] DEBUG Engine               - sceneFactory: com.group19.javafxgame.MainSceneFactory@2e8429cc
22:06:27.425 [FXGL Background Thread 3 ] DEBUG Engine               - secondsIn24h: 60
22:06:27.425 [FXGL Background Thread 3 ] DEBUG Engine               - soundMenuBack: menu/back.wav
22:06:27.425 [FXGL Background Thread 3 ] DEBUG Engine               - soundMenuPress: menu/press.wav
22:06:27.425 [FXGL Background Thread 3 ] DEBUG Engine               - soundMenuSelect: menu/select.wav
22:06:27.425 [FXGL Background Thread 3 ] DEBUG Engine               - soundNotification: core/notification.wav
22:06:27.425 [FXGL Background Thread 3 ] DEBUG Engine               - stageStyle: DECORATED
22:06:27.425 [FXGL Background Thread 3 ] DEBUG Engine               - supportedLanguages: [ENGLISH, FRENCH, GERMAN, HUNGARIAN, RUSSIAN]
22:06:27.425 [FXGL Background Thread 3 ] DEBUG Engine               - title: Dungeon Crawler
22:06:27.425 [FXGL Background Thread 3 ] DEBUG Engine               - urlGithub: https://github.com/AlmasB/FXGL
22:06:27.425 [FXGL Background Thread 3 ] DEBUG Engine               - urlLeaderboard: http://fxgl-top.herokuapp.com/
22:06:27.425 [FXGL Background Thread 3 ] DEBUG Engine               - urlPOM: https://raw.githubusercontent.com/AlmasB/FXGL/master/README.md
22:06:27.425 [FXGL Background Thread 3 ] DEBUG Engine               - version: Development 0.0.1
22:06:27.426 [FXGL Background Thread 3 ] DEBUG Engine               - versionCheckDays: 7
22:06:27.426 [FXGL Background Thread 3 ] DEBUG Engine               - width: 1280
22:06:27.426 [FXGL Background Thread 3 ] DEBUG Engine               - Logging services
22:06:27.426 [FXGL Background Thread 3 ] DEBUG Engine               - class com.almasb.fxgl.app.FXGLApplication$GameApplicationService
22:06:27.426 [FXGL Background Thread 3 ] DEBUG Engine               - class com.almasb.fxgl.app.services.FXGLDialogService
22:06:27.426 [FXGL Background Thread 3 ] DEBUG Engine               - class com.almasb.fxgl.app.services.IOTaskExecutorService
22:06:27.426 [FXGL Background Thread 3 ] DEBUG Engine               - class com.almasb.fxgl.event.EventBusService
22:06:27.426 [FXGL Background Thread 3 ] DEBUG Engine               - class com.almasb.fxgl.io.FileSystemService
22:06:27.426 [FXGL Background Thread 3 ] DEBUG Engine               - class com.almasb.fxgl.localization.LocalizationService
22:06:27.426 [FXGL Background Thread 3 ] DEBUG Engine               - class com.almasb.fxgl.app.services.FXGLAssetLoaderService
22:06:27.426 [FXGL Background Thread 3 ] DEBUG Engine               - class com.almasb.fxgl.app.services.SystemBundleService
22:06:27.426 [FXGL Background Thread 3 ] DEBUG Engine               - class com.almasb.fxgl.profile.SaveLoadService
22:06:27.426 [FXGL Background Thread 3 ] DEBUG Engine               - class com.almasb.fxgl.ui.FXGLUIFactoryServiceProvider
22:06:27.426 [FXGL Background Thread 3 ] DEBUG Engine               - class com.almasb.fxgl.ui.FXGLDialogFactoryServiceProvider
22:06:27.426 [FXGL Background Thread 3 ] DEBUG Engine               - class com.almasb.fxgl.audio.AudioPlayer
22:06:27.426 [FXGL Background Thread 3 ] DEBUG Engine               - class com.almasb.fxgl.notification.impl.NotificationServiceProvider
22:06:27.426 [FXGL Background Thread 3 ] DEBUG Engine               - class com.almasb.fxgl.achievement.AchievementService
22:06:27.426 [FXGL Background Thread 3 ] DEBUG Engine               - class com.almasb.fxgl.cutscene.CutsceneService
22:06:27.426 [FXGL Background Thread 3 ] DEBUG Engine               - class com.almasb.fxgl.minigames.MiniGameService
22:06:27.426 [FXGL Background Thread 3 ] DEBUG Engine               - class com.almasb.fxgl.net.NetService
22:06:27.426 [FXGL Background Thread 3 ] DEBUG Engine               - class com.almasb.fxgl.app.services.UpdaterService
22:06:27.426 [FXGL Background Thread 3 ] DEBUG Engine               - class com.almasb.fxgl.dev.DevService
22:06:50.220 [JavaFX Application Thread] DEBUG Menu                 - fireNewGame()
22:06:50.220 [JavaFX Application Thread] DEBUG GameApplicationServi - Starting new game
22:06:50.220 [JavaFX Application Thread] DEBUG MainWindow           - Pop state: MainMenu
22:06:50.220 [JavaFX Application Thread] DEBUG Input                - Clearing active input actions
22:06:50.221 [JavaFX Application Thread] DEBUG GameApplicationServi - Removing overlay from MainMenu and adding to FXGLMainMenuDummyScene
22:06:50.221 [JavaFX Application Thread] DEBUG MainWindow           - FXGLMainMenuDummyScene <- MainMenu
22:06:50.221 [JavaFX Application Thread] DEBUG Input                - Clearing active input actions
22:06:50.225 [JavaFX Application Thread] DEBUG GameApplicationServi - Removing overlay from FXGLMainMenuDummyScene and adding to FXGLLoadingScene
22:06:50.225 [JavaFX Application Thread] DEBUG MainWindow           - FXGLMainMenuDummyScene -> FXGLLoadingScene
22:06:50.225 [JavaFX Application Thread] DEBUG GameApplicationServi - Clearing previous game
22:06:50.225 [JavaFX Application Thread] DEBUG GameScene            - Clearing game scene
22:06:50.225 [JavaFX Application Thread] DEBUG GameWorld            - Clearing game world
22:06:50.225 [JavaFX Application Thread] DEBUG PhysicsWorld         - Clearing physics world
22:06:50.226 [FXGL Background Thread 2 ] DEBUG FXGLApplication      - Initializing game
22:06:50.231 [FXGL Background Thread 2 ] DEBUG FXGLAssetLoaderServi - Loading from cache: /assets/textures/background/MainMenuBackground.jpg
22:06:50.241 [JavaFX Application Thread] DEBUG LoopRunner           - Stopping loop
22:06:50.242 [JavaFX Application Thread] FATAL FXGLApplication      - Uncaught Exception:
java.lang.RuntimeException: Initialization failed
	at com.almasb.fxgl.app.FXGLApplication$InitAppTask.failed(FXGLApplication.kt:325)
	at javafx.concurrent.Task.setState(Task.java:710)
	at javafx.concurrent.Task$TaskCallable.lambda$call$2(Task.java:1455)
	at com.sun.javafx.application.PlatformImpl.lambda$runLater$10(PlatformImpl.java:428)
	at java.base/java.security.AccessController.doPrivileged(Native Method)
	at com.sun.javafx.application.PlatformImpl.lambda$runLater$11(PlatformImpl.java:427)
	at com.sun.glass.ui.InvokeLaterDispatcher$Future.run(InvokeLaterDispatcher.java:96)
	at com.sun.glass.ui.win.WinApplication._runLoop(Native Method)
	at com.sun.glass.ui.win.WinApplication.lambda$runLoop$3(WinApplication.java:174)
	at java.base/java.lang.Thread.run(Thread.java:834)
Caused by: java.lang.RuntimeException: Text.font : A bound value cannot be set.
	at javafx.beans.property.ObjectPropertyBase.set(ObjectPropertyBase.java:143)
	at javafx.css.StyleableObjectProperty.set(StyleableObjectProperty.java:82)
	at javafx.scene.text.Text.setFont(Text.java:548)
	at com.group19.javafxgame.ui.menu.config.InitialConfigSubScene.<init>(InitialConfigSubScene.java:46)
	at com.group19.javafxgame.Main.initConfigScreen(Main.java:95)
	at com.group19.javafxgame.Main.initGame(Main.java:55)
	at com.almasb.fxgl.app.FXGLApplication$InitAppTask.initGame(FXGLApplication.kt:321)
	at com.almasb.fxgl.app.FXGLApplication$InitAppTask.call(FXGLApplication.kt:301)
	at com.almasb.fxgl.app.FXGLApplication$InitAppTask.call(FXGLApplication.kt:293)
	at javafx.concurrent.Task$TaskCallable.call(Task.java:1425)
	at java.base/java.util.concurrent.FutureTask.run(FutureTask.java:264)
	at java.base/java.util.concurrent.Executors$RunnableAdapter.call(Executors.java:515)
	at java.base/java.util.concurrent.FutureTask.run(FutureTask.java:264)
	at java.base/java.util.concurrent.ThreadPoolExecutor.runWorker(ThreadPoolExecutor.java:1128)
	at java.base/java.util.concurrent.ThreadPoolExecutor$Worker.run(ThreadPoolExecutor.java:628)
	... 1 more

22:06:50.243 [JavaFX Application Thread] FATAL FXGLApplication      - Application will now exit
22:06:50.254 [JavaFX Application Thread] DEBUG MainWindow           - Push state: ErrorSubScene
22:06:50.254 [JavaFX Application Thread] DEBUG Input                - Clearing active input actions
22:06:50.255 [JavaFX Application Thread] DEBUG GameApplicationServi - Removing overlay from FXGLLoadingScene and adding to ErrorSubScene
22:06:50.256 [JavaFX Application Thread] DEBUG MainWindow           - FXGLLoadingScene -> ErrorSubScene
22:06:59.080 [JavaFX Application Thread] DEBUG FXGLApplication      - Exiting FXGL
22:06:59.080 [JavaFX Application Thread] DEBUG Async                - Shutting down background threads
22:06:59.080 [JavaFX Application Thread] DEBUG MainWindow           - Closing main window
22:06:59.090 [JavaFX Application Thread] DEBUG Logger               - Closing Logger
