19:17:57.265 [main                     ] DEBUG Logger               - Configured Logger
19:17:57.289 [main                     ] DEBUG GameApplication      - Logging settings
Title: Dungeon Crawler
Version: 0.0
Width: 1280
Height: 720
Fullscreen: false
Intro: false
Profiling: false
Single step:false
App Mode: DEVELOPER
Menu Key: ESCAPE
Stage Style: DECORATED
Scene Factory: class com.almasb.fxgl.app.scene.SceneFactory

19:17:58.539 [JavaFX Application Thread] DEBUG FXGLApplication      - Initializing FXGL
19:17:58.545 [JavaFX Application Thread] INFO  Engine               - FXGL-11.12 (11.12.2020 08.51) on MAC (J:11.0.1 FX:11.0.2)
19:17:58.546 [JavaFX Application Thread] DEBUG Engine               - JRE Vendor Name: Oracle Corporation
19:17:58.546 [JavaFX Application Thread] DEBUG Engine               - Running on OS: Mac OS X version 10.16
19:17:58.546 [JavaFX Application Thread] DEBUG Engine               - Architecture: x86_64
19:17:58.547 [JavaFX Application Thread] INFO  Engine               - Source code and latest versions at: https://github.com/AlmasB/FXGL
19:17:58.547 [JavaFX Application Thread] INFO  Engine               -              Join the FXGL chat at: https://gitter.im/AlmasB/FXGL
19:17:58.756 [JavaFX Application Thread] DEBUG MainWindow           - Creating a JavaFX scene
19:17:58.848 [JavaFX Application Thread] DEBUG MainWindow           - Target settings size: 1280.0 x 720.0
19:17:58.849 [JavaFX Application Thread] DEBUG MainWindow           - Scaled scene size:    1280.0 x 720.0
19:17:58.849 [JavaFX Application Thread] DEBUG MainWindow           - Scaled ratio: (1.0, 1.0)
19:17:58.850 [JavaFX Application Thread] DEBUG MainWindow           - Set initial scene to StartupScene
19:17:58.855 [JavaFX Application Thread] DEBUG MainWindow           - Opening main window
19:17:58.926 [JavaFX Application Thread] DEBUG MainWindow           - Window border size: (0.0, 28.0)
19:17:58.926 [JavaFX Application Thread] DEBUG MainWindow           - Scaled size: 1280.0 x 720.0
19:17:58.927 [JavaFX Application Thread] DEBUG MainWindow           - Scaled ratio: (1.0, 1.0)
19:17:58.927 [JavaFX Application Thread] DEBUG MainWindow           - Scene size: 1280.0 x 720.0
19:17:58.927 [JavaFX Application Thread] DEBUG MainWindow           - Stage size: 1280.0 x 748.0
19:17:58.934 [FXGL Background Thread 1 ] DEBUG Engine               - Initializing environment variables
19:17:58.967 [FXGL Background Thread 1 ] DEBUG GameApplicationServi - Applying CSS: fxgl_dark.css
19:17:58.968 [FXGL Background Thread 1 ] DEBUG FXGLAssetLoaderServi - Loading from file system: /assets/ui/css/fxgl_dark.css
19:17:59.042 [FXGL Background Thread 1 ] DEBUG GameApplicationServi - Initializing application scenes
19:17:59.607 [FXGL Background Thread 1 ] DEBUG GameWorld            - Game world initialized
19:17:59.670 [FXGL Background Thread 1 ] DEBUG PhysicsWorld         - Physics world initialized: appHeight=720, physics.ppm=50.0
19:17:59.672 [FXGL Background Thread 1 ] DEBUG GameScene            - Game scene initialized: 1280x720
19:17:59.705 [FXGL Background Thread 1 ] DEBUG FXGLAssetLoaderServi - Loading from file system: /assets/textures/particles/trace_horizontal.png
19:17:59.744 [FXGL Background Thread 1 ] DEBUG FXGL.DefaultMenu     - createMenuBodyMainMenu()
19:17:59.763 [FXGL Background Thread 1 ] DEBUG FXGL.DefaultMenu     - createOptionsMenu()
19:17:59.767 [FXGL Background Thread 1 ] DEBUG FXGLAssetLoaderServi - Loading from file system: /assets/textures/particles/smoke.png
19:17:59.821 [FXGL Background Thread 1 ] DEBUG FXGLAssetLoaderServi - Loading from cache: /assets/textures/particles/trace_horizontal.png@64.0x64.0
19:17:59.822 [FXGL Background Thread 1 ] DEBUG FXGL.DefaultMenu     - createMenuBodyGameMenu()
19:17:59.824 [FXGL Background Thread 1 ] DEBUG FXGL.DefaultMenu     - createOptionsMenu()
19:17:59.826 [FXGL Background Thread 1 ] DEBUG FXGLAssetLoaderServi - Loading from cache: /assets/textures/particles/smoke.png@128.0x128.0
19:17:59.855 [FXGL Background Thread 1 ] DEBUG GameApplicationServi - Application scenes initialized
19:17:59.863 [FXGL Background Thread 1 ] DEBUG SystemBundleService  - Loading FXGL system data
19:17:59.869 [FXGL Background Thread 1 ] DEBUG FileSystemAccess     - Reading from: /Users/shaharben-dor/Documents/College Work/CS 2340/CS-2340-Final-Project/system/fxgl.bundle
19:17:59.875 [FXGL Background Thread 1 ] DEBUG SystemBundleService  - Bundle FXGL: {}
19:17:59.875 [FXGL Background Thread 1 ] DEBUG UpdaterService       - Checking for updates
19:17:59.879 [FXGL Background Thread 4 ] DEBUG FXGLApplication      - Loading fonts
19:17:59.879 [FXGL Background Thread 4 ] DEBUG FXGLAssetLoaderServi - Loading from file system: /assets/ui/fonts/VarelaRound-Regular.ttf
19:17:59.880 [FXGL Background Thread 1 ] DEBUG FXGLApplication      - Loading default localization
19:17:59.880 [FXGL Background Thread 1 ] DEBUG FXGLAssetLoaderServi - Loading from file system: /assets/languages/english.lang
19:17:59.897 [FXGL Background Thread 1 ] INFO  FXGLApplication      - FXGL initialization took: 0.963 sec
19:17:59.897 [JavaFX Application Thread] DEBUG FXGLAssetLoaderServi - Loading from file system: /assets/textures/fxgl_icon.png
19:17:59.902 [FXGL Background Thread 4 ] DEBUG FXGLAssetLoaderServi - Loading from file system: /assets/ui/fonts/Abel-Regular.ttf
19:17:59.905 [FXGL Background Thread 4 ] DEBUG FXGLAssetLoaderServi - Loading from file system: /assets/ui/fonts/lucida_console.ttf
19:17:59.910 [FXGL Background Thread 4 ] DEBUG FXGLAssetLoaderServi - Loading from file system: /assets/ui/fonts/Courier-Prime.ttf
19:17:59.928 [JavaFX Application Thread] DEBUG FXGLAssetLoaderServi - Loading from file system: /assets/ui/cursors/fxgl_default.png
19:17:59.945 [JavaFX Application Thread] DEBUG Input                - Registered new binding: Screenshot - P
19:17:59.946 [JavaFX Application Thread] DEBUG Input                - Registered new binding: System info dump - CTRL+9
19:17:59.946 [JavaFX Application Thread] DEBUG Input                - Registered new binding: Restart - CTRL+R
19:17:59.947 [JavaFX Application Thread] DEBUG Input                - Registered new binding: Toggle Debug Camera - CTRL+C
19:17:59.949 [JavaFX Application Thread] DEBUG LoopRunner           - Starting loop
19:17:59.951 [JavaFX Application Thread] DEBUG Input                - Clearing active input actions
19:17:59.960 [JavaFX Application Thread] DEBUG GameApplicationServi - Removing overlay from StartupScene and adding to FXGLMainMenuDummyScene
19:17:59.960 [JavaFX Application Thread] DEBUG MainWindow           - StartupScene -> FXGLMainMenuDummyScene
19:17:59.960 [JavaFX Application Thread] DEBUG MainWindow           - Push state: FXGLDefaultMenu
19:17:59.966 [JavaFX Application Thread] DEBUG Input                - Clearing active input actions
19:17:59.978 [JavaFX Application Thread] DEBUG GameApplicationServi - Removing overlay from FXGLMainMenuDummyScene and adding to FXGLDefaultMenu
19:17:59.978 [JavaFX Application Thread] DEBUG MainWindow           - FXGLMainMenuDummyScene -> FXGLDefaultMenu
19:18:00.011 [JavaFX Application Thread] DEBUG FXGLApplication      - Registering font factories with UI factory
19:18:00.475 [FXGL Background Thread 2 ] INFO  UpdaterService       - Your current version:  11.12
19:18:00.476 [FXGL Background Thread 2 ] INFO  UpdaterService       - Latest stable version: 11.16
19:18:01.409 [JavaFX Application Thread] DEBUG Menu                 - fireNewGame()
19:18:01.409 [JavaFX Application Thread] DEBUG GameApplicationServi - Starting new game
19:18:01.411 [JavaFX Application Thread] DEBUG MainWindow           - Pop state: FXGLDefaultMenu
19:18:01.411 [JavaFX Application Thread] DEBUG Input                - Clearing active input actions
19:18:01.412 [JavaFX Application Thread] DEBUG GameApplicationServi - Removing overlay from FXGLDefaultMenu and adding to FXGLMainMenuDummyScene
19:18:01.412 [JavaFX Application Thread] DEBUG MainWindow           - FXGLMainMenuDummyScene <- FXGLDefaultMenu
19:18:01.413 [JavaFX Application Thread] DEBUG Input                - Clearing active input actions
19:18:01.420 [JavaFX Application Thread] DEBUG GameApplicationServi - Removing overlay from FXGLMainMenuDummyScene and adding to FXGLLoadingScene
19:18:01.420 [JavaFX Application Thread] DEBUG MainWindow           - FXGLMainMenuDummyScene -> FXGLLoadingScene
19:18:01.420 [JavaFX Application Thread] DEBUG GameApplicationServi - Clearing previous game
19:18:01.420 [JavaFX Application Thread] DEBUG GameScene            - Clearing game scene
19:18:01.420 [JavaFX Application Thread] DEBUG GameWorld            - Clearing game world
19:18:01.421 [JavaFX Application Thread] DEBUG PhysicsWorld         - Clearing physics world
19:18:01.422 [FXGL Background Thread 2 ] DEBUG FXGLApplication      - Initializing game
19:18:01.423 [FXGL Background Thread 2 ] INFO  FXGLApplication      - Game initialization took: 0.001 sec
19:18:01.445 [JavaFX Application Thread] DEBUG Input                - Clearing active input actions
19:18:01.451 [JavaFX Application Thread] DEBUG GameApplicationServi - Removing overlay from FXGLLoadingScene and adding to GameScene
19:18:01.451 [JavaFX Application Thread] DEBUG MainWindow           - FXGLLoadingScene -> GameScene
19:18:02.880 [FXGL Background Thread 3 ] DEBUG Engine               - Logging environment variables
19:18:02.881 [FXGL Background Thread 3 ] DEBUG Engine               - achievements: []
19:18:02.881 [FXGL Background Thread 3 ] DEBUG Engine               - actualHeight: 720.0
19:18:02.881 [FXGL Background Thread 3 ] DEBUG Engine               - actualHeightProperty: ReadOnlyDoubleProperty [value: 720.0]
19:18:02.881 [FXGL Background Thread 3 ] DEBUG Engine               - actualWidth: 1280.0
19:18:02.881 [FXGL Background Thread 3 ] DEBUG Engine               - actualWidthProperty: ReadOnlyDoubleProperty [value: 1280.0]
19:18:02.882 [FXGL Background Thread 3 ] DEBUG Engine               - appIcon: fxgl_icon.png
19:18:02.882 [FXGL Background Thread 3 ] DEBUG Engine               - applicationMode: DEVELOPER
19:18:02.882 [FXGL Background Thread 3 ] DEBUG Engine               - cSSList: [fxgl_dark.css]
19:18:02.882 [FXGL Background Thread 3 ] DEBUG Engine               - configClass: Optional.empty
19:18:02.882 [FXGL Background Thread 3 ] DEBUG Engine               - credits: []
19:18:02.882 [FXGL Background Thread 3 ] DEBUG Engine               - devBBoxColorProperty: ObjectProperty [value: 0xff0000ff]
19:18:02.882 [FXGL Background Thread 3 ] DEBUG Engine               - devEnableDebugCameraProperty: BooleanProperty [value: false]
19:18:02.883 [FXGL Background Thread 3 ] DEBUG Engine               - devSensorColorProperty: ObjectProperty [value: 0xffff00ff]
19:18:02.883 [FXGL Background Thread 3 ] DEBUG Engine               - devShowBBoxProperty: BooleanProperty [value: false]
19:18:02.883 [FXGL Background Thread 3 ] DEBUG Engine               - devShowPositionProperty: BooleanProperty [value: false]
19:18:02.883 [FXGL Background Thread 3 ] DEBUG Engine               - enabledMenuItems: []
19:18:02.883 [FXGL Background Thread 3 ] DEBUG Engine               - engineServices: [class com.almasb.fxgl.app.FXGLApplication$GameApplicationService, class com.almasb.fxgl.app.services.FXGLDialogService, class com.almasb.fxgl.app.services.IOTaskExecutorService, class com.almasb.fxgl.event.EventBusService, class com.almasb.fxgl.io.FileSystemService, class com.almasb.fxgl.localization.LocalizationService, class com.almasb.fxgl.app.services.FXGLAssetLoaderService, class com.almasb.fxgl.app.services.SystemBundleService, class com.almasb.fxgl.profile.SaveLoadService, class com.almasb.fxgl.ui.FXGLUIFactoryServiceProvider, class com.almasb.fxgl.ui.FXGLDialogFactoryServiceProvider, class com.almasb.fxgl.audio.AudioPlayer, class com.almasb.fxgl.notification.impl.NotificationServiceProvider, class com.almasb.fxgl.achievement.AchievementService, class com.almasb.fxgl.cutscene.CutsceneService, class com.almasb.fxgl.minigames.MiniGameService, class com.almasb.fxgl.net.NetService, class com.almasb.fxgl.app.services.UpdaterService, class com.almasb.fxgl.dev.DevService]
19:18:02.883 [FXGL Background Thread 3 ] DEBUG Engine               - fontGame: Abel-Regular.ttf
19:18:02.883 [FXGL Background Thread 3 ] DEBUG Engine               - fontMono: lucida_console.ttf
19:18:02.884 [FXGL Background Thread 3 ] DEBUG Engine               - fontText: Courier-Prime.ttf
19:18:02.884 [FXGL Background Thread 3 ] DEBUG Engine               - fontUI: VarelaRound-Regular.ttf
19:18:02.884 [FXGL Background Thread 3 ] DEBUG Engine               - fullScreen: BooleanProperty [value: false]
19:18:02.884 [FXGL Background Thread 3 ] DEBUG Engine               - gameDifficulty: MEDIUM
19:18:02.884 [FXGL Background Thread 3 ] DEBUG Engine               - gameDifficultyProperty: ObjectProperty [value: MEDIUM]
19:18:02.885 [FXGL Background Thread 3 ] DEBUG Engine               - globalMusicVolume: 0.5
19:18:02.885 [FXGL Background Thread 3 ] DEBUG Engine               - globalMusicVolumeProperty: DoubleProperty [value: 0.5]
19:18:02.885 [FXGL Background Thread 3 ] DEBUG Engine               - globalSoundVolume: 0.5
19:18:02.886 [FXGL Background Thread 3 ] DEBUG Engine               - globalSoundVolumeProperty: DoubleProperty [value: 0.5]
19:18:02.886 [FXGL Background Thread 3 ] DEBUG Engine               - height: 720
19:18:02.886 [FXGL Background Thread 3 ] DEBUG Engine               - isAndroid: false
19:18:02.886 [FXGL Background Thread 3 ] DEBUG Engine               - isBrowser: false
19:18:02.886 [FXGL Background Thread 3 ] DEBUG Engine               - isClickFeedbackEnabled: true
19:18:02.887 [FXGL Background Thread 3 ] DEBUG Engine               - isCloseConfirmation: false
19:18:02.887 [FXGL Background Thread 3 ] DEBUG Engine               - isDesktop: true
19:18:02.887 [FXGL Background Thread 3 ] DEBUG Engine               - isDeveloperMenuEnabled: false
19:18:02.887 [FXGL Background Thread 3 ] DEBUG Engine               - isEntityPreloadEnabled: true
19:18:02.887 [FXGL Background Thread 3 ] DEBUG Engine               - isExperimental3D: false
19:18:02.887 [FXGL Background Thread 3 ] DEBUG Engine               - isExperimentalNative: false
19:18:02.887 [FXGL Background Thread 3 ] DEBUG Engine               - isExperimentalTiledLargeMap: false
19:18:02.887 [FXGL Background Thread 3 ] DEBUG Engine               - isFileSystemWriteAllowed: true
19:18:02.887 [FXGL Background Thread 3 ] DEBUG Engine               - isFullScreenAllowed: false
19:18:02.887 [FXGL Background Thread 3 ] DEBUG Engine               - isFullScreenFromStart: false
19:18:02.887 [FXGL Background Thread 3 ] DEBUG Engine               - isGameMenuEnabled: true
19:18:02.888 [FXGL Background Thread 3 ] DEBUG Engine               - isIOS: false
19:18:02.888 [FXGL Background Thread 3 ] DEBUG Engine               - isIntroEnabled: false
19:18:02.888 [FXGL Background Thread 3 ] DEBUG Engine               - isLinux: false
19:18:02.888 [FXGL Background Thread 3 ] DEBUG Engine               - isMac: true
19:18:02.888 [FXGL Background Thread 3 ] DEBUG Engine               - isMainMenuEnabled: true
19:18:02.888 [FXGL Background Thread 3 ] DEBUG Engine               - isManualResizeEnabled: false
19:18:02.888 [FXGL Background Thread 3 ] DEBUG Engine               - isMobile: false
19:18:02.888 [FXGL Background Thread 3 ] DEBUG Engine               - isPreserveResizeRatio: false
19:18:02.888 [FXGL Background Thread 3 ] DEBUG Engine               - isProfilingEnabled: false
19:18:02.888 [FXGL Background Thread 3 ] DEBUG Engine               - isScaleAffectedOnResize: true
19:18:02.888 [FXGL Background Thread 3 ] DEBUG Engine               - isSingleStep: false
19:18:02.889 [FXGL Background Thread 3 ] DEBUG Engine               - isUserProfileEnabled: false
19:18:02.889 [FXGL Background Thread 3 ] DEBUG Engine               - isWindows: false
19:18:02.889 [FXGL Background Thread 3 ] DEBUG Engine               - language: ObjectProperty [value: ENGLISH]
19:18:02.889 [FXGL Background Thread 3 ] DEBUG Engine               - menuKey: ESCAPE
19:18:02.889 [FXGL Background Thread 3 ] DEBUG Engine               - notificationViewClass: class com.almasb.fxgl.notification.view.XboxNotificationView
19:18:02.889 [FXGL Background Thread 3 ] DEBUG Engine               - pixelsPerMeter: 50.0
19:18:02.889 [FXGL Background Thread 3 ] DEBUG Engine               - platform: MAC
19:18:02.889 [FXGL Background Thread 3 ] DEBUG Engine               - prefHeightProperty: ReadOnlyDoubleProperty [value: 720.0]
19:18:02.889 [FXGL Background Thread 3 ] DEBUG Engine               - prefWidthProperty: ReadOnlyDoubleProperty [value: 1280.0]
19:18:02.890 [FXGL Background Thread 3 ] DEBUG Engine               - profileDir: profiles/
19:18:02.890 [FXGL Background Thread 3 ] DEBUG Engine               - profileName: StringProperty [value: DEFAULT]
19:18:02.890 [FXGL Background Thread 3 ] DEBUG Engine               - randomSeed: -1
19:18:02.890 [FXGL Background Thread 3 ] DEBUG Engine               - runtimeInfo: RuntimeInfo(platform=MAC, version=11.12, build=11.12.2020 08.51)
19:18:02.890 [FXGL Background Thread 3 ] DEBUG Engine               - saveFileExt: sav
19:18:02.890 [FXGL Background Thread 3 ] DEBUG Engine               - scaledHeightProp$fxgl: DoubleProperty [bound, value: 720.0]
19:18:02.890 [FXGL Background Thread 3 ] DEBUG Engine               - scaledWidthProp$fxgl: DoubleProperty [bound, value: 1280.0]
19:18:02.891 [FXGL Background Thread 3 ] DEBUG Engine               - sceneFactory: com.almasb.fxgl.app.scene.SceneFactory@3b91c77e
19:18:02.891 [FXGL Background Thread 3 ] DEBUG Engine               - secondsIn24h: 60
19:18:02.891 [FXGL Background Thread 3 ] DEBUG Engine               - soundMenuBack: menu/back.wav
19:18:02.891 [FXGL Background Thread 3 ] DEBUG Engine               - soundMenuPress: menu/press.wav
19:18:02.891 [FXGL Background Thread 3 ] DEBUG Engine               - soundMenuSelect: menu/select.wav
19:18:02.891 [FXGL Background Thread 3 ] DEBUG Engine               - soundNotification: core/notification.wav
19:18:02.891 [FXGL Background Thread 3 ] DEBUG Engine               - stageStyle: DECORATED
19:18:02.891 [FXGL Background Thread 3 ] DEBUG Engine               - supportedLanguages: [ENGLISH, FRENCH, GERMAN, HUNGARIAN, RUSSIAN]
19:18:02.891 [FXGL Background Thread 3 ] DEBUG Engine               - title: Dungeon Crawler
19:18:02.891 [FXGL Background Thread 3 ] DEBUG Engine               - urlGithub: https://github.com/AlmasB/FXGL
19:18:02.891 [FXGL Background Thread 3 ] DEBUG Engine               - urlLeaderboard: http://fxgl-top.herokuapp.com/
19:18:02.891 [FXGL Background Thread 3 ] DEBUG Engine               - urlPOM: https://raw.githubusercontent.com/AlmasB/FXGL/master/README.md
19:18:02.892 [FXGL Background Thread 3 ] DEBUG Engine               - version: 0.0
19:18:02.892 [FXGL Background Thread 3 ] DEBUG Engine               - versionCheckDays: 7
19:18:02.892 [FXGL Background Thread 3 ] DEBUG Engine               - width: 1280
19:18:02.892 [FXGL Background Thread 3 ] DEBUG Engine               - Logging services
19:18:02.892 [FXGL Background Thread 3 ] DEBUG Engine               - class com.almasb.fxgl.app.FXGLApplication$GameApplicationService
19:18:02.892 [FXGL Background Thread 3 ] DEBUG Engine               - class com.almasb.fxgl.app.services.FXGLDialogService
19:18:02.892 [FXGL Background Thread 3 ] DEBUG Engine               - class com.almasb.fxgl.app.services.IOTaskExecutorService
19:18:02.892 [FXGL Background Thread 3 ] DEBUG Engine               - class com.almasb.fxgl.event.EventBusService
19:18:02.892 [FXGL Background Thread 3 ] DEBUG Engine               - class com.almasb.fxgl.io.FileSystemService
19:18:02.892 [FXGL Background Thread 3 ] DEBUG Engine               - class com.almasb.fxgl.localization.LocalizationService
19:18:02.893 [FXGL Background Thread 3 ] DEBUG Engine               - class com.almasb.fxgl.app.services.FXGLAssetLoaderService
19:18:02.893 [FXGL Background Thread 3 ] DEBUG Engine               - class com.almasb.fxgl.app.services.SystemBundleService
19:18:02.893 [FXGL Background Thread 3 ] DEBUG Engine               - class com.almasb.fxgl.profile.SaveLoadService
19:18:02.893 [FXGL Background Thread 3 ] DEBUG Engine               - class com.almasb.fxgl.ui.FXGLUIFactoryServiceProvider
19:18:02.893 [FXGL Background Thread 3 ] DEBUG Engine               - class com.almasb.fxgl.ui.FXGLDialogFactoryServiceProvider
19:18:02.893 [FXGL Background Thread 3 ] DEBUG Engine               - class com.almasb.fxgl.audio.AudioPlayer
19:18:02.893 [FXGL Background Thread 3 ] DEBUG Engine               - class com.almasb.fxgl.notification.impl.NotificationServiceProvider
19:18:02.893 [FXGL Background Thread 3 ] DEBUG Engine               - class com.almasb.fxgl.achievement.AchievementService
19:18:02.893 [FXGL Background Thread 3 ] DEBUG Engine               - class com.almasb.fxgl.cutscene.CutsceneService
19:18:02.893 [FXGL Background Thread 3 ] DEBUG Engine               - class com.almasb.fxgl.minigames.MiniGameService
19:18:02.893 [FXGL Background Thread 3 ] DEBUG Engine               - class com.almasb.fxgl.net.NetService
19:18:02.894 [FXGL Background Thread 3 ] DEBUG Engine               - class com.almasb.fxgl.app.services.UpdaterService
19:18:02.894 [FXGL Background Thread 3 ] DEBUG Engine               - class com.almasb.fxgl.dev.DevService
19:18:03.836 [JavaFX Application Thread] DEBUG FXGLApplication      - Exiting FXGL
19:18:03.836 [JavaFX Application Thread] DEBUG LoopRunner           - Stopping loop
19:18:03.837 [JavaFX Application Thread] DEBUG SystemBundleService  - Saving FXGL system data
19:18:03.838 [JavaFX Application Thread] DEBUG FileSystemAccess     - Writing to: /Users/shaharben-dor/Documents/College Work/CS 2340/CS-2340-Final-Project/system/fxgl.bundle
19:18:03.840 [JavaFX Application Thread] DEBUG Async                - Shutting down background threads
19:18:03.840 [JavaFX Application Thread] DEBUG MainWindow           - Closing main window
19:18:03.848 [JavaFX Application Thread] DEBUG Logger               - Closing Logger
