14:21:50.628 [main                     ] DEBUG Logger               - Configured Logger
14:21:50.699 [main                     ] DEBUG GameApplication      - Logging settings
Title: Dungeon Crawler
Version: Development 0.0.1
Width: 1280
Height: 720
Fullscreen: false
Intro: false
Profiling: false
Single step:false
App Mode: DEVELOPER
Menu Key: ESCAPE
Stage Style: DECORATED
Scene Factory: class com.group19.javafxgame.MainSceneFactory

14:21:52.699 [JavaFX Application Thread] DEBUG FXGLApplication      - Initializing FXGL
14:21:52.703 [JavaFX Application Thread] INFO  Engine               - FXGL-11.12 (11.12.2020 08.51) on MAC (J:11.0.1 FX:11.0.2)
14:21:52.704 [JavaFX Application Thread] DEBUG Engine               - JRE Vendor Name: Oracle Corporation
14:21:52.704 [JavaFX Application Thread] DEBUG Engine               - Running on OS: Mac OS X version 10.16
14:21:52.705 [JavaFX Application Thread] DEBUG Engine               - Architecture: x86_64
14:21:52.705 [JavaFX Application Thread] INFO  Engine               - Source code and latest versions at: https://github.com/AlmasB/FXGL
14:21:52.705 [JavaFX Application Thread] INFO  Engine               -              Join the FXGL chat at: https://gitter.im/AlmasB/FXGL
14:21:52.980 [JavaFX Application Thread] DEBUG MainWindow           - Creating a JavaFX scene
14:21:53.158 [JavaFX Application Thread] DEBUG MainWindow           - Target settings size: 1280.0 x 720.0
14:21:53.160 [JavaFX Application Thread] DEBUG MainWindow           - Scaled scene size:    1280.0 x 720.0
14:21:53.160 [JavaFX Application Thread] DEBUG MainWindow           - Scaled ratio: (1.0, 1.0)
14:21:53.164 [JavaFX Application Thread] DEBUG MainWindow           - Set initial scene to StartupScene
14:21:53.186 [JavaFX Application Thread] DEBUG MainWindow           - Opening main window
14:21:53.388 [JavaFX Application Thread] DEBUG MainWindow           - Window border size: (0.0, 28.0)
14:21:53.388 [JavaFX Application Thread] DEBUG MainWindow           - Scaled size: 1280.0 x 720.0
14:21:53.388 [JavaFX Application Thread] DEBUG MainWindow           - Scaled ratio: (1.0, 1.0)
14:21:53.389 [JavaFX Application Thread] DEBUG MainWindow           - Scene size: 1280.0 x 720.0
14:21:53.389 [JavaFX Application Thread] DEBUG MainWindow           - Stage size: 1280.0 x 748.0
14:21:53.402 [FXGL Background Thread 1 ] DEBUG Engine               - Initializing environment variables
14:21:53.459 [FXGL Background Thread 1 ] DEBUG GameApplicationServi - Applying CSS: fxgl_dark.css
14:21:53.460 [FXGL Background Thread 1 ] DEBUG FXGLAssetLoaderServi - Loading from file system: /assets/ui/css/fxgl_dark.css
14:21:53.565 [FXGL Background Thread 1 ] DEBUG GameApplicationServi - Initializing application scenes
14:21:54.265 [FXGL Background Thread 1 ] DEBUG GameWorld            - Game world initialized
14:21:54.325 [FXGL Background Thread 1 ] DEBUG PhysicsWorld         - Physics world initialized: appHeight=720, physics.ppm=50.0
14:21:54.327 [FXGL Background Thread 1 ] DEBUG GameScene            - Game scene initialized: 1280x720
14:21:54.339 [FXGL Background Thread 1 ] DEBUG FXGLAssetLoaderServi - Loading from file system: /assets/textures/background/MainMenuBackground.jpg
14:21:54.432 [FXGL Background Thread 1 ] DEBUG FXGLAssetLoaderServi - Loading from file system: /assets/textures/particles/trace_horizontal.png
14:21:54.465 [FXGL Background Thread 1 ] DEBUG FXGL.DefaultMenu     - createMenuBodyGameMenu()
14:21:54.484 [FXGL Background Thread 1 ] DEBUG FXGL.DefaultMenu     - createOptionsMenu()
14:21:54.491 [FXGL Background Thread 1 ] DEBUG FXGLAssetLoaderServi - Loading from file system: /assets/textures/particles/smoke.png
14:21:54.562 [FXGL Background Thread 1 ] DEBUG GameApplicationServi - Application scenes initialized
14:21:54.582 [FXGL Background Thread 1 ] DEBUG SystemBundleService  - Loading FXGL system data
14:21:54.592 [FXGL Background Thread 1 ] DEBUG FileSystemAccess     - Reading from: /Users/shaharben-dor/Documents/College Work/CS 2340/CS-2340-Final-Project/system/fxgl.bundle
14:21:54.603 [FXGL Background Thread 1 ] DEBUG SystemBundleService  - Bundle FXGL: {}
14:21:54.603 [FXGL Background Thread 1 ] DEBUG UpdaterService       - Checking for updates
14:21:54.620 [FXGL Background Thread 4 ] DEBUG FXGLApplication      - Loading fonts
14:21:54.620 [FXGL Background Thread 4 ] DEBUG FXGLAssetLoaderServi - Loading from file system: /assets/ui/fonts/VarelaRound-Regular.ttf
14:21:54.625 [FXGL Background Thread 1 ] DEBUG FXGLApplication      - Loading default localization
14:21:54.626 [FXGL Background Thread 1 ] DEBUG FXGLAssetLoaderServi - Loading from file system: /assets/languages/english.lang
14:21:54.658 [FXGL Background Thread 1 ] INFO  FXGLApplication      - FXGL initialization took: 1.256 sec
14:21:54.660 [JavaFX Application Thread] DEBUG FXGLAssetLoaderServi - Loading from file system: /assets/textures/fxgl_icon.png
14:21:54.664 [FXGL Background Thread 4 ] DEBUG FXGLAssetLoaderServi - Loading from file system: /assets/ui/fonts/Abel-Regular.ttf
14:21:54.669 [FXGL Background Thread 4 ] DEBUG FXGLAssetLoaderServi - Loading from file system: /assets/ui/fonts/lucida_console.ttf
14:21:54.676 [FXGL Background Thread 4 ] DEBUG FXGLAssetLoaderServi - Loading from file system: /assets/ui/fonts/Courier-Prime.ttf
14:21:54.696 [JavaFX Application Thread] DEBUG FXGLAssetLoaderServi - Loading from file system: /assets/ui/cursors/fxgl_default.png
14:21:54.719 [JavaFX Application Thread] DEBUG Input                - Registered new binding: Screenshot - P
14:21:54.719 [JavaFX Application Thread] DEBUG Input                - Registered new binding: System info dump - CTRL+9
14:21:54.720 [JavaFX Application Thread] DEBUG Input                - Registered new binding: Restart - CTRL+R
14:21:54.720 [JavaFX Application Thread] DEBUG Input                - Registered new binding: Toggle Debug Camera - CTRL+C
14:21:54.724 [JavaFX Application Thread] DEBUG LoopRunner           - Starting loop
14:21:54.728 [JavaFX Application Thread] DEBUG Input                - Clearing active input actions
14:21:54.739 [JavaFX Application Thread] DEBUG GameApplicationServi - Removing overlay from StartupScene and adding to FXGLMainMenuDummyScene
14:21:54.739 [JavaFX Application Thread] DEBUG MainWindow           - StartupScene -> FXGLMainMenuDummyScene
14:21:54.739 [JavaFX Application Thread] DEBUG MainWindow           - Push state: MainMenu
14:21:54.740 [JavaFX Application Thread] DEBUG Input                - Clearing active input actions
14:21:54.756 [JavaFX Application Thread] DEBUG GameApplicationServi - Removing overlay from FXGLMainMenuDummyScene and adding to MainMenu
14:21:54.756 [JavaFX Application Thread] DEBUG MainWindow           - FXGLMainMenuDummyScene -> MainMenu
14:21:54.802 [JavaFX Application Thread] DEBUG FXGLApplication      - Registering font factories with UI factory
14:21:55.408 [FXGL Background Thread 2 ] INFO  UpdaterService       - Your current version:  11.12
14:21:55.409 [FXGL Background Thread 2 ] INFO  UpdaterService       - Latest stable version: 11.16
14:21:56.498 [JavaFX Application Thread] DEBUG FXGLApplication      - Exiting FXGL
14:21:56.498 [JavaFX Application Thread] DEBUG LoopRunner           - Stopping loop
14:21:56.498 [JavaFX Application Thread] DEBUG SystemBundleService  - Saving FXGL system data
14:21:56.500 [JavaFX Application Thread] DEBUG FileSystemAccess     - Writing to: /Users/shaharben-dor/Documents/College Work/CS 2340/CS-2340-Final-Project/system/fxgl.bundle
14:21:56.502 [JavaFX Application Thread] DEBUG Async                - Shutting down background threads
14:21:56.502 [JavaFX Application Thread] DEBUG MainWindow           - Closing main window
14:21:56.510 [JavaFX Application Thread] DEBUG Logger               - Closing Logger
