06:14:10.862 [main                     ] DEBUG Logger               - Configured Logger
06:14:10.876 [main                     ] DEBUG GameApplication      - Logging settings
Title: Dungeon Crawler
Version: Development 0.0.1
Width: 1280
Height: 720
Fullscreen: false
Intro: false
Profiling: false
Single step:false
App Mode: DEVELOPER
Menu Key: ESCAPE
Stage Style: DECORATED
Scene Factory: class com.group19.javafxgame.InitialConfigMenuSceneFactory

06:14:11.267 [JavaFX Application Thread] DEBUG FXGLApplication      - Initializing FXGL
06:14:11.269 [JavaFX Application Thread] INFO  Engine               - FXGL-11.12 (11.12.2020 08.51) on WINDOWS (J:11.0.10 FX:15)
06:14:11.269 [JavaFX Application Thread] DEBUG Engine               - JRE Vendor Name: AdoptOpenJDK
06:14:11.269 [JavaFX Application Thread] DEBUG Engine               - Running on OS: Windows 10 version 10.0
06:14:11.269 [JavaFX Application Thread] DEBUG Engine               - Architecture: amd64
06:14:11.269 [JavaFX Application Thread] INFO  Engine               - Source code and latest versions at: https://github.com/AlmasB/FXGL
06:14:11.269 [JavaFX Application Thread] INFO  Engine               -              Join the FXGL chat at: https://gitter.im/AlmasB/FXGL
06:14:11.357 [JavaFX Application Thread] DEBUG MainWindow           - Creating a JavaFX scene
06:14:11.405 [JavaFX Application Thread] DEBUG MainWindow           - Target settings size: 1280.0 x 720.0
06:14:11.405 [JavaFX Application Thread] DEBUG MainWindow           - Scaled scene size:    1280.0 x 720.0
06:14:11.405 [JavaFX Application Thread] DEBUG MainWindow           - Scaled ratio: (1.0, 1.0)
06:14:11.406 [JavaFX Application Thread] DEBUG MainWindow           - Set initial scene to StartupScene
06:14:11.412 [JavaFX Application Thread] DEBUG MainWindow           - Opening main window
06:14:11.484 [JavaFX Application Thread] DEBUG MainWindow           - Window border size: (16.0, 39.0)
06:14:11.484 [JavaFX Application Thread] DEBUG MainWindow           - Scaled size: 1280.0 x 720.0
06:14:11.484 [JavaFX Application Thread] DEBUG MainWindow           - Scaled ratio: (1.0, 1.0)
06:14:11.484 [JavaFX Application Thread] DEBUG MainWindow           - Scene size: 1280.0 x 720.0
06:14:11.484 [JavaFX Application Thread] DEBUG MainWindow           - Stage size: 1296.0 x 759.0
06:14:11.489 [FXGL Background Thread 1 ] DEBUG Engine               - Initializing environment variables
06:14:11.512 [FXGL Background Thread 1 ] DEBUG GameApplicationServi - Applying CSS: fxgl_dark.css
06:14:11.513 [FXGL Background Thread 1 ] DEBUG FXGLAssetLoaderServi - Loading from file system: /assets/ui/css/fxgl_dark.css
06:14:11.562 [FXGL Background Thread 1 ] DEBUG GameApplicationServi - Initializing application scenes
06:14:11.592 [FXGL Background Thread 1 ] DEBUG GameWorld            - Game world initialized
06:14:11.647 [FXGL Background Thread 1 ] DEBUG PhysicsWorld         - Physics world initialized: appHeight=720, physics.ppm=50.0
06:14:11.649 [FXGL Background Thread 1 ] DEBUG GameScene            - Game scene initialized: 1280x720
06:14:11.661 [FXGL Background Thread 1 ] DEBUG FXGLAssetLoaderServi - Loading from file system: /assets/textures/background/SimplePaintBackground.png
06:14:11.718 [FXGL Background Thread 1 ] DEBUG FXGLAssetLoaderServi - Loading from file system: /assets/textures/particles/trace_horizontal.png
06:14:11.740 [FXGL Background Thread 1 ] DEBUG FXGL.DefaultMenu     - createMenuBodyGameMenu()
06:14:11.747 [FXGL Background Thread 1 ] DEBUG FXGL.DefaultMenu     - createOptionsMenu()
06:14:11.752 [FXGL Background Thread 1 ] DEBUG FXGLAssetLoaderServi - Loading from file system: /assets/textures/particles/smoke.png
06:14:11.801 [FXGL Background Thread 1 ] DEBUG GameApplicationServi - Application scenes initialized
06:14:11.812 [FXGL Background Thread 1 ] DEBUG SystemBundleService  - Loading FXGL system data
06:14:11.815 [FXGL Background Thread 1 ] DEBUG FileSystemAccess     - Reading from: C:\Users\rodos\CS-2340-Final-Project\system\fxgl.bundle
06:14:11.820 [FXGL Background Thread 1 ] DEBUG SystemBundleService  - Bundle FXGL: {}
06:14:11.820 [FXGL Background Thread 1 ] DEBUG UpdaterService       - Checking for updates
06:14:11.826 [FXGL Background Thread 4 ] DEBUG FXGLApplication      - Loading fonts
06:14:11.826 [FXGL Background Thread 4 ] DEBUG FXGLAssetLoaderServi - Loading from file system: /assets/ui/fonts/VarelaRound-Regular.ttf
06:14:11.826 [FXGL Background Thread 1 ] DEBUG FXGLApplication      - Loading default localization
06:14:11.826 [FXGL Background Thread 1 ] DEBUG FXGLAssetLoaderServi - Loading from file system: /assets/languages/english.lang
06:14:11.844 [FXGL Background Thread 1 ] INFO  FXGLApplication      - FXGL initialization took: 0.355 sec
06:14:11.845 [JavaFX Application Thread] DEBUG FXGLAssetLoaderServi - Loading from file system: /assets/textures/fxgl_icon.png
06:14:11.864 [JavaFX Application Thread] DEBUG FXGLAssetLoaderServi - Loading from file system: /assets/ui/cursors/fxgl_default.png
06:14:11.878 [JavaFX Application Thread] DEBUG Input                - Registered new binding: Screenshot - P
06:14:11.878 [JavaFX Application Thread] DEBUG Input                - Registered new binding: System info dump - CTRL+9
06:14:11.879 [JavaFX Application Thread] DEBUG Input                - Registered new binding: Restart - CTRL+R
06:14:11.879 [JavaFX Application Thread] DEBUG Input                - Registered new binding: Toggle Debug Camera - CTRL+C
06:14:11.882 [JavaFX Application Thread] DEBUG LoopRunner           - Starting loop
06:14:11.885 [JavaFX Application Thread] DEBUG Input                - Clearing active input actions
06:14:11.896 [JavaFX Application Thread] DEBUG GameApplicationServi - Removing overlay from StartupScene and adding to FXGLMainMenuDummyScene
06:14:11.896 [JavaFX Application Thread] DEBUG MainWindow           - StartupScene -> FXGLMainMenuDummyScene
06:14:11.896 [JavaFX Application Thread] DEBUG MainWindow           - Push state: InitialConfigMenu
06:14:11.897 [JavaFX Application Thread] DEBUG Input                - Clearing active input actions
06:14:11.913 [JavaFX Application Thread] DEBUG GameApplicationServi - Removing overlay from FXGLMainMenuDummyScene and adding to InitialConfigMenu
06:14:11.914 [JavaFX Application Thread] DEBUG MainWindow           - FXGLMainMenuDummyScene -> InitialConfigMenu
06:14:12.171 [FXGL Background Thread 4 ] DEBUG FXGLAssetLoaderServi - Loading from file system: /assets/ui/fonts/Abel-Regular.ttf
06:14:12.174 [FXGL Background Thread 4 ] DEBUG FXGLAssetLoaderServi - Loading from file system: /assets/ui/fonts/lucida_console.ttf
06:14:12.177 [FXGL Background Thread 4 ] DEBUG FXGLAssetLoaderServi - Loading from file system: /assets/ui/fonts/Courier-Prime.ttf
06:14:12.183 [JavaFX Application Thread] DEBUG FXGLApplication      - Registering font factories with UI factory
06:14:12.528 [FXGL Background Thread 2 ] INFO  UpdaterService       - Your current version:  11.12
06:14:12.528 [FXGL Background Thread 2 ] INFO  UpdaterService       - Latest stable version: 11.16
06:14:13.759 [JavaFX Application Thread] DEBUG MainWindow           - Push state: DialogSubScene
06:14:13.759 [JavaFX Application Thread] DEBUG Input                - Clearing active input actions
06:14:13.760 [JavaFX Application Thread] DEBUG GameApplicationServi - Removing overlay from InitialConfigMenu and adding to DialogSubScene
06:14:13.760 [JavaFX Application Thread] DEBUG MainWindow           - InitialConfigMenu -> DialogSubScene
06:14:14.755 [JavaFX Application Thread] DEBUG MainWindow           - Pop state: DialogSubScene
06:14:14.755 [JavaFX Application Thread] DEBUG Input                - Clearing active input actions
06:14:14.756 [JavaFX Application Thread] DEBUG GameApplicationServi - Removing overlay from DialogSubScene and adding to InitialConfigMenu
06:14:14.756 [JavaFX Application Thread] DEBUG MainWindow           - InitialConfigMenu <- DialogSubScene
06:14:14.825 [FXGL Background Thread 3 ] DEBUG Engine               - Logging environment variables
06:14:14.825 [FXGL Background Thread 3 ] DEBUG Engine               - achievements: []
06:14:14.825 [FXGL Background Thread 3 ] DEBUG Engine               - actualHeight: 720.0
06:14:14.825 [FXGL Background Thread 3 ] DEBUG Engine               - actualHeightProperty: ReadOnlyDoubleProperty [value: 720.0]
06:14:14.825 [FXGL Background Thread 3 ] DEBUG Engine               - actualWidth: 1280.0
06:14:14.825 [FXGL Background Thread 3 ] DEBUG Engine               - actualWidthProperty: ReadOnlyDoubleProperty [value: 1280.0]
06:14:14.825 [FXGL Background Thread 3 ] DEBUG Engine               - appIcon: fxgl_icon.png
06:14:14.825 [FXGL Background Thread 3 ] DEBUG Engine               - applicationMode: DEVELOPER
06:14:14.825 [FXGL Background Thread 3 ] DEBUG Engine               - cSSList: [fxgl_dark.css]
06:14:14.825 [FXGL Background Thread 3 ] DEBUG Engine               - configClass: Optional.empty
06:14:14.826 [FXGL Background Thread 3 ] DEBUG Engine               - credits: []
06:14:14.826 [FXGL Background Thread 3 ] DEBUG Engine               - devBBoxColorProperty: ObjectProperty [value: 0xff0000ff]
06:14:14.826 [FXGL Background Thread 3 ] DEBUG Engine               - devEnableDebugCameraProperty: BooleanProperty [value: false]
06:14:14.826 [FXGL Background Thread 3 ] DEBUG Engine               - devSensorColorProperty: ObjectProperty [value: 0xffff00ff]
06:14:14.826 [FXGL Background Thread 3 ] DEBUG Engine               - devShowBBoxProperty: BooleanProperty [value: false]
06:14:14.826 [FXGL Background Thread 3 ] DEBUG Engine               - devShowPositionProperty: BooleanProperty [value: false]
06:14:14.826 [FXGL Background Thread 3 ] DEBUG Engine               - enabledMenuItems: []
06:14:14.826 [FXGL Background Thread 3 ] DEBUG Engine               - engineServices: [class com.almasb.fxgl.app.FXGLApplication$GameApplicationService, class com.almasb.fxgl.app.services.FXGLDialogService, class com.almasb.fxgl.app.services.IOTaskExecutorService, class com.almasb.fxgl.event.EventBusService, class com.almasb.fxgl.io.FileSystemService, class com.almasb.fxgl.localization.LocalizationService, class com.almasb.fxgl.app.services.FXGLAssetLoaderService, class com.almasb.fxgl.app.services.SystemBundleService, class com.almasb.fxgl.profile.SaveLoadService, class com.almasb.fxgl.ui.FXGLUIFactoryServiceProvider, class com.almasb.fxgl.ui.FXGLDialogFactoryServiceProvider, class com.almasb.fxgl.audio.AudioPlayer, class com.almasb.fxgl.notification.impl.NotificationServiceProvider, class com.almasb.fxgl.achievement.AchievementService, class com.almasb.fxgl.cutscene.CutsceneService, class com.almasb.fxgl.minigames.MiniGameService, class com.almasb.fxgl.net.NetService, class com.almasb.fxgl.app.services.UpdaterService, class com.almasb.fxgl.dev.DevService]
06:14:14.826 [FXGL Background Thread 3 ] DEBUG Engine               - fontGame: Abel-Regular.ttf
06:14:14.826 [FXGL Background Thread 3 ] DEBUG Engine               - fontMono: lucida_console.ttf
06:14:14.826 [FXGL Background Thread 3 ] DEBUG Engine               - fontText: Courier-Prime.ttf
06:14:14.826 [FXGL Background Thread 3 ] DEBUG Engine               - fontUI: VarelaRound-Regular.ttf
06:14:14.826 [FXGL Background Thread 3 ] DEBUG Engine               - fullScreen: BooleanProperty [value: false]
06:14:14.826 [FXGL Background Thread 3 ] DEBUG Engine               - gameDifficulty: MEDIUM
06:14:14.826 [FXGL Background Thread 3 ] DEBUG Engine               - gameDifficultyProperty: ObjectProperty [value: MEDIUM]
06:14:14.826 [FXGL Background Thread 3 ] DEBUG Engine               - globalMusicVolume: 0.5
06:14:14.826 [FXGL Background Thread 3 ] DEBUG Engine               - globalMusicVolumeProperty: DoubleProperty [value: 0.5]
06:14:14.826 [FXGL Background Thread 3 ] DEBUG Engine               - globalSoundVolume: 0.5
06:14:14.826 [FXGL Background Thread 3 ] DEBUG Engine               - globalSoundVolumeProperty: DoubleProperty [value: 0.5]
06:14:14.827 [FXGL Background Thread 3 ] DEBUG Engine               - height: 720
06:14:14.827 [FXGL Background Thread 3 ] DEBUG Engine               - isAndroid: false
06:14:14.827 [FXGL Background Thread 3 ] DEBUG Engine               - isBrowser: false
06:14:14.827 [FXGL Background Thread 3 ] DEBUG Engine               - isClickFeedbackEnabled: false
06:14:14.827 [FXGL Background Thread 3 ] DEBUG Engine               - isCloseConfirmation: false
06:14:14.827 [FXGL Background Thread 3 ] DEBUG Engine               - isDesktop: true
06:14:14.827 [FXGL Background Thread 3 ] DEBUG Engine               - isDeveloperMenuEnabled: false
06:14:14.827 [FXGL Background Thread 3 ] DEBUG Engine               - isEntityPreloadEnabled: true
06:14:14.827 [FXGL Background Thread 3 ] DEBUG Engine               - isExperimental3D: false
06:14:14.827 [FXGL Background Thread 3 ] DEBUG Engine               - isExperimentalNative: false
06:14:14.827 [FXGL Background Thread 3 ] DEBUG Engine               - isExperimentalTiledLargeMap: false
06:14:14.827 [FXGL Background Thread 3 ] DEBUG Engine               - isFileSystemWriteAllowed: true
06:14:14.827 [FXGL Background Thread 3 ] DEBUG Engine               - isFullScreenAllowed: false
06:14:14.827 [FXGL Background Thread 3 ] DEBUG Engine               - isFullScreenFromStart: false
06:14:14.827 [FXGL Background Thread 3 ] DEBUG Engine               - isGameMenuEnabled: true
06:14:14.827 [FXGL Background Thread 3 ] DEBUG Engine               - isIOS: false
06:14:14.827 [FXGL Background Thread 3 ] DEBUG Engine               - isIntroEnabled: false
06:14:14.827 [FXGL Background Thread 3 ] DEBUG Engine               - isLinux: false
06:14:14.827 [FXGL Background Thread 3 ] DEBUG Engine               - isMac: false
06:14:14.827 [FXGL Background Thread 3 ] DEBUG Engine               - isMainMenuEnabled: true
06:14:14.827 [FXGL Background Thread 3 ] DEBUG Engine               - isManualResizeEnabled: false
06:14:14.827 [FXGL Background Thread 3 ] DEBUG Engine               - isMobile: false
06:14:14.827 [FXGL Background Thread 3 ] DEBUG Engine               - isPreserveResizeRatio: false
06:14:14.827 [FXGL Background Thread 3 ] DEBUG Engine               - isProfilingEnabled: false
06:14:14.827 [FXGL Background Thread 3 ] DEBUG Engine               - isScaleAffectedOnResize: true
06:14:14.827 [FXGL Background Thread 3 ] DEBUG Engine               - isSingleStep: false
06:14:14.827 [FXGL Background Thread 3 ] DEBUG Engine               - isUserProfileEnabled: false
06:14:14.827 [FXGL Background Thread 3 ] DEBUG Engine               - isWindows: true
06:14:14.827 [FXGL Background Thread 3 ] DEBUG Engine               - language: ObjectProperty [value: ENGLISH]
06:14:14.828 [FXGL Background Thread 3 ] DEBUG Engine               - menuKey: ESCAPE
06:14:14.828 [FXGL Background Thread 3 ] DEBUG Engine               - notificationViewClass: class com.almasb.fxgl.notification.view.XboxNotificationView
06:14:14.828 [FXGL Background Thread 3 ] DEBUG Engine               - pixelsPerMeter: 50.0
06:14:14.828 [FXGL Background Thread 3 ] DEBUG Engine               - platform: WINDOWS
06:14:14.828 [FXGL Background Thread 3 ] DEBUG Engine               - prefHeightProperty: ReadOnlyDoubleProperty [value: 720.0]
06:14:14.828 [FXGL Background Thread 3 ] DEBUG Engine               - prefWidthProperty: ReadOnlyDoubleProperty [value: 1280.0]
06:14:14.828 [FXGL Background Thread 3 ] DEBUG Engine               - profileDir: profiles/
06:14:14.828 [FXGL Background Thread 3 ] DEBUG Engine               - profileName: StringProperty [value: DEFAULT]
06:14:14.828 [FXGL Background Thread 3 ] DEBUG Engine               - randomSeed: -1
06:14:14.828 [FXGL Background Thread 3 ] DEBUG Engine               - runtimeInfo: RuntimeInfo(platform=WINDOWS, version=11.12, build=11.12.2020 08.51)
06:14:14.828 [FXGL Background Thread 3 ] DEBUG Engine               - saveFileExt: sav
06:14:14.828 [FXGL Background Thread 3 ] DEBUG Engine               - scaledHeightProp$fxgl: DoubleProperty [bound, value: 720.0]
06:14:14.828 [FXGL Background Thread 3 ] DEBUG Engine               - scaledWidthProp$fxgl: DoubleProperty [bound, value: 1280.0]
06:14:14.828 [FXGL Background Thread 3 ] DEBUG Engine               - sceneFactory: com.group19.javafxgame.InitialConfigMenuSceneFactory@ebc0f4b
06:14:14.828 [FXGL Background Thread 3 ] DEBUG Engine               - secondsIn24h: 60
06:14:14.828 [FXGL Background Thread 3 ] DEBUG Engine               - soundMenuBack: menu/back.wav
06:14:14.828 [FXGL Background Thread 3 ] DEBUG Engine               - soundMenuPress: menu/press.wav
06:14:14.828 [FXGL Background Thread 3 ] DEBUG Engine               - soundMenuSelect: menu/select.wav
06:14:14.828 [FXGL Background Thread 3 ] DEBUG Engine               - soundNotification: core/notification.wav
06:14:14.828 [FXGL Background Thread 3 ] DEBUG Engine               - stageStyle: DECORATED
06:14:14.828 [FXGL Background Thread 3 ] DEBUG Engine               - supportedLanguages: [ENGLISH, FRENCH, GERMAN, HUNGARIAN, RUSSIAN]
06:14:14.829 [FXGL Background Thread 3 ] DEBUG Engine               - title: Dungeon Crawler
06:14:14.829 [FXGL Background Thread 3 ] DEBUG Engine               - urlGithub: https://github.com/AlmasB/FXGL
06:14:14.829 [FXGL Background Thread 3 ] DEBUG Engine               - urlLeaderboard: http://fxgl-top.herokuapp.com/
06:14:14.829 [FXGL Background Thread 3 ] DEBUG Engine               - urlPOM: https://raw.githubusercontent.com/AlmasB/FXGL/master/README.md
06:14:14.829 [FXGL Background Thread 3 ] DEBUG Engine               - version: Development 0.0.1
06:14:14.829 [FXGL Background Thread 3 ] DEBUG Engine               - versionCheckDays: 7
06:14:14.829 [FXGL Background Thread 3 ] DEBUG Engine               - width: 1280
06:14:14.829 [FXGL Background Thread 3 ] DEBUG Engine               - Logging services
06:14:14.829 [FXGL Background Thread 3 ] DEBUG Engine               - class com.almasb.fxgl.app.FXGLApplication$GameApplicationService
06:14:14.829 [FXGL Background Thread 3 ] DEBUG Engine               - class com.almasb.fxgl.app.services.FXGLDialogService
06:14:14.829 [FXGL Background Thread 3 ] DEBUG Engine               - class com.almasb.fxgl.app.services.IOTaskExecutorService
06:14:14.829 [FXGL Background Thread 3 ] DEBUG Engine               - class com.almasb.fxgl.event.EventBusService
06:14:14.829 [FXGL Background Thread 3 ] DEBUG Engine               - class com.almasb.fxgl.io.FileSystemService
06:14:14.829 [FXGL Background Thread 3 ] DEBUG Engine               - class com.almasb.fxgl.localization.LocalizationService
06:14:14.829 [FXGL Background Thread 3 ] DEBUG Engine               - class com.almasb.fxgl.app.services.FXGLAssetLoaderService
06:14:14.829 [FXGL Background Thread 3 ] DEBUG Engine               - class com.almasb.fxgl.app.services.SystemBundleService
06:14:14.829 [FXGL Background Thread 3 ] DEBUG Engine               - class com.almasb.fxgl.profile.SaveLoadService
06:14:14.829 [FXGL Background Thread 3 ] DEBUG Engine               - class com.almasb.fxgl.ui.FXGLUIFactoryServiceProvider
06:14:14.829 [FXGL Background Thread 3 ] DEBUG Engine               - class com.almasb.fxgl.ui.FXGLDialogFactoryServiceProvider
06:14:14.829 [FXGL Background Thread 3 ] DEBUG Engine               - class com.almasb.fxgl.audio.AudioPlayer
06:14:14.829 [FXGL Background Thread 3 ] DEBUG Engine               - class com.almasb.fxgl.notification.impl.NotificationServiceProvider
06:14:14.829 [FXGL Background Thread 3 ] DEBUG Engine               - class com.almasb.fxgl.achievement.AchievementService
06:14:14.829 [FXGL Background Thread 3 ] DEBUG Engine               - class com.almasb.fxgl.cutscene.CutsceneService
06:14:14.829 [FXGL Background Thread 3 ] DEBUG Engine               - class com.almasb.fxgl.minigames.MiniGameService
06:14:14.829 [FXGL Background Thread 3 ] DEBUG Engine               - class com.almasb.fxgl.net.NetService
06:14:14.829 [FXGL Background Thread 3 ] DEBUG Engine               - class com.almasb.fxgl.app.services.UpdaterService
06:14:14.829 [FXGL Background Thread 3 ] DEBUG Engine               - class com.almasb.fxgl.dev.DevService
06:14:15.728 [JavaFX Application Thread] DEBUG FXGLApplication      - Exiting FXGL
06:14:15.728 [JavaFX Application Thread] DEBUG LoopRunner           - Stopping loop
06:14:15.728 [JavaFX Application Thread] DEBUG SystemBundleService  - Saving FXGL system data
06:14:15.729 [JavaFX Application Thread] DEBUG FileSystemAccess     - Writing to: C:\Users\rodos\CS-2340-Final-Project\system\fxgl.bundle
06:14:15.730 [JavaFX Application Thread] DEBUG Async                - Shutting down background threads
06:14:15.730 [JavaFX Application Thread] DEBUG MainWindow           - Closing main window
06:14:15.741 [JavaFX Application Thread] DEBUG Logger               - Closing Logger
