05:24:18.854 [main                     ] DEBUG Logger               - Configured Logger
05:24:18.869 [main                     ] DEBUG GameApplication      - Logging settings
Title: Dungeon Crawler
Version: Development 0.0.1
Width: 1280
Height: 720
Fullscreen: false
Intro: false
Profiling: false
Single step:false
App Mode: DEVELOPER
Menu Key: ESCAPE
Stage Style: DECORATED
Scene Factory: class com.group19.javafxgame.InitialConfigMenuSceneFactory

05:24:19.264 [JavaFX Application Thread] DEBUG FXGLApplication      - Initializing FXGL
05:24:19.265 [JavaFX Application Thread] INFO  Engine               - FXGL-11.12 (11.12.2020 08.51) on WINDOWS (J:11.0.10 FX:15)
05:24:19.265 [JavaFX Application Thread] DEBUG Engine               - JRE Vendor Name: AdoptOpenJDK
05:24:19.265 [JavaFX Application Thread] DEBUG Engine               - Running on OS: Windows 10 version 10.0
05:24:19.266 [JavaFX Application Thread] DEBUG Engine               - Architecture: amd64
05:24:19.266 [JavaFX Application Thread] INFO  Engine               - Source code and latest versions at: https://github.com/AlmasB/FXGL
05:24:19.266 [JavaFX Application Thread] INFO  Engine               -              Join the FXGL chat at: https://gitter.im/AlmasB/FXGL
05:24:19.350 [JavaFX Application Thread] DEBUG MainWindow           - Creating a JavaFX scene
05:24:19.397 [JavaFX Application Thread] DEBUG MainWindow           - Target settings size: 1280.0 x 720.0
05:24:19.397 [JavaFX Application Thread] DEBUG MainWindow           - Scaled scene size:    1280.0 x 720.0
05:24:19.397 [JavaFX Application Thread] DEBUG MainWindow           - Scaled ratio: (1.0, 1.0)
05:24:19.398 [JavaFX Application Thread] DEBUG MainWindow           - Set initial scene to StartupScene
05:24:19.403 [JavaFX Application Thread] DEBUG MainWindow           - Opening main window
05:24:19.476 [JavaFX Application Thread] DEBUG MainWindow           - Window border size: (16.0, 39.0)
05:24:19.476 [JavaFX Application Thread] DEBUG MainWindow           - Scaled size: 1280.0 x 720.0
05:24:19.476 [JavaFX Application Thread] DEBUG MainWindow           - Scaled ratio: (1.0, 1.0)
05:24:19.477 [JavaFX Application Thread] DEBUG MainWindow           - Scene size: 1280.0 x 720.0
05:24:19.477 [JavaFX Application Thread] DEBUG MainWindow           - Stage size: 1296.0 x 759.0
05:24:19.483 [FXGL Background Thread 1 ] DEBUG Engine               - Initializing environment variables
05:24:19.507 [FXGL Background Thread 1 ] DEBUG GameApplicationServi - Applying CSS: fxgl_dark.css
05:24:19.508 [FXGL Background Thread 1 ] DEBUG FXGLAssetLoaderServi - Loading from file system: /assets/ui/css/fxgl_dark.css
05:24:19.550 [FXGL Background Thread 1 ] DEBUG GameApplicationServi - Initializing application scenes
05:24:19.576 [FXGL Background Thread 1 ] DEBUG GameWorld            - Game world initialized
05:24:19.622 [FXGL Background Thread 1 ] DEBUG PhysicsWorld         - Physics world initialized: appHeight=720, physics.ppm=50.0
05:24:19.624 [FXGL Background Thread 1 ] DEBUG GameScene            - Game scene initialized: 1280x720
05:24:19.633 [FXGL Background Thread 1 ] DEBUG FXGLAssetLoaderServi - Loading from file system: /assets/textures/background/SimplePaintBackground.png
05:24:19.695 [FXGL Background Thread 1 ] DEBUG FXGLAssetLoaderServi - Loading from file system: /assets/textures/particles/trace_horizontal.png
05:24:19.717 [FXGL Background Thread 1 ] DEBUG FXGL.DefaultMenu     - createMenuBodyGameMenu()
05:24:19.726 [FXGL Background Thread 1 ] DEBUG FXGL.DefaultMenu     - createOptionsMenu()
05:24:19.729 [FXGL Background Thread 1 ] DEBUG FXGLAssetLoaderServi - Loading from file system: /assets/textures/particles/smoke.png
05:24:19.772 [FXGL Background Thread 1 ] DEBUG GameApplicationServi - Application scenes initialized
05:24:19.783 [FXGL Background Thread 1 ] DEBUG SystemBundleService  - Loading FXGL system data
05:24:19.787 [FXGL Background Thread 1 ] DEBUG FileSystemAccess     - Reading from: C:\Users\rodos\CS-2340-Final-Project\system\fxgl.bundle
05:24:19.792 [FXGL Background Thread 1 ] DEBUG SystemBundleService  - Bundle FXGL: {}
05:24:19.792 [FXGL Background Thread 1 ] DEBUG UpdaterService       - Checking for updates
05:24:19.797 [FXGL Background Thread 4 ] DEBUG FXGLApplication      - Loading fonts
05:24:19.797 [FXGL Background Thread 4 ] DEBUG FXGLAssetLoaderServi - Loading from file system: /assets/ui/fonts/VarelaRound-Regular.ttf
05:24:19.798 [FXGL Background Thread 1 ] DEBUG FXGLApplication      - Loading default localization
05:24:19.798 [FXGL Background Thread 1 ] DEBUG FXGLAssetLoaderServi - Loading from file system: /assets/languages/english.lang
05:24:19.815 [FXGL Background Thread 1 ] INFO  FXGLApplication      - FXGL initialization took: 0.332 sec
05:24:19.816 [JavaFX Application Thread] DEBUG FXGLAssetLoaderServi - Loading from file system: /assets/textures/fxgl_icon.png
05:24:19.833 [JavaFX Application Thread] DEBUG FXGLAssetLoaderServi - Loading from file system: /assets/ui/cursors/fxgl_default.png
05:24:19.847 [JavaFX Application Thread] DEBUG Input                - Registered new binding: Screenshot - P
05:24:19.848 [JavaFX Application Thread] DEBUG Input                - Registered new binding: System info dump - CTRL+9
05:24:19.848 [JavaFX Application Thread] DEBUG Input                - Registered new binding: Restart - CTRL+R
05:24:19.849 [JavaFX Application Thread] DEBUG Input                - Registered new binding: Toggle Debug Camera - CTRL+C
05:24:19.851 [JavaFX Application Thread] DEBUG LoopRunner           - Starting loop
05:24:19.853 [JavaFX Application Thread] DEBUG Input                - Clearing active input actions
05:24:19.861 [JavaFX Application Thread] DEBUG GameApplicationServi - Removing overlay from StartupScene and adding to FXGLMainMenuDummyScene
05:24:19.861 [JavaFX Application Thread] DEBUG MainWindow           - StartupScene -> FXGLMainMenuDummyScene
05:24:19.862 [JavaFX Application Thread] DEBUG MainWindow           - Push state: InitialConfigMenu
05:24:19.862 [JavaFX Application Thread] DEBUG Input                - Clearing active input actions
05:24:19.873 [JavaFX Application Thread] DEBUG GameApplicationServi - Removing overlay from FXGLMainMenuDummyScene and adding to InitialConfigMenu
05:24:19.874 [JavaFX Application Thread] DEBUG MainWindow           - FXGLMainMenuDummyScene -> InitialConfigMenu
05:24:20.114 [FXGL Background Thread 4 ] DEBUG FXGLAssetLoaderServi - Loading from file system: /assets/ui/fonts/Abel-Regular.ttf
05:24:20.116 [FXGL Background Thread 4 ] DEBUG FXGLAssetLoaderServi - Loading from file system: /assets/ui/fonts/lucida_console.ttf
05:24:20.120 [FXGL Background Thread 4 ] DEBUG FXGLAssetLoaderServi - Loading from file system: /assets/ui/fonts/Courier-Prime.ttf
05:24:20.124 [JavaFX Application Thread] DEBUG FXGLApplication      - Registering font factories with UI factory
05:24:20.273 [FXGL Background Thread 2 ] INFO  UpdaterService       - Your current version:  11.12
05:24:20.273 [FXGL Background Thread 2 ] INFO  UpdaterService       - Latest stable version: 11.16
05:24:20.988 [JavaFX Application Thread] DEBUG MainWindow           - Push state: DialogSubScene
05:24:20.988 [JavaFX Application Thread] DEBUG Input                - Clearing active input actions
05:24:20.990 [JavaFX Application Thread] DEBUG GameApplicationServi - Removing overlay from InitialConfigMenu and adding to DialogSubScene
05:24:20.990 [JavaFX Application Thread] DEBUG MainWindow           - InitialConfigMenu -> DialogSubScene
05:24:22.796 [FXGL Background Thread 3 ] DEBUG Engine               - Logging environment variables
05:24:22.796 [FXGL Background Thread 3 ] DEBUG Engine               - achievements: []
05:24:22.796 [FXGL Background Thread 3 ] DEBUG Engine               - actualHeight: 720.0
05:24:22.796 [FXGL Background Thread 3 ] DEBUG Engine               - actualHeightProperty: ReadOnlyDoubleProperty [value: 720.0]
05:24:22.796 [FXGL Background Thread 3 ] DEBUG Engine               - actualWidth: 1280.0
05:24:22.796 [FXGL Background Thread 3 ] DEBUG Engine               - actualWidthProperty: ReadOnlyDoubleProperty [value: 1280.0]
05:24:22.796 [FXGL Background Thread 3 ] DEBUG Engine               - appIcon: fxgl_icon.png
05:24:22.796 [FXGL Background Thread 3 ] DEBUG Engine               - applicationMode: DEVELOPER
05:24:22.797 [FXGL Background Thread 3 ] DEBUG Engine               - cSSList: [fxgl_dark.css]
05:24:22.797 [FXGL Background Thread 3 ] DEBUG Engine               - configClass: Optional.empty
05:24:22.797 [FXGL Background Thread 3 ] DEBUG Engine               - credits: []
05:24:22.797 [FXGL Background Thread 3 ] DEBUG Engine               - devBBoxColorProperty: ObjectProperty [value: 0xff0000ff]
05:24:22.797 [FXGL Background Thread 3 ] DEBUG Engine               - devEnableDebugCameraProperty: BooleanProperty [value: false]
05:24:22.797 [FXGL Background Thread 3 ] DEBUG Engine               - devSensorColorProperty: ObjectProperty [value: 0xffff00ff]
05:24:22.797 [FXGL Background Thread 3 ] DEBUG Engine               - devShowBBoxProperty: BooleanProperty [value: false]
05:24:22.797 [FXGL Background Thread 3 ] DEBUG Engine               - devShowPositionProperty: BooleanProperty [value: false]
05:24:22.797 [FXGL Background Thread 3 ] DEBUG Engine               - enabledMenuItems: []
05:24:22.797 [FXGL Background Thread 3 ] DEBUG Engine               - engineServices: [class com.almasb.fxgl.app.FXGLApplication$GameApplicationService, class com.almasb.fxgl.app.services.FXGLDialogService, class com.almasb.fxgl.app.services.IOTaskExecutorService, class com.almasb.fxgl.event.EventBusService, class com.almasb.fxgl.io.FileSystemService, class com.almasb.fxgl.localization.LocalizationService, class com.almasb.fxgl.app.services.FXGLAssetLoaderService, class com.almasb.fxgl.app.services.SystemBundleService, class com.almasb.fxgl.profile.SaveLoadService, class com.almasb.fxgl.ui.FXGLUIFactoryServiceProvider, class com.almasb.fxgl.ui.FXGLDialogFactoryServiceProvider, class com.almasb.fxgl.audio.AudioPlayer, class com.almasb.fxgl.notification.impl.NotificationServiceProvider, class com.almasb.fxgl.achievement.AchievementService, class com.almasb.fxgl.cutscene.CutsceneService, class com.almasb.fxgl.minigames.MiniGameService, class com.almasb.fxgl.net.NetService, class com.almasb.fxgl.app.services.UpdaterService, class com.almasb.fxgl.dev.DevService]
05:24:22.797 [FXGL Background Thread 3 ] DEBUG Engine               - fontGame: Abel-Regular.ttf
05:24:22.797 [FXGL Background Thread 3 ] DEBUG Engine               - fontMono: lucida_console.ttf
05:24:22.797 [FXGL Background Thread 3 ] DEBUG Engine               - fontText: Courier-Prime.ttf
05:24:22.798 [FXGL Background Thread 3 ] DEBUG Engine               - fontUI: VarelaRound-Regular.ttf
05:24:22.798 [FXGL Background Thread 3 ] DEBUG Engine               - fullScreen: BooleanProperty [value: false]
05:24:22.798 [FXGL Background Thread 3 ] DEBUG Engine               - gameDifficulty: MEDIUM
05:24:22.798 [FXGL Background Thread 3 ] DEBUG Engine               - gameDifficultyProperty: ObjectProperty [value: MEDIUM]
05:24:22.798 [FXGL Background Thread 3 ] DEBUG Engine               - globalMusicVolume: 0.5
05:24:22.798 [FXGL Background Thread 3 ] DEBUG Engine               - globalMusicVolumeProperty: DoubleProperty [value: 0.5]
05:24:22.798 [FXGL Background Thread 3 ] DEBUG Engine               - globalSoundVolume: 0.5
05:24:22.798 [FXGL Background Thread 3 ] DEBUG Engine               - globalSoundVolumeProperty: DoubleProperty [value: 0.5]
05:24:22.798 [FXGL Background Thread 3 ] DEBUG Engine               - height: 720
05:24:22.798 [FXGL Background Thread 3 ] DEBUG Engine               - isAndroid: false
05:24:22.798 [FXGL Background Thread 3 ] DEBUG Engine               - isBrowser: false
05:24:22.798 [FXGL Background Thread 3 ] DEBUG Engine               - isClickFeedbackEnabled: false
05:24:22.798 [FXGL Background Thread 3 ] DEBUG Engine               - isCloseConfirmation: false
05:24:22.798 [FXGL Background Thread 3 ] DEBUG Engine               - isDesktop: true
05:24:22.798 [FXGL Background Thread 3 ] DEBUG Engine               - isDeveloperMenuEnabled: false
05:24:22.798 [FXGL Background Thread 3 ] DEBUG Engine               - isEntityPreloadEnabled: true
05:24:22.798 [FXGL Background Thread 3 ] DEBUG Engine               - isExperimental3D: false
05:24:22.798 [FXGL Background Thread 3 ] DEBUG Engine               - isExperimentalNative: false
05:24:22.798 [FXGL Background Thread 3 ] DEBUG Engine               - isExperimentalTiledLargeMap: false
05:24:22.798 [FXGL Background Thread 3 ] DEBUG Engine               - isFileSystemWriteAllowed: true
05:24:22.798 [FXGL Background Thread 3 ] DEBUG Engine               - isFullScreenAllowed: false
05:24:22.798 [FXGL Background Thread 3 ] DEBUG Engine               - isFullScreenFromStart: false
05:24:22.799 [FXGL Background Thread 3 ] DEBUG Engine               - isGameMenuEnabled: true
05:24:22.799 [FXGL Background Thread 3 ] DEBUG Engine               - isIOS: false
05:24:22.799 [FXGL Background Thread 3 ] DEBUG Engine               - isIntroEnabled: false
05:24:22.799 [FXGL Background Thread 3 ] DEBUG Engine               - isLinux: false
05:24:22.799 [FXGL Background Thread 3 ] DEBUG Engine               - isMac: false
05:24:22.799 [FXGL Background Thread 3 ] DEBUG Engine               - isMainMenuEnabled: true
05:24:22.799 [FXGL Background Thread 3 ] DEBUG Engine               - isManualResizeEnabled: false
05:24:22.799 [FXGL Background Thread 3 ] DEBUG Engine               - isMobile: false
05:24:22.799 [FXGL Background Thread 3 ] DEBUG Engine               - isPreserveResizeRatio: false
05:24:22.799 [FXGL Background Thread 3 ] DEBUG Engine               - isProfilingEnabled: false
05:24:22.799 [FXGL Background Thread 3 ] DEBUG Engine               - isScaleAffectedOnResize: true
05:24:22.799 [FXGL Background Thread 3 ] DEBUG Engine               - isSingleStep: false
05:24:22.799 [FXGL Background Thread 3 ] DEBUG Engine               - isUserProfileEnabled: false
05:24:22.799 [FXGL Background Thread 3 ] DEBUG Engine               - isWindows: true
05:24:22.799 [FXGL Background Thread 3 ] DEBUG Engine               - language: ObjectProperty [value: ENGLISH]
05:24:22.799 [FXGL Background Thread 3 ] DEBUG Engine               - menuKey: ESCAPE
05:24:22.799 [FXGL Background Thread 3 ] DEBUG Engine               - notificationViewClass: class com.almasb.fxgl.notification.view.XboxNotificationView
05:24:22.799 [FXGL Background Thread 3 ] DEBUG Engine               - pixelsPerMeter: 50.0
05:24:22.799 [FXGL Background Thread 3 ] DEBUG Engine               - platform: WINDOWS
05:24:22.799 [FXGL Background Thread 3 ] DEBUG Engine               - prefHeightProperty: ReadOnlyDoubleProperty [value: 720.0]
05:24:22.799 [FXGL Background Thread 3 ] DEBUG Engine               - prefWidthProperty: ReadOnlyDoubleProperty [value: 1280.0]
05:24:22.799 [FXGL Background Thread 3 ] DEBUG Engine               - profileDir: profiles/
05:24:22.799 [FXGL Background Thread 3 ] DEBUG Engine               - profileName: StringProperty [value: DEFAULT]
05:24:22.799 [FXGL Background Thread 3 ] DEBUG Engine               - randomSeed: -1
05:24:22.799 [FXGL Background Thread 3 ] DEBUG Engine               - runtimeInfo: RuntimeInfo(platform=WINDOWS, version=11.12, build=11.12.2020 08.51)
05:24:22.800 [FXGL Background Thread 3 ] DEBUG Engine               - saveFileExt: sav
05:24:22.800 [FXGL Background Thread 3 ] DEBUG Engine               - scaledHeightProp$fxgl: DoubleProperty [bound, value: 720.0]
05:24:22.800 [FXGL Background Thread 3 ] DEBUG Engine               - scaledWidthProp$fxgl: DoubleProperty [bound, value: 1280.0]
05:24:22.800 [FXGL Background Thread 3 ] DEBUG Engine               - sceneFactory: com.group19.javafxgame.InitialConfigMenuSceneFactory@37bf80d5
05:24:22.800 [FXGL Background Thread 3 ] DEBUG Engine               - secondsIn24h: 60
05:24:22.800 [FXGL Background Thread 3 ] DEBUG Engine               - soundMenuBack: menu/back.wav
05:24:22.800 [FXGL Background Thread 3 ] DEBUG Engine               - soundMenuPress: menu/press.wav
05:24:22.800 [FXGL Background Thread 3 ] DEBUG Engine               - soundMenuSelect: menu/select.wav
05:24:22.800 [FXGL Background Thread 3 ] DEBUG Engine               - soundNotification: core/notification.wav
05:24:22.800 [FXGL Background Thread 3 ] DEBUG Engine               - stageStyle: DECORATED
05:24:22.800 [FXGL Background Thread 3 ] DEBUG Engine               - supportedLanguages: [ENGLISH, FRENCH, GERMAN, HUNGARIAN, RUSSIAN]
05:24:22.800 [FXGL Background Thread 3 ] DEBUG Engine               - title: Dungeon Crawler
05:24:22.800 [FXGL Background Thread 3 ] DEBUG Engine               - urlGithub: https://github.com/AlmasB/FXGL
05:24:22.800 [FXGL Background Thread 3 ] DEBUG Engine               - urlLeaderboard: http://fxgl-top.herokuapp.com/
05:24:22.800 [FXGL Background Thread 3 ] DEBUG Engine               - urlPOM: https://raw.githubusercontent.com/AlmasB/FXGL/master/README.md
05:24:22.800 [FXGL Background Thread 3 ] DEBUG Engine               - version: Development 0.0.1
05:24:22.800 [FXGL Background Thread 3 ] DEBUG Engine               - versionCheckDays: 7
05:24:22.800 [FXGL Background Thread 3 ] DEBUG Engine               - width: 1280
05:24:22.800 [FXGL Background Thread 3 ] DEBUG Engine               - Logging services
05:24:22.800 [FXGL Background Thread 3 ] DEBUG Engine               - class com.almasb.fxgl.app.FXGLApplication$GameApplicationService
05:24:22.800 [FXGL Background Thread 3 ] DEBUG Engine               - class com.almasb.fxgl.app.services.FXGLDialogService
05:24:22.800 [FXGL Background Thread 3 ] DEBUG Engine               - class com.almasb.fxgl.app.services.IOTaskExecutorService
05:24:22.800 [FXGL Background Thread 3 ] DEBUG Engine               - class com.almasb.fxgl.event.EventBusService
05:24:22.800 [FXGL Background Thread 3 ] DEBUG Engine               - class com.almasb.fxgl.io.FileSystemService
05:24:22.800 [FXGL Background Thread 3 ] DEBUG Engine               - class com.almasb.fxgl.localization.LocalizationService
05:24:22.800 [FXGL Background Thread 3 ] DEBUG Engine               - class com.almasb.fxgl.app.services.FXGLAssetLoaderService
05:24:22.800 [FXGL Background Thread 3 ] DEBUG Engine               - class com.almasb.fxgl.app.services.SystemBundleService
05:24:22.800 [FXGL Background Thread 3 ] DEBUG Engine               - class com.almasb.fxgl.profile.SaveLoadService
05:24:22.800 [FXGL Background Thread 3 ] DEBUG Engine               - class com.almasb.fxgl.ui.FXGLUIFactoryServiceProvider
05:24:22.800 [FXGL Background Thread 3 ] DEBUG Engine               - class com.almasb.fxgl.ui.FXGLDialogFactoryServiceProvider
05:24:22.800 [FXGL Background Thread 3 ] DEBUG Engine               - class com.almasb.fxgl.audio.AudioPlayer
05:24:22.800 [FXGL Background Thread 3 ] DEBUG Engine               - class com.almasb.fxgl.notification.impl.NotificationServiceProvider
05:24:22.800 [FXGL Background Thread 3 ] DEBUG Engine               - class com.almasb.fxgl.achievement.AchievementService
05:24:22.801 [FXGL Background Thread 3 ] DEBUG Engine               - class com.almasb.fxgl.cutscene.CutsceneService
05:24:22.801 [FXGL Background Thread 3 ] DEBUG Engine               - class com.almasb.fxgl.minigames.MiniGameService
05:24:22.801 [FXGL Background Thread 3 ] DEBUG Engine               - class com.almasb.fxgl.net.NetService
05:24:22.801 [FXGL Background Thread 3 ] DEBUG Engine               - class com.almasb.fxgl.app.services.UpdaterService
05:24:22.801 [FXGL Background Thread 3 ] DEBUG Engine               - class com.almasb.fxgl.dev.DevService
05:24:23.707 [JavaFX Application Thread] DEBUG MainWindow           - Pop state: DialogSubScene
05:24:23.707 [JavaFX Application Thread] DEBUG Input                - Clearing active input actions
05:24:23.707 [JavaFX Application Thread] DEBUG GameApplicationServi - Removing overlay from DialogSubScene and adding to InitialConfigMenu
05:24:23.708 [JavaFX Application Thread] DEBUG MainWindow           - InitialConfigMenu <- DialogSubScene
05:24:23.709 [JavaFX Application Thread] DEBUG MainWindow           - Push state: DialogSubScene
05:24:23.709 [JavaFX Application Thread] DEBUG Input                - Clearing active input actions
05:24:23.709 [JavaFX Application Thread] DEBUG GameApplicationServi - Removing overlay from InitialConfigMenu and adding to DialogSubScene
05:24:23.709 [JavaFX Application Thread] DEBUG MainWindow           - InitialConfigMenu -> DialogSubScene
05:24:26.977 [JavaFX Application Thread] DEBUG MainWindow           - Pop state: DialogSubScene
05:24:26.977 [JavaFX Application Thread] DEBUG Input                - Clearing active input actions
05:24:26.978 [JavaFX Application Thread] DEBUG GameApplicationServi - Removing overlay from DialogSubScene and adding to InitialConfigMenu
05:24:26.978 [JavaFX Application Thread] DEBUG MainWindow           - InitialConfigMenu <- DialogSubScene
05:24:28.337 [JavaFX Application Thread] DEBUG MainWindow           - Push state: DialogSubScene
05:24:28.337 [JavaFX Application Thread] DEBUG Input                - Clearing active input actions
05:24:28.338 [JavaFX Application Thread] DEBUG GameApplicationServi - Removing overlay from InitialConfigMenu and adding to DialogSubScene
05:24:28.338 [JavaFX Application Thread] DEBUG MainWindow           - InitialConfigMenu -> DialogSubScene
05:24:31.016 [JavaFX Application Thread] DEBUG MainWindow           - Pop state: DialogSubScene
05:24:31.017 [JavaFX Application Thread] DEBUG Input                - Clearing active input actions
05:24:31.017 [JavaFX Application Thread] DEBUG GameApplicationServi - Removing overlay from DialogSubScene and adding to InitialConfigMenu
05:24:31.017 [JavaFX Application Thread] DEBUG MainWindow           - InitialConfigMenu <- DialogSubScene
05:24:31.018 [JavaFX Application Thread] DEBUG MainWindow           - Push state: DialogSubScene
05:24:31.018 [JavaFX Application Thread] DEBUG Input                - Clearing active input actions
05:24:31.018 [JavaFX Application Thread] DEBUG GameApplicationServi - Removing overlay from InitialConfigMenu and adding to DialogSubScene
05:24:31.018 [JavaFX Application Thread] DEBUG MainWindow           - InitialConfigMenu -> DialogSubScene
05:24:37.743 [JavaFX Application Thread] DEBUG MainWindow           - Pop state: DialogSubScene
05:24:37.743 [JavaFX Application Thread] DEBUG Input                - Clearing active input actions
05:24:37.743 [JavaFX Application Thread] DEBUG GameApplicationServi - Removing overlay from DialogSubScene and adding to InitialConfigMenu
05:24:37.743 [JavaFX Application Thread] DEBUG MainWindow           - InitialConfigMenu <- DialogSubScene
05:24:41.331 [JavaFX Application Thread] DEBUG FXGLApplication      - Exiting FXGL
05:24:41.331 [JavaFX Application Thread] DEBUG LoopRunner           - Stopping loop
05:24:41.331 [JavaFX Application Thread] DEBUG SystemBundleService  - Saving FXGL system data
05:24:41.333 [JavaFX Application Thread] DEBUG FileSystemAccess     - Writing to: C:\Users\rodos\CS-2340-Final-Project\system\fxgl.bundle
05:24:41.334 [JavaFX Application Thread] DEBUG Async                - Shutting down background threads
05:24:41.334 [JavaFX Application Thread] DEBUG MainWindow           - Closing main window
05:24:41.344 [JavaFX Application Thread] DEBUG Logger               - Closing Logger
