18:25:29.835 [main                     ] DEBUG Logger               - Configured Logger
18:25:29.854 [main                     ] DEBUG GameApplication      - Logging settings
Title: Untitled
Version: 0.0
Width: 800
Height: 600
Fullscreen: false
Intro: false
Profiling: false
Single step:false
App Mode: DEVELOPER
Menu Key: ESCAPE
Stage Style: DECORATED
Scene Factory: class com.almasb.fxgl.app.scene.SceneFactory

18:25:31.503 [JavaFX Application Thread] DEBUG FXGLApplication      - Initializing FXGL
18:25:31.506 [JavaFX Application Thread] INFO  Engine               - FXGL-11.12 (11.12.2020 08.51) on MAC (J:11.0.1 FX:11.0.2)
18:25:31.506 [JavaFX Application Thread] DEBUG Engine               - JRE Vendor Name: Oracle Corporation
18:25:31.506 [JavaFX Application Thread] DEBUG Engine               - Running on OS: Mac OS X version 10.16
18:25:31.507 [JavaFX Application Thread] DEBUG Engine               - Architecture: x86_64
18:25:31.507 [JavaFX Application Thread] INFO  Engine               - Source code and latest versions at: https://github.com/AlmasB/FXGL
18:25:31.507 [JavaFX Application Thread] INFO  Engine               -              Join the FXGL chat at: https://gitter.im/AlmasB/FXGL
18:25:31.629 [JavaFX Application Thread] DEBUG MainWindow           - Creating a JavaFX scene
18:25:31.700 [JavaFX Application Thread] DEBUG MainWindow           - Target settings size: 800.0 x 600.0
18:25:31.700 [JavaFX Application Thread] DEBUG MainWindow           - Scaled scene size:    800.0 x 600.0
18:25:31.700 [JavaFX Application Thread] DEBUG MainWindow           - Scaled ratio: (1.0, 1.0)
18:25:31.701 [JavaFX Application Thread] DEBUG MainWindow           - Set initial scene to StartupScene
18:25:31.708 [JavaFX Application Thread] DEBUG MainWindow           - Opening main window
18:25:31.804 [JavaFX Application Thread] DEBUG MainWindow           - Window border size: (0.0, 28.0)
18:25:31.805 [JavaFX Application Thread] DEBUG MainWindow           - Scaled size: 800.0 x 600.0
18:25:31.805 [JavaFX Application Thread] DEBUG MainWindow           - Scaled ratio: (1.0, 1.0)
18:25:31.805 [JavaFX Application Thread] DEBUG MainWindow           - Scene size: 800.0 x 600.0
18:25:31.805 [JavaFX Application Thread] DEBUG MainWindow           - Stage size: 800.0 x 628.0
18:25:31.820 [FXGL Background Thread 1 ] DEBUG Engine               - Initializing environment variables
18:25:31.869 [FXGL Background Thread 1 ] DEBUG GameApplicationServi - Applying CSS: fxgl_dark.css
18:25:31.871 [FXGL Background Thread 1 ] DEBUG FXGLAssetLoaderServi - Loading from file system: /assets/ui/css/fxgl_dark.css
18:25:31.959 [FXGL Background Thread 1 ] DEBUG GameApplicationServi - Initializing application scenes
18:25:32.473 [FXGL Background Thread 1 ] DEBUG GameWorld            - Game world initialized
18:25:32.530 [FXGL Background Thread 1 ] DEBUG PhysicsWorld         - Physics world initialized: appHeight=600, physics.ppm=50.0
18:25:32.532 [FXGL Background Thread 1 ] DEBUG GameScene            - Game scene initialized: 800x600
18:25:32.566 [FXGL Background Thread 1 ] DEBUG FXGLAssetLoaderServi - Loading from file system: /assets/textures/particles/trace_horizontal.png
18:25:32.606 [FXGL Background Thread 1 ] DEBUG FXGL.DefaultMenu     - createMenuBodyGameMenu()
18:25:32.619 [FXGL Background Thread 1 ] DEBUG FXGL.DefaultMenu     - createOptionsMenu()
18:25:32.624 [FXGL Background Thread 1 ] DEBUG FXGLAssetLoaderServi - Loading from file system: /assets/textures/particles/smoke.png
18:25:32.670 [FXGL Background Thread 1 ] DEBUG GameApplicationServi - Application scenes initialized
18:25:32.683 [FXGL Background Thread 1 ] DEBUG SystemBundleService  - Loading default FXGL system data
18:25:32.683 [FXGL Background Thread 1 ] DEBUG UpdaterService       - Checking for updates
18:25:32.688 [FXGL Background Thread 4 ] DEBUG FXGLApplication      - Loading fonts
18:25:32.688 [FXGL Background Thread 4 ] DEBUG FXGLAssetLoaderServi - Loading from file system: /assets/ui/fonts/VarelaRound-Regular.ttf
18:25:32.689 [FXGL Background Thread 1 ] DEBUG FXGLApplication      - Loading default localization
18:25:32.689 [FXGL Background Thread 1 ] DEBUG FXGLAssetLoaderServi - Loading from file system: /assets/languages/english.lang
18:25:32.709 [FXGL Background Thread 1 ] INFO  FXGLApplication      - FXGL initialization took: 0.889 sec
18:25:32.710 [JavaFX Application Thread] DEBUG FXGLAssetLoaderServi - Loading from file system: /assets/textures/fxgl_icon.png
18:25:32.723 [FXGL Background Thread 4 ] DEBUG FXGLAssetLoaderServi - Loading from file system: /assets/ui/fonts/Abel-Regular.ttf
18:25:32.726 [FXGL Background Thread 4 ] DEBUG FXGLAssetLoaderServi - Loading from file system: /assets/ui/fonts/lucida_console.ttf
18:25:32.732 [FXGL Background Thread 4 ] DEBUG FXGLAssetLoaderServi - Loading from file system: /assets/ui/fonts/Courier-Prime.ttf
18:25:32.744 [JavaFX Application Thread] DEBUG FXGLAssetLoaderServi - Loading from file system: /assets/ui/cursors/fxgl_default.png
18:25:32.757 [JavaFX Application Thread] DEBUG Input                - Registered new binding: Screenshot - P
18:25:32.758 [JavaFX Application Thread] DEBUG Input                - Registered new binding: System info dump - CTRL+9
18:25:32.758 [JavaFX Application Thread] DEBUG Input                - Registered new binding: Restart - CTRL+R
18:25:32.759 [JavaFX Application Thread] DEBUG Input                - Registered new binding: Toggle Debug Camera - CTRL+C
18:25:32.761 [JavaFX Application Thread] DEBUG LoopRunner           - Starting loop
18:25:32.761 [JavaFX Application Thread] DEBUG GameApplicationServi - Starting new game
18:25:32.762 [JavaFX Application Thread] DEBUG Input                - Clearing active input actions
18:25:32.774 [JavaFX Application Thread] DEBUG GameApplicationServi - Removing overlay from StartupScene and adding to FXGLLoadingScene
18:25:32.774 [JavaFX Application Thread] DEBUG MainWindow           - StartupScene -> FXGLLoadingScene
18:25:32.774 [JavaFX Application Thread] DEBUG GameApplicationServi - Clearing previous game
18:25:32.774 [JavaFX Application Thread] DEBUG GameScene            - Clearing game scene
18:25:32.774 [JavaFX Application Thread] DEBUG GameWorld            - Clearing game world
18:25:32.774 [JavaFX Application Thread] DEBUG PhysicsWorld         - Clearing physics world
18:25:32.775 [FXGL Background Thread 4 ] DEBUG FXGLApplication      - Initializing game
18:25:32.777 [FXGL Background Thread 4 ] INFO  FXGLApplication      - Game initialization took: 0.001 sec
18:25:32.961 [JavaFX Application Thread] DEBUG FXGLApplication      - Registering font factories with UI factory
18:25:32.991 [JavaFX Application Thread] DEBUG Input                - Clearing active input actions
18:25:32.999 [JavaFX Application Thread] DEBUG GameApplicationServi - Removing overlay from FXGLLoadingScene and adding to GameScene
18:25:32.999 [JavaFX Application Thread] DEBUG MainWindow           - FXGLLoadingScene -> GameScene
18:25:33.475 [FXGL Background Thread 2 ] INFO  UpdaterService       - Your current version:  11.12
18:25:33.476 [FXGL Background Thread 2 ] INFO  UpdaterService       - Latest stable version: 11.16
18:25:33.717 [JavaFX Application Thread] DEBUG LoopRunner           - Stopping loop
18:25:33.719 [JavaFX Application Thread] FATAL FXGLApplication      - Uncaught Exception:
java.lang.NoSuchFieldError: BACK
	at com.almasb.fxgl.input.MouseTrigger$Companion$WhenMappings.<clinit>(Unknown Source)
	at com.almasb.fxgl.input.MouseTrigger$Companion.buttonToString(Triggers.kt:130)
	at com.almasb.fxgl.input.MouseTrigger.<init>(Triggers.kt:143)
	at com.almasb.fxgl.input.MouseTrigger.<init>(Triggers.kt:113)
	at com.almasb.fxgl.input.Input.handlePressed(Input.kt:237)
	at com.almasb.fxgl.input.Input.onMouseEvent(Input.kt:223)
	at com.almasb.fxgl.input.Input.onMouseEvent(Input.kt:212)
	at com.almasb.fxgl.app.MainWindow$2.invoke(MainWindow.kt:97)
	at com.almasb.fxgl.app.MainWindow$2.invoke(MainWindow.kt:40)
	at com.almasb.fxgl.app.MainWindow$addMouseHandler$1.handle(MainWindow.kt:394)
	at com.almasb.fxgl.app.MainWindow$addMouseHandler$1.handle(MainWindow.kt:40)
	at javafx.base/com.sun.javafx.event.CompositeEventHandler$NormalEventHandlerRecord.handleBubblingEvent(CompositeEventHandler.java:218)
	at javafx.base/com.sun.javafx.event.CompositeEventHandler.dispatchBubblingEvent(CompositeEventHandler.java:80)
	at javafx.base/com.sun.javafx.event.EventHandlerManager.dispatchBubblingEvent(EventHandlerManager.java:238)
	at javafx.base/com.sun.javafx.event.EventHandlerManager.dispatchBubblingEvent(EventHandlerManager.java:191)
	at javafx.base/com.sun.javafx.event.CompositeEventDispatcher.dispatchBubblingEvent(CompositeEventDispatcher.java:59)
	at javafx.base/com.sun.javafx.event.BasicEventDispatcher.dispatchEvent(BasicEventDispatcher.java:58)
	at javafx.base/com.sun.javafx.event.EventDispatchChainImpl.dispatchEvent(EventDispatchChainImpl.java:114)
	at javafx.base/com.sun.javafx.event.BasicEventDispatcher.dispatchEvent(BasicEventDispatcher.java:56)
	at javafx.base/com.sun.javafx.event.EventDispatchChainImpl.dispatchEvent(EventDispatchChainImpl.java:114)
	at javafx.base/com.sun.javafx.event.EventUtil.fireEventImpl(EventUtil.java:74)
	at javafx.base/com.sun.javafx.event.EventUtil.fireEvent(EventUtil.java:54)
	at javafx.base/javafx.event.Event.fireEvent(Event.java:198)
	at javafx.graphics/javafx.scene.Scene$MouseHandler.process(Scene.java:3851)
	at javafx.graphics/javafx.scene.Scene$MouseHandler.access$1200(Scene.java:3579)
	at javafx.graphics/javafx.scene.Scene.processMouseEvent(Scene.java:1849)
	at javafx.graphics/javafx.scene.Scene$ScenePeerListener.mouseEvent(Scene.java:2588)
	at javafx.graphics/com.sun.javafx.tk.quantum.GlassViewEventHandler$MouseEventNotification.run(GlassViewEventHandler.java:397)
	at javafx.graphics/com.sun.javafx.tk.quantum.GlassViewEventHandler$MouseEventNotification.run(GlassViewEventHandler.java:295)
	at java.base/java.security.AccessController.doPrivileged(Native Method)
	at javafx.graphics/com.sun.javafx.tk.quantum.GlassViewEventHandler.lambda$handleMouseEvent$2(GlassViewEventHandler.java:434)
	at javafx.graphics/com.sun.javafx.tk.quantum.QuantumToolkit.runWithoutRenderLock(QuantumToolkit.java:390)
	at javafx.graphics/com.sun.javafx.tk.quantum.GlassViewEventHandler.handleMouseEvent(GlassViewEventHandler.java:433)
	at javafx.graphics/com.sun.glass.ui.View.handleMouseEvent(View.java:556)
	at javafx.graphics/com.sun.glass.ui.View.notifyMouse(View.java:942)
	at javafx.graphics/com.sun.glass.ui.mac.MacView.notifyMouse(MacView.java:127)

18:25:33.719 [JavaFX Application Thread] FATAL FXGLApplication      - Application will now exit
18:25:33.730 [JavaFX Application Thread] DEBUG MainWindow           - Push state: ErrorSubScene
18:25:33.730 [JavaFX Application Thread] DEBUG Input                - Clearing active input actions
18:25:33.738 [JavaFX Application Thread] DEBUG GameApplicationServi - Removing overlay from GameScene and adding to ErrorSubScene
18:25:33.739 [JavaFX Application Thread] DEBUG MainWindow           - GameScene -> ErrorSubScene
18:25:35.687 [FXGL Background Thread 3 ] DEBUG Engine               - Logging environment variables
18:25:35.687 [FXGL Background Thread 3 ] DEBUG Engine               - achievements: []
18:25:35.687 [FXGL Background Thread 3 ] DEBUG Engine               - actualHeight: 600.0
18:25:35.687 [FXGL Background Thread 3 ] DEBUG Engine               - actualHeightProperty: ReadOnlyDoubleProperty [value: 600.0]
18:25:35.688 [FXGL Background Thread 3 ] DEBUG Engine               - actualWidth: 800.0
18:25:35.688 [FXGL Background Thread 3 ] DEBUG Engine               - actualWidthProperty: ReadOnlyDoubleProperty [value: 800.0]
18:25:35.688 [FXGL Background Thread 3 ] DEBUG Engine               - appIcon: fxgl_icon.png
18:25:35.688 [FXGL Background Thread 3 ] DEBUG Engine               - applicationMode: DEVELOPER
18:25:35.688 [FXGL Background Thread 3 ] DEBUG Engine               - cSSList: [fxgl_dark.css]
18:25:35.688 [FXGL Background Thread 3 ] DEBUG Engine               - configClass: Optional.empty
18:25:35.688 [FXGL Background Thread 3 ] DEBUG Engine               - credits: []
18:25:35.688 [FXGL Background Thread 3 ] DEBUG Engine               - devBBoxColorProperty: ObjectProperty [value: 0xff0000ff]
18:25:35.688 [FXGL Background Thread 3 ] DEBUG Engine               - devEnableDebugCameraProperty: BooleanProperty [value: false]
18:25:35.688 [FXGL Background Thread 3 ] DEBUG Engine               - devSensorColorProperty: ObjectProperty [value: 0xffff00ff]
18:25:35.689 [FXGL Background Thread 3 ] DEBUG Engine               - devShowBBoxProperty: BooleanProperty [value: false]
18:25:35.689 [FXGL Background Thread 3 ] DEBUG Engine               - devShowPositionProperty: BooleanProperty [value: false]
18:25:35.689 [FXGL Background Thread 3 ] DEBUG Engine               - enabledMenuItems: []
18:25:35.689 [FXGL Background Thread 3 ] DEBUG Engine               - engineServices: [class com.almasb.fxgl.app.FXGLApplication$GameApplicationService, class com.almasb.fxgl.app.services.FXGLDialogService, class com.almasb.fxgl.app.services.IOTaskExecutorService, class com.almasb.fxgl.event.EventBusService, class com.almasb.fxgl.io.FileSystemService, class com.almasb.fxgl.localization.LocalizationService, class com.almasb.fxgl.app.services.FXGLAssetLoaderService, class com.almasb.fxgl.app.services.SystemBundleService, class com.almasb.fxgl.profile.SaveLoadService, class com.almasb.fxgl.ui.FXGLUIFactoryServiceProvider, class com.almasb.fxgl.ui.FXGLDialogFactoryServiceProvider, class com.almasb.fxgl.audio.AudioPlayer, class com.almasb.fxgl.notification.impl.NotificationServiceProvider, class com.almasb.fxgl.achievement.AchievementService, class com.almasb.fxgl.cutscene.CutsceneService, class com.almasb.fxgl.minigames.MiniGameService, class com.almasb.fxgl.net.NetService, class com.almasb.fxgl.app.services.UpdaterService, class com.almasb.fxgl.dev.DevService]
18:25:35.689 [FXGL Background Thread 3 ] DEBUG Engine               - fontGame: Abel-Regular.ttf
18:25:35.689 [FXGL Background Thread 3 ] DEBUG Engine               - fontMono: lucida_console.ttf
18:25:35.689 [FXGL Background Thread 3 ] DEBUG Engine               - fontText: Courier-Prime.ttf
18:25:35.689 [FXGL Background Thread 3 ] DEBUG Engine               - fontUI: VarelaRound-Regular.ttf
18:25:35.689 [FXGL Background Thread 3 ] DEBUG Engine               - fullScreen: BooleanProperty [value: false]
18:25:35.689 [FXGL Background Thread 3 ] DEBUG Engine               - gameDifficulty: MEDIUM
18:25:35.689 [FXGL Background Thread 3 ] DEBUG Engine               - gameDifficultyProperty: ObjectProperty [value: MEDIUM]
18:25:35.689 [FXGL Background Thread 3 ] DEBUG Engine               - globalMusicVolume: 0.5
18:25:35.689 [FXGL Background Thread 3 ] DEBUG Engine               - globalMusicVolumeProperty: DoubleProperty [value: 0.5]
18:25:35.690 [FXGL Background Thread 3 ] DEBUG Engine               - globalSoundVolume: 0.5
18:25:35.690 [FXGL Background Thread 3 ] DEBUG Engine               - globalSoundVolumeProperty: DoubleProperty [value: 0.5]
18:25:35.690 [FXGL Background Thread 3 ] DEBUG Engine               - height: 600
18:25:35.690 [FXGL Background Thread 3 ] DEBUG Engine               - isAndroid: false
18:25:35.690 [FXGL Background Thread 3 ] DEBUG Engine               - isBrowser: false
18:25:35.690 [FXGL Background Thread 3 ] DEBUG Engine               - isClickFeedbackEnabled: false
18:25:35.690 [FXGL Background Thread 3 ] DEBUG Engine               - isCloseConfirmation: false
18:25:35.690 [FXGL Background Thread 3 ] DEBUG Engine               - isDesktop: true
18:25:35.690 [FXGL Background Thread 3 ] DEBUG Engine               - isDeveloperMenuEnabled: false
18:25:35.690 [FXGL Background Thread 3 ] DEBUG Engine               - isEntityPreloadEnabled: true
18:25:35.690 [FXGL Background Thread 3 ] DEBUG Engine               - isExperimental3D: false
18:25:35.690 [FXGL Background Thread 3 ] DEBUG Engine               - isExperimentalNative: false
18:25:35.690 [FXGL Background Thread 3 ] DEBUG Engine               - isExperimentalTiledLargeMap: false
18:25:35.690 [FXGL Background Thread 3 ] DEBUG Engine               - isFileSystemWriteAllowed: true
18:25:35.690 [FXGL Background Thread 3 ] DEBUG Engine               - isFullScreenAllowed: false
18:25:35.691 [FXGL Background Thread 3 ] DEBUG Engine               - isFullScreenFromStart: false
18:25:35.691 [FXGL Background Thread 3 ] DEBUG Engine               - isGameMenuEnabled: true
18:25:35.691 [FXGL Background Thread 3 ] DEBUG Engine               - isIOS: false
18:25:35.691 [FXGL Background Thread 3 ] DEBUG Engine               - isIntroEnabled: false
18:25:35.691 [FXGL Background Thread 3 ] DEBUG Engine               - isLinux: false
18:25:35.691 [FXGL Background Thread 3 ] DEBUG Engine               - isMac: true
18:25:35.691 [FXGL Background Thread 3 ] DEBUG Engine               - isMainMenuEnabled: false
18:25:35.691 [FXGL Background Thread 3 ] DEBUG Engine               - isManualResizeEnabled: false
18:25:35.691 [FXGL Background Thread 3 ] DEBUG Engine               - isMobile: false
18:25:35.691 [FXGL Background Thread 3 ] DEBUG Engine               - isPreserveResizeRatio: false
18:25:35.691 [FXGL Background Thread 3 ] DEBUG Engine               - isProfilingEnabled: false
18:25:35.691 [FXGL Background Thread 3 ] DEBUG Engine               - isScaleAffectedOnResize: true
18:25:35.691 [FXGL Background Thread 3 ] DEBUG Engine               - isSingleStep: false
18:25:35.691 [FXGL Background Thread 3 ] DEBUG Engine               - isUserProfileEnabled: false
18:25:35.692 [FXGL Background Thread 3 ] DEBUG Engine               - isWindows: false
18:25:35.692 [FXGL Background Thread 3 ] DEBUG Engine               - language: ObjectProperty [value: ENGLISH]
18:25:35.692 [FXGL Background Thread 3 ] DEBUG Engine               - menuKey: ESCAPE
18:25:35.692 [FXGL Background Thread 3 ] DEBUG Engine               - notificationViewClass: class com.almasb.fxgl.notification.view.XboxNotificationView
18:25:35.692 [FXGL Background Thread 3 ] DEBUG Engine               - pixelsPerMeter: 50.0
18:25:35.692 [FXGL Background Thread 3 ] DEBUG Engine               - platform: MAC
18:25:35.692 [FXGL Background Thread 3 ] DEBUG Engine               - prefHeightProperty: ReadOnlyDoubleProperty [value: 600.0]
18:25:35.692 [FXGL Background Thread 3 ] DEBUG Engine               - prefWidthProperty: ReadOnlyDoubleProperty [value: 800.0]
18:25:35.692 [FXGL Background Thread 3 ] DEBUG Engine               - profileDir: profiles/
18:25:35.692 [FXGL Background Thread 3 ] DEBUG Engine               - profileName: StringProperty [value: DEFAULT]
18:25:35.692 [FXGL Background Thread 3 ] DEBUG Engine               - randomSeed: -1
18:25:35.692 [FXGL Background Thread 3 ] DEBUG Engine               - runtimeInfo: RuntimeInfo(platform=MAC, version=11.12, build=11.12.2020 08.51)
18:25:35.692 [FXGL Background Thread 3 ] DEBUG Engine               - saveFileExt: sav
18:25:35.692 [FXGL Background Thread 3 ] DEBUG Engine               - scaledHeightProp$fxgl: DoubleProperty [bound, value: 600.0]
18:25:35.692 [FXGL Background Thread 3 ] DEBUG Engine               - scaledWidthProp$fxgl: DoubleProperty [bound, value: 800.0]
18:25:35.692 [FXGL Background Thread 3 ] DEBUG Engine               - sceneFactory: com.almasb.fxgl.app.scene.SceneFactory@7614f356
18:25:35.693 [FXGL Background Thread 3 ] DEBUG Engine               - secondsIn24h: 60
18:25:35.693 [FXGL Background Thread 3 ] DEBUG Engine               - soundMenuBack: menu/back.wav
18:25:35.693 [FXGL Background Thread 3 ] DEBUG Engine               - soundMenuPress: menu/press.wav
18:25:35.693 [FXGL Background Thread 3 ] DEBUG Engine               - soundMenuSelect: menu/select.wav
18:25:35.693 [FXGL Background Thread 3 ] DEBUG Engine               - soundNotification: core/notification.wav
18:25:35.693 [FXGL Background Thread 3 ] DEBUG Engine               - stageStyle: DECORATED
18:25:35.693 [FXGL Background Thread 3 ] DEBUG Engine               - supportedLanguages: [ENGLISH, FRENCH, GERMAN, HUNGARIAN, RUSSIAN]
18:25:35.693 [FXGL Background Thread 3 ] DEBUG Engine               - title: Untitled
18:25:35.693 [FXGL Background Thread 3 ] DEBUG Engine               - urlGithub: https://github.com/AlmasB/FXGL
18:25:35.693 [FXGL Background Thread 3 ] DEBUG Engine               - urlLeaderboard: http://fxgl-top.herokuapp.com/
18:25:35.693 [FXGL Background Thread 3 ] DEBUG Engine               - urlPOM: https://raw.githubusercontent.com/AlmasB/FXGL/master/README.md
18:25:35.693 [FXGL Background Thread 3 ] DEBUG Engine               - version: 0.0
18:25:35.693 [FXGL Background Thread 3 ] DEBUG Engine               - versionCheckDays: 7
18:25:35.693 [FXGL Background Thread 3 ] DEBUG Engine               - width: 800
18:25:35.693 [FXGL Background Thread 3 ] DEBUG Engine               - Logging services
18:25:35.693 [FXGL Background Thread 3 ] DEBUG Engine               - class com.almasb.fxgl.app.FXGLApplication$GameApplicationService
18:25:35.693 [FXGL Background Thread 3 ] DEBUG Engine               - class com.almasb.fxgl.app.services.FXGLDialogService
18:25:35.694 [FXGL Background Thread 3 ] DEBUG Engine               - class com.almasb.fxgl.app.services.IOTaskExecutorService
18:25:35.694 [FXGL Background Thread 3 ] DEBUG Engine               - class com.almasb.fxgl.event.EventBusService
18:25:35.694 [FXGL Background Thread 3 ] DEBUG Engine               - class com.almasb.fxgl.io.FileSystemService
18:25:35.694 [FXGL Background Thread 3 ] DEBUG Engine               - class com.almasb.fxgl.localization.LocalizationService
18:25:35.694 [FXGL Background Thread 3 ] DEBUG Engine               - class com.almasb.fxgl.app.services.FXGLAssetLoaderService
18:25:35.694 [FXGL Background Thread 3 ] DEBUG Engine               - class com.almasb.fxgl.app.services.SystemBundleService
18:25:35.694 [FXGL Background Thread 3 ] DEBUG Engine               - class com.almasb.fxgl.profile.SaveLoadService
18:25:35.694 [FXGL Background Thread 3 ] DEBUG Engine               - class com.almasb.fxgl.ui.FXGLUIFactoryServiceProvider
18:25:35.694 [FXGL Background Thread 3 ] DEBUG Engine               - class com.almasb.fxgl.ui.FXGLDialogFactoryServiceProvider
18:25:35.694 [FXGL Background Thread 3 ] DEBUG Engine               - class com.almasb.fxgl.audio.AudioPlayer
18:25:35.694 [FXGL Background Thread 3 ] DEBUG Engine               - class com.almasb.fxgl.notification.impl.NotificationServiceProvider
18:25:35.694 [FXGL Background Thread 3 ] DEBUG Engine               - class com.almasb.fxgl.achievement.AchievementService
18:25:35.694 [FXGL Background Thread 3 ] DEBUG Engine               - class com.almasb.fxgl.cutscene.CutsceneService
18:25:35.695 [FXGL Background Thread 3 ] DEBUG Engine               - class com.almasb.fxgl.minigames.MiniGameService
18:25:35.695 [FXGL Background Thread 3 ] DEBUG Engine               - class com.almasb.fxgl.net.NetService
18:25:35.695 [FXGL Background Thread 3 ] DEBUG Engine               - class com.almasb.fxgl.app.services.UpdaterService
18:25:35.695 [FXGL Background Thread 3 ] DEBUG Engine               - class com.almasb.fxgl.dev.DevService
18:25:40.802 [JavaFX Application Thread] DEBUG FXGLApplication      - Exiting FXGL
18:25:40.802 [JavaFX Application Thread] DEBUG Async                - Shutting down background threads
18:25:40.803 [JavaFX Application Thread] DEBUG MainWindow           - Closing main window
18:25:40.810 [JavaFX Application Thread] DEBUG Logger               - Closing Logger
