18:42:02.747 [main                     ] DEBUG Logger               - Configured Logger
18:42:02.769 [main                     ] DEBUG GameApplication      - Logging settings
Title: Dungeon Crawler
Version: 0.0
Width: 1280
Height: 720
Fullscreen: false
Intro: false
Profiling: false
Single step:false
App Mode: DEVELOPER
Menu Key: ESCAPE
Stage Style: DECORATED
Scene Factory: class com.almasb.fxgl.app.scene.SceneFactory

18:42:03.797 [JavaFX Application Thread] DEBUG FXGLApplication      - Initializing FXGL
18:42:03.800 [JavaFX Application Thread] INFO  Engine               - FXGL-11.12 (11.12.2020 08.51) on MAC (J:11.0.1 FX:11.0.2)
18:42:03.801 [JavaFX Application Thread] DEBUG Engine               - JRE Vendor Name: Oracle Corporation
18:42:03.801 [JavaFX Application Thread] DEBUG Engine               - Running on OS: Mac OS X version 10.16
18:42:03.802 [JavaFX Application Thread] DEBUG Engine               - Architecture: x86_64
18:42:03.802 [JavaFX Application Thread] INFO  Engine               - Source code and latest versions at: https://github.com/AlmasB/FXGL
18:42:03.802 [JavaFX Application Thread] INFO  Engine               -              Join the FXGL chat at: https://gitter.im/AlmasB/FXGL
18:42:04.003 [JavaFX Application Thread] DEBUG MainWindow           - Creating a JavaFX scene
18:42:04.091 [JavaFX Application Thread] DEBUG MainWindow           - Target settings size: 1280.0 x 720.0
18:42:04.091 [JavaFX Application Thread] DEBUG MainWindow           - Scaled scene size:    1280.0 x 720.0
18:42:04.091 [JavaFX Application Thread] DEBUG MainWindow           - Scaled ratio: (1.0, 1.0)
18:42:04.092 [JavaFX Application Thread] DEBUG MainWindow           - Set initial scene to StartupScene
18:42:04.100 [JavaFX Application Thread] DEBUG MainWindow           - Opening main window
18:42:04.178 [JavaFX Application Thread] DEBUG MainWindow           - Window border size: (0.0, 28.0)
18:42:04.178 [JavaFX Application Thread] DEBUG MainWindow           - Scaled size: 1280.0 x 720.0
18:42:04.178 [JavaFX Application Thread] DEBUG MainWindow           - Scaled ratio: (1.0, 1.0)
18:42:04.178 [JavaFX Application Thread] DEBUG MainWindow           - Scene size: 1280.0 x 720.0
18:42:04.179 [JavaFX Application Thread] DEBUG MainWindow           - Stage size: 1280.0 x 748.0
18:42:04.186 [FXGL Background Thread 1 ] DEBUG Engine               - Initializing environment variables
18:42:04.223 [FXGL Background Thread 1 ] DEBUG GameApplicationServi - Applying CSS: fxgl_dark.css
18:42:04.224 [FXGL Background Thread 1 ] DEBUG FXGLAssetLoaderServi - Loading from file system: /assets/ui/css/fxgl_dark.css
18:42:04.313 [FXGL Background Thread 1 ] DEBUG GameApplicationServi - Initializing application scenes
18:42:04.895 [FXGL Background Thread 1 ] DEBUG GameWorld            - Game world initialized
18:42:04.966 [FXGL Background Thread 1 ] DEBUG PhysicsWorld         - Physics world initialized: appHeight=720, physics.ppm=50.0
18:42:04.968 [FXGL Background Thread 1 ] DEBUG GameScene            - Game scene initialized: 1280x720
18:42:05.002 [FXGL Background Thread 1 ] DEBUG FXGLAssetLoaderServi - Loading from file system: /assets/textures/particles/trace_horizontal.png
18:42:05.048 [FXGL Background Thread 1 ] DEBUG FXGL.DefaultMenu     - createMenuBodyMainMenu()
18:42:05.068 [FXGL Background Thread 1 ] DEBUG FXGL.DefaultMenu     - createOptionsMenu()
18:42:05.074 [FXGL Background Thread 1 ] DEBUG FXGLAssetLoaderServi - Loading from file system: /assets/textures/particles/smoke.png
18:42:05.136 [FXGL Background Thread 1 ] DEBUG FXGLAssetLoaderServi - Loading from cache: /assets/textures/particles/trace_horizontal.png@64.0x64.0
18:42:05.137 [FXGL Background Thread 1 ] DEBUG FXGL.DefaultMenu     - createMenuBodyGameMenu()
18:42:05.140 [FXGL Background Thread 1 ] DEBUG FXGL.DefaultMenu     - createOptionsMenu()
18:42:05.143 [FXGL Background Thread 1 ] DEBUG FXGLAssetLoaderServi - Loading from cache: /assets/textures/particles/smoke.png@128.0x128.0
18:42:05.184 [FXGL Background Thread 1 ] DEBUG GameApplicationServi - Application scenes initialized
18:42:05.195 [FXGL Background Thread 1 ] DEBUG SystemBundleService  - Loading FXGL system data
18:42:05.201 [FXGL Background Thread 1 ] DEBUG FileSystemAccess     - Reading from: /Users/shaharben-dor/Documents/College Work/CS 2340/CS-2340-Final-Project/system/fxgl.bundle
18:42:05.207 [FXGL Background Thread 1 ] DEBUG SystemBundleService  - Bundle FXGL: {}
18:42:05.207 [FXGL Background Thread 1 ] DEBUG UpdaterService       - Checking for updates
18:42:05.212 [FXGL Background Thread 4 ] DEBUG FXGLApplication      - Loading fonts
18:42:05.212 [FXGL Background Thread 4 ] DEBUG FXGLAssetLoaderServi - Loading from file system: /assets/ui/fonts/VarelaRound-Regular.ttf
18:42:05.213 [FXGL Background Thread 1 ] DEBUG FXGLApplication      - Loading default localization
18:42:05.213 [FXGL Background Thread 1 ] DEBUG FXGLAssetLoaderServi - Loading from file system: /assets/languages/english.lang
18:42:05.233 [FXGL Background Thread 1 ] INFO  FXGLApplication      - FXGL initialization took: 1.047 sec
18:42:05.233 [JavaFX Application Thread] DEBUG FXGLAssetLoaderServi - Loading from file system: /assets/textures/fxgl_icon.png
18:42:05.238 [FXGL Background Thread 4 ] DEBUG FXGLAssetLoaderServi - Loading from file system: /assets/ui/fonts/Abel-Regular.ttf
18:42:05.243 [FXGL Background Thread 4 ] DEBUG FXGLAssetLoaderServi - Loading from file system: /assets/ui/fonts/lucida_console.ttf
18:42:05.247 [FXGL Background Thread 4 ] DEBUG FXGLAssetLoaderServi - Loading from file system: /assets/ui/fonts/Courier-Prime.ttf
18:42:05.265 [JavaFX Application Thread] DEBUG FXGLAssetLoaderServi - Loading from file system: /assets/ui/cursors/fxgl_default.png
18:42:05.284 [JavaFX Application Thread] DEBUG Input                - Registered new binding: Screenshot - P
18:42:05.285 [JavaFX Application Thread] DEBUG Input                - Registered new binding: System info dump - CTRL+9
18:42:05.285 [JavaFX Application Thread] DEBUG Input                - Registered new binding: Restart - CTRL+R
18:42:05.286 [JavaFX Application Thread] DEBUG Input                - Registered new binding: Toggle Debug Camera - CTRL+C
18:42:05.288 [JavaFX Application Thread] DEBUG LoopRunner           - Starting loop
18:42:05.290 [JavaFX Application Thread] DEBUG Input                - Clearing active input actions
18:42:05.299 [JavaFX Application Thread] DEBUG GameApplicationServi - Removing overlay from StartupScene and adding to FXGLMainMenuDummyScene
18:42:05.299 [JavaFX Application Thread] DEBUG MainWindow           - StartupScene -> FXGLMainMenuDummyScene
18:42:05.299 [JavaFX Application Thread] DEBUG MainWindow           - Push state: FXGLDefaultMenu
18:42:05.304 [JavaFX Application Thread] DEBUG Input                - Clearing active input actions
18:42:05.319 [JavaFX Application Thread] DEBUG GameApplicationServi - Removing overlay from FXGLMainMenuDummyScene and adding to FXGLDefaultMenu
18:42:05.320 [JavaFX Application Thread] DEBUG MainWindow           - FXGLMainMenuDummyScene -> FXGLDefaultMenu
18:42:05.351 [JavaFX Application Thread] DEBUG FXGLApplication      - Registering font factories with UI factory
18:42:06.047 [FXGL Background Thread 2 ] INFO  UpdaterService       - Your current version:  11.12
18:42:06.049 [FXGL Background Thread 2 ] INFO  UpdaterService       - Latest stable version: 11.16
18:42:08.213 [FXGL Background Thread 3 ] DEBUG Engine               - Logging environment variables
18:42:08.214 [FXGL Background Thread 3 ] DEBUG Engine               - achievements: []
18:42:08.214 [FXGL Background Thread 3 ] DEBUG Engine               - actualHeight: 720.0
18:42:08.215 [FXGL Background Thread 3 ] DEBUG Engine               - actualHeightProperty: ReadOnlyDoubleProperty [value: 720.0]
18:42:08.215 [FXGL Background Thread 3 ] DEBUG Engine               - actualWidth: 1280.0
18:42:08.215 [FXGL Background Thread 3 ] DEBUG Engine               - actualWidthProperty: ReadOnlyDoubleProperty [value: 1280.0]
18:42:08.215 [FXGL Background Thread 3 ] DEBUG Engine               - appIcon: fxgl_icon.png
18:42:08.215 [FXGL Background Thread 3 ] DEBUG Engine               - applicationMode: DEVELOPER
18:42:08.215 [FXGL Background Thread 3 ] DEBUG Engine               - cSSList: [fxgl_dark.css]
18:42:08.215 [FXGL Background Thread 3 ] DEBUG Engine               - configClass: Optional.empty
18:42:08.215 [FXGL Background Thread 3 ] DEBUG Engine               - credits: []
18:42:08.216 [FXGL Background Thread 3 ] DEBUG Engine               - devBBoxColorProperty: ObjectProperty [value: 0xff0000ff]
18:42:08.216 [FXGL Background Thread 3 ] DEBUG Engine               - devEnableDebugCameraProperty: BooleanProperty [value: false]
18:42:08.216 [FXGL Background Thread 3 ] DEBUG Engine               - devSensorColorProperty: ObjectProperty [value: 0xffff00ff]
18:42:08.216 [FXGL Background Thread 3 ] DEBUG Engine               - devShowBBoxProperty: BooleanProperty [value: false]
18:42:08.217 [FXGL Background Thread 3 ] DEBUG Engine               - devShowPositionProperty: BooleanProperty [value: false]
18:42:08.217 [FXGL Background Thread 3 ] DEBUG Engine               - enabledMenuItems: []
18:42:08.217 [FXGL Background Thread 3 ] DEBUG Engine               - engineServices: [class com.almasb.fxgl.app.FXGLApplication$GameApplicationService, class com.almasb.fxgl.app.services.FXGLDialogService, class com.almasb.fxgl.app.services.IOTaskExecutorService, class com.almasb.fxgl.event.EventBusService, class com.almasb.fxgl.io.FileSystemService, class com.almasb.fxgl.localization.LocalizationService, class com.almasb.fxgl.app.services.FXGLAssetLoaderService, class com.almasb.fxgl.app.services.SystemBundleService, class com.almasb.fxgl.profile.SaveLoadService, class com.almasb.fxgl.ui.FXGLUIFactoryServiceProvider, class com.almasb.fxgl.ui.FXGLDialogFactoryServiceProvider, class com.almasb.fxgl.audio.AudioPlayer, class com.almasb.fxgl.notification.impl.NotificationServiceProvider, class com.almasb.fxgl.achievement.AchievementService, class com.almasb.fxgl.cutscene.CutsceneService, class com.almasb.fxgl.minigames.MiniGameService, class com.almasb.fxgl.net.NetService, class com.almasb.fxgl.app.services.UpdaterService, class com.almasb.fxgl.dev.DevService]
18:42:08.217 [FXGL Background Thread 3 ] DEBUG Engine               - fontGame: Abel-Regular.ttf
18:42:08.217 [FXGL Background Thread 3 ] DEBUG Engine               - fontMono: lucida_console.ttf
18:42:08.217 [FXGL Background Thread 3 ] DEBUG Engine               - fontText: Courier-Prime.ttf
18:42:08.217 [FXGL Background Thread 3 ] DEBUG Engine               - fontUI: VarelaRound-Regular.ttf
18:42:08.217 [FXGL Background Thread 3 ] DEBUG Engine               - fullScreen: BooleanProperty [value: false]
18:42:08.217 [FXGL Background Thread 3 ] DEBUG Engine               - gameDifficulty: MEDIUM
18:42:08.217 [FXGL Background Thread 3 ] DEBUG Engine               - gameDifficultyProperty: ObjectProperty [value: MEDIUM]
18:42:08.217 [FXGL Background Thread 3 ] DEBUG Engine               - globalMusicVolume: 0.5
18:42:08.218 [FXGL Background Thread 3 ] DEBUG Engine               - globalMusicVolumeProperty: DoubleProperty [value: 0.5]
18:42:08.218 [FXGL Background Thread 3 ] DEBUG Engine               - globalSoundVolume: 0.5
18:42:08.218 [FXGL Background Thread 3 ] DEBUG Engine               - globalSoundVolumeProperty: DoubleProperty [value: 0.5]
18:42:08.218 [FXGL Background Thread 3 ] DEBUG Engine               - height: 720
18:42:08.218 [FXGL Background Thread 3 ] DEBUG Engine               - isAndroid: false
18:42:08.218 [FXGL Background Thread 3 ] DEBUG Engine               - isBrowser: false
18:42:08.218 [FXGL Background Thread 3 ] DEBUG Engine               - isClickFeedbackEnabled: false
18:42:08.218 [FXGL Background Thread 3 ] DEBUG Engine               - isCloseConfirmation: false
18:42:08.219 [FXGL Background Thread 3 ] DEBUG Engine               - isDesktop: true
18:42:08.219 [FXGL Background Thread 3 ] DEBUG Engine               - isDeveloperMenuEnabled: false
18:42:08.219 [FXGL Background Thread 3 ] DEBUG Engine               - isEntityPreloadEnabled: true
18:42:08.219 [FXGL Background Thread 3 ] DEBUG Engine               - isExperimental3D: false
18:42:08.219 [FXGL Background Thread 3 ] DEBUG Engine               - isExperimentalNative: false
18:42:08.219 [FXGL Background Thread 3 ] DEBUG Engine               - isExperimentalTiledLargeMap: false
18:42:08.219 [FXGL Background Thread 3 ] DEBUG Engine               - isFileSystemWriteAllowed: true
18:42:08.219 [FXGL Background Thread 3 ] DEBUG Engine               - isFullScreenAllowed: false
18:42:08.219 [FXGL Background Thread 3 ] DEBUG Engine               - isFullScreenFromStart: false
18:42:08.220 [FXGL Background Thread 3 ] DEBUG Engine               - isGameMenuEnabled: true
18:42:08.220 [FXGL Background Thread 3 ] DEBUG Engine               - isIOS: false
18:42:08.220 [FXGL Background Thread 3 ] DEBUG Engine               - isIntroEnabled: false
18:42:08.220 [FXGL Background Thread 3 ] DEBUG Engine               - isLinux: false
18:42:08.220 [FXGL Background Thread 3 ] DEBUG Engine               - isMac: true
18:42:08.220 [FXGL Background Thread 3 ] DEBUG Engine               - isMainMenuEnabled: true
18:42:08.220 [FXGL Background Thread 3 ] DEBUG Engine               - isManualResizeEnabled: false
18:42:08.220 [FXGL Background Thread 3 ] DEBUG Engine               - isMobile: false
18:42:08.220 [FXGL Background Thread 3 ] DEBUG Engine               - isPreserveResizeRatio: false
18:42:08.220 [FXGL Background Thread 3 ] DEBUG Engine               - isProfilingEnabled: false
18:42:08.221 [FXGL Background Thread 3 ] DEBUG Engine               - isScaleAffectedOnResize: true
18:42:08.221 [FXGL Background Thread 3 ] DEBUG Engine               - isSingleStep: false
18:42:08.221 [FXGL Background Thread 3 ] DEBUG Engine               - isUserProfileEnabled: false
18:42:08.221 [FXGL Background Thread 3 ] DEBUG Engine               - isWindows: false
18:42:08.221 [FXGL Background Thread 3 ] DEBUG Engine               - language: ObjectProperty [value: ENGLISH]
18:42:08.221 [FXGL Background Thread 3 ] DEBUG Engine               - menuKey: ESCAPE
18:42:08.221 [FXGL Background Thread 3 ] DEBUG Engine               - notificationViewClass: class com.almasb.fxgl.notification.view.XboxNotificationView
18:42:08.221 [FXGL Background Thread 3 ] DEBUG Engine               - pixelsPerMeter: 50.0
18:42:08.221 [FXGL Background Thread 3 ] DEBUG Engine               - platform: MAC
18:42:08.222 [FXGL Background Thread 3 ] DEBUG Engine               - prefHeightProperty: ReadOnlyDoubleProperty [value: 720.0]
18:42:08.222 [FXGL Background Thread 3 ] DEBUG Engine               - prefWidthProperty: ReadOnlyDoubleProperty [value: 1280.0]
18:42:08.222 [FXGL Background Thread 3 ] DEBUG Engine               - profileDir: profiles/
18:42:08.222 [FXGL Background Thread 3 ] DEBUG Engine               - profileName: StringProperty [value: DEFAULT]
18:42:08.222 [FXGL Background Thread 3 ] DEBUG Engine               - randomSeed: -1
18:42:08.222 [FXGL Background Thread 3 ] DEBUG Engine               - runtimeInfo: RuntimeInfo(platform=MAC, version=11.12, build=11.12.2020 08.51)
18:42:08.222 [FXGL Background Thread 3 ] DEBUG Engine               - saveFileExt: sav
18:42:08.222 [FXGL Background Thread 3 ] DEBUG Engine               - scaledHeightProp$fxgl: DoubleProperty [bound, value: 720.0]
18:42:08.222 [FXGL Background Thread 3 ] DEBUG Engine               - scaledWidthProp$fxgl: DoubleProperty [bound, value: 1280.0]
18:42:08.222 [FXGL Background Thread 3 ] DEBUG Engine               - sceneFactory: com.almasb.fxgl.app.scene.SceneFactory@3b91c77e
18:42:08.222 [FXGL Background Thread 3 ] DEBUG Engine               - secondsIn24h: 60
18:42:08.222 [FXGL Background Thread 3 ] DEBUG Engine               - soundMenuBack: menu/back.wav
18:42:08.222 [FXGL Background Thread 3 ] DEBUG Engine               - soundMenuPress: menu/press.wav
18:42:08.222 [FXGL Background Thread 3 ] DEBUG Engine               - soundMenuSelect: menu/select.wav
18:42:08.223 [FXGL Background Thread 3 ] DEBUG Engine               - soundNotification: core/notification.wav
18:42:08.223 [FXGL Background Thread 3 ] DEBUG Engine               - stageStyle: DECORATED
18:42:08.223 [FXGL Background Thread 3 ] DEBUG Engine               - supportedLanguages: [ENGLISH, FRENCH, GERMAN, HUNGARIAN, RUSSIAN]
18:42:08.223 [FXGL Background Thread 3 ] DEBUG Engine               - title: Dungeon Crawler
18:42:08.223 [FXGL Background Thread 3 ] DEBUG Engine               - urlGithub: https://github.com/AlmasB/FXGL
18:42:08.223 [FXGL Background Thread 3 ] DEBUG Engine               - urlLeaderboard: http://fxgl-top.herokuapp.com/
18:42:08.223 [FXGL Background Thread 3 ] DEBUG Engine               - urlPOM: https://raw.githubusercontent.com/AlmasB/FXGL/master/README.md
18:42:08.223 [FXGL Background Thread 3 ] DEBUG Engine               - version: 0.0
18:42:08.223 [FXGL Background Thread 3 ] DEBUG Engine               - versionCheckDays: 7
18:42:08.223 [FXGL Background Thread 3 ] DEBUG Engine               - width: 1280
18:42:08.223 [FXGL Background Thread 3 ] DEBUG Engine               - Logging services
18:42:08.223 [FXGL Background Thread 3 ] DEBUG Engine               - class com.almasb.fxgl.app.FXGLApplication$GameApplicationService
18:42:08.223 [FXGL Background Thread 3 ] DEBUG Engine               - class com.almasb.fxgl.app.services.FXGLDialogService
18:42:08.223 [FXGL Background Thread 3 ] DEBUG Engine               - class com.almasb.fxgl.app.services.IOTaskExecutorService
18:42:08.223 [FXGL Background Thread 3 ] DEBUG Engine               - class com.almasb.fxgl.event.EventBusService
18:42:08.223 [FXGL Background Thread 3 ] DEBUG Engine               - class com.almasb.fxgl.io.FileSystemService
18:42:08.223 [FXGL Background Thread 3 ] DEBUG Engine               - class com.almasb.fxgl.localization.LocalizationService
18:42:08.223 [FXGL Background Thread 3 ] DEBUG Engine               - class com.almasb.fxgl.app.services.FXGLAssetLoaderService
18:42:08.224 [FXGL Background Thread 3 ] DEBUG Engine               - class com.almasb.fxgl.app.services.SystemBundleService
18:42:08.224 [FXGL Background Thread 3 ] DEBUG Engine               - class com.almasb.fxgl.profile.SaveLoadService
18:42:08.224 [FXGL Background Thread 3 ] DEBUG Engine               - class com.almasb.fxgl.ui.FXGLUIFactoryServiceProvider
18:42:08.224 [FXGL Background Thread 3 ] DEBUG Engine               - class com.almasb.fxgl.ui.FXGLDialogFactoryServiceProvider
18:42:08.224 [FXGL Background Thread 3 ] DEBUG Engine               - class com.almasb.fxgl.audio.AudioPlayer
18:42:08.224 [FXGL Background Thread 3 ] DEBUG Engine               - class com.almasb.fxgl.notification.impl.NotificationServiceProvider
18:42:08.224 [FXGL Background Thread 3 ] DEBUG Engine               - class com.almasb.fxgl.achievement.AchievementService
18:42:08.224 [FXGL Background Thread 3 ] DEBUG Engine               - class com.almasb.fxgl.cutscene.CutsceneService
18:42:08.224 [FXGL Background Thread 3 ] DEBUG Engine               - class com.almasb.fxgl.minigames.MiniGameService
18:42:08.224 [FXGL Background Thread 3 ] DEBUG Engine               - class com.almasb.fxgl.net.NetService
18:42:08.224 [FXGL Background Thread 3 ] DEBUG Engine               - class com.almasb.fxgl.app.services.UpdaterService
18:42:08.224 [FXGL Background Thread 3 ] DEBUG Engine               - class com.almasb.fxgl.dev.DevService
18:42:14.267 [JavaFX Application Thread] DEBUG Menu                 - createContentControls()
18:42:16.688 [JavaFX Application Thread] DEBUG Menu                 - createContentVideo()
18:42:18.509 [JavaFX Application Thread] DEBUG Menu                 - createContentAudio()
18:42:28.738 [JavaFX Application Thread] DEBUG MainWindow           - Push state: DialogSubScene
18:42:28.738 [JavaFX Application Thread] DEBUG Input                - Clearing active input actions
18:42:28.739 [JavaFX Application Thread] DEBUG GameApplicationServi - Removing overlay from FXGLDefaultMenu and adding to DialogSubScene
18:42:28.739 [JavaFX Application Thread] DEBUG MainWindow           - FXGLDefaultMenu -> DialogSubScene
18:42:29.787 [JavaFX Application Thread] DEBUG MainWindow           - Pop state: DialogSubScene
18:42:29.787 [JavaFX Application Thread] DEBUG Input                - Clearing active input actions
18:42:29.788 [JavaFX Application Thread] DEBUG GameApplicationServi - Removing overlay from DialogSubScene and adding to FXGLDefaultMenu
18:42:29.788 [JavaFX Application Thread] DEBUG MainWindow           - FXGLDefaultMenu <- DialogSubScene
18:42:37.318 [JavaFX Application Thread] DEBUG Menu                 - createContentGameplay()
18:42:40.507 [JavaFX Application Thread] DEBUG Menu                 - fireExit()
18:42:40.515 [JavaFX Application Thread] DEBUG MainWindow           - Push state: DialogSubScene
18:42:40.515 [JavaFX Application Thread] DEBUG Input                - Clearing active input actions
18:42:40.515 [JavaFX Application Thread] DEBUG GameApplicationServi - Removing overlay from FXGLDefaultMenu and adding to DialogSubScene
18:42:40.515 [JavaFX Application Thread] DEBUG MainWindow           - FXGLDefaultMenu -> DialogSubScene
18:42:41.312 [JavaFX Application Thread] DEBUG MainWindow           - Pop state: DialogSubScene
18:42:41.312 [JavaFX Application Thread] DEBUG Input                - Clearing active input actions
18:42:41.312 [JavaFX Application Thread] DEBUG GameApplicationServi - Removing overlay from DialogSubScene and adding to FXGLDefaultMenu
18:42:41.312 [JavaFX Application Thread] DEBUG MainWindow           - FXGLDefaultMenu <- DialogSubScene
18:42:41.312 [JavaFX Application Thread] DEBUG FXGLApplication      - Exiting FXGL
18:42:41.312 [JavaFX Application Thread] DEBUG LoopRunner           - Stopping loop
18:42:41.312 [JavaFX Application Thread] DEBUG SystemBundleService  - Saving FXGL system data
18:42:41.314 [JavaFX Application Thread] DEBUG FileSystemAccess     - Writing to: /Users/shaharben-dor/Documents/College Work/CS 2340/CS-2340-Final-Project/system/fxgl.bundle
18:42:41.315 [JavaFX Application Thread] DEBUG Async                - Shutting down background threads
18:42:41.316 [JavaFX Application Thread] DEBUG MainWindow           - Closing main window
18:42:41.323 [JavaFX Application Thread] DEBUG Logger               - Closing Logger
