22:00:23.882 [main                     ] DEBUG Logger               - Configured Logger
22:00:23.896 [main                     ] DEBUG GameApplication      - Logging settings
Title: Dungeon Crawler
Version: Development 0.0.1
Width: 1280
Height: 720
Fullscreen: false
Intro: false
Profiling: false
Single step:false
App Mode: DEVELOPER
Menu Key: ESCAPE
Stage Style: DECORATED
Scene Factory: class com.group19.javafxgame.MainSceneFactory

22:00:24.330 [JavaFX Application Thread] DEBUG FXGLApplication      - Initializing FXGL
22:00:24.332 [JavaFX Application Thread] INFO  Engine               - FXGL-11.12 (11.12.2020 08.51) on WINDOWS (J:11.0.10 FX:15)
22:00:24.332 [JavaFX Application Thread] DEBUG Engine               - JRE Vendor Name: AdoptOpenJDK
22:00:24.332 [JavaFX Application Thread] DEBUG Engine               - Running on OS: Windows 10 version 10.0
22:00:24.332 [JavaFX Application Thread] DEBUG Engine               - Architecture: amd64
22:00:24.332 [JavaFX Application Thread] INFO  Engine               - Source code and latest versions at: https://github.com/AlmasB/FXGL
22:00:24.332 [JavaFX Application Thread] INFO  Engine               -              Join the FXGL chat at: https://gitter.im/AlmasB/FXGL
22:00:24.416 [JavaFX Application Thread] DEBUG MainWindow           - Creating a JavaFX scene
22:00:24.462 [JavaFX Application Thread] DEBUG MainWindow           - Target settings size: 1280.0 x 720.0
22:00:24.462 [JavaFX Application Thread] DEBUG MainWindow           - Scaled scene size:    1280.0 x 720.0
22:00:24.462 [JavaFX Application Thread] DEBUG MainWindow           - Scaled ratio: (1.0, 1.0)
22:00:24.462 [JavaFX Application Thread] DEBUG MainWindow           - Set initial scene to StartupScene
22:00:24.467 [JavaFX Application Thread] DEBUG MainWindow           - Opening main window
22:00:24.535 [JavaFX Application Thread] DEBUG MainWindow           - Window border size: (16.0, 39.0)
22:00:24.535 [JavaFX Application Thread] DEBUG MainWindow           - Scaled size: 1280.0 x 720.0
22:00:24.535 [JavaFX Application Thread] DEBUG MainWindow           - Scaled ratio: (1.0, 1.0)
22:00:24.535 [JavaFX Application Thread] DEBUG MainWindow           - Scene size: 1280.0 x 720.0
22:00:24.535 [JavaFX Application Thread] DEBUG MainWindow           - Stage size: 1296.0 x 759.0
22:00:24.542 [FXGL Background Thread 1 ] DEBUG Engine               - Initializing environment variables
22:00:24.564 [FXGL Background Thread 1 ] DEBUG GameApplicationServi - Applying CSS: fxgl_dark.css
22:00:24.565 [FXGL Background Thread 1 ] DEBUG FXGLAssetLoaderServi - Loading from file system: /assets/ui/css/fxgl_dark.css
22:00:24.609 [FXGL Background Thread 1 ] DEBUG GameApplicationServi - Initializing application scenes
22:00:24.638 [FXGL Background Thread 1 ] DEBUG GameWorld            - Game world initialized
22:00:24.692 [FXGL Background Thread 1 ] DEBUG PhysicsWorld         - Physics world initialized: appHeight=720, physics.ppm=50.0
22:00:24.693 [FXGL Background Thread 1 ] DEBUG GameScene            - Game scene initialized: 1280x720
22:00:24.705 [FXGL Background Thread 1 ] DEBUG FXGLAssetLoaderServi - Loading from file system: /assets/textures/background/MainMenuBackground.jpg
22:00:24.776 [FXGL Background Thread 1 ] DEBUG FXGLAssetLoaderServi - Loading from file system: /assets/textures/particles/trace_horizontal.png
22:00:24.804 [FXGL Background Thread 1 ] DEBUG FXGL.DefaultMenu     - createMenuBodyGameMenu()
22:00:24.812 [FXGL Background Thread 1 ] DEBUG FXGL.DefaultMenu     - createOptionsMenu()
22:00:24.816 [FXGL Background Thread 1 ] DEBUG FXGLAssetLoaderServi - Loading from file system: /assets/textures/particles/smoke.png
22:00:24.857 [FXGL Background Thread 1 ] DEBUG GameApplicationServi - Application scenes initialized
22:00:24.864 [FXGL Background Thread 1 ] DEBUG SystemBundleService  - Loading FXGL system data
22:00:24.867 [FXGL Background Thread 1 ] DEBUG FileSystemAccess     - Reading from: C:\Users\rodos\CS-2340-Final-Project\system\fxgl.bundle
22:00:24.871 [FXGL Background Thread 1 ] DEBUG SystemBundleService  - Bundle FXGL: {}
22:00:24.871 [FXGL Background Thread 1 ] DEBUG UpdaterService       - Checking for updates
22:00:24.874 [FXGL Background Thread 4 ] DEBUG FXGLApplication      - Loading fonts
22:00:24.874 [FXGL Background Thread 4 ] DEBUG FXGLAssetLoaderServi - Loading from file system: /assets/ui/fonts/VarelaRound-Regular.ttf
22:00:24.875 [FXGL Background Thread 1 ] DEBUG FXGLApplication      - Loading default localization
22:00:24.875 [FXGL Background Thread 1 ] DEBUG FXGLAssetLoaderServi - Loading from file system: /assets/languages/english.lang
22:00:24.887 [FXGL Background Thread 1 ] INFO  FXGLApplication      - FXGL initialization took: 0.346 sec
22:00:24.888 [JavaFX Application Thread] DEBUG FXGLAssetLoaderServi - Loading from file system: /assets/textures/fxgl_icon.png
22:00:24.905 [JavaFX Application Thread] DEBUG FXGLAssetLoaderServi - Loading from file system: /assets/ui/cursors/fxgl_default.png
22:00:24.920 [JavaFX Application Thread] DEBUG Input                - Registered new binding: Screenshot - P
22:00:24.920 [JavaFX Application Thread] DEBUG Input                - Registered new binding: System info dump - CTRL+9
22:00:24.920 [JavaFX Application Thread] DEBUG Input                - Registered new binding: Restart - CTRL+R
22:00:24.921 [JavaFX Application Thread] DEBUG Input                - Registered new binding: Toggle Debug Camera - CTRL+C
22:00:24.924 [JavaFX Application Thread] DEBUG LoopRunner           - Starting loop
22:00:24.927 [JavaFX Application Thread] DEBUG Input                - Clearing active input actions
22:00:24.934 [JavaFX Application Thread] DEBUG GameApplicationServi - Removing overlay from StartupScene and adding to FXGLMainMenuDummyScene
22:00:24.935 [JavaFX Application Thread] DEBUG MainWindow           - StartupScene -> FXGLMainMenuDummyScene
22:00:24.935 [JavaFX Application Thread] DEBUG MainWindow           - Push state: MainMenu
22:00:24.935 [JavaFX Application Thread] DEBUG Input                - Clearing active input actions
22:00:24.943 [JavaFX Application Thread] DEBUG GameApplicationServi - Removing overlay from FXGLMainMenuDummyScene and adding to MainMenu
22:00:24.943 [JavaFX Application Thread] DEBUG MainWindow           - FXGLMainMenuDummyScene -> MainMenu
22:00:25.153 [FXGL Background Thread 4 ] DEBUG FXGLAssetLoaderServi - Loading from file system: /assets/ui/fonts/Abel-Regular.ttf
22:00:25.156 [FXGL Background Thread 4 ] DEBUG FXGLAssetLoaderServi - Loading from file system: /assets/ui/fonts/lucida_console.ttf
22:00:25.160 [FXGL Background Thread 4 ] DEBUG FXGLAssetLoaderServi - Loading from file system: /assets/ui/fonts/Courier-Prime.ttf
22:00:25.164 [JavaFX Application Thread] DEBUG FXGLApplication      - Registering font factories with UI factory
22:00:25.321 [FXGL Background Thread 2 ] INFO  UpdaterService       - Your current version:  11.12
22:00:25.322 [FXGL Background Thread 2 ] INFO  UpdaterService       - Latest stable version: 11.16
22:00:26.072 [JavaFX Application Thread] DEBUG Menu                 - fireNewGame()
22:00:26.072 [JavaFX Application Thread] DEBUG GameApplicationServi - Starting new game
22:00:26.072 [JavaFX Application Thread] DEBUG MainWindow           - Pop state: MainMenu
22:00:26.072 [JavaFX Application Thread] DEBUG Input                - Clearing active input actions
22:00:26.073 [JavaFX Application Thread] DEBUG GameApplicationServi - Removing overlay from MainMenu and adding to FXGLMainMenuDummyScene
22:00:26.073 [JavaFX Application Thread] DEBUG MainWindow           - FXGLMainMenuDummyScene <- MainMenu
22:00:26.073 [JavaFX Application Thread] DEBUG Input                - Clearing active input actions
22:00:26.078 [JavaFX Application Thread] DEBUG GameApplicationServi - Removing overlay from FXGLMainMenuDummyScene and adding to FXGLLoadingScene
22:00:26.078 [JavaFX Application Thread] DEBUG MainWindow           - FXGLMainMenuDummyScene -> FXGLLoadingScene
22:00:26.078 [JavaFX Application Thread] DEBUG GameApplicationServi - Clearing previous game
22:00:26.078 [JavaFX Application Thread] DEBUG GameScene            - Clearing game scene
22:00:26.078 [JavaFX Application Thread] DEBUG GameWorld            - Clearing game world
22:00:26.079 [JavaFX Application Thread] DEBUG PhysicsWorld         - Clearing physics world
22:00:26.079 [FXGL Background Thread 2 ] DEBUG FXGLApplication      - Initializing game
22:00:26.085 [FXGL Background Thread 2 ] DEBUG FXGLAssetLoaderServi - Loading from cache: /assets/textures/background/MainMenuBackground.jpg
22:00:26.095 [FXGL Background Thread 2 ] INFO  FXGLApplication      - Game initialization took: 0.017 sec
22:00:26.130 [JavaFX Application Thread] DEBUG Input                - Clearing active input actions
22:00:26.133 [JavaFX Application Thread] DEBUG GameApplicationServi - Removing overlay from FXGLLoadingScene and adding to GameScene
22:00:26.134 [JavaFX Application Thread] DEBUG MainWindow           - FXGLLoadingScene -> GameScene
22:00:27.874 [FXGL Background Thread 3 ] DEBUG Engine               - Logging environment variables
22:00:27.874 [FXGL Background Thread 3 ] DEBUG Engine               - achievements: []
22:00:27.874 [FXGL Background Thread 3 ] DEBUG Engine               - actualHeight: 720.0
22:00:27.874 [FXGL Background Thread 3 ] DEBUG Engine               - actualHeightProperty: ReadOnlyDoubleProperty [value: 720.0]
22:00:27.874 [FXGL Background Thread 3 ] DEBUG Engine               - actualWidth: 1280.0
22:00:27.874 [FXGL Background Thread 3 ] DEBUG Engine               - actualWidthProperty: ReadOnlyDoubleProperty [value: 1280.0]
22:00:27.874 [FXGL Background Thread 3 ] DEBUG Engine               - appIcon: fxgl_icon.png
22:00:27.874 [FXGL Background Thread 3 ] DEBUG Engine               - applicationMode: DEVELOPER
22:00:27.874 [FXGL Background Thread 3 ] DEBUG Engine               - cSSList: [fxgl_dark.css]
22:00:27.874 [FXGL Background Thread 3 ] DEBUG Engine               - configClass: Optional.empty
22:00:27.874 [FXGL Background Thread 3 ] DEBUG Engine               - credits: []
22:00:27.875 [FXGL Background Thread 3 ] DEBUG Engine               - devBBoxColorProperty: ObjectProperty [value: 0xff0000ff]
22:00:27.875 [FXGL Background Thread 3 ] DEBUG Engine               - devEnableDebugCameraProperty: BooleanProperty [value: false]
22:00:27.875 [FXGL Background Thread 3 ] DEBUG Engine               - devSensorColorProperty: ObjectProperty [value: 0xffff00ff]
22:00:27.875 [FXGL Background Thread 3 ] DEBUG Engine               - devShowBBoxProperty: BooleanProperty [value: false]
22:00:27.875 [FXGL Background Thread 3 ] DEBUG Engine               - devShowPositionProperty: BooleanProperty [value: false]
22:00:27.875 [FXGL Background Thread 3 ] DEBUG Engine               - enabledMenuItems: []
22:00:27.875 [FXGL Background Thread 3 ] DEBUG Engine               - engineServices: [class com.almasb.fxgl.app.FXGLApplication$GameApplicationService, class com.almasb.fxgl.app.services.FXGLDialogService, class com.almasb.fxgl.app.services.IOTaskExecutorService, class com.almasb.fxgl.event.EventBusService, class com.almasb.fxgl.io.FileSystemService, class com.almasb.fxgl.localization.LocalizationService, class com.almasb.fxgl.app.services.FXGLAssetLoaderService, class com.almasb.fxgl.app.services.SystemBundleService, class com.almasb.fxgl.profile.SaveLoadService, class com.almasb.fxgl.ui.FXGLUIFactoryServiceProvider, class com.almasb.fxgl.ui.FXGLDialogFactoryServiceProvider, class com.almasb.fxgl.audio.AudioPlayer, class com.almasb.fxgl.notification.impl.NotificationServiceProvider, class com.almasb.fxgl.achievement.AchievementService, class com.almasb.fxgl.cutscene.CutsceneService, class com.almasb.fxgl.minigames.MiniGameService, class com.almasb.fxgl.net.NetService, class com.almasb.fxgl.app.services.UpdaterService, class com.almasb.fxgl.dev.DevService]
22:00:27.875 [FXGL Background Thread 3 ] DEBUG Engine               - fontGame: Abel-Regular.ttf
22:00:27.875 [FXGL Background Thread 3 ] DEBUG Engine               - fontMono: lucida_console.ttf
22:00:27.875 [FXGL Background Thread 3 ] DEBUG Engine               - fontText: Courier-Prime.ttf
22:00:27.875 [FXGL Background Thread 3 ] DEBUG Engine               - fontUI: VarelaRound-Regular.ttf
22:00:27.875 [FXGL Background Thread 3 ] DEBUG Engine               - fullScreen: BooleanProperty [value: false]
22:00:27.875 [FXGL Background Thread 3 ] DEBUG Engine               - gameDifficulty: MEDIUM
22:00:27.875 [FXGL Background Thread 3 ] DEBUG Engine               - gameDifficultyProperty: ObjectProperty [value: MEDIUM]
22:00:27.875 [FXGL Background Thread 3 ] DEBUG Engine               - globalMusicVolume: 0.5
22:00:27.875 [FXGL Background Thread 3 ] DEBUG Engine               - globalMusicVolumeProperty: DoubleProperty [value: 0.5]
22:00:27.875 [FXGL Background Thread 3 ] DEBUG Engine               - globalSoundVolume: 0.5
22:00:27.875 [FXGL Background Thread 3 ] DEBUG Engine               - globalSoundVolumeProperty: DoubleProperty [value: 0.5]
22:00:27.875 [FXGL Background Thread 3 ] DEBUG Engine               - height: 720
22:00:27.875 [FXGL Background Thread 3 ] DEBUG Engine               - isAndroid: false
22:00:27.875 [FXGL Background Thread 3 ] DEBUG Engine               - isBrowser: false
22:00:27.875 [FXGL Background Thread 3 ] DEBUG Engine               - isClickFeedbackEnabled: false
22:00:27.876 [FXGL Background Thread 3 ] DEBUG Engine               - isCloseConfirmation: false
22:00:27.876 [FXGL Background Thread 3 ] DEBUG Engine               - isDesktop: true
22:00:27.876 [FXGL Background Thread 3 ] DEBUG Engine               - isDeveloperMenuEnabled: false
22:00:27.876 [FXGL Background Thread 3 ] DEBUG Engine               - isEntityPreloadEnabled: true
22:00:27.876 [FXGL Background Thread 3 ] DEBUG Engine               - isExperimental3D: false
22:00:27.876 [FXGL Background Thread 3 ] DEBUG Engine               - isExperimentalNative: false
22:00:27.876 [FXGL Background Thread 3 ] DEBUG Engine               - isExperimentalTiledLargeMap: false
22:00:27.876 [FXGL Background Thread 3 ] DEBUG Engine               - isFileSystemWriteAllowed: true
22:00:27.876 [FXGL Background Thread 3 ] DEBUG Engine               - isFullScreenAllowed: false
22:00:27.876 [FXGL Background Thread 3 ] DEBUG Engine               - isFullScreenFromStart: false
22:00:27.876 [FXGL Background Thread 3 ] DEBUG Engine               - isGameMenuEnabled: true
22:00:27.876 [FXGL Background Thread 3 ] DEBUG Engine               - isIOS: false
22:00:27.876 [FXGL Background Thread 3 ] DEBUG Engine               - isIntroEnabled: false
22:00:27.876 [FXGL Background Thread 3 ] DEBUG Engine               - isLinux: false
22:00:27.876 [FXGL Background Thread 3 ] DEBUG Engine               - isMac: false
22:00:27.876 [FXGL Background Thread 3 ] DEBUG Engine               - isMainMenuEnabled: true
22:00:27.876 [FXGL Background Thread 3 ] DEBUG Engine               - isManualResizeEnabled: false
22:00:27.876 [FXGL Background Thread 3 ] DEBUG Engine               - isMobile: false
22:00:27.876 [FXGL Background Thread 3 ] DEBUG Engine               - isPreserveResizeRatio: false
22:00:27.876 [FXGL Background Thread 3 ] DEBUG Engine               - isProfilingEnabled: false
22:00:27.876 [FXGL Background Thread 3 ] DEBUG Engine               - isScaleAffectedOnResize: true
22:00:27.876 [FXGL Background Thread 3 ] DEBUG Engine               - isSingleStep: false
22:00:27.876 [FXGL Background Thread 3 ] DEBUG Engine               - isUserProfileEnabled: false
22:00:27.876 [FXGL Background Thread 3 ] DEBUG Engine               - isWindows: true
22:00:27.876 [FXGL Background Thread 3 ] DEBUG Engine               - language: ObjectProperty [value: ENGLISH]
22:00:27.876 [FXGL Background Thread 3 ] DEBUG Engine               - menuKey: ESCAPE
22:00:27.876 [FXGL Background Thread 3 ] DEBUG Engine               - notificationViewClass: class com.almasb.fxgl.notification.view.XboxNotificationView
22:00:27.876 [FXGL Background Thread 3 ] DEBUG Engine               - pixelsPerMeter: 50.0
22:00:27.876 [FXGL Background Thread 3 ] DEBUG Engine               - platform: WINDOWS
22:00:27.876 [FXGL Background Thread 3 ] DEBUG Engine               - prefHeightProperty: ReadOnlyDoubleProperty [value: 720.0]
22:00:27.877 [FXGL Background Thread 3 ] DEBUG Engine               - prefWidthProperty: ReadOnlyDoubleProperty [value: 1280.0]
22:00:27.877 [FXGL Background Thread 3 ] DEBUG Engine               - profileDir: profiles/
22:00:27.877 [FXGL Background Thread 3 ] DEBUG Engine               - profileName: StringProperty [value: DEFAULT]
22:00:27.877 [FXGL Background Thread 3 ] DEBUG Engine               - randomSeed: -1
22:00:27.877 [FXGL Background Thread 3 ] DEBUG Engine               - runtimeInfo: RuntimeInfo(platform=WINDOWS, version=11.12, build=11.12.2020 08.51)
22:00:27.877 [FXGL Background Thread 3 ] DEBUG Engine               - saveFileExt: sav
22:00:27.877 [FXGL Background Thread 3 ] DEBUG Engine               - scaledHeightProp$fxgl: DoubleProperty [bound, value: 720.0]
22:00:27.877 [FXGL Background Thread 3 ] DEBUG Engine               - scaledWidthProp$fxgl: DoubleProperty [bound, value: 1280.0]
22:00:27.877 [FXGL Background Thread 3 ] DEBUG Engine               - sceneFactory: com.group19.javafxgame.MainSceneFactory@265edc52
22:00:27.877 [FXGL Background Thread 3 ] DEBUG Engine               - secondsIn24h: 60
22:00:27.877 [FXGL Background Thread 3 ] DEBUG Engine               - soundMenuBack: menu/back.wav
22:00:27.877 [FXGL Background Thread 3 ] DEBUG Engine               - soundMenuPress: menu/press.wav
22:00:27.877 [FXGL Background Thread 3 ] DEBUG Engine               - soundMenuSelect: menu/select.wav
22:00:27.877 [FXGL Background Thread 3 ] DEBUG Engine               - soundNotification: core/notification.wav
22:00:27.877 [FXGL Background Thread 3 ] DEBUG Engine               - stageStyle: DECORATED
22:00:27.877 [FXGL Background Thread 3 ] DEBUG Engine               - supportedLanguages: [ENGLISH, FRENCH, GERMAN, HUNGARIAN, RUSSIAN]
22:00:27.877 [FXGL Background Thread 3 ] DEBUG Engine               - title: Dungeon Crawler
22:00:27.877 [FXGL Background Thread 3 ] DEBUG Engine               - urlGithub: https://github.com/AlmasB/FXGL
22:00:27.877 [FXGL Background Thread 3 ] DEBUG Engine               - urlLeaderboard: http://fxgl-top.herokuapp.com/
22:00:27.877 [FXGL Background Thread 3 ] DEBUG Engine               - urlPOM: https://raw.githubusercontent.com/AlmasB/FXGL/master/README.md
22:00:27.877 [FXGL Background Thread 3 ] DEBUG Engine               - version: Development 0.0.1
22:00:27.877 [FXGL Background Thread 3 ] DEBUG Engine               - versionCheckDays: 7
22:00:27.877 [FXGL Background Thread 3 ] DEBUG Engine               - width: 1280
22:00:27.877 [FXGL Background Thread 3 ] DEBUG Engine               - Logging services
22:00:27.877 [FXGL Background Thread 3 ] DEBUG Engine               - class com.almasb.fxgl.app.FXGLApplication$GameApplicationService
22:00:27.877 [FXGL Background Thread 3 ] DEBUG Engine               - class com.almasb.fxgl.app.services.FXGLDialogService
22:00:27.877 [FXGL Background Thread 3 ] DEBUG Engine               - class com.almasb.fxgl.app.services.IOTaskExecutorService
22:00:27.877 [FXGL Background Thread 3 ] DEBUG Engine               - class com.almasb.fxgl.event.EventBusService
22:00:27.877 [FXGL Background Thread 3 ] DEBUG Engine               - class com.almasb.fxgl.io.FileSystemService
22:00:27.877 [FXGL Background Thread 3 ] DEBUG Engine               - class com.almasb.fxgl.localization.LocalizationService
22:00:27.877 [FXGL Background Thread 3 ] DEBUG Engine               - class com.almasb.fxgl.app.services.FXGLAssetLoaderService
22:00:27.877 [FXGL Background Thread 3 ] DEBUG Engine               - class com.almasb.fxgl.app.services.SystemBundleService
22:00:27.877 [FXGL Background Thread 3 ] DEBUG Engine               - class com.almasb.fxgl.profile.SaveLoadService
22:00:27.877 [FXGL Background Thread 3 ] DEBUG Engine               - class com.almasb.fxgl.ui.FXGLUIFactoryServiceProvider
22:00:27.877 [FXGL Background Thread 3 ] DEBUG Engine               - class com.almasb.fxgl.ui.FXGLDialogFactoryServiceProvider
22:00:27.877 [FXGL Background Thread 3 ] DEBUG Engine               - class com.almasb.fxgl.audio.AudioPlayer
22:00:27.878 [FXGL Background Thread 3 ] DEBUG Engine               - class com.almasb.fxgl.notification.impl.NotificationServiceProvider
22:00:27.878 [FXGL Background Thread 3 ] DEBUG Engine               - class com.almasb.fxgl.achievement.AchievementService
22:00:27.878 [FXGL Background Thread 3 ] DEBUG Engine               - class com.almasb.fxgl.cutscene.CutsceneService
22:00:27.878 [FXGL Background Thread 3 ] DEBUG Engine               - class com.almasb.fxgl.minigames.MiniGameService
22:00:27.878 [FXGL Background Thread 3 ] DEBUG Engine               - class com.almasb.fxgl.net.NetService
22:00:27.878 [FXGL Background Thread 3 ] DEBUG Engine               - class com.almasb.fxgl.app.services.UpdaterService
22:00:27.878 [FXGL Background Thread 3 ] DEBUG Engine               - class com.almasb.fxgl.dev.DevService
22:00:28.248 [JavaFX Application Thread] DEBUG FXGLApplication      - Exiting FXGL
22:00:28.248 [JavaFX Application Thread] DEBUG LoopRunner           - Stopping loop
22:00:28.248 [JavaFX Application Thread] DEBUG SystemBundleService  - Saving FXGL system data
22:00:28.250 [JavaFX Application Thread] DEBUG FileSystemAccess     - Writing to: C:\Users\rodos\CS-2340-Final-Project\system\fxgl.bundle
22:00:28.251 [JavaFX Application Thread] DEBUG Async                - Shutting down background threads
22:00:28.251 [JavaFX Application Thread] DEBUG MainWindow           - Closing main window
22:00:28.262 [JavaFX Application Thread] DEBUG Logger               - Closing Logger
