18:32:21.387 [main                     ] DEBUG Logger               - Configured Logger
18:32:21.415 [main                     ] DEBUG GameApplication      - Logging settings
Title: Dungeon Crawler
Version: Development 0.0.1
Width: 1280
Height: 720
Fullscreen: false
Intro: false
Profiling: false
Single step:false
App Mode: DEVELOPER
Menu Key: ESCAPE
Stage Style: DECORATED
Scene Factory: class com.group19.javafxgame.ui.menu.main.MainMenuSceneFactory

18:32:21.980 [JavaFX Application Thread] DEBUG FXGLApplication      - Initializing FXGL
18:32:21.982 [JavaFX Application Thread] INFO  Engine               - FXGL-11.12 (11.12.2020 08.51) on WINDOWS (J:11.0.10 FX:15)
18:32:21.982 [JavaFX Application Thread] DEBUG Engine               - JRE Vendor Name: AdoptOpenJDK
18:32:21.982 [JavaFX Application Thread] DEBUG Engine               - Running on OS: Windows 10 version 10.0
18:32:21.983 [JavaFX Application Thread] DEBUG Engine               - Architecture: amd64
18:32:21.983 [JavaFX Application Thread] INFO  Engine               - Source code and latest versions at: https://github.com/AlmasB/FXGL
18:32:21.983 [JavaFX Application Thread] INFO  Engine               -              Join the FXGL chat at: https://gitter.im/AlmasB/FXGL
18:32:22.131 [JavaFX Application Thread] DEBUG MainWindow           - Creating a JavaFX scene
18:32:22.222 [JavaFX Application Thread] DEBUG MainWindow           - Target settings size: 1280.0 x 720.0
18:32:22.222 [JavaFX Application Thread] DEBUG MainWindow           - Scaled scene size:    1280.0 x 720.0
18:32:22.222 [JavaFX Application Thread] DEBUG MainWindow           - Scaled ratio: (1.0, 1.0)
18:32:22.225 [JavaFX Application Thread] DEBUG MainWindow           - Set initial scene to StartupScene
18:32:22.233 [JavaFX Application Thread] DEBUG MainWindow           - Opening main window
18:32:22.393 [JavaFX Application Thread] DEBUG MainWindow           - Window border size: (16.0, 39.0)
18:32:22.393 [JavaFX Application Thread] DEBUG MainWindow           - Scaled size: 1280.0 x 720.0
18:32:22.393 [JavaFX Application Thread] DEBUG MainWindow           - Scaled ratio: (1.0, 1.0)
18:32:22.393 [JavaFX Application Thread] DEBUG MainWindow           - Scene size: 1280.0 x 720.0
18:32:22.393 [JavaFX Application Thread] DEBUG MainWindow           - Stage size: 1296.0 x 759.0
18:32:22.400 [FXGL Background Thread 1 ] DEBUG Engine               - Initializing environment variables
18:32:22.433 [FXGL Background Thread 1 ] DEBUG GameApplicationServi - Applying CSS: fxgl_dark.css
18:32:22.434 [FXGL Background Thread 1 ] DEBUG FXGLAssetLoaderServi - Loading from file system: /assets/ui/css/fxgl_dark.css
18:32:22.515 [FXGL Background Thread 1 ] DEBUG GameApplicationServi - Initializing application scenes
18:32:22.589 [FXGL Background Thread 1 ] DEBUG GameWorld            - Game world initialized
18:32:22.661 [FXGL Background Thread 1 ] DEBUG PhysicsWorld         - Physics world initialized: appHeight=720, physics.ppm=50.0
18:32:22.663 [FXGL Background Thread 1 ] DEBUG GameScene            - Game scene initialized: 1280x720
18:32:22.682 [FXGL Background Thread 1 ] DEBUG FXGLAssetLoaderServi - Loading from file system: /assets/textures/background/MainMenuBackground.jpg
18:32:22.795 [FXGL Background Thread 1 ] DEBUG FXGLAssetLoaderServi - Loading from file system: /assets/textures/particles/trace_horizontal.png
18:32:22.844 [FXGL Background Thread 1 ] DEBUG FXGL.DefaultMenu     - createMenuBodyGameMenu()
18:32:22.857 [FXGL Background Thread 1 ] DEBUG FXGL.DefaultMenu     - createOptionsMenu()
18:32:22.866 [FXGL Background Thread 1 ] DEBUG FXGLAssetLoaderServi - Loading from file system: /assets/textures/particles/smoke.png
18:32:22.929 [FXGL Background Thread 1 ] DEBUG GameApplicationServi - Application scenes initialized
18:32:22.942 [FXGL Background Thread 1 ] DEBUG SystemBundleService  - Loading FXGL system data
18:32:22.948 [FXGL Background Thread 1 ] DEBUG FileSystemAccess     - Reading from: C:\Users\rodos\CS-2340-Final-Project\system\fxgl.bundle
18:32:22.954 [FXGL Background Thread 1 ] DEBUG SystemBundleService  - Bundle FXGL: {}
18:32:22.954 [FXGL Background Thread 1 ] DEBUG UpdaterService       - Checking for updates
18:32:22.960 [FXGL Background Thread 4 ] DEBUG FXGLApplication      - Loading fonts
18:32:22.960 [FXGL Background Thread 4 ] DEBUG FXGLAssetLoaderServi - Loading from file system: /assets/ui/fonts/VarelaRound-Regular.ttf
18:32:22.961 [FXGL Background Thread 1 ] DEBUG FXGLApplication      - Loading default localization
18:32:22.961 [FXGL Background Thread 1 ] DEBUG FXGLAssetLoaderServi - Loading from file system: /assets/languages/english.lang
18:32:22.988 [FXGL Background Thread 1 ] INFO  FXGLApplication      - FXGL initialization took: 0.588 sec
18:32:22.990 [JavaFX Application Thread] DEBUG FXGLAssetLoaderServi - Loading from file system: /assets/textures/fxgl_icon.png
18:32:23.014 [JavaFX Application Thread] DEBUG FXGLAssetLoaderServi - Loading from file system: /assets/ui/cursors/fxgl_default.png
18:32:23.036 [JavaFX Application Thread] DEBUG Input                - Registered new binding: Screenshot - P
18:32:23.037 [JavaFX Application Thread] DEBUG Input                - Registered new binding: System info dump - CTRL+9
18:32:23.040 [JavaFX Application Thread] DEBUG Input                - Registered new binding: Restart - CTRL+R
18:32:23.043 [JavaFX Application Thread] DEBUG Input                - Registered new binding: Toggle Debug Camera - CTRL+C
18:32:23.050 [JavaFX Application Thread] DEBUG LoopRunner           - Starting loop
18:32:23.055 [JavaFX Application Thread] DEBUG Input                - Clearing active input actions
18:32:23.079 [JavaFX Application Thread] DEBUG GameApplicationServi - Removing overlay from StartupScene and adding to FXGLMainMenuDummyScene
18:32:23.080 [JavaFX Application Thread] DEBUG MainWindow           - StartupScene -> FXGLMainMenuDummyScene
18:32:23.080 [JavaFX Application Thread] DEBUG MainWindow           - Push state: MainMenu
18:32:23.080 [JavaFX Application Thread] DEBUG Input                - Clearing active input actions
18:32:23.095 [JavaFX Application Thread] DEBUG GameApplicationServi - Removing overlay from FXGLMainMenuDummyScene and adding to MainMenu
18:32:23.095 [JavaFX Application Thread] DEBUG MainWindow           - FXGLMainMenuDummyScene -> MainMenu
18:32:23.520 [FXGL Background Thread 4 ] DEBUG FXGLAssetLoaderServi - Loading from file system: /assets/ui/fonts/Abel-Regular.ttf
18:32:23.525 [FXGL Background Thread 4 ] DEBUG FXGLAssetLoaderServi - Loading from file system: /assets/ui/fonts/lucida_console.ttf
18:32:23.530 [FXGL Background Thread 4 ] DEBUG FXGLAssetLoaderServi - Loading from file system: /assets/ui/fonts/Courier-Prime.ttf
18:32:23.540 [JavaFX Application Thread] DEBUG FXGLApplication      - Registering font factories with UI factory
18:32:23.756 [FXGL Background Thread 2 ] INFO  UpdaterService       - Your current version:  11.12
18:32:23.757 [FXGL Background Thread 2 ] INFO  UpdaterService       - Latest stable version: 11.16
18:32:23.995 [JavaFX Application Thread] DEBUG Menu                 - fireNewGame()
18:32:23.995 [JavaFX Application Thread] DEBUG GameApplicationServi - Starting new game
18:32:23.995 [JavaFX Application Thread] DEBUG MainWindow           - Pop state: MainMenu
18:32:23.995 [JavaFX Application Thread] DEBUG Input                - Clearing active input actions
18:32:23.996 [JavaFX Application Thread] DEBUG GameApplicationServi - Removing overlay from MainMenu and adding to FXGLMainMenuDummyScene
18:32:23.996 [JavaFX Application Thread] DEBUG MainWindow           - FXGLMainMenuDummyScene <- MainMenu
18:32:23.997 [JavaFX Application Thread] DEBUG Input                - Clearing active input actions
18:32:24.005 [JavaFX Application Thread] DEBUG GameApplicationServi - Removing overlay from FXGLMainMenuDummyScene and adding to FXGLLoadingScene
18:32:24.005 [JavaFX Application Thread] DEBUG MainWindow           - FXGLMainMenuDummyScene -> FXGLLoadingScene
18:32:24.005 [JavaFX Application Thread] DEBUG GameApplicationServi - Clearing previous game
18:32:24.005 [JavaFX Application Thread] DEBUG GameScene            - Clearing game scene
18:32:24.005 [JavaFX Application Thread] DEBUG GameWorld            - Clearing game world
18:32:24.006 [JavaFX Application Thread] DEBUG PhysicsWorld         - Clearing physics world
18:32:24.006 [FXGL Background Thread 2 ] DEBUG FXGLApplication      - Initializing game
18:32:24.019 [FXGL Background Thread 2 ] DEBUG FXGLAssetLoaderServi - Loading from cache: /assets/textures/background/MainMenuBackground.jpg
18:32:24.044 [FXGL Background Thread 2 ] INFO  FXGLApplication      - Game initialization took: 0.037 sec
18:32:24.070 [JavaFX Application Thread] DEBUG Input                - Clearing active input actions
18:32:24.078 [JavaFX Application Thread] DEBUG GameApplicationServi - Removing overlay from FXGLLoadingScene and adding to GameScene
18:32:24.080 [JavaFX Application Thread] DEBUG MainWindow           - FXGLLoadingScene -> GameScene
18:32:25.597 [JavaFX Application Thread] DEBUG MainWindow           - Push state: DialogSubScene
18:32:25.597 [JavaFX Application Thread] DEBUG Input                - Clearing active input actions
18:32:25.599 [JavaFX Application Thread] DEBUG GameApplicationServi - Removing overlay from GameScene and adding to DialogSubScene
18:32:25.600 [JavaFX Application Thread] DEBUG MainWindow           - GameScene -> DialogSubScene
18:32:25.960 [FXGL Background Thread 3 ] DEBUG Engine               - Logging environment variables
18:32:25.960 [FXGL Background Thread 3 ] DEBUG Engine               - achievements: []
18:32:25.960 [FXGL Background Thread 3 ] DEBUG Engine               - actualHeight: 720.0
18:32:25.960 [FXGL Background Thread 3 ] DEBUG Engine               - actualHeightProperty: ReadOnlyDoubleProperty [value: 720.0]
18:32:25.960 [FXGL Background Thread 3 ] DEBUG Engine               - actualWidth: 1280.0
18:32:25.960 [FXGL Background Thread 3 ] DEBUG Engine               - actualWidthProperty: ReadOnlyDoubleProperty [value: 1280.0]
18:32:25.960 [FXGL Background Thread 3 ] DEBUG Engine               - appIcon: fxgl_icon.png
18:32:25.960 [FXGL Background Thread 3 ] DEBUG Engine               - applicationMode: DEVELOPER
18:32:25.960 [FXGL Background Thread 3 ] DEBUG Engine               - cSSList: [fxgl_dark.css]
18:32:25.960 [FXGL Background Thread 3 ] DEBUG Engine               - configClass: Optional.empty
18:32:25.960 [FXGL Background Thread 3 ] DEBUG Engine               - credits: []
18:32:25.961 [FXGL Background Thread 3 ] DEBUG Engine               - devBBoxColorProperty: ObjectProperty [value: 0xff0000ff]
18:32:25.961 [FXGL Background Thread 3 ] DEBUG Engine               - devEnableDebugCameraProperty: BooleanProperty [value: false]
18:32:25.961 [FXGL Background Thread 3 ] DEBUG Engine               - devSensorColorProperty: ObjectProperty [value: 0xffff00ff]
18:32:25.961 [FXGL Background Thread 3 ] DEBUG Engine               - devShowBBoxProperty: BooleanProperty [value: false]
18:32:25.961 [FXGL Background Thread 3 ] DEBUG Engine               - devShowPositionProperty: BooleanProperty [value: false]
18:32:25.961 [FXGL Background Thread 3 ] DEBUG Engine               - enabledMenuItems: []
18:32:25.961 [FXGL Background Thread 3 ] DEBUG Engine               - engineServices: [class com.almasb.fxgl.app.FXGLApplication$GameApplicationService, class com.almasb.fxgl.app.services.FXGLDialogService, class com.almasb.fxgl.app.services.IOTaskExecutorService, class com.almasb.fxgl.event.EventBusService, class com.almasb.fxgl.io.FileSystemService, class com.almasb.fxgl.localization.LocalizationService, class com.almasb.fxgl.app.services.FXGLAssetLoaderService, class com.almasb.fxgl.app.services.SystemBundleService, class com.almasb.fxgl.profile.SaveLoadService, class com.almasb.fxgl.ui.FXGLUIFactoryServiceProvider, class com.almasb.fxgl.ui.FXGLDialogFactoryServiceProvider, class com.almasb.fxgl.audio.AudioPlayer, class com.almasb.fxgl.notification.impl.NotificationServiceProvider, class com.almasb.fxgl.achievement.AchievementService, class com.almasb.fxgl.cutscene.CutsceneService, class com.almasb.fxgl.minigames.MiniGameService, class com.almasb.fxgl.net.NetService, class com.almasb.fxgl.app.services.UpdaterService, class com.almasb.fxgl.dev.DevService]
18:32:25.961 [FXGL Background Thread 3 ] DEBUG Engine               - fontGame: Abel-Regular.ttf
18:32:25.961 [FXGL Background Thread 3 ] DEBUG Engine               - fontMono: lucida_console.ttf
18:32:25.961 [FXGL Background Thread 3 ] DEBUG Engine               - fontText: Courier-Prime.ttf
18:32:25.961 [FXGL Background Thread 3 ] DEBUG Engine               - fontUI: VarelaRound-Regular.ttf
18:32:25.961 [FXGL Background Thread 3 ] DEBUG Engine               - fullScreen: BooleanProperty [value: false]
18:32:25.961 [FXGL Background Thread 3 ] DEBUG Engine               - gameDifficulty: MEDIUM
18:32:25.961 [FXGL Background Thread 3 ] DEBUG Engine               - gameDifficultyProperty: ObjectProperty [value: MEDIUM]
18:32:25.961 [FXGL Background Thread 3 ] DEBUG Engine               - globalMusicVolume: 0.5
18:32:25.961 [FXGL Background Thread 3 ] DEBUG Engine               - globalMusicVolumeProperty: DoubleProperty [value: 0.5]
18:32:25.961 [FXGL Background Thread 3 ] DEBUG Engine               - globalSoundVolume: 0.5
18:32:25.961 [FXGL Background Thread 3 ] DEBUG Engine               - globalSoundVolumeProperty: DoubleProperty [value: 0.5]
18:32:25.961 [FXGL Background Thread 3 ] DEBUG Engine               - height: 720
18:32:25.961 [FXGL Background Thread 3 ] DEBUG Engine               - isAndroid: false
18:32:25.961 [FXGL Background Thread 3 ] DEBUG Engine               - isBrowser: false
18:32:25.961 [FXGL Background Thread 3 ] DEBUG Engine               - isClickFeedbackEnabled: false
18:32:25.961 [FXGL Background Thread 3 ] DEBUG Engine               - isCloseConfirmation: false
18:32:25.962 [FXGL Background Thread 3 ] DEBUG Engine               - isDesktop: true
18:32:25.962 [FXGL Background Thread 3 ] DEBUG Engine               - isDeveloperMenuEnabled: false
18:32:25.962 [FXGL Background Thread 3 ] DEBUG Engine               - isEntityPreloadEnabled: true
18:32:25.962 [FXGL Background Thread 3 ] DEBUG Engine               - isExperimental3D: false
18:32:25.962 [FXGL Background Thread 3 ] DEBUG Engine               - isExperimentalNative: false
18:32:25.962 [FXGL Background Thread 3 ] DEBUG Engine               - isExperimentalTiledLargeMap: false
18:32:25.962 [FXGL Background Thread 3 ] DEBUG Engine               - isFileSystemWriteAllowed: true
18:32:25.962 [FXGL Background Thread 3 ] DEBUG Engine               - isFullScreenAllowed: false
18:32:25.962 [FXGL Background Thread 3 ] DEBUG Engine               - isFullScreenFromStart: false
18:32:25.962 [FXGL Background Thread 3 ] DEBUG Engine               - isGameMenuEnabled: true
18:32:25.962 [FXGL Background Thread 3 ] DEBUG Engine               - isIOS: false
18:32:25.962 [FXGL Background Thread 3 ] DEBUG Engine               - isIntroEnabled: false
18:32:25.962 [FXGL Background Thread 3 ] DEBUG Engine               - isLinux: false
18:32:25.962 [FXGL Background Thread 3 ] DEBUG Engine               - isMac: false
18:32:25.962 [FXGL Background Thread 3 ] DEBUG Engine               - isMainMenuEnabled: true
18:32:25.962 [FXGL Background Thread 3 ] DEBUG Engine               - isManualResizeEnabled: false
18:32:25.962 [FXGL Background Thread 3 ] DEBUG Engine               - isMobile: false
18:32:25.962 [FXGL Background Thread 3 ] DEBUG Engine               - isPreserveResizeRatio: false
18:32:25.962 [FXGL Background Thread 3 ] DEBUG Engine               - isProfilingEnabled: false
18:32:25.962 [FXGL Background Thread 3 ] DEBUG Engine               - isScaleAffectedOnResize: true
18:32:25.963 [FXGL Background Thread 3 ] DEBUG Engine               - isSingleStep: false
18:32:25.963 [FXGL Background Thread 3 ] DEBUG Engine               - isUserProfileEnabled: false
18:32:25.963 [FXGL Background Thread 3 ] DEBUG Engine               - isWindows: true
18:32:25.963 [FXGL Background Thread 3 ] DEBUG Engine               - language: ObjectProperty [value: ENGLISH]
18:32:25.963 [FXGL Background Thread 3 ] DEBUG Engine               - menuKey: ESCAPE
18:32:25.963 [FXGL Background Thread 3 ] DEBUG Engine               - notificationViewClass: class com.almasb.fxgl.notification.view.XboxNotificationView
18:32:25.963 [FXGL Background Thread 3 ] DEBUG Engine               - pixelsPerMeter: 50.0
18:32:25.963 [FXGL Background Thread 3 ] DEBUG Engine               - platform: WINDOWS
18:32:25.963 [FXGL Background Thread 3 ] DEBUG Engine               - prefHeightProperty: ReadOnlyDoubleProperty [value: 720.0]
18:32:25.963 [FXGL Background Thread 3 ] DEBUG Engine               - prefWidthProperty: ReadOnlyDoubleProperty [value: 1280.0]
18:32:25.963 [FXGL Background Thread 3 ] DEBUG Engine               - profileDir: profiles/
18:32:25.963 [FXGL Background Thread 3 ] DEBUG Engine               - profileName: StringProperty [value: DEFAULT]
18:32:25.963 [FXGL Background Thread 3 ] DEBUG Engine               - randomSeed: -1
18:32:25.963 [FXGL Background Thread 3 ] DEBUG Engine               - runtimeInfo: RuntimeInfo(platform=WINDOWS, version=11.12, build=11.12.2020 08.51)
18:32:25.963 [FXGL Background Thread 3 ] DEBUG Engine               - saveFileExt: sav
18:32:25.963 [FXGL Background Thread 3 ] DEBUG Engine               - scaledHeightProp$fxgl: DoubleProperty [bound, value: 720.0]
18:32:25.963 [FXGL Background Thread 3 ] DEBUG Engine               - scaledWidthProp$fxgl: DoubleProperty [bound, value: 1280.0]
18:32:25.963 [FXGL Background Thread 3 ] DEBUG Engine               - sceneFactory: com.group19.javafxgame.ui.menu.main.MainMenuSceneFactory@4ab5d409
18:32:25.963 [FXGL Background Thread 3 ] DEBUG Engine               - secondsIn24h: 60
18:32:25.963 [FXGL Background Thread 3 ] DEBUG Engine               - soundMenuBack: menu/back.wav
18:32:25.963 [FXGL Background Thread 3 ] DEBUG Engine               - soundMenuPress: menu/press.wav
18:32:25.963 [FXGL Background Thread 3 ] DEBUG Engine               - soundMenuSelect: menu/select.wav
18:32:25.963 [FXGL Background Thread 3 ] DEBUG Engine               - soundNotification: core/notification.wav
18:32:25.963 [FXGL Background Thread 3 ] DEBUG Engine               - stageStyle: DECORATED
18:32:25.964 [FXGL Background Thread 3 ] DEBUG Engine               - supportedLanguages: [ENGLISH, FRENCH, GERMAN, HUNGARIAN, RUSSIAN]
18:32:25.964 [FXGL Background Thread 3 ] DEBUG Engine               - title: Dungeon Crawler
18:32:25.964 [FXGL Background Thread 3 ] DEBUG Engine               - urlGithub: https://github.com/AlmasB/FXGL
18:32:25.964 [FXGL Background Thread 3 ] DEBUG Engine               - urlLeaderboard: http://fxgl-top.herokuapp.com/
18:32:25.964 [FXGL Background Thread 3 ] DEBUG Engine               - urlPOM: https://raw.githubusercontent.com/AlmasB/FXGL/master/README.md
18:32:25.964 [FXGL Background Thread 3 ] DEBUG Engine               - version: Development 0.0.1
18:32:25.964 [FXGL Background Thread 3 ] DEBUG Engine               - versionCheckDays: 7
18:32:25.964 [FXGL Background Thread 3 ] DEBUG Engine               - width: 1280
18:32:25.964 [FXGL Background Thread 3 ] DEBUG Engine               - Logging services
18:32:25.964 [FXGL Background Thread 3 ] DEBUG Engine               - class com.almasb.fxgl.app.FXGLApplication$GameApplicationService
18:32:25.964 [FXGL Background Thread 3 ] DEBUG Engine               - class com.almasb.fxgl.app.services.FXGLDialogService
18:32:25.964 [FXGL Background Thread 3 ] DEBUG Engine               - class com.almasb.fxgl.app.services.IOTaskExecutorService
18:32:25.964 [FXGL Background Thread 3 ] DEBUG Engine               - class com.almasb.fxgl.event.EventBusService
18:32:25.964 [FXGL Background Thread 3 ] DEBUG Engine               - class com.almasb.fxgl.io.FileSystemService
18:32:25.964 [FXGL Background Thread 3 ] DEBUG Engine               - class com.almasb.fxgl.localization.LocalizationService
18:32:25.964 [FXGL Background Thread 3 ] DEBUG Engine               - class com.almasb.fxgl.app.services.FXGLAssetLoaderService
18:32:25.964 [FXGL Background Thread 3 ] DEBUG Engine               - class com.almasb.fxgl.app.services.SystemBundleService
18:32:25.964 [FXGL Background Thread 3 ] DEBUG Engine               - class com.almasb.fxgl.profile.SaveLoadService
18:32:25.964 [FXGL Background Thread 3 ] DEBUG Engine               - class com.almasb.fxgl.ui.FXGLUIFactoryServiceProvider
18:32:25.964 [FXGL Background Thread 3 ] DEBUG Engine               - class com.almasb.fxgl.ui.FXGLDialogFactoryServiceProvider
18:32:25.964 [FXGL Background Thread 3 ] DEBUG Engine               - class com.almasb.fxgl.audio.AudioPlayer
18:32:25.964 [FXGL Background Thread 3 ] DEBUG Engine               - class com.almasb.fxgl.notification.impl.NotificationServiceProvider
18:32:25.964 [FXGL Background Thread 3 ] DEBUG Engine               - class com.almasb.fxgl.achievement.AchievementService
18:32:25.964 [FXGL Background Thread 3 ] DEBUG Engine               - class com.almasb.fxgl.cutscene.CutsceneService
18:32:25.964 [FXGL Background Thread 3 ] DEBUG Engine               - class com.almasb.fxgl.minigames.MiniGameService
18:32:25.964 [FXGL Background Thread 3 ] DEBUG Engine               - class com.almasb.fxgl.net.NetService
18:32:25.964 [FXGL Background Thread 3 ] DEBUG Engine               - class com.almasb.fxgl.app.services.UpdaterService
18:32:25.964 [FXGL Background Thread 3 ] DEBUG Engine               - class com.almasb.fxgl.dev.DevService
18:32:26.878 [JavaFX Application Thread] DEBUG MainWindow           - Pop state: DialogSubScene
18:32:26.878 [JavaFX Application Thread] DEBUG Input                - Clearing active input actions
18:32:26.879 [JavaFX Application Thread] DEBUG GameApplicationServi - Removing overlay from DialogSubScene and adding to GameScene
18:32:26.879 [JavaFX Application Thread] DEBUG MainWindow           - GameScene <- DialogSubScene
18:32:27.877 [JavaFX Application Thread] DEBUG MainWindow           - Push state: DialogSubScene
18:32:27.878 [JavaFX Application Thread] DEBUG Input                - Clearing active input actions
18:32:27.878 [JavaFX Application Thread] DEBUG GameApplicationServi - Removing overlay from GameScene and adding to DialogSubScene
18:32:27.878 [JavaFX Application Thread] DEBUG MainWindow           - GameScene -> DialogSubScene
18:32:30.320 [JavaFX Application Thread] DEBUG MainWindow           - Pop state: DialogSubScene
18:32:30.320 [JavaFX Application Thread] DEBUG Input                - Clearing active input actions
18:32:30.320 [JavaFX Application Thread] DEBUG GameApplicationServi - Removing overlay from DialogSubScene and adding to GameScene
18:32:30.320 [JavaFX Application Thread] DEBUG MainWindow           - GameScene <- DialogSubScene
18:32:34.714 [JavaFX Application Thread] DEBUG MainWindow           - Push state: DialogSubScene
18:32:34.714 [JavaFX Application Thread] DEBUG Input                - Clearing active input actions
18:32:34.715 [JavaFX Application Thread] DEBUG GameApplicationServi - Removing overlay from GameScene and adding to DialogSubScene
18:32:34.715 [JavaFX Application Thread] DEBUG MainWindow           - GameScene -> DialogSubScene
18:32:37.037 [JavaFX Application Thread] DEBUG MainWindow           - Pop state: DialogSubScene
18:32:37.037 [JavaFX Application Thread] DEBUG Input                - Clearing active input actions
18:32:37.037 [JavaFX Application Thread] DEBUG GameApplicationServi - Removing overlay from DialogSubScene and adding to GameScene
18:32:37.037 [JavaFX Application Thread] DEBUG MainWindow           - GameScene <- DialogSubScene
18:32:37.715 [JavaFX Application Thread] DEBUG MainWindow           - Push state: DialogSubScene
18:32:37.715 [JavaFX Application Thread] DEBUG Input                - Clearing active input actions
18:32:37.715 [JavaFX Application Thread] DEBUG GameApplicationServi - Removing overlay from GameScene and adding to DialogSubScene
18:32:37.715 [JavaFX Application Thread] DEBUG MainWindow           - GameScene -> DialogSubScene
18:32:38.730 [JavaFX Application Thread] DEBUG MainWindow           - Pop state: DialogSubScene
18:32:38.730 [JavaFX Application Thread] DEBUG Input                - Clearing active input actions
18:32:38.731 [JavaFX Application Thread] DEBUG GameApplicationServi - Removing overlay from DialogSubScene and adding to GameScene
18:32:38.731 [JavaFX Application Thread] DEBUG MainWindow           - GameScene <- DialogSubScene
18:32:39.406 [JavaFX Application Thread] DEBUG FXGLApplication      - Exiting FXGL
18:32:39.406 [JavaFX Application Thread] DEBUG LoopRunner           - Stopping loop
18:32:39.406 [JavaFX Application Thread] DEBUG SystemBundleService  - Saving FXGL system data
18:32:39.408 [JavaFX Application Thread] DEBUG FileSystemAccess     - Writing to: C:\Users\rodos\CS-2340-Final-Project\system\fxgl.bundle
18:32:39.409 [JavaFX Application Thread] DEBUG Async                - Shutting down background threads
18:32:39.409 [JavaFX Application Thread] DEBUG MainWindow           - Closing main window
18:32:39.421 [JavaFX Application Thread] DEBUG Logger               - Closing Logger
