19:23:42.688 [main                     ] DEBUG Logger               - Configured Logger
19:23:42.713 [main                     ] DEBUG GameApplication      - Logging settings
Title: Dungeon Crawler
Version: Development 0.0.1
Width: 1280
Height: 720
Fullscreen: false
Intro: false
Profiling: false
Single step:false
App Mode: DEVELOPER
Menu Key: ESCAPE
Stage Style: DECORATED
Scene Factory: class com.almasb.fxgl.app.scene.SceneFactory

19:23:44.060 [JavaFX Application Thread] DEBUG FXGLApplication      - Initializing FXGL
19:23:44.064 [JavaFX Application Thread] INFO  Engine               - FXGL-11.12 (11.12.2020 08.51) on MAC (J:11.0.1 FX:11.0.2)
19:23:44.065 [JavaFX Application Thread] DEBUG Engine               - JRE Vendor Name: Oracle Corporation
19:23:44.065 [JavaFX Application Thread] DEBUG Engine               - Running on OS: Mac OS X version 10.16
19:23:44.066 [JavaFX Application Thread] DEBUG Engine               - Architecture: x86_64
19:23:44.066 [JavaFX Application Thread] INFO  Engine               - Source code and latest versions at: https://github.com/AlmasB/FXGL
19:23:44.066 [JavaFX Application Thread] INFO  Engine               -              Join the FXGL chat at: https://gitter.im/AlmasB/FXGL
19:23:44.223 [JavaFX Application Thread] DEBUG MainWindow           - Creating a JavaFX scene
19:23:44.287 [JavaFX Application Thread] DEBUG MainWindow           - Target settings size: 1280.0 x 720.0
19:23:44.288 [JavaFX Application Thread] DEBUG MainWindow           - Scaled scene size:    1280.0 x 720.0
19:23:44.288 [JavaFX Application Thread] DEBUG MainWindow           - Scaled ratio: (1.0, 1.0)
19:23:44.289 [JavaFX Application Thread] DEBUG MainWindow           - Set initial scene to StartupScene
19:23:44.296 [JavaFX Application Thread] DEBUG MainWindow           - Opening main window
19:23:44.371 [JavaFX Application Thread] DEBUG MainWindow           - Window border size: (0.0, 28.0)
19:23:44.371 [JavaFX Application Thread] DEBUG MainWindow           - Scaled size: 1280.0 x 720.0
19:23:44.371 [JavaFX Application Thread] DEBUG MainWindow           - Scaled ratio: (1.0, 1.0)
19:23:44.371 [JavaFX Application Thread] DEBUG MainWindow           - Scene size: 1280.0 x 720.0
19:23:44.371 [JavaFX Application Thread] DEBUG MainWindow           - Stage size: 1280.0 x 748.0
19:23:44.378 [FXGL Background Thread 1 ] DEBUG Engine               - Initializing environment variables
19:23:44.416 [FXGL Background Thread 1 ] DEBUG GameApplicationServi - Applying CSS: fxgl_dark.css
19:23:44.417 [FXGL Background Thread 1 ] DEBUG FXGLAssetLoaderServi - Loading from file system: /assets/ui/css/fxgl_dark.css
19:23:44.500 [FXGL Background Thread 1 ] DEBUG GameApplicationServi - Initializing application scenes
19:23:45.396 [FXGL Background Thread 1 ] DEBUG GameWorld            - Game world initialized
19:23:45.471 [FXGL Background Thread 1 ] DEBUG PhysicsWorld         - Physics world initialized: appHeight=720, physics.ppm=50.0
19:23:45.473 [FXGL Background Thread 1 ] DEBUG GameScene            - Game scene initialized: 1280x720
19:23:45.504 [FXGL Background Thread 1 ] DEBUG FXGLAssetLoaderServi - Loading from file system: /assets/textures/particles/trace_horizontal.png
19:23:45.541 [FXGL Background Thread 1 ] DEBUG FXGL.DefaultMenu     - createMenuBodyMainMenu()
19:23:45.553 [FXGL Background Thread 1 ] DEBUG FXGL.DefaultMenu     - createOptionsMenu()
19:23:45.557 [FXGL Background Thread 1 ] DEBUG FXGLAssetLoaderServi - Loading from file system: /assets/textures/particles/smoke.png
19:23:45.602 [FXGL Background Thread 1 ] DEBUG FXGLAssetLoaderServi - Loading from cache: /assets/textures/particles/trace_horizontal.png@64.0x64.0
19:23:45.602 [FXGL Background Thread 1 ] DEBUG FXGL.DefaultMenu     - createMenuBodyGameMenu()
19:23:45.603 [FXGL Background Thread 1 ] DEBUG FXGL.DefaultMenu     - createOptionsMenu()
19:23:45.605 [FXGL Background Thread 1 ] DEBUG FXGLAssetLoaderServi - Loading from cache: /assets/textures/particles/smoke.png@128.0x128.0
19:23:45.625 [FXGL Background Thread 1 ] DEBUG GameApplicationServi - Application scenes initialized
19:23:45.632 [FXGL Background Thread 1 ] DEBUG SystemBundleService  - Loading FXGL system data
19:23:45.637 [FXGL Background Thread 1 ] DEBUG FileSystemAccess     - Reading from: /Users/shaharben-dor/Documents/College Work/CS 2340/CS-2340-Final-Project/system/fxgl.bundle
19:23:45.641 [FXGL Background Thread 1 ] DEBUG SystemBundleService  - Bundle FXGL: {}
19:23:45.641 [FXGL Background Thread 1 ] DEBUG UpdaterService       - Checking for updates
19:23:45.645 [FXGL Background Thread 4 ] DEBUG FXGLApplication      - Loading fonts
19:23:45.645 [FXGL Background Thread 4 ] DEBUG FXGLAssetLoaderServi - Loading from file system: /assets/ui/fonts/VarelaRound-Regular.ttf
19:23:45.645 [FXGL Background Thread 1 ] DEBUG FXGLApplication      - Loading default localization
19:23:45.646 [FXGL Background Thread 1 ] DEBUG FXGLAssetLoaderServi - Loading from file system: /assets/languages/english.lang
19:23:45.662 [FXGL Background Thread 1 ] INFO  FXGLApplication      - FXGL initialization took: 1.283 sec
19:23:45.663 [JavaFX Application Thread] DEBUG FXGLAssetLoaderServi - Loading from file system: /assets/textures/fxgl_icon.png
19:23:45.671 [FXGL Background Thread 4 ] DEBUG FXGLAssetLoaderServi - Loading from file system: /assets/ui/fonts/Abel-Regular.ttf
19:23:45.674 [FXGL Background Thread 4 ] DEBUG FXGLAssetLoaderServi - Loading from file system: /assets/ui/fonts/lucida_console.ttf
19:23:45.678 [FXGL Background Thread 4 ] DEBUG FXGLAssetLoaderServi - Loading from file system: /assets/ui/fonts/Courier-Prime.ttf
19:23:45.688 [JavaFX Application Thread] DEBUG FXGLAssetLoaderServi - Loading from file system: /assets/ui/cursors/fxgl_default.png
19:23:45.699 [JavaFX Application Thread] DEBUG Input                - Registered new binding: Screenshot - P
19:23:45.700 [JavaFX Application Thread] DEBUG Input                - Registered new binding: System info dump - CTRL+9
19:23:45.700 [JavaFX Application Thread] DEBUG Input                - Registered new binding: Restart - CTRL+R
19:23:45.701 [JavaFX Application Thread] DEBUG Input                - Registered new binding: Toggle Debug Camera - CTRL+C
19:23:45.702 [JavaFX Application Thread] DEBUG LoopRunner           - Starting loop
19:23:45.704 [JavaFX Application Thread] DEBUG Input                - Clearing active input actions
19:23:45.710 [JavaFX Application Thread] DEBUG GameApplicationServi - Removing overlay from StartupScene and adding to FXGLMainMenuDummyScene
19:23:45.711 [JavaFX Application Thread] DEBUG MainWindow           - StartupScene -> FXGLMainMenuDummyScene
19:23:45.711 [JavaFX Application Thread] DEBUG MainWindow           - Push state: FXGLDefaultMenu
19:23:45.715 [JavaFX Application Thread] DEBUG Input                - Clearing active input actions
19:23:45.725 [JavaFX Application Thread] DEBUG GameApplicationServi - Removing overlay from FXGLMainMenuDummyScene and adding to FXGLDefaultMenu
19:23:45.725 [JavaFX Application Thread] DEBUG MainWindow           - FXGLMainMenuDummyScene -> FXGLDefaultMenu
19:23:45.750 [JavaFX Application Thread] DEBUG FXGLApplication      - Registering font factories with UI factory
19:23:46.182 [FXGL Background Thread 2 ] INFO  UpdaterService       - Your current version:  11.12
19:23:46.183 [FXGL Background Thread 2 ] INFO  UpdaterService       - Latest stable version: 11.16
19:23:48.647 [FXGL Background Thread 3 ] DEBUG Engine               - Logging environment variables
19:23:48.648 [FXGL Background Thread 3 ] DEBUG Engine               - achievements: []
19:23:48.648 [FXGL Background Thread 3 ] DEBUG Engine               - actualHeight: 720.0
19:23:48.648 [FXGL Background Thread 3 ] DEBUG Engine               - actualHeightProperty: ReadOnlyDoubleProperty [value: 720.0]
19:23:48.648 [FXGL Background Thread 3 ] DEBUG Engine               - actualWidth: 1280.0
19:23:48.648 [FXGL Background Thread 3 ] DEBUG Engine               - actualWidthProperty: ReadOnlyDoubleProperty [value: 1280.0]
19:23:48.648 [FXGL Background Thread 3 ] DEBUG Engine               - appIcon: fxgl_icon.png
19:23:48.648 [FXGL Background Thread 3 ] DEBUG Engine               - applicationMode: DEVELOPER
19:23:48.648 [FXGL Background Thread 3 ] DEBUG Engine               - cSSList: [fxgl_dark.css]
19:23:48.648 [FXGL Background Thread 3 ] DEBUG Engine               - configClass: Optional.empty
19:23:48.649 [FXGL Background Thread 3 ] DEBUG Engine               - credits: []
19:23:48.649 [FXGL Background Thread 3 ] DEBUG Engine               - devBBoxColorProperty: ObjectProperty [value: 0xff0000ff]
19:23:48.649 [FXGL Background Thread 3 ] DEBUG Engine               - devEnableDebugCameraProperty: BooleanProperty [value: false]
19:23:48.649 [FXGL Background Thread 3 ] DEBUG Engine               - devSensorColorProperty: ObjectProperty [value: 0xffff00ff]
19:23:48.649 [FXGL Background Thread 3 ] DEBUG Engine               - devShowBBoxProperty: BooleanProperty [value: false]
19:23:48.649 [FXGL Background Thread 3 ] DEBUG Engine               - devShowPositionProperty: BooleanProperty [value: false]
19:23:48.649 [FXGL Background Thread 3 ] DEBUG Engine               - enabledMenuItems: []
19:23:48.650 [FXGL Background Thread 3 ] DEBUG Engine               - engineServices: [class com.almasb.fxgl.app.FXGLApplication$GameApplicationService, class com.almasb.fxgl.app.services.FXGLDialogService, class com.almasb.fxgl.app.services.IOTaskExecutorService, class com.almasb.fxgl.event.EventBusService, class com.almasb.fxgl.io.FileSystemService, class com.almasb.fxgl.localization.LocalizationService, class com.almasb.fxgl.app.services.FXGLAssetLoaderService, class com.almasb.fxgl.app.services.SystemBundleService, class com.almasb.fxgl.profile.SaveLoadService, class com.almasb.fxgl.ui.FXGLUIFactoryServiceProvider, class com.almasb.fxgl.ui.FXGLDialogFactoryServiceProvider, class com.almasb.fxgl.audio.AudioPlayer, class com.almasb.fxgl.notification.impl.NotificationServiceProvider, class com.almasb.fxgl.achievement.AchievementService, class com.almasb.fxgl.cutscene.CutsceneService, class com.almasb.fxgl.minigames.MiniGameService, class com.almasb.fxgl.net.NetService, class com.almasb.fxgl.app.services.UpdaterService, class com.almasb.fxgl.dev.DevService]
19:23:48.650 [FXGL Background Thread 3 ] DEBUG Engine               - fontGame: Abel-Regular.ttf
19:23:48.650 [FXGL Background Thread 3 ] DEBUG Engine               - fontMono: lucida_console.ttf
19:23:48.650 [FXGL Background Thread 3 ] DEBUG Engine               - fontText: Courier-Prime.ttf
19:23:48.650 [FXGL Background Thread 3 ] DEBUG Engine               - fontUI: VarelaRound-Regular.ttf
19:23:48.650 [FXGL Background Thread 3 ] DEBUG Engine               - fullScreen: BooleanProperty [value: false]
19:23:48.650 [FXGL Background Thread 3 ] DEBUG Engine               - gameDifficulty: MEDIUM
19:23:48.650 [FXGL Background Thread 3 ] DEBUG Engine               - gameDifficultyProperty: ObjectProperty [value: MEDIUM]
19:23:48.651 [FXGL Background Thread 3 ] DEBUG Engine               - globalMusicVolume: 0.5
19:23:48.651 [FXGL Background Thread 3 ] DEBUG Engine               - globalMusicVolumeProperty: DoubleProperty [value: 0.5]
19:23:48.651 [FXGL Background Thread 3 ] DEBUG Engine               - globalSoundVolume: 0.5
19:23:48.651 [FXGL Background Thread 3 ] DEBUG Engine               - globalSoundVolumeProperty: DoubleProperty [value: 0.5]
19:23:48.651 [FXGL Background Thread 3 ] DEBUG Engine               - height: 720
19:23:48.651 [FXGL Background Thread 3 ] DEBUG Engine               - isAndroid: false
19:23:48.651 [FXGL Background Thread 3 ] DEBUG Engine               - isBrowser: false
19:23:48.651 [FXGL Background Thread 3 ] DEBUG Engine               - isClickFeedbackEnabled: false
19:23:48.652 [FXGL Background Thread 3 ] DEBUG Engine               - isCloseConfirmation: false
19:23:48.652 [FXGL Background Thread 3 ] DEBUG Engine               - isDesktop: true
19:23:48.652 [FXGL Background Thread 3 ] DEBUG Engine               - isDeveloperMenuEnabled: false
19:23:48.652 [FXGL Background Thread 3 ] DEBUG Engine               - isEntityPreloadEnabled: true
19:23:48.652 [FXGL Background Thread 3 ] DEBUG Engine               - isExperimental3D: false
19:23:48.652 [FXGL Background Thread 3 ] DEBUG Engine               - isExperimentalNative: false
19:23:48.652 [FXGL Background Thread 3 ] DEBUG Engine               - isExperimentalTiledLargeMap: false
19:23:48.652 [FXGL Background Thread 3 ] DEBUG Engine               - isFileSystemWriteAllowed: true
19:23:48.653 [FXGL Background Thread 3 ] DEBUG Engine               - isFullScreenAllowed: false
19:23:48.653 [FXGL Background Thread 3 ] DEBUG Engine               - isFullScreenFromStart: false
19:23:48.653 [FXGL Background Thread 3 ] DEBUG Engine               - isGameMenuEnabled: true
19:23:48.653 [FXGL Background Thread 3 ] DEBUG Engine               - isIOS: false
19:23:48.653 [FXGL Background Thread 3 ] DEBUG Engine               - isIntroEnabled: false
19:23:48.653 [FXGL Background Thread 3 ] DEBUG Engine               - isLinux: false
19:23:48.653 [FXGL Background Thread 3 ] DEBUG Engine               - isMac: true
19:23:48.653 [FXGL Background Thread 3 ] DEBUG Engine               - isMainMenuEnabled: true
19:23:48.653 [FXGL Background Thread 3 ] DEBUG Engine               - isManualResizeEnabled: false
19:23:48.653 [FXGL Background Thread 3 ] DEBUG Engine               - isMobile: false
19:23:48.654 [FXGL Background Thread 3 ] DEBUG Engine               - isPreserveResizeRatio: false
19:23:48.654 [FXGL Background Thread 3 ] DEBUG Engine               - isProfilingEnabled: false
19:23:48.654 [FXGL Background Thread 3 ] DEBUG Engine               - isScaleAffectedOnResize: true
19:23:48.654 [FXGL Background Thread 3 ] DEBUG Engine               - isSingleStep: false
19:23:48.654 [FXGL Background Thread 3 ] DEBUG Engine               - isUserProfileEnabled: false
19:23:48.654 [FXGL Background Thread 3 ] DEBUG Engine               - isWindows: false
19:23:48.654 [FXGL Background Thread 3 ] DEBUG Engine               - language: ObjectProperty [value: ENGLISH]
19:23:48.654 [FXGL Background Thread 3 ] DEBUG Engine               - menuKey: ESCAPE
19:23:48.655 [FXGL Background Thread 3 ] DEBUG Engine               - notificationViewClass: class com.almasb.fxgl.notification.view.XboxNotificationView
19:23:48.655 [FXGL Background Thread 3 ] DEBUG Engine               - pixelsPerMeter: 50.0
19:23:48.655 [FXGL Background Thread 3 ] DEBUG Engine               - platform: MAC
19:23:48.655 [FXGL Background Thread 3 ] DEBUG Engine               - prefHeightProperty: ReadOnlyDoubleProperty [value: 720.0]
19:23:48.655 [FXGL Background Thread 3 ] DEBUG Engine               - prefWidthProperty: ReadOnlyDoubleProperty [value: 1280.0]
19:23:48.655 [FXGL Background Thread 3 ] DEBUG Engine               - profileDir: profiles/
19:23:48.655 [FXGL Background Thread 3 ] DEBUG Engine               - profileName: StringProperty [value: DEFAULT]
19:23:48.656 [FXGL Background Thread 3 ] DEBUG Engine               - randomSeed: -1
19:23:48.656 [FXGL Background Thread 3 ] DEBUG Engine               - runtimeInfo: RuntimeInfo(platform=MAC, version=11.12, build=11.12.2020 08.51)
19:23:48.656 [FXGL Background Thread 3 ] DEBUG Engine               - saveFileExt: sav
19:23:48.656 [FXGL Background Thread 3 ] DEBUG Engine               - scaledHeightProp$fxgl: DoubleProperty [bound, value: 720.0]
19:23:48.656 [FXGL Background Thread 3 ] DEBUG Engine               - scaledWidthProp$fxgl: DoubleProperty [bound, value: 1280.0]
19:23:48.656 [FXGL Background Thread 3 ] DEBUG Engine               - sceneFactory: com.almasb.fxgl.app.scene.SceneFactory@7b22ad2e
19:23:48.656 [FXGL Background Thread 3 ] DEBUG Engine               - secondsIn24h: 60
19:23:48.656 [FXGL Background Thread 3 ] DEBUG Engine               - soundMenuBack: menu/back.wav
19:23:48.656 [FXGL Background Thread 3 ] DEBUG Engine               - soundMenuPress: menu/press.wav
19:23:48.656 [FXGL Background Thread 3 ] DEBUG Engine               - soundMenuSelect: menu/select.wav
19:23:48.656 [FXGL Background Thread 3 ] DEBUG Engine               - soundNotification: core/notification.wav
19:23:48.657 [FXGL Background Thread 3 ] DEBUG Engine               - stageStyle: DECORATED
19:23:48.657 [FXGL Background Thread 3 ] DEBUG Engine               - supportedLanguages: [ENGLISH, FRENCH, GERMAN, HUNGARIAN, RUSSIAN]
19:23:48.657 [FXGL Background Thread 3 ] DEBUG Engine               - title: Dungeon Crawler
19:23:48.657 [FXGL Background Thread 3 ] DEBUG Engine               - urlGithub: https://github.com/AlmasB/FXGL
19:23:48.657 [FXGL Background Thread 3 ] DEBUG Engine               - urlLeaderboard: http://fxgl-top.herokuapp.com/
19:23:48.657 [FXGL Background Thread 3 ] DEBUG Engine               - urlPOM: https://raw.githubusercontent.com/AlmasB/FXGL/master/README.md
19:23:48.657 [FXGL Background Thread 3 ] DEBUG Engine               - version: Development 0.0.1
19:23:48.657 [FXGL Background Thread 3 ] DEBUG Engine               - versionCheckDays: 7
19:23:48.657 [FXGL Background Thread 3 ] DEBUG Engine               - width: 1280
19:23:48.658 [FXGL Background Thread 3 ] DEBUG Engine               - Logging services
19:23:48.658 [FXGL Background Thread 3 ] DEBUG Engine               - class com.almasb.fxgl.app.FXGLApplication$GameApplicationService
19:23:48.658 [FXGL Background Thread 3 ] DEBUG Engine               - class com.almasb.fxgl.app.services.FXGLDialogService
19:23:48.658 [FXGL Background Thread 3 ] DEBUG Engine               - class com.almasb.fxgl.app.services.IOTaskExecutorService
19:23:48.658 [FXGL Background Thread 3 ] DEBUG Engine               - class com.almasb.fxgl.event.EventBusService
19:23:48.658 [FXGL Background Thread 3 ] DEBUG Engine               - class com.almasb.fxgl.io.FileSystemService
19:23:48.658 [FXGL Background Thread 3 ] DEBUG Engine               - class com.almasb.fxgl.localization.LocalizationService
19:23:48.658 [FXGL Background Thread 3 ] DEBUG Engine               - class com.almasb.fxgl.app.services.FXGLAssetLoaderService
19:23:48.658 [FXGL Background Thread 3 ] DEBUG Engine               - class com.almasb.fxgl.app.services.SystemBundleService
19:23:48.659 [FXGL Background Thread 3 ] DEBUG Engine               - class com.almasb.fxgl.profile.SaveLoadService
19:23:48.659 [FXGL Background Thread 3 ] DEBUG Engine               - class com.almasb.fxgl.ui.FXGLUIFactoryServiceProvider
19:23:48.659 [FXGL Background Thread 3 ] DEBUG Engine               - class com.almasb.fxgl.ui.FXGLDialogFactoryServiceProvider
19:23:48.659 [FXGL Background Thread 3 ] DEBUG Engine               - class com.almasb.fxgl.audio.AudioPlayer
19:23:48.659 [FXGL Background Thread 3 ] DEBUG Engine               - class com.almasb.fxgl.notification.impl.NotificationServiceProvider
19:23:48.659 [FXGL Background Thread 3 ] DEBUG Engine               - class com.almasb.fxgl.achievement.AchievementService
19:23:48.659 [FXGL Background Thread 3 ] DEBUG Engine               - class com.almasb.fxgl.cutscene.CutsceneService
19:23:48.659 [FXGL Background Thread 3 ] DEBUG Engine               - class com.almasb.fxgl.minigames.MiniGameService
19:23:48.659 [FXGL Background Thread 3 ] DEBUG Engine               - class com.almasb.fxgl.net.NetService
19:23:48.660 [FXGL Background Thread 3 ] DEBUG Engine               - class com.almasb.fxgl.app.services.UpdaterService
19:23:48.660 [FXGL Background Thread 3 ] DEBUG Engine               - class com.almasb.fxgl.dev.DevService
19:26:52.436 [JavaFX Application Thread] DEBUG FXGLApplication      - Exiting FXGL
19:26:52.436 [JavaFX Application Thread] DEBUG LoopRunner           - Stopping loop
19:26:52.436 [JavaFX Application Thread] DEBUG SystemBundleService  - Saving FXGL system data
19:26:52.437 [JavaFX Application Thread] DEBUG FileSystemAccess     - Writing to: /Users/shaharben-dor/Documents/College Work/CS 2340/CS-2340-Final-Project/system/fxgl.bundle
19:26:52.439 [JavaFX Application Thread] DEBUG Async                - Shutting down background threads
19:26:52.439 [JavaFX Application Thread] DEBUG MainWindow           - Closing main window
19:26:52.445 [JavaFX Application Thread] DEBUG Logger               - Closing Logger
