05:30:12.740 [main                     ] DEBUG Logger               - Configured Logger
05:30:12.754 [main                     ] DEBUG GameApplication      - Logging settings
Title: Dungeon Crawler
Version: Development 0.0.1
Width: 1280
Height: 720
Fullscreen: false
Intro: false
Profiling: false
Single step:false
App Mode: DEVELOPER
Menu Key: ESCAPE
Stage Style: DECORATED
Scene Factory: class com.group19.javafxgame.InitialConfigMenuSceneFactory

05:30:13.141 [JavaFX Application Thread] DEBUG FXGLApplication      - Initializing FXGL
05:30:13.142 [JavaFX Application Thread] INFO  Engine               - FXGL-11.12 (11.12.2020 08.51) on WINDOWS (J:11.0.10 FX:15)
05:30:13.142 [JavaFX Application Thread] DEBUG Engine               - JRE Vendor Name: AdoptOpenJDK
05:30:13.143 [JavaFX Application Thread] DEBUG Engine               - Running on OS: Windows 10 version 10.0
05:30:13.143 [JavaFX Application Thread] DEBUG Engine               - Architecture: amd64
05:30:13.143 [JavaFX Application Thread] INFO  Engine               - Source code and latest versions at: https://github.com/AlmasB/FXGL
05:30:13.143 [JavaFX Application Thread] INFO  Engine               -              Join the FXGL chat at: https://gitter.im/AlmasB/FXGL
05:30:13.230 [JavaFX Application Thread] DEBUG MainWindow           - Creating a JavaFX scene
05:30:13.279 [JavaFX Application Thread] DEBUG MainWindow           - Target settings size: 1280.0 x 720.0
05:30:13.279 [JavaFX Application Thread] DEBUG MainWindow           - Scaled scene size:    1280.0 x 720.0
05:30:13.279 [JavaFX Application Thread] DEBUG MainWindow           - Scaled ratio: (1.0, 1.0)
05:30:13.280 [JavaFX Application Thread] DEBUG MainWindow           - Set initial scene to StartupScene
05:30:13.286 [JavaFX Application Thread] DEBUG MainWindow           - Opening main window
05:30:13.361 [JavaFX Application Thread] DEBUG MainWindow           - Window border size: (16.0, 39.0)
05:30:13.361 [JavaFX Application Thread] DEBUG MainWindow           - Scaled size: 1280.0 x 720.0
05:30:13.362 [JavaFX Application Thread] DEBUG MainWindow           - Scaled ratio: (1.0, 1.0)
05:30:13.362 [JavaFX Application Thread] DEBUG MainWindow           - Scene size: 1280.0 x 720.0
05:30:13.362 [JavaFX Application Thread] DEBUG MainWindow           - Stage size: 1296.0 x 759.0
05:30:13.367 [FXGL Background Thread 1 ] DEBUG Engine               - Initializing environment variables
05:30:13.392 [FXGL Background Thread 1 ] DEBUG GameApplicationServi - Applying CSS: fxgl_dark.css
05:30:13.392 [FXGL Background Thread 1 ] DEBUG FXGLAssetLoaderServi - Loading from file system: /assets/ui/css/fxgl_dark.css
05:30:13.438 [FXGL Background Thread 1 ] DEBUG GameApplicationServi - Initializing application scenes
05:30:13.468 [FXGL Background Thread 1 ] DEBUG GameWorld            - Game world initialized
05:30:13.513 [FXGL Background Thread 1 ] DEBUG PhysicsWorld         - Physics world initialized: appHeight=720, physics.ppm=50.0
05:30:13.515 [FXGL Background Thread 1 ] DEBUG GameScene            - Game scene initialized: 1280x720
05:30:13.525 [FXGL Background Thread 1 ] DEBUG FXGLAssetLoaderServi - Loading from file system: /assets/textures/background/SimplePaintBackground.png
05:30:13.587 [FXGL Background Thread 1 ] DEBUG FXGLAssetLoaderServi - Loading from file system: /assets/textures/particles/trace_horizontal.png
05:30:13.608 [FXGL Background Thread 1 ] DEBUG FXGL.DefaultMenu     - createMenuBodyGameMenu()
05:30:13.616 [FXGL Background Thread 1 ] DEBUG FXGL.DefaultMenu     - createOptionsMenu()
05:30:13.621 [FXGL Background Thread 1 ] DEBUG FXGLAssetLoaderServi - Loading from file system: /assets/textures/particles/smoke.png
05:30:13.668 [FXGL Background Thread 1 ] DEBUG GameApplicationServi - Application scenes initialized
05:30:13.678 [FXGL Background Thread 1 ] DEBUG SystemBundleService  - Loading FXGL system data
05:30:13.681 [FXGL Background Thread 1 ] DEBUG FileSystemAccess     - Reading from: C:\Users\rodos\CS-2340-Final-Project\system\fxgl.bundle
05:30:13.686 [FXGL Background Thread 1 ] DEBUG SystemBundleService  - Bundle FXGL: {}
05:30:13.686 [FXGL Background Thread 1 ] DEBUG UpdaterService       - Checking for updates
05:30:13.689 [FXGL Background Thread 4 ] DEBUG FXGLApplication      - Loading fonts
05:30:13.689 [FXGL Background Thread 4 ] DEBUG FXGLAssetLoaderServi - Loading from file system: /assets/ui/fonts/VarelaRound-Regular.ttf
05:30:13.690 [FXGL Background Thread 1 ] DEBUG FXGLApplication      - Loading default localization
05:30:13.690 [FXGL Background Thread 1 ] DEBUG FXGLAssetLoaderServi - Loading from file system: /assets/languages/english.lang
05:30:13.705 [FXGL Background Thread 1 ] INFO  FXGLApplication      - FXGL initialization took: 0.337 sec
05:30:13.706 [JavaFX Application Thread] DEBUG FXGLAssetLoaderServi - Loading from file system: /assets/textures/fxgl_icon.png
05:30:13.725 [JavaFX Application Thread] DEBUG FXGLAssetLoaderServi - Loading from file system: /assets/ui/cursors/fxgl_default.png
05:30:13.740 [JavaFX Application Thread] DEBUG Input                - Registered new binding: Screenshot - P
05:30:13.741 [JavaFX Application Thread] DEBUG Input                - Registered new binding: System info dump - CTRL+9
05:30:13.742 [JavaFX Application Thread] DEBUG Input                - Registered new binding: Restart - CTRL+R
05:30:13.742 [JavaFX Application Thread] DEBUG Input                - Registered new binding: Toggle Debug Camera - CTRL+C
05:30:13.744 [JavaFX Application Thread] DEBUG LoopRunner           - Starting loop
05:30:13.747 [JavaFX Application Thread] DEBUG Input                - Clearing active input actions
05:30:13.755 [JavaFX Application Thread] DEBUG GameApplicationServi - Removing overlay from StartupScene and adding to FXGLMainMenuDummyScene
05:30:13.755 [JavaFX Application Thread] DEBUG MainWindow           - StartupScene -> FXGLMainMenuDummyScene
05:30:13.755 [JavaFX Application Thread] DEBUG MainWindow           - Push state: InitialConfigMenu
05:30:13.755 [JavaFX Application Thread] DEBUG Input                - Clearing active input actions
05:30:13.766 [JavaFX Application Thread] DEBUG GameApplicationServi - Removing overlay from FXGLMainMenuDummyScene and adding to InitialConfigMenu
05:30:13.766 [JavaFX Application Thread] DEBUG MainWindow           - FXGLMainMenuDummyScene -> InitialConfigMenu
05:30:13.986 [FXGL Background Thread 4 ] DEBUG FXGLAssetLoaderServi - Loading from file system: /assets/ui/fonts/Abel-Regular.ttf
05:30:13.989 [FXGL Background Thread 4 ] DEBUG FXGLAssetLoaderServi - Loading from file system: /assets/ui/fonts/lucida_console.ttf
05:30:13.992 [FXGL Background Thread 4 ] DEBUG FXGLAssetLoaderServi - Loading from file system: /assets/ui/fonts/Courier-Prime.ttf
05:30:13.996 [JavaFX Application Thread] DEBUG FXGLApplication      - Registering font factories with UI factory
05:30:14.322 [FXGL Background Thread 2 ] INFO  UpdaterService       - Your current version:  11.12
05:30:14.322 [FXGL Background Thread 2 ] INFO  UpdaterService       - Latest stable version: 11.16
05:30:15.326 [JavaFX Application Thread] DEBUG FXGLApplication      - Exiting FXGL
05:30:15.326 [JavaFX Application Thread] DEBUG LoopRunner           - Stopping loop
05:30:15.326 [JavaFX Application Thread] DEBUG SystemBundleService  - Saving FXGL system data
05:30:15.328 [JavaFX Application Thread] DEBUG FileSystemAccess     - Writing to: C:\Users\rodos\CS-2340-Final-Project\system\fxgl.bundle
05:30:15.329 [JavaFX Application Thread] DEBUG Async                - Shutting down background threads
05:30:15.329 [JavaFX Application Thread] DEBUG MainWindow           - Closing main window
05:30:15.340 [JavaFX Application Thread] DEBUG Logger               - Closing Logger
