16:43:05.057 [main                     ] DEBUG Logger               - Configured Logger
16:43:05.078 [main                     ] DEBUG GameApplication      - Logging settings
Title: Dungeon Crawler
Version: Development 0.0.1
Width: 1280
Height: 720
Fullscreen: false
Intro: false
Profiling: false
Single step:false
App Mode: DEVELOPER
Menu Key: ESCAPE
Stage Style: DECORATED
Scene Factory: class com.group19.javafxgame.ui.menu.main.MainMenuSceneFactory

16:43:06.256 [JavaFX Application Thread] DEBUG FXGLApplication      - Initializing FXGL
16:43:06.260 [JavaFX Application Thread] INFO  Engine               - FXGL-11.12 (11.12.2020 08.51) on MAC (J:11.0.1 FX:11.0.2)
16:43:06.261 [JavaFX Application Thread] DEBUG Engine               - JRE Vendor Name: Oracle Corporation
16:43:06.262 [JavaFX Application Thread] DEBUG Engine               - Running on OS: Mac OS X version 10.16
16:43:06.262 [JavaFX Application Thread] DEBUG Engine               - Architecture: x86_64
16:43:06.262 [JavaFX Application Thread] INFO  Engine               - Source code and latest versions at: https://github.com/AlmasB/FXGL
16:43:06.263 [JavaFX Application Thread] INFO  Engine               -              Join the FXGL chat at: https://gitter.im/AlmasB/FXGL
16:43:06.439 [JavaFX Application Thread] DEBUG MainWindow           - Creating a JavaFX scene
16:43:06.525 [JavaFX Application Thread] DEBUG MainWindow           - Target settings size: 1280.0 x 720.0
16:43:06.526 [JavaFX Application Thread] DEBUG MainWindow           - Scaled scene size:    1280.0 x 720.0
16:43:06.526 [JavaFX Application Thread] DEBUG MainWindow           - Scaled ratio: (1.0, 1.0)
16:43:06.527 [JavaFX Application Thread] DEBUG MainWindow           - Set initial scene to StartupScene
16:43:06.534 [JavaFX Application Thread] DEBUG MainWindow           - Opening main window
16:43:06.608 [JavaFX Application Thread] DEBUG MainWindow           - Window border size: (0.0, 28.0)
16:43:06.608 [JavaFX Application Thread] DEBUG MainWindow           - Scaled size: 1280.0 x 720.0
16:43:06.609 [JavaFX Application Thread] DEBUG MainWindow           - Scaled ratio: (1.0, 1.0)
16:43:06.609 [JavaFX Application Thread] DEBUG MainWindow           - Scene size: 1280.0 x 720.0
16:43:06.609 [JavaFX Application Thread] DEBUG MainWindow           - Stage size: 1280.0 x 748.0
16:43:06.616 [FXGL Background Thread 1 ] DEBUG Engine               - Initializing environment variables
16:43:06.650 [FXGL Background Thread 1 ] DEBUG GameApplicationServi - Applying CSS: fxgl_dark.css
16:43:06.651 [FXGL Background Thread 1 ] DEBUG FXGLAssetLoaderServi - Loading from file system: /assets/ui/css/fxgl_dark.css
16:43:06.734 [FXGL Background Thread 1 ] DEBUG GameApplicationServi - Initializing application scenes
16:43:07.269 [FXGL Background Thread 1 ] DEBUG GameWorld            - Game world initialized
16:43:07.330 [FXGL Background Thread 1 ] DEBUG PhysicsWorld         - Physics world initialized: appHeight=720, physics.ppm=50.0
16:43:07.333 [FXGL Background Thread 1 ] DEBUG GameScene            - Game scene initialized: 1280x720
16:43:07.345 [FXGL Background Thread 1 ] DEBUG FXGLAssetLoaderServi - Loading from file system: /assets/textures/background/MainMenuBackground.jpg
16:43:07.444 [FXGL Background Thread 1 ] DEBUG FXGLAssetLoaderServi - Loading from file system: /assets/textures/particles/trace_horizontal.png
16:43:07.479 [FXGL Background Thread 1 ] DEBUG FXGL.DefaultMenu     - createMenuBodyGameMenu()
16:43:07.490 [FXGL Background Thread 1 ] DEBUG FXGL.DefaultMenu     - createOptionsMenu()
16:43:07.495 [FXGL Background Thread 1 ] DEBUG FXGLAssetLoaderServi - Loading from file system: /assets/textures/particles/smoke.png
16:43:07.539 [FXGL Background Thread 1 ] DEBUG GameApplicationServi - Application scenes initialized
16:43:07.552 [FXGL Background Thread 1 ] DEBUG SystemBundleService  - Loading FXGL system data
16:43:07.559 [FXGL Background Thread 1 ] DEBUG FileSystemAccess     - Reading from: /Users/shaharben-dor/Documents/College Work/CS 2340/CS-2340-Final-Project/system/fxgl.bundle
16:43:07.567 [FXGL Background Thread 1 ] DEBUG SystemBundleService  - Bundle FXGL: {}
16:43:07.567 [FXGL Background Thread 1 ] DEBUG UpdaterService       - Checking for updates
16:43:07.572 [FXGL Background Thread 4 ] DEBUG FXGLApplication      - Loading fonts
16:43:07.572 [FXGL Background Thread 4 ] DEBUG FXGLAssetLoaderServi - Loading from file system: /assets/ui/fonts/VarelaRound-Regular.ttf
16:43:07.573 [FXGL Background Thread 1 ] DEBUG FXGLApplication      - Loading default localization
16:43:07.573 [FXGL Background Thread 1 ] DEBUG FXGLAssetLoaderServi - Loading from file system: /assets/languages/english.lang
16:43:07.604 [FXGL Background Thread 1 ] INFO  FXGLApplication      - FXGL initialization took: 0.988 sec
16:43:07.606 [JavaFX Application Thread] DEBUG FXGLAssetLoaderServi - Loading from file system: /assets/textures/fxgl_icon.png
16:43:07.611 [FXGL Background Thread 4 ] DEBUG FXGLAssetLoaderServi - Loading from file system: /assets/ui/fonts/Abel-Regular.ttf
16:43:07.615 [FXGL Background Thread 4 ] DEBUG FXGLAssetLoaderServi - Loading from file system: /assets/ui/fonts/lucida_console.ttf
16:43:07.620 [FXGL Background Thread 4 ] DEBUG FXGLAssetLoaderServi - Loading from file system: /assets/ui/fonts/Courier-Prime.ttf
16:43:07.644 [JavaFX Application Thread] DEBUG FXGLAssetLoaderServi - Loading from file system: /assets/ui/cursors/fxgl_default.png
16:43:07.661 [JavaFX Application Thread] DEBUG Input                - Registered new binding: Screenshot - P
16:43:07.662 [JavaFX Application Thread] DEBUG Input                - Registered new binding: System info dump - CTRL+9
16:43:07.662 [JavaFX Application Thread] DEBUG Input                - Registered new binding: Restart - CTRL+R
16:43:07.663 [JavaFX Application Thread] DEBUG Input                - Registered new binding: Toggle Debug Camera - CTRL+C
16:43:07.665 [JavaFX Application Thread] DEBUG LoopRunner           - Starting loop
16:43:07.667 [JavaFX Application Thread] DEBUG Input                - Clearing active input actions
16:43:07.675 [JavaFX Application Thread] DEBUG GameApplicationServi - Removing overlay from StartupScene and adding to FXGLMainMenuDummyScene
16:43:07.675 [JavaFX Application Thread] DEBUG MainWindow           - StartupScene -> FXGLMainMenuDummyScene
16:43:07.675 [JavaFX Application Thread] DEBUG MainWindow           - Push state: MainMenu
16:43:07.676 [JavaFX Application Thread] DEBUG Input                - Clearing active input actions
16:43:07.684 [JavaFX Application Thread] DEBUG GameApplicationServi - Removing overlay from FXGLMainMenuDummyScene and adding to MainMenu
16:43:07.685 [JavaFX Application Thread] DEBUG MainWindow           - FXGLMainMenuDummyScene -> MainMenu
16:43:07.715 [JavaFX Application Thread] DEBUG FXGLApplication      - Registering font factories with UI factory
16:43:08.101 [FXGL Background Thread 2 ] INFO  UpdaterService       - Your current version:  11.12
16:43:08.102 [FXGL Background Thread 2 ] INFO  UpdaterService       - Latest stable version: 11.16
16:43:10.575 [FXGL Background Thread 3 ] DEBUG Engine               - Logging environment variables
16:43:10.577 [FXGL Background Thread 3 ] DEBUG Engine               - achievements: []
16:43:10.577 [FXGL Background Thread 3 ] DEBUG Engine               - actualHeight: 720.0
16:43:10.577 [FXGL Background Thread 3 ] DEBUG Engine               - actualHeightProperty: ReadOnlyDoubleProperty [value: 720.0]
16:43:10.577 [FXGL Background Thread 3 ] DEBUG Engine               - actualWidth: 1280.0
16:43:10.577 [FXGL Background Thread 3 ] DEBUG Engine               - actualWidthProperty: ReadOnlyDoubleProperty [value: 1280.0]
16:43:10.577 [FXGL Background Thread 3 ] DEBUG Engine               - appIcon: fxgl_icon.png
16:43:10.577 [FXGL Background Thread 3 ] DEBUG Engine               - applicationMode: DEVELOPER
16:43:10.578 [FXGL Background Thread 3 ] DEBUG Engine               - cSSList: [fxgl_dark.css]
16:43:10.578 [FXGL Background Thread 3 ] DEBUG Engine               - configClass: Optional.empty
16:43:10.578 [FXGL Background Thread 3 ] DEBUG Engine               - credits: []
16:43:10.578 [FXGL Background Thread 3 ] DEBUG Engine               - devBBoxColorProperty: ObjectProperty [value: 0xff0000ff]
16:43:10.578 [FXGL Background Thread 3 ] DEBUG Engine               - devEnableDebugCameraProperty: BooleanProperty [value: false]
16:43:10.578 [FXGL Background Thread 3 ] DEBUG Engine               - devSensorColorProperty: ObjectProperty [value: 0xffff00ff]
16:43:10.578 [FXGL Background Thread 3 ] DEBUG Engine               - devShowBBoxProperty: BooleanProperty [value: false]
16:43:10.579 [FXGL Background Thread 3 ] DEBUG Engine               - devShowPositionProperty: BooleanProperty [value: false]
16:43:10.579 [FXGL Background Thread 3 ] DEBUG Engine               - enabledMenuItems: []
16:43:10.579 [FXGL Background Thread 3 ] DEBUG Engine               - engineServices: [class com.almasb.fxgl.app.FXGLApplication$GameApplicationService, class com.almasb.fxgl.app.services.FXGLDialogService, class com.almasb.fxgl.app.services.IOTaskExecutorService, class com.almasb.fxgl.event.EventBusService, class com.almasb.fxgl.io.FileSystemService, class com.almasb.fxgl.localization.LocalizationService, class com.almasb.fxgl.app.services.FXGLAssetLoaderService, class com.almasb.fxgl.app.services.SystemBundleService, class com.almasb.fxgl.profile.SaveLoadService, class com.almasb.fxgl.ui.FXGLUIFactoryServiceProvider, class com.almasb.fxgl.ui.FXGLDialogFactoryServiceProvider, class com.almasb.fxgl.audio.AudioPlayer, class com.almasb.fxgl.notification.impl.NotificationServiceProvider, class com.almasb.fxgl.achievement.AchievementService, class com.almasb.fxgl.cutscene.CutsceneService, class com.almasb.fxgl.minigames.MiniGameService, class com.almasb.fxgl.net.NetService, class com.almasb.fxgl.app.services.UpdaterService, class com.almasb.fxgl.dev.DevService]
16:43:10.579 [FXGL Background Thread 3 ] DEBUG Engine               - fontGame: Abel-Regular.ttf
16:43:10.579 [FXGL Background Thread 3 ] DEBUG Engine               - fontMono: lucida_console.ttf
16:43:10.579 [FXGL Background Thread 3 ] DEBUG Engine               - fontText: Courier-Prime.ttf
16:43:10.579 [FXGL Background Thread 3 ] DEBUG Engine               - fontUI: VarelaRound-Regular.ttf
16:43:10.579 [FXGL Background Thread 3 ] DEBUG Engine               - fullScreen: BooleanProperty [value: false]
16:43:10.579 [FXGL Background Thread 3 ] DEBUG Engine               - gameDifficulty: MEDIUM
16:43:10.579 [FXGL Background Thread 3 ] DEBUG Engine               - gameDifficultyProperty: ObjectProperty [value: MEDIUM]
16:43:10.580 [FXGL Background Thread 3 ] DEBUG Engine               - globalMusicVolume: 0.5
16:43:10.580 [FXGL Background Thread 3 ] DEBUG Engine               - globalMusicVolumeProperty: DoubleProperty [value: 0.5]
16:43:10.580 [FXGL Background Thread 3 ] DEBUG Engine               - globalSoundVolume: 0.5
16:43:10.580 [FXGL Background Thread 3 ] DEBUG Engine               - globalSoundVolumeProperty: DoubleProperty [value: 0.5]
16:43:10.580 [FXGL Background Thread 3 ] DEBUG Engine               - height: 720
16:43:10.580 [FXGL Background Thread 3 ] DEBUG Engine               - isAndroid: false
16:43:10.580 [FXGL Background Thread 3 ] DEBUG Engine               - isBrowser: false
16:43:10.580 [FXGL Background Thread 3 ] DEBUG Engine               - isClickFeedbackEnabled: false
16:43:10.580 [FXGL Background Thread 3 ] DEBUG Engine               - isCloseConfirmation: false
16:43:10.581 [FXGL Background Thread 3 ] DEBUG Engine               - isDesktop: true
16:43:10.581 [FXGL Background Thread 3 ] DEBUG Engine               - isDeveloperMenuEnabled: false
16:43:10.581 [FXGL Background Thread 3 ] DEBUG Engine               - isEntityPreloadEnabled: true
16:43:10.581 [FXGL Background Thread 3 ] DEBUG Engine               - isExperimental3D: false
16:43:10.581 [FXGL Background Thread 3 ] DEBUG Engine               - isExperimentalNative: false
16:43:10.581 [FXGL Background Thread 3 ] DEBUG Engine               - isExperimentalTiledLargeMap: false
16:43:10.581 [FXGL Background Thread 3 ] DEBUG Engine               - isFileSystemWriteAllowed: true
16:43:10.581 [FXGL Background Thread 3 ] DEBUG Engine               - isFullScreenAllowed: false
16:43:10.581 [FXGL Background Thread 3 ] DEBUG Engine               - isFullScreenFromStart: false
16:43:10.581 [FXGL Background Thread 3 ] DEBUG Engine               - isGameMenuEnabled: true
16:43:10.582 [FXGL Background Thread 3 ] DEBUG Engine               - isIOS: false
16:43:10.582 [FXGL Background Thread 3 ] DEBUG Engine               - isIntroEnabled: false
16:43:10.582 [FXGL Background Thread 3 ] DEBUG Engine               - isLinux: false
16:43:10.582 [FXGL Background Thread 3 ] DEBUG Engine               - isMac: true
16:43:10.582 [FXGL Background Thread 3 ] DEBUG Engine               - isMainMenuEnabled: true
16:43:10.582 [FXGL Background Thread 3 ] DEBUG Engine               - isManualResizeEnabled: false
16:43:10.582 [FXGL Background Thread 3 ] DEBUG Engine               - isMobile: false
16:43:10.582 [FXGL Background Thread 3 ] DEBUG Engine               - isPreserveResizeRatio: false
16:43:10.582 [FXGL Background Thread 3 ] DEBUG Engine               - isProfilingEnabled: false
16:43:10.582 [FXGL Background Thread 3 ] DEBUG Engine               - isScaleAffectedOnResize: true
16:43:10.583 [FXGL Background Thread 3 ] DEBUG Engine               - isSingleStep: false
16:43:10.583 [FXGL Background Thread 3 ] DEBUG Engine               - isUserProfileEnabled: false
16:43:10.583 [FXGL Background Thread 3 ] DEBUG Engine               - isWindows: false
16:43:10.583 [FXGL Background Thread 3 ] DEBUG Engine               - language: ObjectProperty [value: ENGLISH]
16:43:10.583 [FXGL Background Thread 3 ] DEBUG Engine               - menuKey: ESCAPE
16:43:10.583 [FXGL Background Thread 3 ] DEBUG Engine               - notificationViewClass: class com.almasb.fxgl.notification.view.XboxNotificationView
16:43:10.583 [FXGL Background Thread 3 ] DEBUG Engine               - pixelsPerMeter: 50.0
16:43:10.583 [FXGL Background Thread 3 ] DEBUG Engine               - platform: MAC
16:43:10.583 [FXGL Background Thread 3 ] DEBUG Engine               - prefHeightProperty: ReadOnlyDoubleProperty [value: 720.0]
16:43:10.583 [FXGL Background Thread 3 ] DEBUG Engine               - prefWidthProperty: ReadOnlyDoubleProperty [value: 1280.0]
16:43:10.584 [FXGL Background Thread 3 ] DEBUG Engine               - profileDir: profiles/
16:43:10.584 [FXGL Background Thread 3 ] DEBUG Engine               - profileName: StringProperty [value: DEFAULT]
16:43:10.584 [FXGL Background Thread 3 ] DEBUG Engine               - randomSeed: -1
16:43:10.584 [FXGL Background Thread 3 ] DEBUG Engine               - runtimeInfo: RuntimeInfo(platform=MAC, version=11.12, build=11.12.2020 08.51)
16:43:10.584 [FXGL Background Thread 3 ] DEBUG Engine               - saveFileExt: sav
16:43:10.584 [FXGL Background Thread 3 ] DEBUG Engine               - scaledHeightProp$fxgl: DoubleProperty [bound, value: 720.0]
16:43:10.584 [FXGL Background Thread 3 ] DEBUG Engine               - scaledWidthProp$fxgl: DoubleProperty [bound, value: 1280.0]
16:43:10.584 [FXGL Background Thread 3 ] DEBUG Engine               - sceneFactory: com.group19.javafxgame.ui.menu.main.MainMenuSceneFactory@13749bc4
16:43:10.584 [FXGL Background Thread 3 ] DEBUG Engine               - secondsIn24h: 60
16:43:10.584 [FXGL Background Thread 3 ] DEBUG Engine               - soundMenuBack: menu/back.wav
16:43:10.584 [FXGL Background Thread 3 ] DEBUG Engine               - soundMenuPress: menu/press.wav
16:43:10.585 [FXGL Background Thread 3 ] DEBUG Engine               - soundMenuSelect: menu/select.wav
16:43:10.585 [FXGL Background Thread 3 ] DEBUG Engine               - soundNotification: core/notification.wav
16:43:10.585 [FXGL Background Thread 3 ] DEBUG Engine               - stageStyle: DECORATED
16:43:10.585 [FXGL Background Thread 3 ] DEBUG Engine               - supportedLanguages: [ENGLISH, FRENCH, GERMAN, HUNGARIAN, RUSSIAN]
16:43:10.585 [FXGL Background Thread 3 ] DEBUG Engine               - title: Dungeon Crawler
16:43:10.585 [FXGL Background Thread 3 ] DEBUG Engine               - urlGithub: https://github.com/AlmasB/FXGL
16:43:10.585 [FXGL Background Thread 3 ] DEBUG Engine               - urlLeaderboard: http://fxgl-top.herokuapp.com/
16:43:10.585 [FXGL Background Thread 3 ] DEBUG Engine               - urlPOM: https://raw.githubusercontent.com/AlmasB/FXGL/master/README.md
16:43:10.585 [FXGL Background Thread 3 ] DEBUG Engine               - version: Development 0.0.1
16:43:10.585 [FXGL Background Thread 3 ] DEBUG Engine               - versionCheckDays: 7
16:43:10.585 [FXGL Background Thread 3 ] DEBUG Engine               - width: 1280
16:43:10.585 [FXGL Background Thread 3 ] DEBUG Engine               - Logging services
16:43:10.585 [FXGL Background Thread 3 ] DEBUG Engine               - class com.almasb.fxgl.app.FXGLApplication$GameApplicationService
16:43:10.585 [FXGL Background Thread 3 ] DEBUG Engine               - class com.almasb.fxgl.app.services.FXGLDialogService
16:43:10.585 [FXGL Background Thread 3 ] DEBUG Engine               - class com.almasb.fxgl.app.services.IOTaskExecutorService
16:43:10.585 [FXGL Background Thread 3 ] DEBUG Engine               - class com.almasb.fxgl.event.EventBusService
16:43:10.586 [FXGL Background Thread 3 ] DEBUG Engine               - class com.almasb.fxgl.io.FileSystemService
16:43:10.586 [FXGL Background Thread 3 ] DEBUG Engine               - class com.almasb.fxgl.localization.LocalizationService
16:43:10.586 [FXGL Background Thread 3 ] DEBUG Engine               - class com.almasb.fxgl.app.services.FXGLAssetLoaderService
16:43:10.586 [FXGL Background Thread 3 ] DEBUG Engine               - class com.almasb.fxgl.app.services.SystemBundleService
16:43:10.586 [FXGL Background Thread 3 ] DEBUG Engine               - class com.almasb.fxgl.profile.SaveLoadService
16:43:10.586 [FXGL Background Thread 3 ] DEBUG Engine               - class com.almasb.fxgl.ui.FXGLUIFactoryServiceProvider
16:43:10.586 [FXGL Background Thread 3 ] DEBUG Engine               - class com.almasb.fxgl.ui.FXGLDialogFactoryServiceProvider
16:43:10.586 [FXGL Background Thread 3 ] DEBUG Engine               - class com.almasb.fxgl.audio.AudioPlayer
16:43:10.586 [FXGL Background Thread 3 ] DEBUG Engine               - class com.almasb.fxgl.notification.impl.NotificationServiceProvider
16:43:10.586 [FXGL Background Thread 3 ] DEBUG Engine               - class com.almasb.fxgl.achievement.AchievementService
16:43:10.586 [FXGL Background Thread 3 ] DEBUG Engine               - class com.almasb.fxgl.cutscene.CutsceneService
16:43:10.586 [FXGL Background Thread 3 ] DEBUG Engine               - class com.almasb.fxgl.minigames.MiniGameService
16:43:10.586 [FXGL Background Thread 3 ] DEBUG Engine               - class com.almasb.fxgl.net.NetService
16:43:10.586 [FXGL Background Thread 3 ] DEBUG Engine               - class com.almasb.fxgl.app.services.UpdaterService
16:43:10.586 [FXGL Background Thread 3 ] DEBUG Engine               - class com.almasb.fxgl.dev.DevService
16:43:11.206 [JavaFX Application Thread] DEBUG FXGLApplication      - Exiting FXGL
16:43:11.206 [JavaFX Application Thread] DEBUG LoopRunner           - Stopping loop
16:43:11.206 [JavaFX Application Thread] DEBUG SystemBundleService  - Saving FXGL system data
16:43:11.210 [JavaFX Application Thread] DEBUG FileSystemAccess     - Writing to: /Users/shaharben-dor/Documents/College Work/CS 2340/CS-2340-Final-Project/system/fxgl.bundle
16:43:11.212 [JavaFX Application Thread] DEBUG Async                - Shutting down background threads
16:43:11.212 [JavaFX Application Thread] DEBUG MainWindow           - Closing main window
16:43:11.220 [JavaFX Application Thread] DEBUG Logger               - Closing Logger
