16:51:48.435 [main                     ] DEBUG Logger               - Configured Logger
16:51:48.452 [main                     ] DEBUG GameApplication      - Logging settings
Title: Dungeon Crawler
Version: Development 0.0.1
Width: 1280
Height: 720
Fullscreen: false
Intro: false
Profiling: false
Single step:false
App Mode: DEVELOPER
Menu Key: ESCAPE
Stage Style: DECORATED
Scene Factory: class com.group19.javafxgame.MainSceneFactory

16:51:48.825 [JavaFX Application Thread] DEBUG FXGLApplication      - Initializing FXGL
16:51:48.826 [JavaFX Application Thread] INFO  Engine               - FXGL-11.12 (11.12.2020 08.51) on WINDOWS (J:11.0.10 FX:15)
16:51:48.827 [JavaFX Application Thread] DEBUG Engine               - JRE Vendor Name: Oracle Corporation
16:51:48.827 [JavaFX Application Thread] DEBUG Engine               - Running on OS: Windows 10 version 10.0
16:51:48.827 [JavaFX Application Thread] DEBUG Engine               - Architecture: amd64
16:51:48.827 [JavaFX Application Thread] INFO  Engine               - Source code and latest versions at: https://github.com/AlmasB/FXGL
16:51:48.827 [JavaFX Application Thread] INFO  Engine               -              Join the FXGL chat at: https://gitter.im/AlmasB/FXGL
16:51:48.918 [JavaFX Application Thread] DEBUG MainWindow           - Creating a JavaFX scene
16:51:48.967 [JavaFX Application Thread] DEBUG MainWindow           - Target settings size: 1280.0 x 720.0
16:51:48.967 [JavaFX Application Thread] DEBUG MainWindow           - Scaled scene size:    1280.0 x 720.0
16:51:48.968 [JavaFX Application Thread] DEBUG MainWindow           - Scaled ratio: (1.0, 1.0)
16:51:48.968 [JavaFX Application Thread] DEBUG MainWindow           - Set initial scene to StartupScene
16:51:48.973 [JavaFX Application Thread] DEBUG MainWindow           - Opening main window
16:51:49.043 [JavaFX Application Thread] DEBUG MainWindow           - Window border size: (14.4000244140625, 37.5999755859375)
16:51:49.043 [JavaFX Application Thread] DEBUG MainWindow           - Scaled size: 1280.0 x 720.0
16:51:49.043 [JavaFX Application Thread] DEBUG MainWindow           - Scaled ratio: (1.0, 1.0)
16:51:49.043 [JavaFX Application Thread] DEBUG MainWindow           - Scene size: 1280.0 x 720.0
16:51:49.044 [JavaFX Application Thread] DEBUG MainWindow           - Stage size: 1294.4000244140625 x 757.5999755859375
16:51:49.049 [FXGL Background Thread 1 ] DEBUG Engine               - Initializing environment variables
16:51:49.072 [FXGL Background Thread 1 ] DEBUG GameApplicationServi - Applying CSS: fxgl_dark.css
16:51:49.073 [FXGL Background Thread 1 ] DEBUG FXGLAssetLoaderServi - Loading from file system: /assets/ui/css/fxgl_dark.css
16:51:49.114 [FXGL Background Thread 1 ] DEBUG GameApplicationServi - Initializing application scenes
16:51:49.140 [FXGL Background Thread 1 ] DEBUG GameWorld            - Game world initialized
16:51:49.189 [FXGL Background Thread 1 ] DEBUG PhysicsWorld         - Physics world initialized: appHeight=720, physics.ppm=50.0
16:51:49.191 [FXGL Background Thread 1 ] DEBUG GameScene            - Game scene initialized: 1280x720
16:51:49.202 [FXGL Background Thread 1 ] DEBUG FXGLAssetLoaderServi - Loading from file system: /assets/textures/background/MainMenuBackground.jpg
16:51:49.273 [FXGL Background Thread 1 ] DEBUG FXGLAssetLoaderServi - Loading from file system: /assets/textures/particles/trace_horizontal.png
16:51:49.300 [FXGL Background Thread 1 ] DEBUG FXGL.DefaultMenu     - createMenuBodyGameMenu()
16:51:49.310 [FXGL Background Thread 1 ] DEBUG FXGL.DefaultMenu     - createOptionsMenu()
16:51:49.314 [FXGL Background Thread 1 ] DEBUG FXGLAssetLoaderServi - Loading from file system: /assets/textures/particles/smoke.png
16:51:49.355 [FXGL Background Thread 1 ] DEBUG GameApplicationServi - Application scenes initialized
16:51:49.363 [FXGL Background Thread 1 ] DEBUG SystemBundleService  - Loading FXGL system data
16:51:49.366 [FXGL Background Thread 1 ] DEBUG FileSystemAccess     - Reading from: C:\Users\SSCS0\Desktop\College\SummerProject\CS-2340-Final-Project\system\fxgl.bundle
16:51:49.369 [FXGL Background Thread 1 ] DEBUG SystemBundleService  - Bundle FXGL: {}
16:51:49.370 [FXGL Background Thread 1 ] DEBUG UpdaterService       - Checking for updates
16:51:49.374 [FXGL Background Thread 4 ] DEBUG FXGLApplication      - Loading fonts
16:51:49.374 [FXGL Background Thread 4 ] DEBUG FXGLAssetLoaderServi - Loading from file system: /assets/ui/fonts/VarelaRound-Regular.ttf
16:51:49.374 [FXGL Background Thread 1 ] DEBUG FXGLApplication      - Loading default localization
16:51:49.374 [FXGL Background Thread 1 ] DEBUG FXGLAssetLoaderServi - Loading from file system: /assets/languages/english.lang
16:51:49.388 [FXGL Background Thread 1 ] INFO  FXGLApplication      - FXGL initialization took: 0.338 sec
16:51:49.388 [JavaFX Application Thread] DEBUG FXGLAssetLoaderServi - Loading from file system: /assets/textures/fxgl_icon.png
16:51:49.408 [JavaFX Application Thread] DEBUG FXGLAssetLoaderServi - Loading from file system: /assets/ui/cursors/fxgl_default.png
16:51:49.421 [JavaFX Application Thread] DEBUG Input                - Registered new binding: Screenshot - P
16:51:49.422 [JavaFX Application Thread] DEBUG Input                - Registered new binding: System info dump - CTRL+9
16:51:49.422 [JavaFX Application Thread] DEBUG Input                - Registered new binding: Restart - CTRL+R
16:51:49.423 [JavaFX Application Thread] DEBUG Input                - Registered new binding: Toggle Debug Camera - CTRL+C
16:51:49.425 [JavaFX Application Thread] DEBUG LoopRunner           - Starting loop
16:51:49.427 [JavaFX Application Thread] DEBUG Input                - Clearing active input actions
16:51:49.434 [JavaFX Application Thread] DEBUG GameApplicationServi - Removing overlay from StartupScene and adding to FXGLMainMenuDummyScene
16:51:49.435 [JavaFX Application Thread] DEBUG MainWindow           - StartupScene -> FXGLMainMenuDummyScene
16:51:49.435 [JavaFX Application Thread] DEBUG MainWindow           - Push state: MainMenu
16:51:49.435 [JavaFX Application Thread] DEBUG Input                - Clearing active input actions
16:51:49.444 [JavaFX Application Thread] DEBUG GameApplicationServi - Removing overlay from FXGLMainMenuDummyScene and adding to MainMenu
16:51:49.444 [JavaFX Application Thread] DEBUG MainWindow           - FXGLMainMenuDummyScene -> MainMenu
16:51:49.564 [FXGL Background Thread 4 ] DEBUG FXGLAssetLoaderServi - Loading from file system: /assets/ui/fonts/Abel-Regular.ttf
16:51:49.567 [FXGL Background Thread 4 ] DEBUG FXGLAssetLoaderServi - Loading from file system: /assets/ui/fonts/lucida_console.ttf
16:51:49.572 [FXGL Background Thread 4 ] DEBUG FXGLAssetLoaderServi - Loading from file system: /assets/ui/fonts/Courier-Prime.ttf
16:51:49.577 [JavaFX Application Thread] DEBUG FXGLApplication      - Registering font factories with UI factory
16:51:49.773 [FXGL Background Thread 2 ] INFO  UpdaterService       - Your current version:  11.12
16:51:49.773 [FXGL Background Thread 2 ] INFO  UpdaterService       - Latest stable version: 11.16
16:51:50.448 [JavaFX Application Thread] DEBUG Menu                 - fireNewGame()
16:51:50.448 [JavaFX Application Thread] DEBUG GameApplicationServi - Starting new game
16:51:50.449 [JavaFX Application Thread] DEBUG MainWindow           - Pop state: MainMenu
16:51:50.449 [JavaFX Application Thread] DEBUG Input                - Clearing active input actions
16:51:50.449 [JavaFX Application Thread] DEBUG GameApplicationServi - Removing overlay from MainMenu and adding to FXGLMainMenuDummyScene
16:51:50.450 [JavaFX Application Thread] DEBUG MainWindow           - FXGLMainMenuDummyScene <- MainMenu
16:51:50.450 [JavaFX Application Thread] DEBUG Input                - Clearing active input actions
16:51:50.458 [JavaFX Application Thread] DEBUG GameApplicationServi - Removing overlay from FXGLMainMenuDummyScene and adding to FXGLLoadingScene
16:51:50.458 [JavaFX Application Thread] DEBUG MainWindow           - FXGLMainMenuDummyScene -> FXGLLoadingScene
16:51:50.458 [JavaFX Application Thread] DEBUG GameApplicationServi - Clearing previous game
16:51:50.458 [JavaFX Application Thread] DEBUG GameScene            - Clearing game scene
16:51:50.458 [JavaFX Application Thread] DEBUG GameWorld            - Clearing game world
16:51:50.459 [JavaFX Application Thread] DEBUG PhysicsWorld         - Clearing physics world
16:51:50.460 [FXGL Background Thread 2 ] DEBUG FXGLApplication      - Initializing game
16:51:50.468 [FXGL Background Thread 2 ] DEBUG FXGLAssetLoaderServi - Loading from cache: /assets/textures/background/MainMenuBackground.jpg
16:51:50.479 [FXGL Background Thread 2 ] INFO  FXGLApplication      - Game initialization took: 0.019 sec
16:51:50.514 [JavaFX Application Thread] DEBUG Input                - Clearing active input actions
16:51:50.519 [JavaFX Application Thread] DEBUG GameApplicationServi - Removing overlay from FXGLLoadingScene and adding to GameScene
16:51:50.519 [JavaFX Application Thread] DEBUG MainWindow           - FXGLLoadingScene -> GameScene
16:51:51.649 [JavaFX Application Thread] DEBUG MainWindow           - Push state: DialogSubScene
16:51:51.649 [JavaFX Application Thread] DEBUG Input                - Clearing active input actions
16:51:51.651 [JavaFX Application Thread] DEBUG GameApplicationServi - Removing overlay from GameScene and adding to DialogSubScene
16:51:51.651 [JavaFX Application Thread] DEBUG MainWindow           - GameScene -> DialogSubScene
16:51:52.242 [JavaFX Application Thread] DEBUG MainWindow           - Pop state: DialogSubScene
16:51:52.242 [JavaFX Application Thread] DEBUG Input                - Clearing active input actions
16:51:52.242 [JavaFX Application Thread] DEBUG GameApplicationServi - Removing overlay from DialogSubScene and adding to GameScene
16:51:52.242 [JavaFX Application Thread] DEBUG MainWindow           - GameScene <- DialogSubScene
16:51:52.373 [FXGL Background Thread 3 ] DEBUG Engine               - Logging environment variables
16:51:52.373 [FXGL Background Thread 3 ] DEBUG Engine               - achievements: []
16:51:52.373 [FXGL Background Thread 3 ] DEBUG Engine               - actualHeight: 720.0
16:51:52.373 [FXGL Background Thread 3 ] DEBUG Engine               - actualHeightProperty: ReadOnlyDoubleProperty [value: 720.0]
16:51:52.373 [FXGL Background Thread 3 ] DEBUG Engine               - actualWidth: 1280.0
16:51:52.373 [FXGL Background Thread 3 ] DEBUG Engine               - actualWidthProperty: ReadOnlyDoubleProperty [value: 1280.0]
16:51:52.374 [FXGL Background Thread 3 ] DEBUG Engine               - appIcon: fxgl_icon.png
16:51:52.374 [FXGL Background Thread 3 ] DEBUG Engine               - applicationMode: DEVELOPER
16:51:52.374 [FXGL Background Thread 3 ] DEBUG Engine               - cSSList: [fxgl_dark.css]
16:51:52.374 [FXGL Background Thread 3 ] DEBUG Engine               - configClass: Optional.empty
16:51:52.374 [FXGL Background Thread 3 ] DEBUG Engine               - credits: []
16:51:52.374 [FXGL Background Thread 3 ] DEBUG Engine               - devBBoxColorProperty: ObjectProperty [value: 0xff0000ff]
16:51:52.374 [FXGL Background Thread 3 ] DEBUG Engine               - devEnableDebugCameraProperty: BooleanProperty [value: false]
16:51:52.374 [FXGL Background Thread 3 ] DEBUG Engine               - devSensorColorProperty: ObjectProperty [value: 0xffff00ff]
16:51:52.374 [FXGL Background Thread 3 ] DEBUG Engine               - devShowBBoxProperty: BooleanProperty [value: false]
16:51:52.374 [FXGL Background Thread 3 ] DEBUG Engine               - devShowPositionProperty: BooleanProperty [value: false]
16:51:52.374 [FXGL Background Thread 3 ] DEBUG Engine               - enabledMenuItems: []
16:51:52.374 [FXGL Background Thread 3 ] DEBUG Engine               - engineServices: [class com.almasb.fxgl.app.FXGLApplication$GameApplicationService, class com.almasb.fxgl.app.services.FXGLDialogService, class com.almasb.fxgl.app.services.IOTaskExecutorService, class com.almasb.fxgl.event.EventBusService, class com.almasb.fxgl.io.FileSystemService, class com.almasb.fxgl.localization.LocalizationService, class com.almasb.fxgl.app.services.FXGLAssetLoaderService, class com.almasb.fxgl.app.services.SystemBundleService, class com.almasb.fxgl.profile.SaveLoadService, class com.almasb.fxgl.ui.FXGLUIFactoryServiceProvider, class com.almasb.fxgl.ui.FXGLDialogFactoryServiceProvider, class com.almasb.fxgl.audio.AudioPlayer, class com.almasb.fxgl.notification.impl.NotificationServiceProvider, class com.almasb.fxgl.achievement.AchievementService, class com.almasb.fxgl.cutscene.CutsceneService, class com.almasb.fxgl.minigames.MiniGameService, class com.almasb.fxgl.net.NetService, class com.almasb.fxgl.app.services.UpdaterService, class com.almasb.fxgl.dev.DevService]
16:51:52.375 [FXGL Background Thread 3 ] DEBUG Engine               - fontGame: Abel-Regular.ttf
16:51:52.375 [FXGL Background Thread 3 ] DEBUG Engine               - fontMono: lucida_console.ttf
16:51:52.375 [FXGL Background Thread 3 ] DEBUG Engine               - fontText: Courier-Prime.ttf
16:51:52.375 [FXGL Background Thread 3 ] DEBUG Engine               - fontUI: VarelaRound-Regular.ttf
16:51:52.375 [FXGL Background Thread 3 ] DEBUG Engine               - fullScreen: BooleanProperty [value: false]
16:51:52.375 [FXGL Background Thread 3 ] DEBUG Engine               - gameDifficulty: MEDIUM
16:51:52.375 [FXGL Background Thread 3 ] DEBUG Engine               - gameDifficultyProperty: ObjectProperty [value: MEDIUM]
16:51:52.375 [FXGL Background Thread 3 ] DEBUG Engine               - globalMusicVolume: 0.5
16:51:52.375 [FXGL Background Thread 3 ] DEBUG Engine               - globalMusicVolumeProperty: DoubleProperty [value: 0.5]
16:51:52.375 [FXGL Background Thread 3 ] DEBUG Engine               - globalSoundVolume: 0.5
16:51:52.375 [FXGL Background Thread 3 ] DEBUG Engine               - globalSoundVolumeProperty: DoubleProperty [value: 0.5]
16:51:52.375 [FXGL Background Thread 3 ] DEBUG Engine               - height: 720
16:51:52.375 [FXGL Background Thread 3 ] DEBUG Engine               - isAndroid: false
16:51:52.375 [FXGL Background Thread 3 ] DEBUG Engine               - isBrowser: false
16:51:52.375 [FXGL Background Thread 3 ] DEBUG Engine               - isClickFeedbackEnabled: false
16:51:52.375 [FXGL Background Thread 3 ] DEBUG Engine               - isCloseConfirmation: false
16:51:52.375 [FXGL Background Thread 3 ] DEBUG Engine               - isDesktop: true
16:51:52.376 [FXGL Background Thread 3 ] DEBUG Engine               - isDeveloperMenuEnabled: false
16:51:52.376 [FXGL Background Thread 3 ] DEBUG Engine               - isEntityPreloadEnabled: true
16:51:52.376 [FXGL Background Thread 3 ] DEBUG Engine               - isExperimental3D: false
16:51:52.376 [FXGL Background Thread 3 ] DEBUG Engine               - isExperimentalNative: false
16:51:52.376 [FXGL Background Thread 3 ] DEBUG Engine               - isExperimentalTiledLargeMap: false
16:51:52.376 [FXGL Background Thread 3 ] DEBUG Engine               - isFileSystemWriteAllowed: true
16:51:52.376 [FXGL Background Thread 3 ] DEBUG Engine               - isFullScreenAllowed: false
16:51:52.376 [FXGL Background Thread 3 ] DEBUG Engine               - isFullScreenFromStart: false
16:51:52.376 [FXGL Background Thread 3 ] DEBUG Engine               - isGameMenuEnabled: true
16:51:52.376 [FXGL Background Thread 3 ] DEBUG Engine               - isIOS: false
16:51:52.376 [FXGL Background Thread 3 ] DEBUG Engine               - isIntroEnabled: false
16:51:52.376 [FXGL Background Thread 3 ] DEBUG Engine               - isLinux: false
16:51:52.376 [FXGL Background Thread 3 ] DEBUG Engine               - isMac: false
16:51:52.376 [FXGL Background Thread 3 ] DEBUG Engine               - isMainMenuEnabled: true
16:51:52.376 [FXGL Background Thread 3 ] DEBUG Engine               - isManualResizeEnabled: false
16:51:52.376 [FXGL Background Thread 3 ] DEBUG Engine               - isMobile: false
16:51:52.377 [FXGL Background Thread 3 ] DEBUG Engine               - isPreserveResizeRatio: false
16:51:52.377 [FXGL Background Thread 3 ] DEBUG Engine               - isProfilingEnabled: false
16:51:52.377 [FXGL Background Thread 3 ] DEBUG Engine               - isScaleAffectedOnResize: true
16:51:52.377 [FXGL Background Thread 3 ] DEBUG Engine               - isSingleStep: false
16:51:52.377 [FXGL Background Thread 3 ] DEBUG Engine               - isUserProfileEnabled: false
16:51:52.377 [FXGL Background Thread 3 ] DEBUG Engine               - isWindows: true
16:51:52.377 [FXGL Background Thread 3 ] DEBUG Engine               - language: ObjectProperty [value: ENGLISH]
16:51:52.377 [FXGL Background Thread 3 ] DEBUG Engine               - menuKey: ESCAPE
16:51:52.377 [FXGL Background Thread 3 ] DEBUG Engine               - notificationViewClass: class com.almasb.fxgl.notification.view.XboxNotificationView
16:51:52.377 [FXGL Background Thread 3 ] DEBUG Engine               - pixelsPerMeter: 50.0
16:51:52.377 [FXGL Background Thread 3 ] DEBUG Engine               - platform: WINDOWS
16:51:52.377 [FXGL Background Thread 3 ] DEBUG Engine               - prefHeightProperty: ReadOnlyDoubleProperty [value: 720.0]
16:51:52.377 [FXGL Background Thread 3 ] DEBUG Engine               - prefWidthProperty: ReadOnlyDoubleProperty [value: 1280.0]
16:51:52.377 [FXGL Background Thread 3 ] DEBUG Engine               - profileDir: profiles/
16:51:52.377 [FXGL Background Thread 3 ] DEBUG Engine               - profileName: StringProperty [value: DEFAULT]
16:51:52.377 [FXGL Background Thread 3 ] DEBUG Engine               - randomSeed: -1
16:51:52.377 [FXGL Background Thread 3 ] DEBUG Engine               - runtimeInfo: RuntimeInfo(platform=WINDOWS, version=11.12, build=11.12.2020 08.51)
16:51:52.377 [FXGL Background Thread 3 ] DEBUG Engine               - saveFileExt: sav
16:51:52.378 [FXGL Background Thread 3 ] DEBUG Engine               - scaledHeightProp$fxgl: DoubleProperty [bound, value: 720.0]
16:51:52.378 [FXGL Background Thread 3 ] DEBUG Engine               - scaledWidthProp$fxgl: DoubleProperty [bound, value: 1280.0]
16:51:52.378 [FXGL Background Thread 3 ] DEBUG Engine               - sceneFactory: com.group19.javafxgame.MainSceneFactory@1641aab6
16:51:52.378 [FXGL Background Thread 3 ] DEBUG Engine               - secondsIn24h: 60
16:51:52.378 [FXGL Background Thread 3 ] DEBUG Engine               - soundMenuBack: menu/back.wav
16:51:52.378 [FXGL Background Thread 3 ] DEBUG Engine               - soundMenuPress: menu/press.wav
16:51:52.378 [FXGL Background Thread 3 ] DEBUG Engine               - soundMenuSelect: menu/select.wav
16:51:52.378 [FXGL Background Thread 3 ] DEBUG Engine               - soundNotification: core/notification.wav
16:51:52.378 [FXGL Background Thread 3 ] DEBUG Engine               - stageStyle: DECORATED
16:51:52.378 [FXGL Background Thread 3 ] DEBUG Engine               - supportedLanguages: [ENGLISH, FRENCH, GERMAN, HUNGARIAN, RUSSIAN]
16:51:52.378 [FXGL Background Thread 3 ] DEBUG Engine               - title: Dungeon Crawler
16:51:52.378 [FXGL Background Thread 3 ] DEBUG Engine               - urlGithub: https://github.com/AlmasB/FXGL
16:51:52.378 [FXGL Background Thread 3 ] DEBUG Engine               - urlLeaderboard: http://fxgl-top.herokuapp.com/
16:51:52.378 [FXGL Background Thread 3 ] DEBUG Engine               - urlPOM: https://raw.githubusercontent.com/AlmasB/FXGL/master/README.md
16:51:52.378 [FXGL Background Thread 3 ] DEBUG Engine               - version: Development 0.0.1
16:51:52.378 [FXGL Background Thread 3 ] DEBUG Engine               - versionCheckDays: 7
16:51:52.378 [FXGL Background Thread 3 ] DEBUG Engine               - width: 1280
16:51:52.378 [FXGL Background Thread 3 ] DEBUG Engine               - Logging services
16:51:52.378 [FXGL Background Thread 3 ] DEBUG Engine               - class com.almasb.fxgl.app.FXGLApplication$GameApplicationService
16:51:52.379 [FXGL Background Thread 3 ] DEBUG Engine               - class com.almasb.fxgl.app.services.FXGLDialogService
16:51:52.379 [FXGL Background Thread 3 ] DEBUG Engine               - class com.almasb.fxgl.app.services.IOTaskExecutorService
16:51:52.379 [FXGL Background Thread 3 ] DEBUG Engine               - class com.almasb.fxgl.event.EventBusService
16:51:52.379 [FXGL Background Thread 3 ] DEBUG Engine               - class com.almasb.fxgl.io.FileSystemService
16:51:52.379 [FXGL Background Thread 3 ] DEBUG Engine               - class com.almasb.fxgl.localization.LocalizationService
16:51:52.379 [FXGL Background Thread 3 ] DEBUG Engine               - class com.almasb.fxgl.app.services.FXGLAssetLoaderService
16:51:52.379 [FXGL Background Thread 3 ] DEBUG Engine               - class com.almasb.fxgl.app.services.SystemBundleService
16:51:52.379 [FXGL Background Thread 3 ] DEBUG Engine               - class com.almasb.fxgl.profile.SaveLoadService
16:51:52.379 [FXGL Background Thread 3 ] DEBUG Engine               - class com.almasb.fxgl.ui.FXGLUIFactoryServiceProvider
16:51:52.379 [FXGL Background Thread 3 ] DEBUG Engine               - class com.almasb.fxgl.ui.FXGLDialogFactoryServiceProvider
16:51:52.379 [FXGL Background Thread 3 ] DEBUG Engine               - class com.almasb.fxgl.audio.AudioPlayer
16:51:52.379 [FXGL Background Thread 3 ] DEBUG Engine               - class com.almasb.fxgl.notification.impl.NotificationServiceProvider
16:51:52.379 [FXGL Background Thread 3 ] DEBUG Engine               - class com.almasb.fxgl.achievement.AchievementService
16:51:52.379 [FXGL Background Thread 3 ] DEBUG Engine               - class com.almasb.fxgl.cutscene.CutsceneService
16:51:52.379 [FXGL Background Thread 3 ] DEBUG Engine               - class com.almasb.fxgl.minigames.MiniGameService
16:51:52.379 [FXGL Background Thread 3 ] DEBUG Engine               - class com.almasb.fxgl.net.NetService
16:51:52.379 [FXGL Background Thread 3 ] DEBUG Engine               - class com.almasb.fxgl.app.services.UpdaterService
16:51:52.379 [FXGL Background Thread 3 ] DEBUG Engine               - class com.almasb.fxgl.dev.DevService
16:51:53.764 [JavaFX Application Thread] DEBUG FXGLAssetLoaderServi - Loading from file system: /assets/levels/default2.tmx
16:51:53.777 [JavaFX Application Thread] WARN  TMXLevelLoader       - TiledMap generated from 1.7.0. Supported version: 1.2.3. Some features may not be parsed fully.
16:51:53.788 [JavaFX Application Thread] DEBUG TMXLevelLoader       - Parsed raw map: TiledMap(width=80, height=45, tilewidth=16, tileheight=16, orientation=orthogonal, layers=[Layer(width=80, height=45, name=Tile Layer 1, type=tilelayer, visible=false, x=0, y=0, data=[541, 542, 542, 542, 542, 542, 542, 542, 542, 542, 542, 542, 542, 542, 542, 542, 542, 542, 542, 542, 542, 542, 542, 542, 542, 542, 1106, 1106, 1106, 1106, 1106, 1106, 1106, 1106, 1106, 1106, 1106, 1106, 1106, 1106, 1106, 1106, 1106, 1106, 1106, 1106, 542, 542, 542, 542, 542, 542, 542, 542, 542, 542, 542, 542, 542, 542, 542, 542, 542, 542, 542, 542, 542, 542, 542, 542, 542, 542, 542, 542, 542, 542, 542, 542, 542, 543, 561, 0, 0, 0, 0, 0, 0, 0, 0, 0, 0, 0, 0, 0, 0, 0, 0, 0, 0, 0, 0, 0, 0, 0, 0, 0, 0, 0, 0, 0, 0, 0, 0, 0, 0, 0, 0, 0, 0, 0, 0, 0, 0, 0, 0, 0, 0, 0, 0, 0, 0, 0, 0, 0, 0, 0, 0, 0, 0, 0, 0, 0, 0, 0, 0, 0, 0, 0, 0, 0, 0, 0, 0, 0, 0, 0, 0, 0, 0, 561, 561, 0, 0, 0, 0, 0, 0, 0, 0, 0, 0, 0, 0, 0, 0, 0, 0, 0, 0, 0, 0, 0, 0, 0, 0, 0, 0, 0, 0, 0, 0, 0, 0, 0, 0, 0, 0, 0, 0, 0, 0, 0, 0, 0, 0, 0, 0, 0, 0, 0, 0, 0, 0, 0, 0, 0, 0, 0, 0, 0, 0, 0, 0, 0, 0, 0, 0, 0, 0, 0, 0, 0, 0, 0, 0, 0, 0, 0, 0, 561, 561, 0, 0, 0, 0, 0, 0, 0, 0, 0, 0, 0, 0, 0, 0, 0, 0, 0, 0, 0, 0, 0, 0, 0, 0, 0, 0, 0, 0, 0, 0, 0, 0, 0, 0, 0, 0, 0, 0, 0, 0, 0, 0, 0, 0, 0, 0, 0, 0, 0, 0, 0, 0, 0, 0, 0, 0, 0, 0, 0, 0, 0, 0, 0, 0, 0, 0, 0, 0, 0, 0, 0, 0, 0, 0, 0, 0, 0, 0, 561, 561, 0, 0, 0, 0, 0, 0, 0, 0, 0, 0, 0, 0, 0, 0, 0, 0, 0, 0, 0, 0, 0, 0, 0, 0, 0, 0, 0, 0, 0, 0, 0, 0, 0, 0, 0, 0, 0, 0, 0, 0, 0, 0, 0, 0, 0, 0, 0, 0, 0, 0, 0, 0, 0, 0, 0, 0, 0, 0, 0, 0, 0, 0, 0, 0, 0, 0, 0, 0, 0, 0, 0, 0, 0, 0, 0, 0, 0, 0, 561, 561, 0, 0, 0, 0, 0, 0, 0, 0, 0, 0, 0, 0, 0, 0, 0, 0, 0, 0, 0, 0, 0, 0, 0, 0, 0, 0, 0, 0, 0, 0, 0, 0, 0, 0, 0, 0, 0, 0, 0, 0, 0, 0, 0, 0, 0, 0, 0, 0, 0, 0, 0, 0, 0, 0, 0, 0, 0, 0, 0, 0, 0, 0, 0, 0, 0, 0, 0, 0, 0, 0, 0, 0, 0, 0, 0, 0, 0, 0, 561, 561, 0, 0, 0, 0, 0, 0, 0, 0, 0, 0, 0, 0, 0, 0, 0, 0, 0, 0, 0, 0, 0, 0, 0, 0, 0, 0, 0, 0, 0, 0, 0, 0, 0, 0, 0, 0, 0, 0, 0, 0, 0, 0, 0, 0, 0, 0, 0, 0, 0, 0, 0, 0, 0, 0, 0, 0, 0, 0, 0, 0, 0, 0, 0, 0, 0, 0, 0, 0, 0, 0, 0, 0, 0, 0, 0, 0, 0, 0, 561, 561, 0, 0, 0, 0, 0, 0, 0, 0, 0, 0, 0, 0, 0, 0, 0, 0, 0, 0, 0, 0, 0, 0, 0, 0, 0, 0, 0, 0, 0, 0, 0, 0, 0, 0, 0, 0, 0, 0, 0, 0, 0, 0, 0, 0, 0, 0, 0, 0, 0, 0, 0, 0, 0, 0, 0, 0, 0, 0, 0, 0, 0, 0, 0, 0, 0, 0, 0, 0, 0, 0, 0, 0, 0, 0, 0, 0, 0, 0, 561, 561, 0, 0, 0, 0, 0, 0, 0, 0, 0, 0, 0, 0, 0, 0, 0, 0, 0, 0, 0, 0, 0, 0, 0, 0, 0, 0, 0, 0, 0, 0, 0, 0, 0, 0, 0, 0, 0, 0, 0, 0, 0, 0, 0, 0, 0, 0, 0, 0, 0, 0, 0, 0, 0, 0, 0, 0, 0, 0, 0, 0, 0, 0, 0, 0, 0, 0, 0, 0, 0, 0, 0, 0, 0, 0, 0, 0, 0, 0, 561, 561, 0, 0, 0, 0, 0, 0, 0, 0, 0, 0, 0, 0, 0, 0, 0, 0, 0, 0, 0, 0, 0, 0, 0, 0, 0, 564, 542, 542, 542, 542, 542, 542, 542, 542, 545, 542, 542, 542, 542, 542, 542, 542, 542, 543, 0, 0, 0, 0, 0, 0, 0, 0, 0, 0, 0, 0, 0, 0, 0, 0, 0, 0, 0, 0, 0, 0, 0, 0, 0, 0, 0, 0, 0, 0, 0, 0, 0, 0, 561, 561, 0, 0, 0, 0, 0, 0, 0, 0, 0, 0, 0, 0, 0, 0, 0, 0, 0, 0, 0, 0, 0, 0, 0, 0, 0, 561, 0, 0, 0, 0, 0, 0, 0, 0, 561, 0, 0, 0, 0, 0, 0, 0, 0, 561, 0, 0, 0, 0, 0, 0, 0, 0, 0, 0, 0, 0, 0, 0, 0, 0, 0, 0, 0, 0, 0, 0, 0, 0, 0, 0, 0, 0, 0, 0, 0, 0, 0, 0, 561, 561, 0, 0, 0, 0, 0, 0, 0, 0, 0, 0, 0, 0, 0, 0, 0, 0, 0, 0, 0, 0, 0, 0, 0, 0, 0, 561, 0, 0, 0, 0, 0, 0, 0, 0, 561, 0, 0, 0, 0, 0, 0, 0, 0, 561, 0, 0, 0, 0, 0, 0, 0, 0, 0, 0, 0, 0, 0, 0, 0, 0, 0, 0, 0, 0, 0, 0, 0, 0, 0, 0, 0, 0, 0, 0, 0, 0, 0, 0, 561, 561, 0, 0, 0, 0, 0, 0, 0, 0, 0, 0, 0, 0, 0, 0, 0, 0, 0, 0, 0, 0, 0, 0, 0, 0, 0, 561, 0, 0, 0, 0, 0, 0, 0, 0, 561, 0, 0, 0, 0, 0, 0, 0, 0, 561, 0, 0, 0, 0, 0, 0, 0, 0, 0, 0, 0, 0, 0, 0, 0, 0, 0, 0, 0, 0, 0, 0, 0, 0, 0, 0, 0, 0, 0, 0, 0, 0, 0, 0, 561, 561, 0, 0, 0, 0, 0, 0, 0, 0, 0, 0, 0, 0, 0, 0, 0, 0, 0, 0, 0, 0, 0, 0, 0, 0, 0, 561, 0, 0, 0, 0, 0, 0, 0, 0, 0, 0, 0, 0, 0, 0, 0, 0, 0, 561, 0, 0, 0, 0, 0, 0, 0, 0, 0, 0, 0, 0, 0, 0, 0, 0, 0, 0, 0, 0, 0, 0, 0, 0, 0, 0, 0, 0, 0, 0, 0, 0, 0, 0, 561, 561, 0, 0, 0, 0, 0, 0, 0, 0, 0, 0, 0, 0, 0, 0, 0, 0, 0, 0, 0, 0, 0, 0, 0, 0, 0, 561, 0, 0, 0, 0, 0, 0, 0, 0, 0, 0, 0, 0, 0, 0, 0, 0, 0, 561, 0, 0, 0, 0, 0, 0, 0, 0, 0, 0, 0, 0, 0, 0, 0, 0, 0, 0, 0, 0, 0, 0, 0, 0, 0, 0, 0, 0, 0, 0, 0, 0, 0, 0, 561, 561, 0, 0, 0, 0, 0, 0, 0, 0, 0, 0, 0, 0, 0, 0, 0, 0, 0, 0, 0, 0, 0, 0, 0, 0, 0, 561, 0, 0, 0, 0, 0, 0, 0, 0, 0, 0, 0, 0, 0, 0, 0, 0, 0, 561, 0, 0, 0, 0, 0, 0, 0, 0, 0, 0, 0, 0, 0, 0, 0, 0, 0, 0, 0, 0, 0, 0, 0, 0, 0, 0, 0, 0, 0, 0, 0, 0, 0, 0, 561, 1106, 0, 0, 0, 0, 0, 0, 0, 0, 0, 0, 0, 0, 0, 0, 0, 0, 0, 0, 0, 0, 0, 0, 0, 0, 0, 561, 0, 0, 0, 0, 0, 0, 0, 0, 561, 0, 0, 0, 0, 0, 0, 0, 0, 561, 0, 0, 0, 0, 0, 0, 0, 0, 0, 0, 0, 0, 0, 0, 0, 0, 0, 0, 0, 0, 0, 0, 0, 0, 0, 0, 0, 0, 0, 0, 0, 0, 0, 0, 1106, 1106, 0, 0, 0, 0, 0, 0, 0, 0, 0, 0, 0, 0, 0, 0, 0, 0, 0, 0, 0, 0, 0, 0, 0, 0, 0, 561, 0, 0, 0, 0, 0, 0, 0, 0, 561, 0, 0, 0, 0, 0, 0, 0, 0, 561, 0, 0, 0, 0, 0, 0, 0, 0, 0, 0, 0, 0, 0, 0, 0, 0, 0, 0, 0, 0, 0, 0, 0, 0, 0, 0, 0, 0, 0, 0, 0, 0, 0, 0, 1106, 1106, 0, 0, 0, 0, 0, 0, 0, 0, 0, 0, 0, 0, 0, 0, 0, 0, 0, 0, 0, 0, 0, 0, 0, 0, 0, 561, 0, 0, 0, 0, 0, 0, 0, 0, 561, 0, 0, 0, 0, 0, 0, 0, 0, 561, 0, 0, 0, 0, 0, 0, 0, 0, 0, 0, 0, 0, 0, 0, 0, 0, 0, 0, 0, 0, 0, 0, 0, 0, 0, 0, 0, 0, 0, 0, 0, 0, 0, 0, 1106, 1106, 0, 0, 0, 0, 0, 0, 0, 0, 0, 0, 0, 0, 0, 0, 0, 0, 0, 0, 0, 0, 0, 0, 0, 0, 0, 545, 585, 585, 585, 0, 0, 585, 585, 585, 545, 585, 585, 585, 0, 0, 585, 585, 585, 545, 0, 0, 0, 0, 0, 0, 0, 0, 0, 0, 0, 0, 0, 0, 0, 0, 0, 0, 0, 0, 0, 0, 0, 0, 0, 0, 0, 0, 0, 0, 0, 0, 0, 0, 1106, 1106, 0, 0, 0, 0, 0, 0, 0, 0, 0, 0, 0, 0, 0, 0, 0, 0, 0, 0, 0, 0, 0, 0, 0, 0, 0, 561, 0, 0, 0, 0, 0, 0, 0, 0, 561, 0, 0, 0, 0, 0, 0, 0, 0, 561, 0, 0, 0, 0, 0, 0, 0, 0, 0, 0, 0, 0, 0, 0, 0, 0, 0, 0, 0, 0, 0, 0, 0, 0, 0, 0, 0, 0, 0, 0, 0, 0, 0, 0, 1106, 1106, 0, 0, 0, 0, 0, 0, 0, 0, 0, 0, 0, 0, 0, 0, 0, 0, 0, 0, 0, 0, 0, 0, 0, 0, 0, 561, 0, 0, 0, 0, 0, 0, 0, 0, 561, 0, 0, 0, 0, 0, 0, 0, 0, 561, 0, 0, 0, 0, 0, 0, 0, 0, 0, 0, 0, 0, 0, 0, 0, 0, 0, 0, 0, 0, 0, 0, 0, 0, 0, 0, 0, 0, 0, 0, 0, 0, 0, 0, 1106, 1106, 0, 0, 0, 0, 0, 0, 0, 0, 0, 0, 0, 0, 0, 0, 0, 0, 0, 0, 0, 0, 0, 0, 0, 0, 0, 561, 0, 0, 0, 0, 0, 0, 0, 0, 561, 0, 0, 0, 0, 0, 0, 0, 0, 561, 0, 0, 0, 0, 0, 0, 0, 0, 0, 0, 0, 0, 0, 0, 0, 0, 0, 0, 0, 0, 0, 0, 0, 0, 0, 0, 0, 0, 0, 0, 0, 0, 0, 0, 1106, 561, 0, 0, 0, 0, 0, 0, 0, 0, 0, 0, 0, 0, 0, 0, 0, 0, 0, 0, 0, 0, 0, 0, 0, 0, 0, 561, 0, 0, 0, 0, 0, 0, 0, 0, 561, 0, 0, 0, 0, 0, 0, 0, 0, 561, 0, 0, 0, 0, 0, 0, 0, 0, 0, 0, 0, 0, 0, 0, 0, 0, 0, 0, 0, 0, 0, 0, 0, 0, 0, 0, 0, 0, 0, 0, 0, 0, 0, 0, 561, 561, 0, 0, 0, 0, 0, 0, 0, 0, 0, 0, 0, 0, 0, 0, 0, 0, 0, 0, 0, 0, 0, 0, 0, 0, 0, 561, 0, 0, 0, 0, 0, 0, 0, 0, 561, 0, 0, 0, 0, 0, 0, 0, 0, 561, 0, 0, 0, 0, 0, 0, 0, 0, 0, 0, 0, 0, 0, 0, 0, 0, 0, 0, 0, 0, 0, 0, 0, 0, 0, 0, 0, 0, 0, 0, 0, 0, 0, 0, 561, 561, 0, 0, 0, 0, 0, 0, 0, 0, 0, 0, 0, 0, 0, 0, 0, 0, 0, 0, 0, 0, 0, 0, 0, 0, 0, 561, 0, 0, 0, 0, 0, 0, 0, 0, 561, 0, 0, 0, 0, 0, 0, 0, 0, 561, 0, 0, 0, 0, 0, 0, 0, 0, 0, 0, 0, 0, 0, 0, 0, 0, 0, 0, 0, 0, 0, 0, 0, 0, 0, 0, 0, 0, 0, 0, 0, 0, 0, 0, 561, 561, 0, 0, 0, 0, 0, 0, 0, 0, 0, 0, 0, 0, 0, 0, 0, 0, 0, 0, 0, 0, 0, 0, 0, 0, 0, 561, 0, 0, 0, 0, 0, 0, 0, 0, 561, 0, 0, 0, 0, 0, 0, 0, 0, 561, 0, 0, 0, 0, 0, 0, 0, 0, 0, 0, 0, 0, 0, 0, 0, 0, 0, 0, 0, 0, 0, 0, 0, 0, 0, 0, 0, 0, 0, 0, 0, 0, 0, 0, 561, 561, 0, 0, 0, 0, 0, 0, 0, 0, 0, 0, 0, 0, 0, 0, 0, 0, 0, 0, 0, 0, 0, 0, 0, 0, 0, 561, 0, 0, 0, 0, 0, 0, 0, 0, 561, 0, 0, 0, 0, 0, 0, 0, 0, 561, 0, 0, 0, 0, 0, 0, 0, 0, 0, 0, 0, 0, 0, 0, 0, 0, 0, 0, 0, 0, 0, 0, 0, 0, 0, 0, 0, 0, 0, 0, 0, 0, 0, 0, 561, 561, 0, 0, 0, 0, 0, 0, 0, 0, 0, 0, 0, 0, 0, 0, 0, 0, 0, 0, 0, 0, 0, 0, 0, 0, 0, 561, 0, 0, 0, 0, 0, 0, 0, 0, 561, 0, 0, 0, 0, 0, 0, 0, 0, 561, 0, 0, 0, 0, 0, 0, 0, 0, 0, 0, 0, 0, 0, 0, 0, 0, 0, 0, 0, 0, 0, 0, 0, 0, 0, 0, 0, 0, 0, 0, 0, 0, 0, 0, 561, 561, 0, 0, 0, 0, 0, 0, 0, 0, 0, 0, 0, 0, 0, 0, 0, 0, 0, 0, 0, 0, 0, 0, 0, 0, 0, 561, 0, 0, 0, 0, 0, 0, 0, 0, 561, 0, 0, 0, 0, 0, 0, 0, 0, 561, 0, 0, 0, 0, 0, 0, 0, 0, 0, 0, 0, 0, 0, 0, 0, 0, 0, 0, 0, 0, 0, 0, 0, 0, 0, 0, 0, 0, 0, 0, 0, 0, 0, 0, 561, 561, 0, 0, 0, 0, 0, 0, 0, 0, 0, 0, 0, 0, 0, 0, 0, 0, 0, 0, 0, 0, 0, 0, 0, 0, 0, 562, 0, 0, 0, 0, 0, 0, 0, 0, 562, 0, 0, 0, 0, 0, 0, 0, 0, 562, 0, 0, 0, 0, 0, 0, 0, 0, 0, 0, 0, 0, 0, 0, 0, 0, 0, 0, 0, 0, 0, 0, 0, 0, 0, 0, 0, 0, 0, 0, 0, 0, 0, 0, 561, 561, 0, 0, 0, 0, 0, 0, 0, 0, 0, 0, 0, 0, 0, 0, 0, 0, 0, 0, 0, 0, 0, 0, 0, 0, 0, 0, 0, 0, 0, 0, 0, 0, 0, 0, 0, 0, 0, 0, 0, 0, 0, 0, 0, 0, 0, 0, 0, 0, 0, 0, 0, 0, 0, 0, 0, 0, 0, 0, 0, 0, 0, 0, 0, 0, 0, 0, 0, 0, 0, 0, 0, 0, 0, 0, 0, 0, 0, 0, 561, 561, 0, 0, 0, 0, 0, 0, 0, 0, 0, 0, 0, 0, 0, 0, 0, 0, 0, 0, 0, 0, 0, 0, 0, 0, 0, 0, 0, 0, 0, 0, 0, 0, 0, 0, 0, 0, 0, 0, 0, 0, 0, 0, 0, 0, 0, 0, 0, 0, 0, 0, 0, 0, 0, 0, 0, 0, 0, 0, 0, 0, 0, 0, 0, 0, 0, 0, 0, 0, 0, 0, 0, 0, 0, 0, 0, 0, 0, 0, 561, 561, 0, 0, 0, 0, 0, 0, 0, 0, 0, 0, 0, 0, 0, 0, 0, 0, 0, 0, 0, 0, 0, 0, 0, 0, 0, 0, 0, 0, 0, 0, 0, 0, 0, 0, 0, 0, 0, 0, 0, 0, 0, 0, 0, 0, 0, 0, 0, 0, 0, 0, 0, 0, 0, 0, 0, 0, 0, 0, 0, 0, 0, 0, 0, 0, 0, 0, 0, 0, 0, 0, 0, 0, 0, 0, 0, 0, 0, 0, 561, 561, 0, 0, 0, 0, 0, 0, 0, 0, 0, 0, 0, 0, 0, 0, 0, 0, 0, 0, 0, 0, 0, 0, 0, 0, 0, 0, 0, 0, 0, 0, 0, 0, 0, 0, 0, 0, 0, 0, 0, 0, 0, 0, 0, 0, 0, 0, 0, 0, 0, 0, 0, 0, 0, 0, 0, 0, 0, 0, 0, 0, 0, 0, 0, 0, 0, 0, 0, 0, 0, 0, 0, 0, 0, 0, 0, 0, 0, 0, 561, 561, 0, 0, 0, 0, 0, 0, 0, 0, 0, 0, 0, 0, 0, 0, 0, 0, 0, 0, 0, 0, 0, 0, 0, 0, 0, 0, 0, 0, 0, 0, 0, 0, 0, 0, 0, 0, 0, 0, 0, 0, 0, 0, 0, 0, 0, 0, 0, 0, 0, 0, 0, 0, 0, 0, 0, 0, 0, 0, 0, 0, 0, 0, 0, 0, 0, 0, 0, 0, 0, 0, 0, 0, 0, 0, 0, 0, 0, 0, 561, 561, 0, 0, 0, 0, 0, 0, 0, 0, 0, 0, 0, 0, 0, 0, 0, 0, 0, 0, 0, 0, 0, 0, 0, 0, 0, 0, 0, 0, 0, 0, 0, 0, 0, 0, 0, 0, 0, 0, 0, 0, 0, 0, 0, 0, 0, 0, 0, 0, 0, 0, 0, 0, 0, 0, 0, 0, 0, 0, 0, 0, 0, 0, 0, 0, 0, 0, 0, 0, 0, 0, 0, 0, 0, 0, 0, 0, 0, 0, 561, 561, 0, 0, 0, 0, 0, 0, 0, 0, 0, 0, 0, 0, 0, 0, 0, 0, 0, 0, 0, 0, 0, 0, 0, 0, 0, 0, 0, 0, 0, 0, 0, 0, 0, 0, 0, 0, 0, 0, 0, 0, 0, 0, 0, 0, 0, 0, 0, 0, 0, 0, 0, 0, 0, 0, 0, 0, 0, 0, 0, 0, 0, 0, 0, 0, 0, 0, 0, 0, 0, 0, 0, 0, 0, 0, 0, 0, 0, 0, 561, 561, 0, 0, 0, 0, 0, 0, 0, 0, 0, 0, 0, 0, 0, 0, 0, 0, 0, 0, 0, 0, 0, 0, 0, 0, 0, 0, 0, 0, 0, 0, 0, 0, 0, 0, 0, 0, 0, 0, 0, 0, 0, 0, 0, 0, 0, 0, 0, 0, 0, 0, 0, 0, 0, 0, 0, 0, 0, 0, 0, 0, 0, 0, 0, 0, 0, 0, 0, 0, 0, 0, 0, 0, 0, 0, 0, 0, 0, 0, 561, 561, 0, 0, 0, 0, 0, 0, 0, 0, 0, 0, 0, 0, 0, 0, 0, 0, 0, 0, 0, 0, 0, 0, 0, 0, 0, 0, 0, 0, 0, 0, 0, 0, 0, 0, 0, 0, 0, 0, 0, 0, 0, 0, 0, 0, 0, 0, 0, 0, 0, 0, 0, 0, 0, 0, 0, 0, 0, 0, 0, 0, 0, 0, 0, 0, 0, 0, 0, 0, 0, 0, 0, 0, 0, 0, 0, 0, 0, 0, 561, 561, 0, 0, 0, 0, 0, 0, 0, 0, 0, 0, 0, 0, 0, 0, 0, 0, 0, 0, 0, 0, 0, 0, 0, 0, 0, 0, 0, 0, 0, 0, 0, 0, 0, 0, 0, 0, 0, 0, 0, 0, 0, 0, 0, 0, 0, 0, 0, 0, 0, 0, 0, 0, 0, 0, 0, 0, 0, 0, 0, 0, 0, 0, 0, 0, 0, 0, 0, 0, 0, 0, 0, 0, 0, 0, 0, 0, 0, 0, 561, 561, 0, 0, 0, 0, 0, 0, 0, 0, 0, 0, 0, 0, 0, 0, 0, 0, 0, 0, 0, 0, 0, 0, 0, 0, 0, 0, 0, 0, 0, 0, 0, 0, 0, 0, 0, 0, 0, 0, 0, 0, 0, 0, 0, 0, 0, 0, 0, 0, 0, 0, 0, 0, 0, 0, 0, 0, 0, 0, 0, 0, 0, 0, 0, 0, 0, 0, 0, 0, 0, 0, 0, 0, 0, 0, 0, 0, 0, 0, 561, 561, 0, 0, 0, 0, 0, 0, 0, 0, 0, 0, 0, 0, 0, 0, 0, 0, 0, 0, 0, 0, 0, 0, 0, 0, 0, 0, 0, 0, 0, 0, 0, 0, 0, 0, 0, 0, 0, 0, 0, 0, 0, 0, 0, 0, 0, 0, 0, 0, 0, 0, 0, 0, 0, 0, 0, 0, 0, 0, 0, 0, 0, 0, 0, 0, 0, 0, 0, 0, 0, 0, 0, 0, 0, 0, 0, 0, 0, 0, 561, 561, 0, 0, 0, 0, 0, 0, 0, 0, 0, 0, 0, 0, 0, 0, 0, 0, 0, 0, 0, 0, 0, 0, 0, 0, 0, 0, 0, 0, 0, 0, 0, 0, 0, 0, 0, 0, 0, 0, 0, 0, 0, 0, 0, 0, 0, 0, 0, 0, 0, 0, 0, 0, 0, 0, 0, 0, 0, 0, 0, 0, 0, 0, 0, 0, 0, 0, 0, 0, 0, 0, 0, 0, 0, 0, 0, 0, 0, 0, 561, 581, 585, 585, 585, 585, 585, 585, 585, 585, 585, 585, 585, 585, 585, 585, 585, 585, 585, 585, 585, 585, 585, 585, 585, 585, 585, 1106, 1106, 1106, 1106, 1106, 1106, 1106, 1106, 1106, 1106, 1106, 1106, 1106, 1106, 1106, 1106, 1106, 1106, 1106, 585, 585, 585, 585, 585, 585, 585, 585, 585, 585, 585, 585, 585, 585, 585, 585, 585, 585, 585, 585, 585, 585, 585, 585, 585, 585, 585, 585, 585, 585, 542, 542, 542, 542, 583], objects=[], opacity=0.0, draworder=), Layer(width=0, height=0, name=Object Layer 1, type=objectgroup, visible=false, x=0, y=0, data=[], objects=[com.almasb.fxgl.entity.level.tiled.TiledObject@737839e0, com.almasb.fxgl.entity.level.tiled.TiledObject@28cd942a, com.almasb.fxgl.entity.level.tiled.TiledObject@6a04c50d, com.almasb.fxgl.entity.level.tiled.TiledObject@68f950f1, com.almasb.fxgl.entity.level.tiled.TiledObject@5afcd337, com.almasb.fxgl.entity.level.tiled.TiledObject@1ed46086, com.almasb.fxgl.entity.level.tiled.TiledObject@5234f2fc, com.almasb.fxgl.entity.level.tiled.TiledObject@70e85e93, com.almasb.fxgl.entity.level.tiled.TiledObject@4cb14ed2, com.almasb.fxgl.entity.level.tiled.TiledObject@715cd792, com.almasb.fxgl.entity.level.tiled.TiledObject@40a7857, com.almasb.fxgl.entity.level.tiled.TiledObject@36a4a283, com.almasb.fxgl.entity.level.tiled.TiledObject@7025ad5b, com.almasb.fxgl.entity.level.tiled.TiledObject@67d2148a, com.almasb.fxgl.entity.level.tiled.TiledObject@304d00e7, com.almasb.fxgl.entity.level.tiled.TiledObject@236e1cd7, com.almasb.fxgl.entity.level.tiled.TiledObject@7efc2294, com.almasb.fxgl.entity.level.tiled.TiledObject@9fd0f85, com.almasb.fxgl.entity.level.tiled.TiledObject@516f6c65, com.almasb.fxgl.entity.level.tiled.TiledObject@2b44a3b], opacity=0.0, draworder=)], tilesets=[Tileset(firstgid=1, image=Wall.png, name=Wall, tilewidth=16, tileheight=16, imagewidth=320, imageheight=816, margin=0, spacing=0, columns=20, tilecount=1020, transparentcolor=, tiles=[]), Tileset(firstgid=1021, image=Floor.png, name=Floor, tilewidth=16, tileheight=16, imagewidth=336, imageheight=624, margin=0, spacing=0, columns=21, tilecount=819, transparentcolor=, tiles=[])], backgroundcolor=, renderorder=right-down, nextobjectid=35, version=1, tiledversion=1.7.0, type=map, infinite=false, hexsidelength=0, staggeraxis=, staggerindex=, properties={}, propertytypes={})
16:51:53.788 [JavaFX Application Thread] DEBUG TMXLevelLoader       - Creating tile layer entities
16:51:53.789 [JavaFX Application Thread] DEBUG TilesetLoader        - Loading view for layer Tile Layer 1
16:51:53.790 [JavaFX Application Thread] DEBUG TilesetLoader        - Created buffer with size 1280.0x720.0
16:51:53.799 [JavaFX Application Thread] DEBUG TilesetLoader        - Writing to buffer: dst=0,0, w=16,h=16, src=0,432
16:51:53.799 [JavaFX Application Thread] DEBUG TilesetLoader        - Writing to buffer: dst=16,0, w=16,h=16, src=16,432
16:51:53.799 [JavaFX Application Thread] DEBUG TilesetLoader        - Writing to buffer: dst=32,0, w=16,h=16, src=16,432
16:51:53.799 [JavaFX Application Thread] DEBUG TilesetLoader        - Writing to buffer: dst=48,0, w=16,h=16, src=16,432
16:51:53.799 [JavaFX Application Thread] DEBUG TilesetLoader        - Writing to buffer: dst=64,0, w=16,h=16, src=16,432
16:51:53.799 [JavaFX Application Thread] DEBUG TilesetLoader        - Writing to buffer: dst=80,0, w=16,h=16, src=16,432
16:51:53.799 [JavaFX Application Thread] DEBUG TilesetLoader        - Writing to buffer: dst=96,0, w=16,h=16, src=16,432
16:51:53.800 [JavaFX Application Thread] DEBUG TilesetLoader        - Writing to buffer: dst=112,0, w=16,h=16, src=16,432
16:51:53.800 [JavaFX Application Thread] DEBUG TilesetLoader        - Writing to buffer: dst=128,0, w=16,h=16, src=16,432
16:51:53.800 [JavaFX Application Thread] DEBUG TilesetLoader        - Writing to buffer: dst=144,0, w=16,h=16, src=16,432
16:51:53.800 [JavaFX Application Thread] DEBUG TilesetLoader        - Writing to buffer: dst=160,0, w=16,h=16, src=16,432
16:51:53.800 [JavaFX Application Thread] DEBUG TilesetLoader        - Writing to buffer: dst=176,0, w=16,h=16, src=16,432
16:51:53.800 [JavaFX Application Thread] DEBUG TilesetLoader        - Writing to buffer: dst=192,0, w=16,h=16, src=16,432
16:51:53.800 [JavaFX Application Thread] DEBUG TilesetLoader        - Writing to buffer: dst=208,0, w=16,h=16, src=16,432
16:51:53.800 [JavaFX Application Thread] DEBUG TilesetLoader        - Writing to buffer: dst=224,0, w=16,h=16, src=16,432
16:51:53.800 [JavaFX Application Thread] DEBUG TilesetLoader        - Writing to buffer: dst=240,0, w=16,h=16, src=16,432
16:51:53.800 [JavaFX Application Thread] DEBUG TilesetLoader        - Writing to buffer: dst=256,0, w=16,h=16, src=16,432
16:51:53.800 [JavaFX Application Thread] DEBUG TilesetLoader        - Writing to buffer: dst=272,0, w=16,h=16, src=16,432
16:51:53.800 [JavaFX Application Thread] DEBUG TilesetLoader        - Writing to buffer: dst=288,0, w=16,h=16, src=16,432
16:51:53.800 [JavaFX Application Thread] DEBUG TilesetLoader        - Writing to buffer: dst=304,0, w=16,h=16, src=16,432
16:51:53.800 [JavaFX Application Thread] DEBUG TilesetLoader        - Writing to buffer: dst=320,0, w=16,h=16, src=16,432
16:51:53.800 [JavaFX Application Thread] DEBUG TilesetLoader        - Writing to buffer: dst=336,0, w=16,h=16, src=16,432
16:51:53.800 [JavaFX Application Thread] DEBUG TilesetLoader        - Writing to buffer: dst=352,0, w=16,h=16, src=16,432
16:51:53.800 [JavaFX Application Thread] DEBUG TilesetLoader        - Writing to buffer: dst=368,0, w=16,h=16, src=16,432
16:51:53.800 [JavaFX Application Thread] DEBUG TilesetLoader        - Writing to buffer: dst=384,0, w=16,h=16, src=16,432
16:51:53.800 [JavaFX Application Thread] DEBUG TilesetLoader        - Writing to buffer: dst=400,0, w=16,h=16, src=16,432
16:51:53.804 [JavaFX Application Thread] DEBUG TilesetLoader        - Writing to buffer: dst=416,0, w=16,h=16, src=16,64
16:51:53.804 [JavaFX Application Thread] DEBUG TilesetLoader        - Writing to buffer: dst=432,0, w=16,h=16, src=16,64
16:51:53.804 [JavaFX Application Thread] DEBUG TilesetLoader        - Writing to buffer: dst=448,0, w=16,h=16, src=16,64
16:51:53.804 [JavaFX Application Thread] DEBUG TilesetLoader        - Writing to buffer: dst=464,0, w=16,h=16, src=16,64
16:51:53.804 [JavaFX Application Thread] DEBUG TilesetLoader        - Writing to buffer: dst=480,0, w=16,h=16, src=16,64
16:51:53.804 [JavaFX Application Thread] DEBUG TilesetLoader        - Writing to buffer: dst=496,0, w=16,h=16, src=16,64
16:51:53.804 [JavaFX Application Thread] DEBUG TilesetLoader        - Writing to buffer: dst=512,0, w=16,h=16, src=16,64
16:51:53.804 [JavaFX Application Thread] DEBUG TilesetLoader        - Writing to buffer: dst=528,0, w=16,h=16, src=16,64
16:51:53.804 [JavaFX Application Thread] DEBUG TilesetLoader        - Writing to buffer: dst=544,0, w=16,h=16, src=16,64
16:51:53.804 [JavaFX Application Thread] DEBUG TilesetLoader        - Writing to buffer: dst=560,0, w=16,h=16, src=16,64
16:51:53.804 [JavaFX Application Thread] DEBUG TilesetLoader        - Writing to buffer: dst=576,0, w=16,h=16, src=16,64
16:51:53.804 [JavaFX Application Thread] DEBUG TilesetLoader        - Writing to buffer: dst=592,0, w=16,h=16, src=16,64
16:51:53.804 [JavaFX Application Thread] DEBUG TilesetLoader        - Writing to buffer: dst=608,0, w=16,h=16, src=16,64
16:51:53.805 [JavaFX Application Thread] DEBUG TilesetLoader        - Writing to buffer: dst=624,0, w=16,h=16, src=16,64
16:51:53.805 [JavaFX Application Thread] DEBUG TilesetLoader        - Writing to buffer: dst=640,0, w=16,h=16, src=16,64
16:51:53.805 [JavaFX Application Thread] DEBUG TilesetLoader        - Writing to buffer: dst=656,0, w=16,h=16, src=16,64
16:51:53.805 [JavaFX Application Thread] DEBUG TilesetLoader        - Writing to buffer: dst=672,0, w=16,h=16, src=16,64
16:51:53.805 [JavaFX Application Thread] DEBUG TilesetLoader        - Writing to buffer: dst=688,0, w=16,h=16, src=16,64
16:51:53.805 [JavaFX Application Thread] DEBUG TilesetLoader        - Writing to buffer: dst=704,0, w=16,h=16, src=16,64
16:51:53.805 [JavaFX Application Thread] DEBUG TilesetLoader        - Writing to buffer: dst=720,0, w=16,h=16, src=16,64
16:51:53.805 [JavaFX Application Thread] DEBUG TilesetLoader        - Writing to buffer: dst=736,0, w=16,h=16, src=16,432
16:51:53.805 [JavaFX Application Thread] DEBUG TilesetLoader        - Writing to buffer: dst=752,0, w=16,h=16, src=16,432
16:51:53.805 [JavaFX Application Thread] DEBUG TilesetLoader        - Writing to buffer: dst=768,0, w=16,h=16, src=16,432
16:51:53.805 [JavaFX Application Thread] DEBUG TilesetLoader        - Writing to buffer: dst=784,0, w=16,h=16, src=16,432
16:51:53.805 [JavaFX Application Thread] DEBUG TilesetLoader        - Writing to buffer: dst=800,0, w=16,h=16, src=16,432
16:51:53.805 [JavaFX Application Thread] DEBUG TilesetLoader        - Writing to buffer: dst=816,0, w=16,h=16, src=16,432
16:51:53.805 [JavaFX Application Thread] DEBUG TilesetLoader        - Writing to buffer: dst=832,0, w=16,h=16, src=16,432
16:51:53.805 [JavaFX Application Thread] DEBUG TilesetLoader        - Writing to buffer: dst=848,0, w=16,h=16, src=16,432
16:51:53.805 [JavaFX Application Thread] DEBUG TilesetLoader        - Writing to buffer: dst=864,0, w=16,h=16, src=16,432
16:51:53.805 [JavaFX Application Thread] DEBUG TilesetLoader        - Writing to buffer: dst=880,0, w=16,h=16, src=16,432
16:51:53.805 [JavaFX Application Thread] DEBUG TilesetLoader        - Writing to buffer: dst=896,0, w=16,h=16, src=16,432
16:51:53.805 [JavaFX Application Thread] DEBUG TilesetLoader        - Writing to buffer: dst=912,0, w=16,h=16, src=16,432
16:51:53.805 [JavaFX Application Thread] DEBUG TilesetLoader        - Writing to buffer: dst=928,0, w=16,h=16, src=16,432
16:51:53.805 [JavaFX Application Thread] DEBUG TilesetLoader        - Writing to buffer: dst=944,0, w=16,h=16, src=16,432
16:51:53.805 [JavaFX Application Thread] DEBUG TilesetLoader        - Writing to buffer: dst=960,0, w=16,h=16, src=16,432
16:51:53.805 [JavaFX Application Thread] DEBUG TilesetLoader        - Writing to buffer: dst=976,0, w=16,h=16, src=16,432
16:51:53.805 [JavaFX Application Thread] DEBUG TilesetLoader        - Writing to buffer: dst=992,0, w=16,h=16, src=16,432
16:51:53.805 [JavaFX Application Thread] DEBUG TilesetLoader        - Writing to buffer: dst=1008,0, w=16,h=16, src=16,432
16:51:53.805 [JavaFX Application Thread] DEBUG TilesetLoader        - Writing to buffer: dst=1024,0, w=16,h=16, src=16,432
16:51:53.806 [JavaFX Application Thread] DEBUG TilesetLoader        - Writing to buffer: dst=1040,0, w=16,h=16, src=16,432
16:51:53.806 [JavaFX Application Thread] DEBUG TilesetLoader        - Writing to buffer: dst=1056,0, w=16,h=16, src=16,432
16:51:53.806 [JavaFX Application Thread] DEBUG TilesetLoader        - Writing to buffer: dst=1072,0, w=16,h=16, src=16,432
16:51:53.806 [JavaFX Application Thread] DEBUG TilesetLoader        - Writing to buffer: dst=1088,0, w=16,h=16, src=16,432
16:51:53.806 [JavaFX Application Thread] DEBUG TilesetLoader        - Writing to buffer: dst=1104,0, w=16,h=16, src=16,432
16:51:53.806 [JavaFX Application Thread] DEBUG TilesetLoader        - Writing to buffer: dst=1120,0, w=16,h=16, src=16,432
16:51:53.806 [JavaFX Application Thread] DEBUG TilesetLoader        - Writing to buffer: dst=1136,0, w=16,h=16, src=16,432
16:51:53.806 [JavaFX Application Thread] DEBUG TilesetLoader        - Writing to buffer: dst=1152,0, w=16,h=16, src=16,432
16:51:53.806 [JavaFX Application Thread] DEBUG TilesetLoader        - Writing to buffer: dst=1168,0, w=16,h=16, src=16,432
16:51:53.806 [JavaFX Application Thread] DEBUG TilesetLoader        - Writing to buffer: dst=1184,0, w=16,h=16, src=16,432
16:51:53.806 [JavaFX Application Thread] DEBUG TilesetLoader        - Writing to buffer: dst=1200,0, w=16,h=16, src=16,432
16:51:53.806 [JavaFX Application Thread] DEBUG TilesetLoader        - Writing to buffer: dst=1216,0, w=16,h=16, src=16,432
16:51:53.806 [JavaFX Application Thread] DEBUG TilesetLoader        - Writing to buffer: dst=1232,0, w=16,h=16, src=16,432
16:51:53.806 [JavaFX Application Thread] DEBUG TilesetLoader        - Writing to buffer: dst=1248,0, w=16,h=16, src=16,432
16:51:53.806 [JavaFX Application Thread] DEBUG TilesetLoader        - Writing to buffer: dst=1264,0, w=16,h=16, src=32,432
16:51:53.806 [JavaFX Application Thread] DEBUG TilesetLoader        - Writing to buffer: dst=0,16, w=16,h=16, src=0,448
16:51:53.806 [JavaFX Application Thread] DEBUG TilesetLoader        - Writing to buffer: dst=1264,16, w=16,h=16, src=0,448
16:51:53.806 [JavaFX Application Thread] DEBUG TilesetLoader        - Writing to buffer: dst=0,32, w=16,h=16, src=0,448
16:51:53.806 [JavaFX Application Thread] DEBUG TilesetLoader        - Writing to buffer: dst=1264,32, w=16,h=16, src=0,448
16:51:53.806 [JavaFX Application Thread] DEBUG TilesetLoader        - Writing to buffer: dst=0,48, w=16,h=16, src=0,448
16:51:53.806 [JavaFX Application Thread] DEBUG TilesetLoader        - Writing to buffer: dst=1264,48, w=16,h=16, src=0,448
16:51:53.806 [JavaFX Application Thread] DEBUG TilesetLoader        - Writing to buffer: dst=0,64, w=16,h=16, src=0,448
16:51:53.806 [JavaFX Application Thread] DEBUG TilesetLoader        - Writing to buffer: dst=1264,64, w=16,h=16, src=0,448
16:51:53.806 [JavaFX Application Thread] DEBUG TilesetLoader        - Writing to buffer: dst=0,80, w=16,h=16, src=0,448
16:51:53.806 [JavaFX Application Thread] DEBUG TilesetLoader        - Writing to buffer: dst=1264,80, w=16,h=16, src=0,448
16:51:53.807 [JavaFX Application Thread] DEBUG TilesetLoader        - Writing to buffer: dst=0,96, w=16,h=16, src=0,448
16:51:53.807 [JavaFX Application Thread] DEBUG TilesetLoader        - Writing to buffer: dst=1264,96, w=16,h=16, src=0,448
16:51:53.807 [JavaFX Application Thread] DEBUG TilesetLoader        - Writing to buffer: dst=0,112, w=16,h=16, src=0,448
16:51:53.807 [JavaFX Application Thread] DEBUG TilesetLoader        - Writing to buffer: dst=1264,112, w=16,h=16, src=0,448
16:51:53.807 [JavaFX Application Thread] DEBUG TilesetLoader        - Writing to buffer: dst=0,128, w=16,h=16, src=0,448
16:51:53.807 [JavaFX Application Thread] DEBUG TilesetLoader        - Writing to buffer: dst=1264,128, w=16,h=16, src=0,448
16:51:53.807 [JavaFX Application Thread] DEBUG TilesetLoader        - Writing to buffer: dst=0,144, w=16,h=16, src=0,448
16:51:53.807 [JavaFX Application Thread] DEBUG TilesetLoader        - Writing to buffer: dst=416,144, w=16,h=16, src=48,448
16:51:53.807 [JavaFX Application Thread] DEBUG TilesetLoader        - Writing to buffer: dst=432,144, w=16,h=16, src=16,432
16:51:53.807 [JavaFX Application Thread] DEBUG TilesetLoader        - Writing to buffer: dst=448,144, w=16,h=16, src=16,432
16:51:53.807 [JavaFX Application Thread] DEBUG TilesetLoader        - Writing to buffer: dst=464,144, w=16,h=16, src=16,432
16:51:53.807 [JavaFX Application Thread] DEBUG TilesetLoader        - Writing to buffer: dst=480,144, w=16,h=16, src=16,432
16:51:53.807 [JavaFX Application Thread] DEBUG TilesetLoader        - Writing to buffer: dst=496,144, w=16,h=16, src=16,432
16:51:53.807 [JavaFX Application Thread] DEBUG TilesetLoader        - Writing to buffer: dst=512,144, w=16,h=16, src=16,432
16:51:53.807 [JavaFX Application Thread] DEBUG TilesetLoader        - Writing to buffer: dst=528,144, w=16,h=16, src=16,432
16:51:53.807 [JavaFX Application Thread] DEBUG TilesetLoader        - Writing to buffer: dst=544,144, w=16,h=16, src=16,432
16:51:53.807 [JavaFX Application Thread] DEBUG TilesetLoader        - Writing to buffer: dst=560,144, w=16,h=16, src=64,432
16:51:53.807 [JavaFX Application Thread] DEBUG TilesetLoader        - Writing to buffer: dst=576,144, w=16,h=16, src=16,432
16:51:53.807 [JavaFX Application Thread] DEBUG TilesetLoader        - Writing to buffer: dst=592,144, w=16,h=16, src=16,432
16:51:53.807 [JavaFX Application Thread] DEBUG TilesetLoader        - Writing to buffer: dst=608,144, w=16,h=16, src=16,432
16:51:53.807 [JavaFX Application Thread] DEBUG TilesetLoader        - Writing to buffer: dst=624,144, w=16,h=16, src=16,432
16:51:53.807 [JavaFX Application Thread] DEBUG TilesetLoader        - Writing to buffer: dst=640,144, w=16,h=16, src=16,432
16:51:53.807 [JavaFX Application Thread] DEBUG TilesetLoader        - Writing to buffer: dst=656,144, w=16,h=16, src=16,432
16:51:53.807 [JavaFX Application Thread] DEBUG TilesetLoader        - Writing to buffer: dst=672,144, w=16,h=16, src=16,432
16:51:53.807 [JavaFX Application Thread] DEBUG TilesetLoader        - Writing to buffer: dst=688,144, w=16,h=16, src=16,432
16:51:53.807 [JavaFX Application Thread] DEBUG TilesetLoader        - Writing to buffer: dst=704,144, w=16,h=16, src=32,432
16:51:53.807 [JavaFX Application Thread] DEBUG TilesetLoader        - Writing to buffer: dst=1264,144, w=16,h=16, src=0,448
16:51:53.808 [JavaFX Application Thread] DEBUG TilesetLoader        - Writing to buffer: dst=0,160, w=16,h=16, src=0,448
16:51:53.808 [JavaFX Application Thread] DEBUG TilesetLoader        - Writing to buffer: dst=416,160, w=16,h=16, src=0,448
16:51:53.808 [JavaFX Application Thread] DEBUG TilesetLoader        - Writing to buffer: dst=560,160, w=16,h=16, src=0,448
16:51:53.808 [JavaFX Application Thread] DEBUG TilesetLoader        - Writing to buffer: dst=704,160, w=16,h=16, src=0,448
16:51:53.808 [JavaFX Application Thread] DEBUG TilesetLoader        - Writing to buffer: dst=1264,160, w=16,h=16, src=0,448
16:51:53.808 [JavaFX Application Thread] DEBUG TilesetLoader        - Writing to buffer: dst=0,176, w=16,h=16, src=0,448
16:51:53.808 [JavaFX Application Thread] DEBUG TilesetLoader        - Writing to buffer: dst=416,176, w=16,h=16, src=0,448
16:51:53.808 [JavaFX Application Thread] DEBUG TilesetLoader        - Writing to buffer: dst=560,176, w=16,h=16, src=0,448
16:51:53.808 [JavaFX Application Thread] DEBUG TilesetLoader        - Writing to buffer: dst=704,176, w=16,h=16, src=0,448
16:51:53.808 [JavaFX Application Thread] DEBUG TilesetLoader        - Writing to buffer: dst=1264,176, w=16,h=16, src=0,448
16:51:53.808 [JavaFX Application Thread] DEBUG TilesetLoader        - Writing to buffer: dst=0,192, w=16,h=16, src=0,448
16:51:53.808 [JavaFX Application Thread] DEBUG TilesetLoader        - Writing to buffer: dst=416,192, w=16,h=16, src=0,448
16:51:53.808 [JavaFX Application Thread] DEBUG TilesetLoader        - Writing to buffer: dst=560,192, w=16,h=16, src=0,448
16:51:53.808 [JavaFX Application Thread] DEBUG TilesetLoader        - Writing to buffer: dst=704,192, w=16,h=16, src=0,448
16:51:53.808 [JavaFX Application Thread] DEBUG TilesetLoader        - Writing to buffer: dst=1264,192, w=16,h=16, src=0,448
16:51:53.808 [JavaFX Application Thread] DEBUG TilesetLoader        - Writing to buffer: dst=0,208, w=16,h=16, src=0,448
16:51:53.808 [JavaFX Application Thread] DEBUG TilesetLoader        - Writing to buffer: dst=416,208, w=16,h=16, src=0,448
16:51:53.808 [JavaFX Application Thread] DEBUG TilesetLoader        - Writing to buffer: dst=704,208, w=16,h=16, src=0,448
16:51:53.808 [JavaFX Application Thread] DEBUG TilesetLoader        - Writing to buffer: dst=1264,208, w=16,h=16, src=0,448
16:51:53.808 [JavaFX Application Thread] DEBUG TilesetLoader        - Writing to buffer: dst=0,224, w=16,h=16, src=0,448
16:51:53.808 [JavaFX Application Thread] DEBUG TilesetLoader        - Writing to buffer: dst=416,224, w=16,h=16, src=0,448
16:51:53.808 [JavaFX Application Thread] DEBUG TilesetLoader        - Writing to buffer: dst=704,224, w=16,h=16, src=0,448
16:51:53.808 [JavaFX Application Thread] DEBUG TilesetLoader        - Writing to buffer: dst=1264,224, w=16,h=16, src=0,448
16:51:53.808 [JavaFX Application Thread] DEBUG TilesetLoader        - Writing to buffer: dst=0,240, w=16,h=16, src=0,448
16:51:53.808 [JavaFX Application Thread] DEBUG TilesetLoader        - Writing to buffer: dst=416,240, w=16,h=16, src=0,448
16:51:53.808 [JavaFX Application Thread] DEBUG TilesetLoader        - Writing to buffer: dst=704,240, w=16,h=16, src=0,448
16:51:53.808 [JavaFX Application Thread] DEBUG TilesetLoader        - Writing to buffer: dst=1264,240, w=16,h=16, src=0,448
16:51:53.809 [JavaFX Application Thread] DEBUG TilesetLoader        - Writing to buffer: dst=0,256, w=16,h=16, src=16,64
16:51:53.809 [JavaFX Application Thread] DEBUG TilesetLoader        - Writing to buffer: dst=416,256, w=16,h=16, src=0,448
16:51:53.809 [JavaFX Application Thread] DEBUG TilesetLoader        - Writing to buffer: dst=560,256, w=16,h=16, src=0,448
16:51:53.809 [JavaFX Application Thread] DEBUG TilesetLoader        - Writing to buffer: dst=704,256, w=16,h=16, src=0,448
16:51:53.809 [JavaFX Application Thread] DEBUG TilesetLoader        - Writing to buffer: dst=1264,256, w=16,h=16, src=16,64
16:51:53.809 [JavaFX Application Thread] DEBUG TilesetLoader        - Writing to buffer: dst=0,272, w=16,h=16, src=16,64
16:51:53.809 [JavaFX Application Thread] DEBUG TilesetLoader        - Writing to buffer: dst=416,272, w=16,h=16, src=0,448
16:51:53.809 [JavaFX Application Thread] DEBUG TilesetLoader        - Writing to buffer: dst=560,272, w=16,h=16, src=0,448
16:51:53.809 [JavaFX Application Thread] DEBUG TilesetLoader        - Writing to buffer: dst=704,272, w=16,h=16, src=0,448
16:51:53.809 [JavaFX Application Thread] DEBUG TilesetLoader        - Writing to buffer: dst=1264,272, w=16,h=16, src=16,64
16:51:53.809 [JavaFX Application Thread] DEBUG TilesetLoader        - Writing to buffer: dst=0,288, w=16,h=16, src=16,64
16:51:53.809 [JavaFX Application Thread] DEBUG TilesetLoader        - Writing to buffer: dst=416,288, w=16,h=16, src=0,448
16:51:53.809 [JavaFX Application Thread] DEBUG TilesetLoader        - Writing to buffer: dst=560,288, w=16,h=16, src=0,448
16:51:53.809 [JavaFX Application Thread] DEBUG TilesetLoader        - Writing to buffer: dst=704,288, w=16,h=16, src=0,448
16:51:53.809 [JavaFX Application Thread] DEBUG TilesetLoader        - Writing to buffer: dst=1264,288, w=16,h=16, src=16,64
16:51:53.809 [JavaFX Application Thread] DEBUG TilesetLoader        - Writing to buffer: dst=0,304, w=16,h=16, src=16,64
16:51:53.809 [JavaFX Application Thread] DEBUG TilesetLoader        - Writing to buffer: dst=416,304, w=16,h=16, src=64,432
16:51:53.809 [JavaFX Application Thread] DEBUG TilesetLoader        - Writing to buffer: dst=432,304, w=16,h=16, src=64,464
16:51:53.809 [JavaFX Application Thread] DEBUG TilesetLoader        - Writing to buffer: dst=448,304, w=16,h=16, src=64,464
16:51:53.809 [JavaFX Application Thread] DEBUG TilesetLoader        - Writing to buffer: dst=464,304, w=16,h=16, src=64,464
16:51:53.809 [JavaFX Application Thread] DEBUG TilesetLoader        - Writing to buffer: dst=512,304, w=16,h=16, src=64,464
16:51:53.809 [JavaFX Application Thread] DEBUG TilesetLoader        - Writing to buffer: dst=528,304, w=16,h=16, src=64,464
16:51:53.809 [JavaFX Application Thread] DEBUG TilesetLoader        - Writing to buffer: dst=544,304, w=16,h=16, src=64,464
16:51:53.809 [JavaFX Application Thread] DEBUG TilesetLoader        - Writing to buffer: dst=560,304, w=16,h=16, src=64,432
16:51:53.809 [JavaFX Application Thread] DEBUG TilesetLoader        - Writing to buffer: dst=576,304, w=16,h=16, src=64,464
16:51:53.809 [JavaFX Application Thread] DEBUG TilesetLoader        - Writing to buffer: dst=592,304, w=16,h=16, src=64,464
16:51:53.809 [JavaFX Application Thread] DEBUG TilesetLoader        - Writing to buffer: dst=608,304, w=16,h=16, src=64,464
16:51:53.809 [JavaFX Application Thread] DEBUG TilesetLoader        - Writing to buffer: dst=656,304, w=16,h=16, src=64,464
16:51:53.810 [JavaFX Application Thread] DEBUG TilesetLoader        - Writing to buffer: dst=672,304, w=16,h=16, src=64,464
16:51:53.810 [JavaFX Application Thread] DEBUG TilesetLoader        - Writing to buffer: dst=688,304, w=16,h=16, src=64,464
16:51:53.810 [JavaFX Application Thread] DEBUG TilesetLoader        - Writing to buffer: dst=704,304, w=16,h=16, src=64,432
16:51:53.810 [JavaFX Application Thread] DEBUG TilesetLoader        - Writing to buffer: dst=1264,304, w=16,h=16, src=16,64
16:51:53.810 [JavaFX Application Thread] DEBUG TilesetLoader        - Writing to buffer: dst=0,320, w=16,h=16, src=16,64
16:51:53.810 [JavaFX Application Thread] DEBUG TilesetLoader        - Writing to buffer: dst=416,320, w=16,h=16, src=0,448
16:51:53.810 [JavaFX Application Thread] DEBUG TilesetLoader        - Writing to buffer: dst=560,320, w=16,h=16, src=0,448
16:51:53.810 [JavaFX Application Thread] DEBUG TilesetLoader        - Writing to buffer: dst=704,320, w=16,h=16, src=0,448
16:51:53.810 [JavaFX Application Thread] DEBUG TilesetLoader        - Writing to buffer: dst=1264,320, w=16,h=16, src=16,64
16:51:53.810 [JavaFX Application Thread] DEBUG TilesetLoader        - Writing to buffer: dst=0,336, w=16,h=16, src=16,64
16:51:53.810 [JavaFX Application Thread] DEBUG TilesetLoader        - Writing to buffer: dst=416,336, w=16,h=16, src=0,448
16:51:53.810 [JavaFX Application Thread] DEBUG TilesetLoader        - Writing to buffer: dst=560,336, w=16,h=16, src=0,448
16:51:53.810 [JavaFX Application Thread] DEBUG TilesetLoader        - Writing to buffer: dst=704,336, w=16,h=16, src=0,448
16:51:53.810 [JavaFX Application Thread] DEBUG TilesetLoader        - Writing to buffer: dst=1264,336, w=16,h=16, src=16,64
16:51:53.810 [JavaFX Application Thread] DEBUG TilesetLoader        - Writing to buffer: dst=0,352, w=16,h=16, src=16,64
16:51:53.810 [JavaFX Application Thread] DEBUG TilesetLoader        - Writing to buffer: dst=416,352, w=16,h=16, src=0,448
16:51:53.810 [JavaFX Application Thread] DEBUG TilesetLoader        - Writing to buffer: dst=560,352, w=16,h=16, src=0,448
16:51:53.810 [JavaFX Application Thread] DEBUG TilesetLoader        - Writing to buffer: dst=704,352, w=16,h=16, src=0,448
16:51:53.810 [JavaFX Application Thread] DEBUG TilesetLoader        - Writing to buffer: dst=1264,352, w=16,h=16, src=16,64
16:51:53.810 [JavaFX Application Thread] DEBUG TilesetLoader        - Writing to buffer: dst=0,368, w=16,h=16, src=0,448
16:51:53.810 [JavaFX Application Thread] DEBUG TilesetLoader        - Writing to buffer: dst=416,368, w=16,h=16, src=0,448
16:51:53.810 [JavaFX Application Thread] DEBUG TilesetLoader        - Writing to buffer: dst=560,368, w=16,h=16, src=0,448
16:51:53.810 [JavaFX Application Thread] DEBUG TilesetLoader        - Writing to buffer: dst=704,368, w=16,h=16, src=0,448
16:51:53.810 [JavaFX Application Thread] DEBUG TilesetLoader        - Writing to buffer: dst=1264,368, w=16,h=16, src=0,448
16:51:53.810 [JavaFX Application Thread] DEBUG TilesetLoader        - Writing to buffer: dst=0,384, w=16,h=16, src=0,448
16:51:53.810 [JavaFX Application Thread] DEBUG TilesetLoader        - Writing to buffer: dst=416,384, w=16,h=16, src=0,448
16:51:53.810 [JavaFX Application Thread] DEBUG TilesetLoader        - Writing to buffer: dst=560,384, w=16,h=16, src=0,448
16:51:53.810 [JavaFX Application Thread] DEBUG TilesetLoader        - Writing to buffer: dst=704,384, w=16,h=16, src=0,448
16:51:53.810 [JavaFX Application Thread] DEBUG TilesetLoader        - Writing to buffer: dst=1264,384, w=16,h=16, src=0,448
16:51:53.810 [JavaFX Application Thread] DEBUG TilesetLoader        - Writing to buffer: dst=0,400, w=16,h=16, src=0,448
16:51:53.810 [JavaFX Application Thread] DEBUG TilesetLoader        - Writing to buffer: dst=416,400, w=16,h=16, src=0,448
16:51:53.811 [JavaFX Application Thread] DEBUG TilesetLoader        - Writing to buffer: dst=560,400, w=16,h=16, src=0,448
16:51:53.811 [JavaFX Application Thread] DEBUG TilesetLoader        - Writing to buffer: dst=704,400, w=16,h=16, src=0,448
16:51:53.811 [JavaFX Application Thread] DEBUG TilesetLoader        - Writing to buffer: dst=1264,400, w=16,h=16, src=0,448
16:51:53.811 [JavaFX Application Thread] DEBUG TilesetLoader        - Writing to buffer: dst=0,416, w=16,h=16, src=0,448
16:51:53.811 [JavaFX Application Thread] DEBUG TilesetLoader        - Writing to buffer: dst=416,416, w=16,h=16, src=0,448
16:51:53.811 [JavaFX Application Thread] DEBUG TilesetLoader        - Writing to buffer: dst=560,416, w=16,h=16, src=0,448
16:51:53.811 [JavaFX Application Thread] DEBUG TilesetLoader        - Writing to buffer: dst=704,416, w=16,h=16, src=0,448
16:51:53.811 [JavaFX Application Thread] DEBUG TilesetLoader        - Writing to buffer: dst=1264,416, w=16,h=16, src=0,448
16:51:53.811 [JavaFX Application Thread] DEBUG TilesetLoader        - Writing to buffer: dst=0,432, w=16,h=16, src=0,448
16:51:53.811 [JavaFX Application Thread] DEBUG TilesetLoader        - Writing to buffer: dst=416,432, w=16,h=16, src=0,448
16:51:53.811 [JavaFX Application Thread] DEBUG TilesetLoader        - Writing to buffer: dst=560,432, w=16,h=16, src=0,448
16:51:53.811 [JavaFX Application Thread] DEBUG TilesetLoader        - Writing to buffer: dst=704,432, w=16,h=16, src=0,448
16:51:53.811 [JavaFX Application Thread] DEBUG TilesetLoader        - Writing to buffer: dst=1264,432, w=16,h=16, src=0,448
16:51:53.811 [JavaFX Application Thread] DEBUG TilesetLoader        - Writing to buffer: dst=0,448, w=16,h=16, src=0,448
16:51:53.811 [JavaFX Application Thread] DEBUG TilesetLoader        - Writing to buffer: dst=416,448, w=16,h=16, src=0,448
16:51:53.811 [JavaFX Application Thread] DEBUG TilesetLoader        - Writing to buffer: dst=560,448, w=16,h=16, src=0,448
16:51:53.811 [JavaFX Application Thread] DEBUG TilesetLoader        - Writing to buffer: dst=704,448, w=16,h=16, src=0,448
16:51:53.811 [JavaFX Application Thread] DEBUG TilesetLoader        - Writing to buffer: dst=1264,448, w=16,h=16, src=0,448
16:51:53.811 [JavaFX Application Thread] DEBUG TilesetLoader        - Writing to buffer: dst=0,464, w=16,h=16, src=0,448
16:51:53.811 [JavaFX Application Thread] DEBUG TilesetLoader        - Writing to buffer: dst=416,464, w=16,h=16, src=0,448
16:51:53.811 [JavaFX Application Thread] DEBUG TilesetLoader        - Writing to buffer: dst=560,464, w=16,h=16, src=0,448
16:51:53.811 [JavaFX Application Thread] DEBUG TilesetLoader        - Writing to buffer: dst=704,464, w=16,h=16, src=0,448
16:51:53.811 [JavaFX Application Thread] DEBUG TilesetLoader        - Writing to buffer: dst=1264,464, w=16,h=16, src=0,448
16:51:53.811 [JavaFX Application Thread] DEBUG TilesetLoader        - Writing to buffer: dst=0,480, w=16,h=16, src=0,448
16:51:53.811 [JavaFX Application Thread] DEBUG TilesetLoader        - Writing to buffer: dst=416,480, w=16,h=16, src=16,448
16:51:53.811 [JavaFX Application Thread] DEBUG TilesetLoader        - Writing to buffer: dst=560,480, w=16,h=16, src=16,448
16:51:53.811 [JavaFX Application Thread] DEBUG TilesetLoader        - Writing to buffer: dst=704,480, w=16,h=16, src=16,448
16:51:53.811 [JavaFX Application Thread] DEBUG TilesetLoader        - Writing to buffer: dst=1264,480, w=16,h=16, src=0,448
16:51:53.811 [JavaFX Application Thread] DEBUG TilesetLoader        - Writing to buffer: dst=0,496, w=16,h=16, src=0,448
16:51:53.811 [JavaFX Application Thread] DEBUG TilesetLoader        - Writing to buffer: dst=1264,496, w=16,h=16, src=0,448
16:51:53.812 [JavaFX Application Thread] DEBUG TilesetLoader        - Writing to buffer: dst=0,512, w=16,h=16, src=0,448
16:51:53.812 [JavaFX Application Thread] DEBUG TilesetLoader        - Writing to buffer: dst=1264,512, w=16,h=16, src=0,448
16:51:53.812 [JavaFX Application Thread] DEBUG TilesetLoader        - Writing to buffer: dst=0,528, w=16,h=16, src=0,448
16:51:53.812 [JavaFX Application Thread] DEBUG TilesetLoader        - Writing to buffer: dst=1264,528, w=16,h=16, src=0,448
16:51:53.812 [JavaFX Application Thread] DEBUG TilesetLoader        - Writing to buffer: dst=0,544, w=16,h=16, src=0,448
16:51:53.812 [JavaFX Application Thread] DEBUG TilesetLoader        - Writing to buffer: dst=1264,544, w=16,h=16, src=0,448
16:51:53.812 [JavaFX Application Thread] DEBUG TilesetLoader        - Writing to buffer: dst=0,560, w=16,h=16, src=0,448
16:51:53.812 [JavaFX Application Thread] DEBUG TilesetLoader        - Writing to buffer: dst=1264,560, w=16,h=16, src=0,448
16:51:53.812 [JavaFX Application Thread] DEBUG TilesetLoader        - Writing to buffer: dst=0,576, w=16,h=16, src=0,448
16:51:53.812 [JavaFX Application Thread] DEBUG TilesetLoader        - Writing to buffer: dst=1264,576, w=16,h=16, src=0,448
16:51:53.812 [JavaFX Application Thread] DEBUG TilesetLoader        - Writing to buffer: dst=0,592, w=16,h=16, src=0,448
16:51:53.812 [JavaFX Application Thread] DEBUG TilesetLoader        - Writing to buffer: dst=1264,592, w=16,h=16, src=0,448
16:51:53.812 [JavaFX Application Thread] DEBUG TilesetLoader        - Writing to buffer: dst=0,608, w=16,h=16, src=0,448
16:51:53.812 [JavaFX Application Thread] DEBUG TilesetLoader        - Writing to buffer: dst=1264,608, w=16,h=16, src=0,448
16:51:53.812 [JavaFX Application Thread] DEBUG TilesetLoader        - Writing to buffer: dst=0,624, w=16,h=16, src=0,448
16:51:53.812 [JavaFX Application Thread] DEBUG TilesetLoader        - Writing to buffer: dst=1264,624, w=16,h=16, src=0,448
16:51:53.812 [JavaFX Application Thread] DEBUG TilesetLoader        - Writing to buffer: dst=0,640, w=16,h=16, src=0,448
16:51:53.812 [JavaFX Application Thread] DEBUG TilesetLoader        - Writing to buffer: dst=1264,640, w=16,h=16, src=0,448
16:51:53.812 [JavaFX Application Thread] DEBUG TilesetLoader        - Writing to buffer: dst=0,656, w=16,h=16, src=0,448
16:51:53.812 [JavaFX Application Thread] DEBUG TilesetLoader        - Writing to buffer: dst=1264,656, w=16,h=16, src=0,448
16:51:53.812 [JavaFX Application Thread] DEBUG TilesetLoader        - Writing to buffer: dst=0,672, w=16,h=16, src=0,448
16:51:53.812 [JavaFX Application Thread] DEBUG TilesetLoader        - Writing to buffer: dst=1264,672, w=16,h=16, src=0,448
16:51:53.812 [JavaFX Application Thread] DEBUG TilesetLoader        - Writing to buffer: dst=0,688, w=16,h=16, src=0,448
16:51:53.812 [JavaFX Application Thread] DEBUG TilesetLoader        - Writing to buffer: dst=1264,688, w=16,h=16, src=0,448
16:51:53.812 [JavaFX Application Thread] DEBUG TilesetLoader        - Writing to buffer: dst=0,704, w=16,h=16, src=0,464
16:51:53.812 [JavaFX Application Thread] DEBUG TilesetLoader        - Writing to buffer: dst=16,704, w=16,h=16, src=64,464
16:51:53.812 [JavaFX Application Thread] DEBUG TilesetLoader        - Writing to buffer: dst=32,704, w=16,h=16, src=64,464
16:51:53.812 [JavaFX Application Thread] DEBUG TilesetLoader        - Writing to buffer: dst=48,704, w=16,h=16, src=64,464
16:51:53.812 [JavaFX Application Thread] DEBUG TilesetLoader        - Writing to buffer: dst=64,704, w=16,h=16, src=64,464
16:51:53.812 [JavaFX Application Thread] DEBUG TilesetLoader        - Writing to buffer: dst=80,704, w=16,h=16, src=64,464
16:51:53.812 [JavaFX Application Thread] DEBUG TilesetLoader        - Writing to buffer: dst=96,704, w=16,h=16, src=64,464
16:51:53.813 [JavaFX Application Thread] DEBUG TilesetLoader        - Writing to buffer: dst=112,704, w=16,h=16, src=64,464
16:51:53.813 [JavaFX Application Thread] DEBUG TilesetLoader        - Writing to buffer: dst=128,704, w=16,h=16, src=64,464
16:51:53.813 [JavaFX Application Thread] DEBUG TilesetLoader        - Writing to buffer: dst=144,704, w=16,h=16, src=64,464
16:51:53.813 [JavaFX Application Thread] DEBUG TilesetLoader        - Writing to buffer: dst=160,704, w=16,h=16, src=64,464
16:51:53.813 [JavaFX Application Thread] DEBUG TilesetLoader        - Writing to buffer: dst=176,704, w=16,h=16, src=64,464
16:51:53.813 [JavaFX Application Thread] DEBUG TilesetLoader        - Writing to buffer: dst=192,704, w=16,h=16, src=64,464
16:51:53.813 [JavaFX Application Thread] DEBUG TilesetLoader        - Writing to buffer: dst=208,704, w=16,h=16, src=64,464
16:51:53.813 [JavaFX Application Thread] DEBUG TilesetLoader        - Writing to buffer: dst=224,704, w=16,h=16, src=64,464
16:51:53.813 [JavaFX Application Thread] DEBUG TilesetLoader        - Writing to buffer: dst=240,704, w=16,h=16, src=64,464
16:51:53.813 [JavaFX Application Thread] DEBUG TilesetLoader        - Writing to buffer: dst=256,704, w=16,h=16, src=64,464
16:51:53.813 [JavaFX Application Thread] DEBUG TilesetLoader        - Writing to buffer: dst=272,704, w=16,h=16, src=64,464
16:51:53.813 [JavaFX Application Thread] DEBUG TilesetLoader        - Writing to buffer: dst=288,704, w=16,h=16, src=64,464
16:51:53.813 [JavaFX Application Thread] DEBUG TilesetLoader        - Writing to buffer: dst=304,704, w=16,h=16, src=64,464
16:51:53.813 [JavaFX Application Thread] DEBUG TilesetLoader        - Writing to buffer: dst=320,704, w=16,h=16, src=64,464
16:51:53.813 [JavaFX Application Thread] DEBUG TilesetLoader        - Writing to buffer: dst=336,704, w=16,h=16, src=64,464
16:51:53.813 [JavaFX Application Thread] DEBUG TilesetLoader        - Writing to buffer: dst=352,704, w=16,h=16, src=64,464
16:51:53.813 [JavaFX Application Thread] DEBUG TilesetLoader        - Writing to buffer: dst=368,704, w=16,h=16, src=64,464
16:51:53.813 [JavaFX Application Thread] DEBUG TilesetLoader        - Writing to buffer: dst=384,704, w=16,h=16, src=64,464
16:51:53.813 [JavaFX Application Thread] DEBUG TilesetLoader        - Writing to buffer: dst=400,704, w=16,h=16, src=64,464
16:51:53.813 [JavaFX Application Thread] DEBUG TilesetLoader        - Writing to buffer: dst=416,704, w=16,h=16, src=16,64
16:51:53.813 [JavaFX Application Thread] DEBUG TilesetLoader        - Writing to buffer: dst=432,704, w=16,h=16, src=16,64
16:51:53.813 [JavaFX Application Thread] DEBUG TilesetLoader        - Writing to buffer: dst=448,704, w=16,h=16, src=16,64
16:51:53.813 [JavaFX Application Thread] DEBUG TilesetLoader        - Writing to buffer: dst=464,704, w=16,h=16, src=16,64
16:51:53.813 [JavaFX Application Thread] DEBUG TilesetLoader        - Writing to buffer: dst=480,704, w=16,h=16, src=16,64
16:51:53.813 [JavaFX Application Thread] DEBUG TilesetLoader        - Writing to buffer: dst=496,704, w=16,h=16, src=16,64
16:51:53.813 [JavaFX Application Thread] DEBUG TilesetLoader        - Writing to buffer: dst=512,704, w=16,h=16, src=16,64
16:51:53.813 [JavaFX Application Thread] DEBUG TilesetLoader        - Writing to buffer: dst=528,704, w=16,h=16, src=16,64
16:51:53.813 [JavaFX Application Thread] DEBUG TilesetLoader        - Writing to buffer: dst=544,704, w=16,h=16, src=16,64
16:51:53.813 [JavaFX Application Thread] DEBUG TilesetLoader        - Writing to buffer: dst=560,704, w=16,h=16, src=16,64
16:51:53.813 [JavaFX Application Thread] DEBUG TilesetLoader        - Writing to buffer: dst=576,704, w=16,h=16, src=16,64
16:51:53.813 [JavaFX Application Thread] DEBUG TilesetLoader        - Writing to buffer: dst=592,704, w=16,h=16, src=16,64
16:51:53.813 [JavaFX Application Thread] DEBUG TilesetLoader        - Writing to buffer: dst=608,704, w=16,h=16, src=16,64
16:51:53.813 [JavaFX Application Thread] DEBUG TilesetLoader        - Writing to buffer: dst=624,704, w=16,h=16, src=16,64
16:51:53.813 [JavaFX Application Thread] DEBUG TilesetLoader        - Writing to buffer: dst=640,704, w=16,h=16, src=16,64
16:51:53.813 [JavaFX Application Thread] DEBUG TilesetLoader        - Writing to buffer: dst=656,704, w=16,h=16, src=16,64
16:51:53.813 [JavaFX Application Thread] DEBUG TilesetLoader        - Writing to buffer: dst=672,704, w=16,h=16, src=16,64
16:51:53.813 [JavaFX Application Thread] DEBUG TilesetLoader        - Writing to buffer: dst=688,704, w=16,h=16, src=16,64
16:51:53.813 [JavaFX Application Thread] DEBUG TilesetLoader        - Writing to buffer: dst=704,704, w=16,h=16, src=16,64
16:51:53.814 [JavaFX Application Thread] DEBUG TilesetLoader        - Writing to buffer: dst=720,704, w=16,h=16, src=64,464
16:51:53.814 [JavaFX Application Thread] DEBUG TilesetLoader        - Writing to buffer: dst=736,704, w=16,h=16, src=64,464
16:51:53.814 [JavaFX Application Thread] DEBUG TilesetLoader        - Writing to buffer: dst=752,704, w=16,h=16, src=64,464
16:51:53.814 [JavaFX Application Thread] DEBUG TilesetLoader        - Writing to buffer: dst=768,704, w=16,h=16, src=64,464
16:51:53.814 [JavaFX Application Thread] DEBUG TilesetLoader        - Writing to buffer: dst=784,704, w=16,h=16, src=64,464
16:51:53.814 [JavaFX Application Thread] DEBUG TilesetLoader        - Writing to buffer: dst=800,704, w=16,h=16, src=64,464
16:51:53.814 [JavaFX Application Thread] DEBUG TilesetLoader        - Writing to buffer: dst=816,704, w=16,h=16, src=64,464
16:51:53.814 [JavaFX Application Thread] DEBUG TilesetLoader        - Writing to buffer: dst=832,704, w=16,h=16, src=64,464
16:51:53.814 [JavaFX Application Thread] DEBUG TilesetLoader        - Writing to buffer: dst=848,704, w=16,h=16, src=64,464
16:51:53.814 [JavaFX Application Thread] DEBUG TilesetLoader        - Writing to buffer: dst=864,704, w=16,h=16, src=64,464
16:51:53.814 [JavaFX Application Thread] DEBUG TilesetLoader        - Writing to buffer: dst=880,704, w=16,h=16, src=64,464
16:51:53.814 [JavaFX Application Thread] DEBUG TilesetLoader        - Writing to buffer: dst=896,704, w=16,h=16, src=64,464
16:51:53.814 [JavaFX Application Thread] DEBUG TilesetLoader        - Writing to buffer: dst=912,704, w=16,h=16, src=64,464
16:51:53.814 [JavaFX Application Thread] DEBUG TilesetLoader        - Writing to buffer: dst=928,704, w=16,h=16, src=64,464
16:51:53.814 [JavaFX Application Thread] DEBUG TilesetLoader        - Writing to buffer: dst=944,704, w=16,h=16, src=64,464
16:51:53.814 [JavaFX Application Thread] DEBUG TilesetLoader        - Writing to buffer: dst=960,704, w=16,h=16, src=64,464
16:51:53.814 [JavaFX Application Thread] DEBUG TilesetLoader        - Writing to buffer: dst=976,704, w=16,h=16, src=64,464
16:51:53.814 [JavaFX Application Thread] DEBUG TilesetLoader        - Writing to buffer: dst=992,704, w=16,h=16, src=64,464
16:51:53.814 [JavaFX Application Thread] DEBUG TilesetLoader        - Writing to buffer: dst=1008,704, w=16,h=16, src=64,464
16:51:53.814 [JavaFX Application Thread] DEBUG TilesetLoader        - Writing to buffer: dst=1024,704, w=16,h=16, src=64,464
16:51:53.814 [JavaFX Application Thread] DEBUG TilesetLoader        - Writing to buffer: dst=1040,704, w=16,h=16, src=64,464
16:51:53.814 [JavaFX Application Thread] DEBUG TilesetLoader        - Writing to buffer: dst=1056,704, w=16,h=16, src=64,464
16:51:53.814 [JavaFX Application Thread] DEBUG TilesetLoader        - Writing to buffer: dst=1072,704, w=16,h=16, src=64,464
16:51:53.814 [JavaFX Application Thread] DEBUG TilesetLoader        - Writing to buffer: dst=1088,704, w=16,h=16, src=64,464
16:51:53.814 [JavaFX Application Thread] DEBUG TilesetLoader        - Writing to buffer: dst=1104,704, w=16,h=16, src=64,464
16:51:53.814 [JavaFX Application Thread] DEBUG TilesetLoader        - Writing to buffer: dst=1120,704, w=16,h=16, src=64,464
16:51:53.814 [JavaFX Application Thread] DEBUG TilesetLoader        - Writing to buffer: dst=1136,704, w=16,h=16, src=64,464
16:51:53.814 [JavaFX Application Thread] DEBUG TilesetLoader        - Writing to buffer: dst=1152,704, w=16,h=16, src=64,464
16:51:53.814 [JavaFX Application Thread] DEBUG TilesetLoader        - Writing to buffer: dst=1168,704, w=16,h=16, src=64,464
16:51:53.814 [JavaFX Application Thread] DEBUG TilesetLoader        - Writing to buffer: dst=1184,704, w=16,h=16, src=64,464
16:51:53.814 [JavaFX Application Thread] DEBUG TilesetLoader        - Writing to buffer: dst=1200,704, w=16,h=16, src=16,432
16:51:53.814 [JavaFX Application Thread] DEBUG TilesetLoader        - Writing to buffer: dst=1216,704, w=16,h=16, src=16,432
16:51:53.814 [JavaFX Application Thread] DEBUG TilesetLoader        - Writing to buffer: dst=1232,704, w=16,h=16, src=16,432
16:51:53.815 [JavaFX Application Thread] DEBUG TilesetLoader        - Writing to buffer: dst=1248,704, w=16,h=16, src=16,432
16:51:53.815 [JavaFX Application Thread] DEBUG TilesetLoader        - Writing to buffer: dst=1264,704, w=16,h=16, src=32,464
16:51:53.815 [JavaFX Application Thread] DEBUG TMXLevelLoader       - Creating object layer entities
16:51:53.826 [JavaFX Application Thread] DEBUG GameWorld            - Clearing removable entities
16:51:53.827 [JavaFX Application Thread] DEBUG GameWorld            - Setting level: com.almasb.fxgl.entity.level.Level@1d4c4863
16:51:53.831 [JavaFX Application Thread] DEBUG FXGLAssetLoaderServi - Loading from file system: /assets/textures/swordsman.png
16:51:53.832 [JavaFX Application Thread] DEBUG FXGLAssetLoaderServi - Loading from cache: /assets/textures/swordsman.png
16:51:54.924 [JavaFX Application Thread] DEBUG FXGLApplication      - Exiting FXGL
16:51:54.924 [JavaFX Application Thread] DEBUG LoopRunner           - Stopping loop
16:51:54.924 [JavaFX Application Thread] DEBUG SystemBundleService  - Saving FXGL system data
16:51:54.925 [JavaFX Application Thread] DEBUG FileSystemAccess     - Writing to: C:\Users\SSCS0\Desktop\College\SummerProject\CS-2340-Final-Project\system\fxgl.bundle
16:51:54.926 [JavaFX Application Thread] DEBUG Async                - Shutting down background threads
16:51:54.926 [JavaFX Application Thread] DEBUG MainWindow           - Closing main window
16:51:54.932 [JavaFX Application Thread] DEBUG Logger               - Closing Logger
