18:32:11.338 [main                     ] DEBUG Logger               - Configured Logger
18:32:11.364 [main                     ] DEBUG GameApplication      - Logging settings
Title: Untitled
Version: 0.0
Width: 800
Height: 600
Fullscreen: false
Intro: false
Profiling: false
Single step:false
App Mode: DEVELOPER
Menu Key: ESCAPE
Stage Style: DECORATED
Scene Factory: class com.almasb.fxgl.app.scene.SceneFactory

18:32:13.076 [JavaFX Application Thread] DEBUG FXGLApplication      - Initializing FXGL
18:32:13.080 [JavaFX Application Thread] INFO  Engine               - FXGL-11.12 (11.12.2020 08.51) on MAC (J:11.0.1 FX:11.0.2)
18:32:13.081 [JavaFX Application Thread] DEBUG Engine               - JRE Vendor Name: Oracle Corporation
18:32:13.081 [JavaFX Application Thread] DEBUG Engine               - Running on OS: Mac OS X version 10.16
18:32:13.081 [JavaFX Application Thread] DEBUG Engine               - Architecture: x86_64
18:32:13.082 [JavaFX Application Thread] INFO  Engine               - Source code and latest versions at: https://github.com/AlmasB/FXGL
18:32:13.082 [JavaFX Application Thread] INFO  Engine               -              Join the FXGL chat at: https://gitter.im/AlmasB/FXGL
18:32:13.240 [JavaFX Application Thread] DEBUG MainWindow           - Creating a JavaFX scene
18:32:13.314 [JavaFX Application Thread] DEBUG MainWindow           - Target settings size: 800.0 x 600.0
18:32:13.315 [JavaFX Application Thread] DEBUG MainWindow           - Scaled scene size:    800.0 x 600.0
18:32:13.315 [JavaFX Application Thread] DEBUG MainWindow           - Scaled ratio: (1.0, 1.0)
18:32:13.316 [JavaFX Application Thread] DEBUG MainWindow           - Set initial scene to StartupScene
18:32:13.324 [JavaFX Application Thread] DEBUG MainWindow           - Opening main window
18:32:13.402 [JavaFX Application Thread] DEBUG MainWindow           - Window border size: (0.0, 28.0)
18:32:13.402 [JavaFX Application Thread] DEBUG MainWindow           - Scaled size: 800.0 x 600.0
18:32:13.402 [JavaFX Application Thread] DEBUG MainWindow           - Scaled ratio: (1.0, 1.0)
18:32:13.403 [JavaFX Application Thread] DEBUG MainWindow           - Scene size: 800.0 x 600.0
18:32:13.403 [JavaFX Application Thread] DEBUG MainWindow           - Stage size: 800.0 x 628.0
18:32:13.411 [FXGL Background Thread 1 ] DEBUG Engine               - Initializing environment variables
18:32:13.451 [FXGL Background Thread 1 ] DEBUG GameApplicationServi - Applying CSS: fxgl_dark.css
18:32:13.452 [FXGL Background Thread 1 ] DEBUG FXGLAssetLoaderServi - Loading from file system: /assets/ui/css/fxgl_dark.css
18:32:13.528 [FXGL Background Thread 1 ] DEBUG GameApplicationServi - Initializing application scenes
18:32:14.021 [FXGL Background Thread 1 ] DEBUG GameWorld            - Game world initialized
18:32:14.095 [FXGL Background Thread 1 ] DEBUG PhysicsWorld         - Physics world initialized: appHeight=600, physics.ppm=50.0
18:32:14.097 [FXGL Background Thread 1 ] DEBUG GameScene            - Game scene initialized: 800x600
18:32:14.131 [FXGL Background Thread 1 ] DEBUG FXGLAssetLoaderServi - Loading from file system: /assets/textures/particles/trace_horizontal.png
18:32:14.181 [FXGL Background Thread 1 ] DEBUG FXGL.DefaultMenu     - createMenuBodyMainMenu()
18:32:14.210 [FXGL Background Thread 1 ] DEBUG FXGL.DefaultMenu     - createOptionsMenu()
18:32:14.215 [FXGL Background Thread 1 ] DEBUG FXGLAssetLoaderServi - Loading from file system: /assets/textures/particles/smoke.png
18:32:14.265 [FXGL Background Thread 1 ] DEBUG GameApplicationServi - Application scenes initialized
18:32:14.276 [FXGL Background Thread 1 ] DEBUG SystemBundleService  - Loading FXGL system data
18:32:14.278 [FXGL Background Thread 1 ] WARN  SystemBundleService  - Failed to load: java.io.FileNotFoundException: /Users/shaharben-dor/Documents/College Work/CS 2340/CS-2340-Final-Project/system/fxgl.bundle (No such file or directory)
18:32:14.278 [FXGL Background Thread 1 ] DEBUG SystemBundleService  - Loading default FXGL system data
18:32:14.278 [FXGL Background Thread 1 ] DEBUG UpdaterService       - Checking for updates
18:32:14.283 [FXGL Background Thread 4 ] DEBUG FXGLApplication      - Loading fonts
18:32:14.283 [FXGL Background Thread 4 ] DEBUG FXGLAssetLoaderServi - Loading from file system: /assets/ui/fonts/VarelaRound-Regular.ttf
18:32:14.284 [FXGL Background Thread 1 ] DEBUG FXGLApplication      - Loading default localization
18:32:14.284 [FXGL Background Thread 1 ] DEBUG FXGLAssetLoaderServi - Loading from file system: /assets/languages/english.lang
18:32:14.299 [FXGL Background Thread 1 ] INFO  FXGLApplication      - FXGL initialization took: 0.889 sec
18:32:14.300 [JavaFX Application Thread] DEBUG FXGLAssetLoaderServi - Loading from file system: /assets/textures/fxgl_icon.png
18:32:14.308 [FXGL Background Thread 4 ] DEBUG FXGLAssetLoaderServi - Loading from file system: /assets/ui/fonts/Abel-Regular.ttf
18:32:14.310 [FXGL Background Thread 4 ] DEBUG FXGLAssetLoaderServi - Loading from file system: /assets/ui/fonts/lucida_console.ttf
18:32:14.317 [FXGL Background Thread 4 ] DEBUG FXGLAssetLoaderServi - Loading from file system: /assets/ui/fonts/Courier-Prime.ttf
18:32:14.343 [JavaFX Application Thread] DEBUG FXGLAssetLoaderServi - Loading from file system: /assets/ui/cursors/fxgl_default.png
18:32:14.359 [JavaFX Application Thread] DEBUG Input                - Registered new binding: Screenshot - P
18:32:14.360 [JavaFX Application Thread] DEBUG Input                - Registered new binding: System info dump - CTRL+9
18:32:14.361 [JavaFX Application Thread] DEBUG Input                - Registered new binding: Restart - CTRL+R
18:32:14.361 [JavaFX Application Thread] DEBUG Input                - Registered new binding: Toggle Debug Camera - CTRL+C
18:32:14.363 [JavaFX Application Thread] DEBUG LoopRunner           - Starting loop
18:32:14.366 [JavaFX Application Thread] DEBUG Input                - Clearing active input actions
18:32:14.375 [JavaFX Application Thread] DEBUG GameApplicationServi - Removing overlay from StartupScene and adding to FXGLMainMenuDummyScene
18:32:14.376 [JavaFX Application Thread] DEBUG MainWindow           - StartupScene -> FXGLMainMenuDummyScene
18:32:14.376 [JavaFX Application Thread] DEBUG MainWindow           - Push state: FXGLDefaultMenu
18:32:14.382 [JavaFX Application Thread] DEBUG Input                - Clearing active input actions
18:32:14.397 [JavaFX Application Thread] DEBUG GameApplicationServi - Removing overlay from FXGLMainMenuDummyScene and adding to FXGLDefaultMenu
18:32:14.398 [JavaFX Application Thread] DEBUG MainWindow           - FXGLMainMenuDummyScene -> FXGLDefaultMenu
18:32:14.430 [JavaFX Application Thread] DEBUG FXGLApplication      - Registering font factories with UI factory
18:32:14.891 [FXGL Background Thread 2 ] INFO  UpdaterService       - Your current version:  11.12
18:32:14.892 [FXGL Background Thread 2 ] INFO  UpdaterService       - Latest stable version: 11.16
18:32:17.283 [FXGL Background Thread 3 ] DEBUG Engine               - Logging environment variables
18:32:17.284 [FXGL Background Thread 3 ] DEBUG Engine               - achievements: []
18:32:17.284 [FXGL Background Thread 3 ] DEBUG Engine               - actualHeight: 600.0
18:32:17.284 [FXGL Background Thread 3 ] DEBUG Engine               - actualHeightProperty: ReadOnlyDoubleProperty [value: 600.0]
18:32:17.284 [FXGL Background Thread 3 ] DEBUG Engine               - actualWidth: 800.0
18:32:17.284 [FXGL Background Thread 3 ] DEBUG Engine               - actualWidthProperty: ReadOnlyDoubleProperty [value: 800.0]
18:32:17.284 [FXGL Background Thread 3 ] DEBUG Engine               - appIcon: fxgl_icon.png
18:32:17.284 [FXGL Background Thread 3 ] DEBUG Engine               - applicationMode: DEVELOPER
18:32:17.284 [FXGL Background Thread 3 ] DEBUG Engine               - cSSList: [fxgl_dark.css]
18:32:17.284 [FXGL Background Thread 3 ] DEBUG Engine               - configClass: Optional.empty
18:32:17.284 [FXGL Background Thread 3 ] DEBUG Engine               - credits: []
18:32:17.285 [FXGL Background Thread 3 ] DEBUG Engine               - devBBoxColorProperty: ObjectProperty [value: 0xff0000ff]
18:32:17.285 [FXGL Background Thread 3 ] DEBUG Engine               - devEnableDebugCameraProperty: BooleanProperty [value: false]
18:32:17.285 [FXGL Background Thread 3 ] DEBUG Engine               - devSensorColorProperty: ObjectProperty [value: 0xffff00ff]
18:32:17.285 [FXGL Background Thread 3 ] DEBUG Engine               - devShowBBoxProperty: BooleanProperty [value: false]
18:32:17.285 [FXGL Background Thread 3 ] DEBUG Engine               - devShowPositionProperty: BooleanProperty [value: false]
18:32:17.285 [FXGL Background Thread 3 ] DEBUG Engine               - enabledMenuItems: []
18:32:17.285 [FXGL Background Thread 3 ] DEBUG Engine               - engineServices: [class com.almasb.fxgl.app.FXGLApplication$GameApplicationService, class com.almasb.fxgl.app.services.FXGLDialogService, class com.almasb.fxgl.app.services.IOTaskExecutorService, class com.almasb.fxgl.event.EventBusService, class com.almasb.fxgl.io.FileSystemService, class com.almasb.fxgl.localization.LocalizationService, class com.almasb.fxgl.app.services.FXGLAssetLoaderService, class com.almasb.fxgl.app.services.SystemBundleService, class com.almasb.fxgl.profile.SaveLoadService, class com.almasb.fxgl.ui.FXGLUIFactoryServiceProvider, class com.almasb.fxgl.ui.FXGLDialogFactoryServiceProvider, class com.almasb.fxgl.audio.AudioPlayer, class com.almasb.fxgl.notification.impl.NotificationServiceProvider, class com.almasb.fxgl.achievement.AchievementService, class com.almasb.fxgl.cutscene.CutsceneService, class com.almasb.fxgl.minigames.MiniGameService, class com.almasb.fxgl.net.NetService, class com.almasb.fxgl.app.services.UpdaterService, class com.almasb.fxgl.dev.DevService]
18:32:17.285 [FXGL Background Thread 3 ] DEBUG Engine               - fontGame: Abel-Regular.ttf
18:32:17.285 [FXGL Background Thread 3 ] DEBUG Engine               - fontMono: lucida_console.ttf
18:32:17.285 [FXGL Background Thread 3 ] DEBUG Engine               - fontText: Courier-Prime.ttf
18:32:17.285 [FXGL Background Thread 3 ] DEBUG Engine               - fontUI: VarelaRound-Regular.ttf
18:32:17.285 [FXGL Background Thread 3 ] DEBUG Engine               - fullScreen: BooleanProperty [value: false]
18:32:17.285 [FXGL Background Thread 3 ] DEBUG Engine               - gameDifficulty: MEDIUM
18:32:17.286 [FXGL Background Thread 3 ] DEBUG Engine               - gameDifficultyProperty: ObjectProperty [value: MEDIUM]
18:32:17.286 [FXGL Background Thread 3 ] DEBUG Engine               - globalMusicVolume: 0.5
18:32:17.286 [FXGL Background Thread 3 ] DEBUG Engine               - globalMusicVolumeProperty: DoubleProperty [value: 0.5]
18:32:17.286 [FXGL Background Thread 3 ] DEBUG Engine               - globalSoundVolume: 0.5
18:32:17.286 [FXGL Background Thread 3 ] DEBUG Engine               - globalSoundVolumeProperty: DoubleProperty [value: 0.5]
18:32:17.286 [FXGL Background Thread 3 ] DEBUG Engine               - height: 600
18:32:17.286 [FXGL Background Thread 3 ] DEBUG Engine               - isAndroid: false
18:32:17.286 [FXGL Background Thread 3 ] DEBUG Engine               - isBrowser: false
18:32:17.286 [FXGL Background Thread 3 ] DEBUG Engine               - isClickFeedbackEnabled: false
18:32:17.286 [FXGL Background Thread 3 ] DEBUG Engine               - isCloseConfirmation: false
18:32:17.286 [FXGL Background Thread 3 ] DEBUG Engine               - isDesktop: true
18:32:17.286 [FXGL Background Thread 3 ] DEBUG Engine               - isDeveloperMenuEnabled: false
18:32:17.286 [FXGL Background Thread 3 ] DEBUG Engine               - isEntityPreloadEnabled: true
18:32:17.286 [FXGL Background Thread 3 ] DEBUG Engine               - isExperimental3D: false
18:32:17.287 [FXGL Background Thread 3 ] DEBUG Engine               - isExperimentalNative: false
18:32:17.287 [FXGL Background Thread 3 ] DEBUG Engine               - isExperimentalTiledLargeMap: false
18:32:17.287 [FXGL Background Thread 3 ] DEBUG Engine               - isFileSystemWriteAllowed: true
18:32:17.287 [FXGL Background Thread 3 ] DEBUG Engine               - isFullScreenAllowed: false
18:32:17.287 [FXGL Background Thread 3 ] DEBUG Engine               - isFullScreenFromStart: false
18:32:17.287 [FXGL Background Thread 3 ] DEBUG Engine               - isGameMenuEnabled: false
18:32:17.287 [FXGL Background Thread 3 ] DEBUG Engine               - isIOS: false
18:32:17.287 [FXGL Background Thread 3 ] DEBUG Engine               - isIntroEnabled: false
18:32:17.287 [FXGL Background Thread 3 ] DEBUG Engine               - isLinux: false
18:32:17.287 [FXGL Background Thread 3 ] DEBUG Engine               - isMac: true
18:32:17.287 [FXGL Background Thread 3 ] DEBUG Engine               - isMainMenuEnabled: true
18:32:17.287 [FXGL Background Thread 3 ] DEBUG Engine               - isManualResizeEnabled: false
18:32:17.288 [FXGL Background Thread 3 ] DEBUG Engine               - isMobile: false
18:32:17.288 [FXGL Background Thread 3 ] DEBUG Engine               - isPreserveResizeRatio: false
18:32:17.288 [FXGL Background Thread 3 ] DEBUG Engine               - isProfilingEnabled: false
18:32:17.288 [FXGL Background Thread 3 ] DEBUG Engine               - isScaleAffectedOnResize: true
18:32:17.288 [FXGL Background Thread 3 ] DEBUG Engine               - isSingleStep: false
18:32:17.288 [FXGL Background Thread 3 ] DEBUG Engine               - isUserProfileEnabled: false
18:32:17.288 [FXGL Background Thread 3 ] DEBUG Engine               - isWindows: false
18:32:17.288 [FXGL Background Thread 3 ] DEBUG Engine               - language: ObjectProperty [value: ENGLISH]
18:32:17.288 [FXGL Background Thread 3 ] DEBUG Engine               - menuKey: ESCAPE
18:32:17.288 [FXGL Background Thread 3 ] DEBUG Engine               - notificationViewClass: class com.almasb.fxgl.notification.view.XboxNotificationView
18:32:17.288 [FXGL Background Thread 3 ] DEBUG Engine               - pixelsPerMeter: 50.0
18:32:17.289 [FXGL Background Thread 3 ] DEBUG Engine               - platform: MAC
18:32:17.289 [FXGL Background Thread 3 ] DEBUG Engine               - prefHeightProperty: ReadOnlyDoubleProperty [value: 600.0]
18:32:17.289 [FXGL Background Thread 3 ] DEBUG Engine               - prefWidthProperty: ReadOnlyDoubleProperty [value: 800.0]
18:32:17.289 [FXGL Background Thread 3 ] DEBUG Engine               - profileDir: profiles/
18:32:17.289 [FXGL Background Thread 3 ] DEBUG Engine               - profileName: StringProperty [value: DEFAULT]
18:32:17.289 [FXGL Background Thread 3 ] DEBUG Engine               - randomSeed: -1
18:32:17.289 [FXGL Background Thread 3 ] DEBUG Engine               - runtimeInfo: RuntimeInfo(platform=MAC, version=11.12, build=11.12.2020 08.51)
18:32:17.289 [FXGL Background Thread 3 ] DEBUG Engine               - saveFileExt: sav
18:32:17.289 [FXGL Background Thread 3 ] DEBUG Engine               - scaledHeightProp$fxgl: DoubleProperty [bound, value: 600.0]
18:32:17.289 [FXGL Background Thread 3 ] DEBUG Engine               - scaledWidthProp$fxgl: DoubleProperty [bound, value: 800.0]
18:32:17.289 [FXGL Background Thread 3 ] DEBUG Engine               - sceneFactory: com.almasb.fxgl.app.scene.SceneFactory@4cddd484
18:32:17.290 [FXGL Background Thread 3 ] DEBUG Engine               - secondsIn24h: 60
18:32:17.290 [FXGL Background Thread 3 ] DEBUG Engine               - soundMenuBack: menu/back.wav
18:32:17.290 [FXGL Background Thread 3 ] DEBUG Engine               - soundMenuPress: menu/press.wav
18:32:17.290 [FXGL Background Thread 3 ] DEBUG Engine               - soundMenuSelect: menu/select.wav
18:32:17.290 [FXGL Background Thread 3 ] DEBUG Engine               - soundNotification: core/notification.wav
18:32:17.290 [FXGL Background Thread 3 ] DEBUG Engine               - stageStyle: DECORATED
18:32:17.290 [FXGL Background Thread 3 ] DEBUG Engine               - supportedLanguages: [ENGLISH, FRENCH, GERMAN, HUNGARIAN, RUSSIAN]
18:32:17.290 [FXGL Background Thread 3 ] DEBUG Engine               - title: Untitled
18:32:17.290 [FXGL Background Thread 3 ] DEBUG Engine               - urlGithub: https://github.com/AlmasB/FXGL
18:32:17.290 [FXGL Background Thread 3 ] DEBUG Engine               - urlLeaderboard: http://fxgl-top.herokuapp.com/
18:32:17.290 [FXGL Background Thread 3 ] DEBUG Engine               - urlPOM: https://raw.githubusercontent.com/AlmasB/FXGL/master/README.md
18:32:17.291 [FXGL Background Thread 3 ] DEBUG Engine               - version: 0.0
18:32:17.291 [FXGL Background Thread 3 ] DEBUG Engine               - versionCheckDays: 7
18:32:17.291 [FXGL Background Thread 3 ] DEBUG Engine               - width: 800
18:32:17.291 [FXGL Background Thread 3 ] DEBUG Engine               - Logging services
18:32:17.291 [FXGL Background Thread 3 ] DEBUG Engine               - class com.almasb.fxgl.app.FXGLApplication$GameApplicationService
18:32:17.291 [FXGL Background Thread 3 ] DEBUG Engine               - class com.almasb.fxgl.app.services.FXGLDialogService
18:32:17.291 [FXGL Background Thread 3 ] DEBUG Engine               - class com.almasb.fxgl.app.services.IOTaskExecutorService
18:32:17.291 [FXGL Background Thread 3 ] DEBUG Engine               - class com.almasb.fxgl.event.EventBusService
18:32:17.291 [FXGL Background Thread 3 ] DEBUG Engine               - class com.almasb.fxgl.io.FileSystemService
18:32:17.291 [FXGL Background Thread 3 ] DEBUG Engine               - class com.almasb.fxgl.localization.LocalizationService
18:32:17.291 [FXGL Background Thread 3 ] DEBUG Engine               - class com.almasb.fxgl.app.services.FXGLAssetLoaderService
18:32:17.291 [FXGL Background Thread 3 ] DEBUG Engine               - class com.almasb.fxgl.app.services.SystemBundleService
18:32:17.292 [FXGL Background Thread 3 ] DEBUG Engine               - class com.almasb.fxgl.profile.SaveLoadService
18:32:17.292 [FXGL Background Thread 3 ] DEBUG Engine               - class com.almasb.fxgl.ui.FXGLUIFactoryServiceProvider
18:32:17.292 [FXGL Background Thread 3 ] DEBUG Engine               - class com.almasb.fxgl.ui.FXGLDialogFactoryServiceProvider
18:32:17.292 [FXGL Background Thread 3 ] DEBUG Engine               - class com.almasb.fxgl.audio.AudioPlayer
18:32:17.292 [FXGL Background Thread 3 ] DEBUG Engine               - class com.almasb.fxgl.notification.impl.NotificationServiceProvider
18:32:17.292 [FXGL Background Thread 3 ] DEBUG Engine               - class com.almasb.fxgl.achievement.AchievementService
18:32:17.292 [FXGL Background Thread 3 ] DEBUG Engine               - class com.almasb.fxgl.cutscene.CutsceneService
18:32:17.292 [FXGL Background Thread 3 ] DEBUG Engine               - class com.almasb.fxgl.minigames.MiniGameService
18:32:17.292 [FXGL Background Thread 3 ] DEBUG Engine               - class com.almasb.fxgl.net.NetService
18:32:17.292 [FXGL Background Thread 3 ] DEBUG Engine               - class com.almasb.fxgl.app.services.UpdaterService
18:32:17.292 [FXGL Background Thread 3 ] DEBUG Engine               - class com.almasb.fxgl.dev.DevService
18:32:17.550 [JavaFX Application Thread] DEBUG FXGLApplication      - Exiting FXGL
18:32:17.551 [JavaFX Application Thread] DEBUG LoopRunner           - Stopping loop
18:32:17.551 [JavaFX Application Thread] DEBUG SystemBundleService  - Saving FXGL system data
18:32:17.552 [JavaFX Application Thread] DEBUG FileSystemAccess     - Writing to: /Users/shaharben-dor/Documents/College Work/CS 2340/CS-2340-Final-Project/system/fxgl.bundle
18:32:17.556 [JavaFX Application Thread] DEBUG Async                - Shutting down background threads
18:32:17.557 [JavaFX Application Thread] DEBUG MainWindow           - Closing main window
18:32:17.564 [JavaFX Application Thread] DEBUG Logger               - Closing Logger
