06:17:56.444 [main                     ] DEBUG Logger               - Configured Logger
06:17:56.459 [main                     ] DEBUG GameApplication      - Logging settings
Title: Dungeon Crawler
Version: Development 0.0.1
Width: 1280
Height: 720
Fullscreen: false
Intro: false
Profiling: false
Single step:false
App Mode: DEVELOPER
Menu Key: ESCAPE
Stage Style: DECORATED
Scene Factory: class com.group19.javafxgame.InitialConfigMenuSceneFactory

06:17:56.851 [JavaFX Application Thread] DEBUG FXGLApplication      - Initializing FXGL
06:17:56.852 [JavaFX Application Thread] INFO  Engine               - FXGL-11.12 (11.12.2020 08.51) on WINDOWS (J:11.0.10 FX:15)
06:17:56.853 [JavaFX Application Thread] DEBUG Engine               - JRE Vendor Name: AdoptOpenJDK
06:17:56.853 [JavaFX Application Thread] DEBUG Engine               - Running on OS: Windows 10 version 10.0
06:17:56.853 [JavaFX Application Thread] DEBUG Engine               - Architecture: amd64
06:17:56.853 [JavaFX Application Thread] INFO  Engine               - Source code and latest versions at: https://github.com/AlmasB/FXGL
06:17:56.853 [JavaFX Application Thread] INFO  Engine               -              Join the FXGL chat at: https://gitter.im/AlmasB/FXGL
06:17:56.938 [JavaFX Application Thread] DEBUG MainWindow           - Creating a JavaFX scene
06:17:56.988 [JavaFX Application Thread] DEBUG MainWindow           - Target settings size: 1280.0 x 720.0
06:17:56.988 [JavaFX Application Thread] DEBUG MainWindow           - Scaled scene size:    1280.0 x 720.0
06:17:56.988 [JavaFX Application Thread] DEBUG MainWindow           - Scaled ratio: (1.0, 1.0)
06:17:56.989 [JavaFX Application Thread] DEBUG MainWindow           - Set initial scene to StartupScene
06:17:56.994 [JavaFX Application Thread] DEBUG MainWindow           - Opening main window
06:17:57.070 [JavaFX Application Thread] DEBUG MainWindow           - Window border size: (16.0, 39.0)
06:17:57.070 [JavaFX Application Thread] DEBUG MainWindow           - Scaled size: 1280.0 x 720.0
06:17:57.071 [JavaFX Application Thread] DEBUG MainWindow           - Scaled ratio: (1.0, 1.0)
06:17:57.071 [JavaFX Application Thread] DEBUG MainWindow           - Scene size: 1280.0 x 720.0
06:17:57.071 [JavaFX Application Thread] DEBUG MainWindow           - Stage size: 1296.0 x 759.0
06:17:57.076 [FXGL Background Thread 1 ] DEBUG Engine               - Initializing environment variables
06:17:57.100 [FXGL Background Thread 1 ] DEBUG GameApplicationServi - Applying CSS: fxgl_dark.css
06:17:57.101 [FXGL Background Thread 1 ] DEBUG FXGLAssetLoaderServi - Loading from file system: /assets/ui/css/fxgl_dark.css
06:17:57.146 [FXGL Background Thread 1 ] DEBUG GameApplicationServi - Initializing application scenes
06:17:57.172 [FXGL Background Thread 1 ] DEBUG GameWorld            - Game world initialized
06:17:57.224 [FXGL Background Thread 1 ] DEBUG PhysicsWorld         - Physics world initialized: appHeight=720, physics.ppm=50.0
06:17:57.226 [FXGL Background Thread 1 ] DEBUG GameScene            - Game scene initialized: 1280x720
06:17:57.236 [FXGL Background Thread 1 ] DEBUG FXGLAssetLoaderServi - Loading from file system: /assets/textures/background/SimplePaintBackground.png
06:17:57.299 [FXGL Background Thread 1 ] DEBUG FXGLAssetLoaderServi - Loading from file system: /assets/textures/particles/trace_horizontal.png
06:17:57.322 [FXGL Background Thread 1 ] DEBUG FXGL.DefaultMenu     - createMenuBodyGameMenu()
06:17:57.332 [FXGL Background Thread 1 ] DEBUG FXGL.DefaultMenu     - createOptionsMenu()
06:17:57.336 [FXGL Background Thread 1 ] DEBUG FXGLAssetLoaderServi - Loading from file system: /assets/textures/particles/smoke.png
06:17:57.383 [FXGL Background Thread 1 ] DEBUG GameApplicationServi - Application scenes initialized
06:17:57.395 [FXGL Background Thread 1 ] DEBUG SystemBundleService  - Loading FXGL system data
06:17:57.397 [FXGL Background Thread 1 ] DEBUG FileSystemAccess     - Reading from: C:\Users\rodos\CS-2340-Final-Project\system\fxgl.bundle
06:17:57.402 [FXGL Background Thread 1 ] DEBUG SystemBundleService  - Bundle FXGL: {}
06:17:57.402 [FXGL Background Thread 1 ] DEBUG UpdaterService       - Checking for updates
06:17:57.407 [FXGL Background Thread 4 ] DEBUG FXGLApplication      - Loading fonts
06:17:57.407 [FXGL Background Thread 4 ] DEBUG FXGLAssetLoaderServi - Loading from file system: /assets/ui/fonts/VarelaRound-Regular.ttf
06:17:57.407 [FXGL Background Thread 1 ] DEBUG FXGLApplication      - Loading default localization
06:17:57.408 [FXGL Background Thread 1 ] DEBUG FXGLAssetLoaderServi - Loading from file system: /assets/languages/english.lang
06:17:57.427 [FXGL Background Thread 1 ] INFO  FXGLApplication      - FXGL initialization took: 0.350 sec
06:17:57.428 [JavaFX Application Thread] DEBUG FXGLAssetLoaderServi - Loading from file system: /assets/textures/fxgl_icon.png
06:17:57.442 [JavaFX Application Thread] DEBUG FXGLAssetLoaderServi - Loading from file system: /assets/ui/cursors/fxgl_default.png
06:17:57.458 [JavaFX Application Thread] DEBUG Input                - Registered new binding: Screenshot - P
06:17:57.459 [JavaFX Application Thread] DEBUG Input                - Registered new binding: System info dump - CTRL+9
06:17:57.459 [JavaFX Application Thread] DEBUG Input                - Registered new binding: Restart - CTRL+R
06:17:57.459 [JavaFX Application Thread] DEBUG Input                - Registered new binding: Toggle Debug Camera - CTRL+C
06:17:57.461 [JavaFX Application Thread] DEBUG LoopRunner           - Starting loop
06:17:57.464 [JavaFX Application Thread] DEBUG Input                - Clearing active input actions
06:17:57.485 [JavaFX Application Thread] DEBUG GameApplicationServi - Removing overlay from StartupScene and adding to FXGLMainMenuDummyScene
06:17:57.486 [JavaFX Application Thread] DEBUG MainWindow           - StartupScene -> FXGLMainMenuDummyScene
06:17:57.486 [JavaFX Application Thread] DEBUG MainWindow           - Push state: InitialConfigMenu
06:17:57.486 [JavaFX Application Thread] DEBUG Input                - Clearing active input actions
06:17:57.497 [JavaFX Application Thread] DEBUG GameApplicationServi - Removing overlay from FXGLMainMenuDummyScene and adding to InitialConfigMenu
06:17:57.498 [JavaFX Application Thread] DEBUG MainWindow           - FXGLMainMenuDummyScene -> InitialConfigMenu
06:17:57.731 [FXGL Background Thread 4 ] DEBUG FXGLAssetLoaderServi - Loading from file system: /assets/ui/fonts/Abel-Regular.ttf
06:17:57.733 [FXGL Background Thread 4 ] DEBUG FXGLAssetLoaderServi - Loading from file system: /assets/ui/fonts/lucida_console.ttf
06:17:57.736 [FXGL Background Thread 4 ] DEBUG FXGLAssetLoaderServi - Loading from file system: /assets/ui/fonts/Courier-Prime.ttf
06:17:57.740 [JavaFX Application Thread] DEBUG FXGLApplication      - Registering font factories with UI factory
06:17:57.904 [FXGL Background Thread 2 ] INFO  UpdaterService       - Your current version:  11.12
06:17:57.905 [FXGL Background Thread 2 ] INFO  UpdaterService       - Latest stable version: 11.16
06:17:58.961 [JavaFX Application Thread] DEBUG Menu                 - fireNewGame()
06:17:58.961 [JavaFX Application Thread] DEBUG GameApplicationServi - Starting new game
06:17:58.961 [JavaFX Application Thread] DEBUG MainWindow           - Pop state: InitialConfigMenu
06:17:58.961 [JavaFX Application Thread] DEBUG Input                - Clearing active input actions
06:17:58.962 [JavaFX Application Thread] DEBUG GameApplicationServi - Removing overlay from InitialConfigMenu and adding to FXGLMainMenuDummyScene
06:17:58.962 [JavaFX Application Thread] DEBUG MainWindow           - FXGLMainMenuDummyScene <- InitialConfigMenu
06:17:58.962 [JavaFX Application Thread] DEBUG Input                - Clearing active input actions
06:17:58.967 [JavaFX Application Thread] DEBUG GameApplicationServi - Removing overlay from FXGLMainMenuDummyScene and adding to FXGLLoadingScene
06:17:58.967 [JavaFX Application Thread] DEBUG MainWindow           - FXGLMainMenuDummyScene -> FXGLLoadingScene
06:17:58.967 [JavaFX Application Thread] DEBUG GameApplicationServi - Clearing previous game
06:17:58.967 [JavaFX Application Thread] DEBUG GameScene            - Clearing game scene
06:17:58.967 [JavaFX Application Thread] DEBUG GameWorld            - Clearing game world
06:17:58.967 [JavaFX Application Thread] DEBUG PhysicsWorld         - Clearing physics world
06:17:58.968 [FXGL Background Thread 2 ] DEBUG FXGLApplication      - Initializing game
06:17:58.979 [JavaFX Application Thread] DEBUG LoopRunner           - Stopping loop
06:17:58.980 [JavaFX Application Thread] FATAL FXGLApplication      - Uncaught Exception:
java.lang.RuntimeException: Initialization failed
	at com.almasb.fxgl.app.FXGLApplication$InitAppTask.failed(FXGLApplication.kt:325)
	at javafx.concurrent.Task.setState(Task.java:710)
	at javafx.concurrent.Task$TaskCallable.lambda$call$2(Task.java:1455)
	at com.sun.javafx.application.PlatformImpl.lambda$runLater$10(PlatformImpl.java:428)
	at java.base/java.security.AccessController.doPrivileged(Native Method)
	at com.sun.javafx.application.PlatformImpl.lambda$runLater$11(PlatformImpl.java:427)
	at com.sun.glass.ui.InvokeLaterDispatcher$Future.run(InvokeLaterDispatcher.java:96)
	at com.sun.glass.ui.win.WinApplication._runLoop(Native Method)
	at com.sun.glass.ui.win.WinApplication.lambda$runLoop$3(WinApplication.java:174)
	at java.base/java.lang.Thread.run(Thread.java:834)
Caused by: java.lang.IllegalArgumentException: Color's red value (10.0) must be in the range 0.0-1.0
	at javafx.scene.paint.Color.<init>(Color.java:1895)
	at javafx.scene.paint.Color.color(Color.java:132)
	at com.group19.javafxgame.Main.initGame(Main.java:46)
	at com.almasb.fxgl.app.FXGLApplication$InitAppTask.initGame(FXGLApplication.kt:321)
	at com.almasb.fxgl.app.FXGLApplication$InitAppTask.call(FXGLApplication.kt:301)
	at com.almasb.fxgl.app.FXGLApplication$InitAppTask.call(FXGLApplication.kt:293)
	at javafx.concurrent.Task$TaskCallable.call(Task.java:1425)
	at java.base/java.util.concurrent.FutureTask.run(FutureTask.java:264)
	at java.base/java.util.concurrent.Executors$RunnableAdapter.call(Executors.java:515)
	at java.base/java.util.concurrent.FutureTask.run(FutureTask.java:264)
	at java.base/java.util.concurrent.ThreadPoolExecutor.runWorker(ThreadPoolExecutor.java:1128)
	at java.base/java.util.concurrent.ThreadPoolExecutor$Worker.run(ThreadPoolExecutor.java:628)
	... 1 more

06:17:58.980 [JavaFX Application Thread] FATAL FXGLApplication      - Application will now exit
06:17:58.991 [JavaFX Application Thread] DEBUG MainWindow           - Push state: ErrorSubScene
06:17:58.992 [JavaFX Application Thread] DEBUG Input                - Clearing active input actions
06:17:58.993 [JavaFX Application Thread] DEBUG GameApplicationServi - Removing overlay from FXGLLoadingScene and adding to ErrorSubScene
06:17:58.994 [JavaFX Application Thread] DEBUG MainWindow           - FXGLLoadingScene -> ErrorSubScene
06:18:00.407 [FXGL Background Thread 3 ] DEBUG Engine               - Logging environment variables
06:18:00.407 [FXGL Background Thread 3 ] DEBUG Engine               - achievements: []
06:18:00.407 [FXGL Background Thread 3 ] DEBUG Engine               - actualHeight: 720.0
06:18:00.407 [FXGL Background Thread 3 ] DEBUG Engine               - actualHeightProperty: ReadOnlyDoubleProperty [value: 720.0]
06:18:00.407 [FXGL Background Thread 3 ] DEBUG Engine               - actualWidth: 1280.0
06:18:00.407 [FXGL Background Thread 3 ] DEBUG Engine               - actualWidthProperty: ReadOnlyDoubleProperty [value: 1280.0]
06:18:00.407 [FXGL Background Thread 3 ] DEBUG Engine               - appIcon: fxgl_icon.png
06:18:00.407 [FXGL Background Thread 3 ] DEBUG Engine               - applicationMode: DEVELOPER
06:18:00.407 [FXGL Background Thread 3 ] DEBUG Engine               - cSSList: [fxgl_dark.css]
06:18:00.407 [FXGL Background Thread 3 ] DEBUG Engine               - configClass: Optional.empty
06:18:00.407 [FXGL Background Thread 3 ] DEBUG Engine               - credits: []
06:18:00.408 [FXGL Background Thread 3 ] DEBUG Engine               - devBBoxColorProperty: ObjectProperty [value: 0xff0000ff]
06:18:00.408 [FXGL Background Thread 3 ] DEBUG Engine               - devEnableDebugCameraProperty: BooleanProperty [value: false]
06:18:00.408 [FXGL Background Thread 3 ] DEBUG Engine               - devSensorColorProperty: ObjectProperty [value: 0xffff00ff]
06:18:00.408 [FXGL Background Thread 3 ] DEBUG Engine               - devShowBBoxProperty: BooleanProperty [value: false]
06:18:00.408 [FXGL Background Thread 3 ] DEBUG Engine               - devShowPositionProperty: BooleanProperty [value: false]
06:18:00.408 [FXGL Background Thread 3 ] DEBUG Engine               - enabledMenuItems: []
06:18:00.408 [FXGL Background Thread 3 ] DEBUG Engine               - engineServices: [class com.almasb.fxgl.app.FXGLApplication$GameApplicationService, class com.almasb.fxgl.app.services.FXGLDialogService, class com.almasb.fxgl.app.services.IOTaskExecutorService, class com.almasb.fxgl.event.EventBusService, class com.almasb.fxgl.io.FileSystemService, class com.almasb.fxgl.localization.LocalizationService, class com.almasb.fxgl.app.services.FXGLAssetLoaderService, class com.almasb.fxgl.app.services.SystemBundleService, class com.almasb.fxgl.profile.SaveLoadService, class com.almasb.fxgl.ui.FXGLUIFactoryServiceProvider, class com.almasb.fxgl.ui.FXGLDialogFactoryServiceProvider, class com.almasb.fxgl.audio.AudioPlayer, class com.almasb.fxgl.notification.impl.NotificationServiceProvider, class com.almasb.fxgl.achievement.AchievementService, class com.almasb.fxgl.cutscene.CutsceneService, class com.almasb.fxgl.minigames.MiniGameService, class com.almasb.fxgl.net.NetService, class com.almasb.fxgl.app.services.UpdaterService, class com.almasb.fxgl.dev.DevService]
06:18:00.408 [FXGL Background Thread 3 ] DEBUG Engine               - fontGame: Abel-Regular.ttf
06:18:00.408 [FXGL Background Thread 3 ] DEBUG Engine               - fontMono: lucida_console.ttf
06:18:00.408 [FXGL Background Thread 3 ] DEBUG Engine               - fontText: Courier-Prime.ttf
06:18:00.408 [FXGL Background Thread 3 ] DEBUG Engine               - fontUI: VarelaRound-Regular.ttf
06:18:00.408 [FXGL Background Thread 3 ] DEBUG Engine               - fullScreen: BooleanProperty [value: false]
06:18:00.408 [FXGL Background Thread 3 ] DEBUG Engine               - gameDifficulty: MEDIUM
06:18:00.408 [FXGL Background Thread 3 ] DEBUG Engine               - gameDifficultyProperty: ObjectProperty [value: MEDIUM]
06:18:00.408 [FXGL Background Thread 3 ] DEBUG Engine               - globalMusicVolume: 0.5
06:18:00.408 [FXGL Background Thread 3 ] DEBUG Engine               - globalMusicVolumeProperty: DoubleProperty [value: 0.5]
06:18:00.408 [FXGL Background Thread 3 ] DEBUG Engine               - globalSoundVolume: 0.5
06:18:00.408 [FXGL Background Thread 3 ] DEBUG Engine               - globalSoundVolumeProperty: DoubleProperty [value: 0.5]
06:18:00.408 [FXGL Background Thread 3 ] DEBUG Engine               - height: 720
06:18:00.408 [FXGL Background Thread 3 ] DEBUG Engine               - isAndroid: false
06:18:00.408 [FXGL Background Thread 3 ] DEBUG Engine               - isBrowser: false
06:18:00.408 [FXGL Background Thread 3 ] DEBUG Engine               - isClickFeedbackEnabled: false
06:18:00.408 [FXGL Background Thread 3 ] DEBUG Engine               - isCloseConfirmation: false
06:18:00.408 [FXGL Background Thread 3 ] DEBUG Engine               - isDesktop: true
06:18:00.408 [FXGL Background Thread 3 ] DEBUG Engine               - isDeveloperMenuEnabled: false
06:18:00.408 [FXGL Background Thread 3 ] DEBUG Engine               - isEntityPreloadEnabled: true
06:18:00.408 [FXGL Background Thread 3 ] DEBUG Engine               - isExperimental3D: false
06:18:00.408 [FXGL Background Thread 3 ] DEBUG Engine               - isExperimentalNative: false
06:18:00.408 [FXGL Background Thread 3 ] DEBUG Engine               - isExperimentalTiledLargeMap: false
06:18:00.408 [FXGL Background Thread 3 ] DEBUG Engine               - isFileSystemWriteAllowed: true
06:18:00.408 [FXGL Background Thread 3 ] DEBUG Engine               - isFullScreenAllowed: false
06:18:00.408 [FXGL Background Thread 3 ] DEBUG Engine               - isFullScreenFromStart: false
06:18:00.408 [FXGL Background Thread 3 ] DEBUG Engine               - isGameMenuEnabled: true
06:18:00.408 [FXGL Background Thread 3 ] DEBUG Engine               - isIOS: false
06:18:00.408 [FXGL Background Thread 3 ] DEBUG Engine               - isIntroEnabled: false
06:18:00.408 [FXGL Background Thread 3 ] DEBUG Engine               - isLinux: false
06:18:00.408 [FXGL Background Thread 3 ] DEBUG Engine               - isMac: false
06:18:00.408 [FXGL Background Thread 3 ] DEBUG Engine               - isMainMenuEnabled: true
06:18:00.408 [FXGL Background Thread 3 ] DEBUG Engine               - isManualResizeEnabled: false
06:18:00.408 [FXGL Background Thread 3 ] DEBUG Engine               - isMobile: false
06:18:00.408 [FXGL Background Thread 3 ] DEBUG Engine               - isPreserveResizeRatio: false
06:18:00.408 [FXGL Background Thread 3 ] DEBUG Engine               - isProfilingEnabled: false
06:18:00.408 [FXGL Background Thread 3 ] DEBUG Engine               - isScaleAffectedOnResize: true
06:18:00.408 [FXGL Background Thread 3 ] DEBUG Engine               - isSingleStep: false
06:18:00.408 [FXGL Background Thread 3 ] DEBUG Engine               - isUserProfileEnabled: false
06:18:00.409 [FXGL Background Thread 3 ] DEBUG Engine               - isWindows: true
06:18:00.409 [FXGL Background Thread 3 ] DEBUG Engine               - language: ObjectProperty [value: ENGLISH]
06:18:00.409 [FXGL Background Thread 3 ] DEBUG Engine               - menuKey: ESCAPE
06:18:00.409 [FXGL Background Thread 3 ] DEBUG Engine               - notificationViewClass: class com.almasb.fxgl.notification.view.XboxNotificationView
06:18:00.409 [FXGL Background Thread 3 ] DEBUG Engine               - pixelsPerMeter: 50.0
06:18:00.409 [FXGL Background Thread 3 ] DEBUG Engine               - platform: WINDOWS
06:18:00.409 [FXGL Background Thread 3 ] DEBUG Engine               - prefHeightProperty: ReadOnlyDoubleProperty [value: 720.0]
06:18:00.409 [FXGL Background Thread 3 ] DEBUG Engine               - prefWidthProperty: ReadOnlyDoubleProperty [value: 1280.0]
06:18:00.409 [FXGL Background Thread 3 ] DEBUG Engine               - profileDir: profiles/
06:18:00.409 [FXGL Background Thread 3 ] DEBUG Engine               - profileName: StringProperty [value: DEFAULT]
06:18:00.409 [FXGL Background Thread 3 ] DEBUG Engine               - randomSeed: -1
06:18:00.409 [FXGL Background Thread 3 ] DEBUG Engine               - runtimeInfo: RuntimeInfo(platform=WINDOWS, version=11.12, build=11.12.2020 08.51)
06:18:00.409 [FXGL Background Thread 3 ] DEBUG Engine               - saveFileExt: sav
06:18:00.409 [FXGL Background Thread 3 ] DEBUG Engine               - scaledHeightProp$fxgl: DoubleProperty [bound, value: 720.0]
06:18:00.409 [FXGL Background Thread 3 ] DEBUG Engine               - scaledWidthProp$fxgl: DoubleProperty [bound, value: 1280.0]
06:18:00.409 [FXGL Background Thread 3 ] DEBUG Engine               - sceneFactory: com.group19.javafxgame.InitialConfigMenuSceneFactory@2d1594a7
06:18:00.409 [FXGL Background Thread 3 ] DEBUG Engine               - secondsIn24h: 60
06:18:00.409 [FXGL Background Thread 3 ] DEBUG Engine               - soundMenuBack: menu/back.wav
06:18:00.409 [FXGL Background Thread 3 ] DEBUG Engine               - soundMenuPress: menu/press.wav
06:18:00.409 [FXGL Background Thread 3 ] DEBUG Engine               - soundMenuSelect: menu/select.wav
06:18:00.409 [FXGL Background Thread 3 ] DEBUG Engine               - soundNotification: core/notification.wav
06:18:00.409 [FXGL Background Thread 3 ] DEBUG Engine               - stageStyle: DECORATED
06:18:00.409 [FXGL Background Thread 3 ] DEBUG Engine               - supportedLanguages: [ENGLISH, FRENCH, GERMAN, HUNGARIAN, RUSSIAN]
06:18:00.409 [FXGL Background Thread 3 ] DEBUG Engine               - title: Dungeon Crawler
06:18:00.409 [FXGL Background Thread 3 ] DEBUG Engine               - urlGithub: https://github.com/AlmasB/FXGL
06:18:00.409 [FXGL Background Thread 3 ] DEBUG Engine               - urlLeaderboard: http://fxgl-top.herokuapp.com/
06:18:00.409 [FXGL Background Thread 3 ] DEBUG Engine               - urlPOM: https://raw.githubusercontent.com/AlmasB/FXGL/master/README.md
06:18:00.409 [FXGL Background Thread 3 ] DEBUG Engine               - version: Development 0.0.1
06:18:00.409 [FXGL Background Thread 3 ] DEBUG Engine               - versionCheckDays: 7
06:18:00.409 [FXGL Background Thread 3 ] DEBUG Engine               - width: 1280
06:18:00.409 [FXGL Background Thread 3 ] DEBUG Engine               - Logging services
06:18:00.409 [FXGL Background Thread 3 ] DEBUG Engine               - class com.almasb.fxgl.app.FXGLApplication$GameApplicationService
06:18:00.409 [FXGL Background Thread 3 ] DEBUG Engine               - class com.almasb.fxgl.app.services.FXGLDialogService
06:18:00.409 [FXGL Background Thread 3 ] DEBUG Engine               - class com.almasb.fxgl.app.services.IOTaskExecutorService
06:18:00.409 [FXGL Background Thread 3 ] DEBUG Engine               - class com.almasb.fxgl.event.EventBusService
06:18:00.410 [FXGL Background Thread 3 ] DEBUG Engine               - class com.almasb.fxgl.io.FileSystemService
06:18:00.410 [FXGL Background Thread 3 ] DEBUG Engine               - class com.almasb.fxgl.localization.LocalizationService
06:18:00.410 [FXGL Background Thread 3 ] DEBUG Engine               - class com.almasb.fxgl.app.services.FXGLAssetLoaderService
06:18:00.410 [FXGL Background Thread 3 ] DEBUG Engine               - class com.almasb.fxgl.app.services.SystemBundleService
06:18:00.410 [FXGL Background Thread 3 ] DEBUG Engine               - class com.almasb.fxgl.profile.SaveLoadService
06:18:00.410 [FXGL Background Thread 3 ] DEBUG Engine               - class com.almasb.fxgl.ui.FXGLUIFactoryServiceProvider
06:18:00.410 [FXGL Background Thread 3 ] DEBUG Engine               - class com.almasb.fxgl.ui.FXGLDialogFactoryServiceProvider
06:18:00.410 [FXGL Background Thread 3 ] DEBUG Engine               - class com.almasb.fxgl.audio.AudioPlayer
06:18:00.410 [FXGL Background Thread 3 ] DEBUG Engine               - class com.almasb.fxgl.notification.impl.NotificationServiceProvider
06:18:00.410 [FXGL Background Thread 3 ] DEBUG Engine               - class com.almasb.fxgl.achievement.AchievementService
06:18:00.410 [FXGL Background Thread 3 ] DEBUG Engine               - class com.almasb.fxgl.cutscene.CutsceneService
06:18:00.410 [FXGL Background Thread 3 ] DEBUG Engine               - class com.almasb.fxgl.minigames.MiniGameService
06:18:00.410 [FXGL Background Thread 3 ] DEBUG Engine               - class com.almasb.fxgl.net.NetService
06:18:00.410 [FXGL Background Thread 3 ] DEBUG Engine               - class com.almasb.fxgl.app.services.UpdaterService
06:18:00.410 [FXGL Background Thread 3 ] DEBUG Engine               - class com.almasb.fxgl.dev.DevService
06:18:03.858 [JavaFX Application Thread] DEBUG FXGLApplication      - Exiting FXGL
06:18:03.859 [JavaFX Application Thread] DEBUG Async                - Shutting down background threads
06:18:03.859 [JavaFX Application Thread] DEBUG MainWindow           - Closing main window
06:18:03.869 [JavaFX Application Thread] DEBUG Logger               - Closing Logger
