13:47:26.841 [main                     ] DEBUG Logger               - Configured Logger
13:47:26.874 [main                     ] DEBUG GameApplication      - Logging settings
Title: Dungeon Crawler
Version: Development 0.0.1
Width: 1280
Height: 720
Fullscreen: false
Intro: false
Profiling: false
Single step:false
App Mode: DEVELOPER
Menu Key: ESCAPE
Stage Style: DECORATED
Scene Factory: class com.group19.javafxgame.MainSceneFactory

13:47:28.454 [JavaFX Application Thread] DEBUG FXGLApplication      - Initializing FXGL
13:47:28.458 [JavaFX Application Thread] INFO  Engine               - FXGL-11.12 (11.12.2020 08.51) on MAC (J:11.0.1 FX:11.0.2)
13:47:28.458 [JavaFX Application Thread] DEBUG Engine               - JRE Vendor Name: Oracle Corporation
13:47:28.458 [JavaFX Application Thread] DEBUG Engine               - Running on OS: Mac OS X version 10.16
13:47:28.459 [JavaFX Application Thread] DEBUG Engine               - Architecture: x86_64
13:47:28.459 [JavaFX Application Thread] INFO  Engine               - Source code and latest versions at: https://github.com/AlmasB/FXGL
13:47:28.459 [JavaFX Application Thread] INFO  Engine               -              Join the FXGL chat at: https://gitter.im/AlmasB/FXGL
13:47:28.683 [JavaFX Application Thread] DEBUG MainWindow           - Creating a JavaFX scene
13:47:28.753 [JavaFX Application Thread] DEBUG MainWindow           - Target settings size: 1280.0 x 720.0
13:47:28.753 [JavaFX Application Thread] DEBUG MainWindow           - Scaled scene size:    1280.0 x 720.0
13:47:28.754 [JavaFX Application Thread] DEBUG MainWindow           - Scaled ratio: (1.0, 1.0)
13:47:28.755 [JavaFX Application Thread] DEBUG MainWindow           - Set initial scene to StartupScene
13:47:28.761 [JavaFX Application Thread] DEBUG MainWindow           - Opening main window
13:47:28.836 [JavaFX Application Thread] DEBUG MainWindow           - Window border size: (0.0, 28.0)
13:47:28.836 [JavaFX Application Thread] DEBUG MainWindow           - Scaled size: 1280.0 x 720.0
13:47:28.836 [JavaFX Application Thread] DEBUG MainWindow           - Scaled ratio: (1.0, 1.0)
13:47:28.836 [JavaFX Application Thread] DEBUG MainWindow           - Scene size: 1280.0 x 720.0
13:47:28.836 [JavaFX Application Thread] DEBUG MainWindow           - Stage size: 1280.0 x 748.0
13:47:28.844 [FXGL Background Thread 1 ] DEBUG Engine               - Initializing environment variables
13:47:28.879 [FXGL Background Thread 1 ] DEBUG GameApplicationServi - Applying CSS: fxgl_dark.css
13:47:28.880 [FXGL Background Thread 1 ] DEBUG FXGLAssetLoaderServi - Loading from file system: /assets/ui/css/fxgl_dark.css
13:47:28.956 [FXGL Background Thread 1 ] DEBUG GameApplicationServi - Initializing application scenes
13:47:29.471 [FXGL Background Thread 1 ] DEBUG GameWorld            - Game world initialized
13:47:29.532 [FXGL Background Thread 1 ] DEBUG PhysicsWorld         - Physics world initialized: appHeight=720, physics.ppm=50.0
13:47:29.533 [FXGL Background Thread 1 ] DEBUG GameScene            - Game scene initialized: 1280x720
13:47:29.546 [FXGL Background Thread 1 ] DEBUG FXGLAssetLoaderServi - Loading from file system: /assets/textures/background/MainMenuBackground.jpg
13:47:29.639 [FXGL Background Thread 1 ] DEBUG FXGLAssetLoaderServi - Loading from file system: /assets/textures/particles/trace_horizontal.png
13:47:29.674 [FXGL Background Thread 1 ] DEBUG FXGL.DefaultMenu     - createMenuBodyGameMenu()
13:47:29.685 [FXGL Background Thread 1 ] DEBUG FXGL.DefaultMenu     - createOptionsMenu()
13:47:29.689 [FXGL Background Thread 1 ] DEBUG FXGLAssetLoaderServi - Loading from file system: /assets/textures/particles/smoke.png
13:47:29.734 [FXGL Background Thread 1 ] DEBUG GameApplicationServi - Application scenes initialized
13:47:29.743 [FXGL Background Thread 1 ] DEBUG SystemBundleService  - Loading FXGL system data
13:47:29.748 [FXGL Background Thread 1 ] DEBUG FileSystemAccess     - Reading from: /Users/shaharben-dor/Documents/College Work/CS 2340/CS-2340-Final-Project/system/fxgl.bundle
13:47:29.754 [FXGL Background Thread 1 ] DEBUG SystemBundleService  - Bundle FXGL: {}
13:47:29.755 [FXGL Background Thread 1 ] DEBUG UpdaterService       - Checking for updates
13:47:29.759 [FXGL Background Thread 4 ] DEBUG FXGLApplication      - Loading fonts
13:47:29.759 [FXGL Background Thread 4 ] DEBUG FXGLAssetLoaderServi - Loading from file system: /assets/ui/fonts/VarelaRound-Regular.ttf
13:47:29.762 [FXGL Background Thread 1 ] DEBUG FXGLApplication      - Loading default localization
13:47:29.762 [FXGL Background Thread 1 ] DEBUG FXGLAssetLoaderServi - Loading from file system: /assets/languages/english.lang
13:47:29.787 [FXGL Background Thread 1 ] INFO  FXGLApplication      - FXGL initialization took: 0.943 sec
13:47:29.787 [FXGL Background Thread 4 ] DEBUG FXGLAssetLoaderServi - Loading from file system: /assets/ui/fonts/Abel-Regular.ttf
13:47:29.788 [JavaFX Application Thread] DEBUG FXGLAssetLoaderServi - Loading from file system: /assets/textures/fxgl_icon.png
13:47:29.792 [FXGL Background Thread 4 ] DEBUG FXGLAssetLoaderServi - Loading from file system: /assets/ui/fonts/lucida_console.ttf
13:47:29.797 [FXGL Background Thread 4 ] DEBUG FXGLAssetLoaderServi - Loading from file system: /assets/ui/fonts/Courier-Prime.ttf
13:47:29.819 [JavaFX Application Thread] DEBUG FXGLAssetLoaderServi - Loading from file system: /assets/ui/cursors/fxgl_default.png
13:47:29.836 [JavaFX Application Thread] DEBUG Input                - Registered new binding: Screenshot - P
13:47:29.837 [JavaFX Application Thread] DEBUG Input                - Registered new binding: System info dump - CTRL+9
13:47:29.837 [JavaFX Application Thread] DEBUG Input                - Registered new binding: Restart - CTRL+R
13:47:29.838 [JavaFX Application Thread] DEBUG Input                - Registered new binding: Toggle Debug Camera - CTRL+C
13:47:29.840 [JavaFX Application Thread] DEBUG LoopRunner           - Starting loop
13:47:29.843 [JavaFX Application Thread] DEBUG Input                - Clearing active input actions
13:47:29.850 [JavaFX Application Thread] DEBUG GameApplicationServi - Removing overlay from StartupScene and adding to FXGLMainMenuDummyScene
13:47:29.850 [JavaFX Application Thread] DEBUG MainWindow           - StartupScene -> FXGLMainMenuDummyScene
13:47:29.851 [JavaFX Application Thread] DEBUG MainWindow           - Push state: MainMenu
13:47:29.851 [JavaFX Application Thread] DEBUG Input                - Clearing active input actions
13:47:29.860 [JavaFX Application Thread] DEBUG GameApplicationServi - Removing overlay from FXGLMainMenuDummyScene and adding to MainMenu
13:47:29.860 [JavaFX Application Thread] DEBUG MainWindow           - FXGLMainMenuDummyScene -> MainMenu
13:47:29.891 [JavaFX Application Thread] DEBUG FXGLApplication      - Registering font factories with UI factory
13:47:30.321 [FXGL Background Thread 2 ] INFO  UpdaterService       - Your current version:  11.12
13:47:30.322 [FXGL Background Thread 2 ] INFO  UpdaterService       - Latest stable version: 11.16
13:47:31.272 [JavaFX Application Thread] DEBUG Menu                 - fireNewGame()
13:47:31.272 [JavaFX Application Thread] DEBUG GameApplicationServi - Starting new game
13:47:31.272 [JavaFX Application Thread] DEBUG MainWindow           - Pop state: MainMenu
13:47:31.272 [JavaFX Application Thread] DEBUG Input                - Clearing active input actions
13:47:31.273 [JavaFX Application Thread] DEBUG GameApplicationServi - Removing overlay from MainMenu and adding to FXGLMainMenuDummyScene
13:47:31.273 [JavaFX Application Thread] DEBUG MainWindow           - FXGLMainMenuDummyScene <- MainMenu
13:47:31.273 [JavaFX Application Thread] DEBUG Input                - Clearing active input actions
13:47:31.279 [JavaFX Application Thread] DEBUG GameApplicationServi - Removing overlay from FXGLMainMenuDummyScene and adding to FXGLLoadingScene
13:47:31.279 [JavaFX Application Thread] DEBUG MainWindow           - FXGLMainMenuDummyScene -> FXGLLoadingScene
13:47:31.279 [JavaFX Application Thread] DEBUG GameApplicationServi - Clearing previous game
13:47:31.280 [JavaFX Application Thread] DEBUG GameScene            - Clearing game scene
13:47:31.280 [JavaFX Application Thread] DEBUG GameWorld            - Clearing game world
13:47:31.280 [JavaFX Application Thread] DEBUG PhysicsWorld         - Clearing physics world
13:47:31.281 [FXGL Background Thread 2 ] DEBUG FXGLApplication      - Initializing game
13:47:31.287 [FXGL Background Thread 2 ] DEBUG FXGLAssetLoaderServi - Loading from cache: /assets/textures/background/MainMenuBackground.jpg
13:47:31.302 [FXGL Background Thread 2 ] INFO  FXGLApplication      - Game initialization took: 0.021 sec
13:47:31.306 [JavaFX Application Thread] DEBUG Input                - Clearing active input actions
13:47:31.316 [JavaFX Application Thread] DEBUG GameApplicationServi - Removing overlay from FXGLLoadingScene and adding to GameScene
13:47:31.316 [JavaFX Application Thread] DEBUG MainWindow           - FXGLLoadingScene -> GameScene
13:47:32.392 [JavaFX Application Thread] DEBUG MainWindow           - Push state: DialogSubScene
13:47:32.393 [JavaFX Application Thread] DEBUG Input                - Clearing active input actions
13:47:32.396 [JavaFX Application Thread] DEBUG GameApplicationServi - Removing overlay from GameScene and adding to DialogSubScene
13:47:32.396 [JavaFX Application Thread] DEBUG MainWindow           - GameScene -> DialogSubScene
13:47:32.762 [FXGL Background Thread 3 ] DEBUG Engine               - Logging environment variables
13:47:32.763 [FXGL Background Thread 3 ] DEBUG Engine               - achievements: []
13:47:32.763 [FXGL Background Thread 3 ] DEBUG Engine               - actualHeight: 720.0
13:47:32.763 [FXGL Background Thread 3 ] DEBUG Engine               - actualHeightProperty: ReadOnlyDoubleProperty [value: 720.0]
13:47:32.763 [FXGL Background Thread 3 ] DEBUG Engine               - actualWidth: 1280.0
13:47:32.764 [FXGL Background Thread 3 ] DEBUG Engine               - actualWidthProperty: ReadOnlyDoubleProperty [value: 1280.0]
13:47:32.764 [FXGL Background Thread 3 ] DEBUG Engine               - appIcon: fxgl_icon.png
13:47:32.764 [FXGL Background Thread 3 ] DEBUG Engine               - applicationMode: DEVELOPER
13:47:32.764 [FXGL Background Thread 3 ] DEBUG Engine               - cSSList: [fxgl_dark.css]
13:47:32.764 [FXGL Background Thread 3 ] DEBUG Engine               - configClass: Optional.empty
13:47:32.764 [FXGL Background Thread 3 ] DEBUG Engine               - credits: []
13:47:32.765 [FXGL Background Thread 3 ] DEBUG Engine               - devBBoxColorProperty: ObjectProperty [value: 0xff0000ff]
13:47:32.765 [FXGL Background Thread 3 ] DEBUG Engine               - devEnableDebugCameraProperty: BooleanProperty [value: false]
13:47:32.765 [FXGL Background Thread 3 ] DEBUG Engine               - devSensorColorProperty: ObjectProperty [value: 0xffff00ff]
13:47:32.765 [FXGL Background Thread 3 ] DEBUG Engine               - devShowBBoxProperty: BooleanProperty [value: false]
13:47:32.765 [FXGL Background Thread 3 ] DEBUG Engine               - devShowPositionProperty: BooleanProperty [value: false]
13:47:32.765 [FXGL Background Thread 3 ] DEBUG Engine               - enabledMenuItems: []
13:47:32.765 [FXGL Background Thread 3 ] DEBUG Engine               - engineServices: [class com.almasb.fxgl.app.FXGLApplication$GameApplicationService, class com.almasb.fxgl.app.services.FXGLDialogService, class com.almasb.fxgl.app.services.IOTaskExecutorService, class com.almasb.fxgl.event.EventBusService, class com.almasb.fxgl.io.FileSystemService, class com.almasb.fxgl.localization.LocalizationService, class com.almasb.fxgl.app.services.FXGLAssetLoaderService, class com.almasb.fxgl.app.services.SystemBundleService, class com.almasb.fxgl.profile.SaveLoadService, class com.almasb.fxgl.ui.FXGLUIFactoryServiceProvider, class com.almasb.fxgl.ui.FXGLDialogFactoryServiceProvider, class com.almasb.fxgl.audio.AudioPlayer, class com.almasb.fxgl.notification.impl.NotificationServiceProvider, class com.almasb.fxgl.achievement.AchievementService, class com.almasb.fxgl.cutscene.CutsceneService, class com.almasb.fxgl.minigames.MiniGameService, class com.almasb.fxgl.net.NetService, class com.almasb.fxgl.app.services.UpdaterService, class com.almasb.fxgl.dev.DevService]
13:47:32.765 [FXGL Background Thread 3 ] DEBUG Engine               - fontGame: Abel-Regular.ttf
13:47:32.766 [FXGL Background Thread 3 ] DEBUG Engine               - fontMono: lucida_console.ttf
13:47:32.766 [FXGL Background Thread 3 ] DEBUG Engine               - fontText: Courier-Prime.ttf
13:47:32.766 [FXGL Background Thread 3 ] DEBUG Engine               - fontUI: VarelaRound-Regular.ttf
13:47:32.766 [FXGL Background Thread 3 ] DEBUG Engine               - fullScreen: BooleanProperty [value: false]
13:47:32.766 [FXGL Background Thread 3 ] DEBUG Engine               - gameDifficulty: MEDIUM
13:47:32.766 [FXGL Background Thread 3 ] DEBUG Engine               - gameDifficultyProperty: ObjectProperty [value: MEDIUM]
13:47:32.766 [FXGL Background Thread 3 ] DEBUG Engine               - globalMusicVolume: 0.5
13:47:32.766 [FXGL Background Thread 3 ] DEBUG Engine               - globalMusicVolumeProperty: DoubleProperty [value: 0.5]
13:47:32.766 [FXGL Background Thread 3 ] DEBUG Engine               - globalSoundVolume: 0.5
13:47:32.766 [FXGL Background Thread 3 ] DEBUG Engine               - globalSoundVolumeProperty: DoubleProperty [value: 0.5]
13:47:32.766 [FXGL Background Thread 3 ] DEBUG Engine               - height: 720
13:47:32.766 [FXGL Background Thread 3 ] DEBUG Engine               - isAndroid: false
13:47:32.767 [FXGL Background Thread 3 ] DEBUG Engine               - isBrowser: false
13:47:32.767 [FXGL Background Thread 3 ] DEBUG Engine               - isClickFeedbackEnabled: false
13:47:32.767 [FXGL Background Thread 3 ] DEBUG Engine               - isCloseConfirmation: false
13:47:32.767 [FXGL Background Thread 3 ] DEBUG Engine               - isDesktop: true
13:47:32.767 [FXGL Background Thread 3 ] DEBUG Engine               - isDeveloperMenuEnabled: false
13:47:32.767 [FXGL Background Thread 3 ] DEBUG Engine               - isEntityPreloadEnabled: true
13:47:32.767 [FXGL Background Thread 3 ] DEBUG Engine               - isExperimental3D: false
13:47:32.767 [FXGL Background Thread 3 ] DEBUG Engine               - isExperimentalNative: false
13:47:32.767 [FXGL Background Thread 3 ] DEBUG Engine               - isExperimentalTiledLargeMap: false
13:47:32.767 [FXGL Background Thread 3 ] DEBUG Engine               - isFileSystemWriteAllowed: true
13:47:32.767 [FXGL Background Thread 3 ] DEBUG Engine               - isFullScreenAllowed: false
13:47:32.768 [FXGL Background Thread 3 ] DEBUG Engine               - isFullScreenFromStart: false
13:47:32.768 [FXGL Background Thread 3 ] DEBUG Engine               - isGameMenuEnabled: true
13:47:32.768 [FXGL Background Thread 3 ] DEBUG Engine               - isIOS: false
13:47:32.768 [FXGL Background Thread 3 ] DEBUG Engine               - isIntroEnabled: false
13:47:32.768 [FXGL Background Thread 3 ] DEBUG Engine               - isLinux: false
13:47:32.768 [FXGL Background Thread 3 ] DEBUG Engine               - isMac: true
13:47:32.768 [FXGL Background Thread 3 ] DEBUG Engine               - isMainMenuEnabled: true
13:47:32.768 [FXGL Background Thread 3 ] DEBUG Engine               - isManualResizeEnabled: false
13:47:32.768 [FXGL Background Thread 3 ] DEBUG Engine               - isMobile: false
13:47:32.768 [FXGL Background Thread 3 ] DEBUG Engine               - isPreserveResizeRatio: false
13:47:32.769 [FXGL Background Thread 3 ] DEBUG Engine               - isProfilingEnabled: false
13:47:32.769 [FXGL Background Thread 3 ] DEBUG Engine               - isScaleAffectedOnResize: true
13:47:32.769 [FXGL Background Thread 3 ] DEBUG Engine               - isSingleStep: false
13:47:32.769 [FXGL Background Thread 3 ] DEBUG Engine               - isUserProfileEnabled: false
13:47:32.769 [FXGL Background Thread 3 ] DEBUG Engine               - isWindows: false
13:47:32.769 [FXGL Background Thread 3 ] DEBUG Engine               - language: ObjectProperty [value: ENGLISH]
13:47:32.769 [FXGL Background Thread 3 ] DEBUG Engine               - menuKey: ESCAPE
13:47:32.769 [FXGL Background Thread 3 ] DEBUG Engine               - notificationViewClass: class com.almasb.fxgl.notification.view.XboxNotificationView
13:47:32.769 [FXGL Background Thread 3 ] DEBUG Engine               - pixelsPerMeter: 50.0
13:47:32.769 [FXGL Background Thread 3 ] DEBUG Engine               - platform: MAC
13:47:32.769 [FXGL Background Thread 3 ] DEBUG Engine               - prefHeightProperty: ReadOnlyDoubleProperty [value: 720.0]
13:47:32.769 [FXGL Background Thread 3 ] DEBUG Engine               - prefWidthProperty: ReadOnlyDoubleProperty [value: 1280.0]
13:47:32.769 [FXGL Background Thread 3 ] DEBUG Engine               - profileDir: profiles/
13:47:32.770 [FXGL Background Thread 3 ] DEBUG Engine               - profileName: StringProperty [value: DEFAULT]
13:47:32.770 [FXGL Background Thread 3 ] DEBUG Engine               - randomSeed: -1
13:47:32.770 [FXGL Background Thread 3 ] DEBUG Engine               - runtimeInfo: RuntimeInfo(platform=MAC, version=11.12, build=11.12.2020 08.51)
13:47:32.770 [FXGL Background Thread 3 ] DEBUG Engine               - saveFileExt: sav
13:47:32.770 [FXGL Background Thread 3 ] DEBUG Engine               - scaledHeightProp$fxgl: DoubleProperty [bound, value: 720.0]
13:47:32.770 [FXGL Background Thread 3 ] DEBUG Engine               - scaledWidthProp$fxgl: DoubleProperty [bound, value: 1280.0]
13:47:32.770 [FXGL Background Thread 3 ] DEBUG Engine               - sceneFactory: com.group19.javafxgame.MainSceneFactory@4f300c84
13:47:32.770 [FXGL Background Thread 3 ] DEBUG Engine               - secondsIn24h: 60
13:47:32.770 [FXGL Background Thread 3 ] DEBUG Engine               - soundMenuBack: menu/back.wav
13:47:32.770 [FXGL Background Thread 3 ] DEBUG Engine               - soundMenuPress: menu/press.wav
13:47:32.770 [FXGL Background Thread 3 ] DEBUG Engine               - soundMenuSelect: menu/select.wav
13:47:32.770 [FXGL Background Thread 3 ] DEBUG Engine               - soundNotification: core/notification.wav
13:47:32.770 [FXGL Background Thread 3 ] DEBUG Engine               - stageStyle: DECORATED
13:47:32.771 [FXGL Background Thread 3 ] DEBUG Engine               - supportedLanguages: [ENGLISH, FRENCH, GERMAN, HUNGARIAN, RUSSIAN]
13:47:32.771 [FXGL Background Thread 3 ] DEBUG Engine               - title: Dungeon Crawler
13:47:32.771 [FXGL Background Thread 3 ] DEBUG Engine               - urlGithub: https://github.com/AlmasB/FXGL
13:47:32.771 [FXGL Background Thread 3 ] DEBUG Engine               - urlLeaderboard: http://fxgl-top.herokuapp.com/
13:47:32.771 [FXGL Background Thread 3 ] DEBUG Engine               - urlPOM: https://raw.githubusercontent.com/AlmasB/FXGL/master/README.md
13:47:32.771 [FXGL Background Thread 3 ] DEBUG Engine               - version: Development 0.0.1
13:47:32.771 [FXGL Background Thread 3 ] DEBUG Engine               - versionCheckDays: 7
13:47:32.771 [FXGL Background Thread 3 ] DEBUG Engine               - width: 1280
13:47:32.771 [FXGL Background Thread 3 ] DEBUG Engine               - Logging services
13:47:32.771 [FXGL Background Thread 3 ] DEBUG Engine               - class com.almasb.fxgl.app.FXGLApplication$GameApplicationService
13:47:32.771 [FXGL Background Thread 3 ] DEBUG Engine               - class com.almasb.fxgl.app.services.FXGLDialogService
13:47:32.771 [FXGL Background Thread 3 ] DEBUG Engine               - class com.almasb.fxgl.app.services.IOTaskExecutorService
13:47:32.771 [FXGL Background Thread 3 ] DEBUG Engine               - class com.almasb.fxgl.event.EventBusService
13:47:32.771 [FXGL Background Thread 3 ] DEBUG Engine               - class com.almasb.fxgl.io.FileSystemService
13:47:32.771 [FXGL Background Thread 3 ] DEBUG Engine               - class com.almasb.fxgl.localization.LocalizationService
13:47:32.772 [FXGL Background Thread 3 ] DEBUG Engine               - class com.almasb.fxgl.app.services.FXGLAssetLoaderService
13:47:32.772 [FXGL Background Thread 3 ] DEBUG Engine               - class com.almasb.fxgl.app.services.SystemBundleService
13:47:32.772 [FXGL Background Thread 3 ] DEBUG Engine               - class com.almasb.fxgl.profile.SaveLoadService
13:47:32.772 [FXGL Background Thread 3 ] DEBUG Engine               - class com.almasb.fxgl.ui.FXGLUIFactoryServiceProvider
13:47:32.772 [FXGL Background Thread 3 ] DEBUG Engine               - class com.almasb.fxgl.ui.FXGLDialogFactoryServiceProvider
13:47:32.772 [FXGL Background Thread 3 ] DEBUG Engine               - class com.almasb.fxgl.audio.AudioPlayer
13:47:32.772 [FXGL Background Thread 3 ] DEBUG Engine               - class com.almasb.fxgl.notification.impl.NotificationServiceProvider
13:47:32.772 [FXGL Background Thread 3 ] DEBUG Engine               - class com.almasb.fxgl.achievement.AchievementService
13:47:32.772 [FXGL Background Thread 3 ] DEBUG Engine               - class com.almasb.fxgl.cutscene.CutsceneService
13:47:32.772 [FXGL Background Thread 3 ] DEBUG Engine               - class com.almasb.fxgl.minigames.MiniGameService
13:47:32.772 [FXGL Background Thread 3 ] DEBUG Engine               - class com.almasb.fxgl.net.NetService
13:47:32.772 [FXGL Background Thread 3 ] DEBUG Engine               - class com.almasb.fxgl.app.services.UpdaterService
13:47:32.772 [FXGL Background Thread 3 ] DEBUG Engine               - class com.almasb.fxgl.dev.DevService
13:47:36.112 [JavaFX Application Thread] DEBUG MainWindow           - Pop state: DialogSubScene
13:47:36.112 [JavaFX Application Thread] DEBUG Input                - Clearing active input actions
13:47:36.113 [JavaFX Application Thread] DEBUG GameApplicationServi - Removing overlay from DialogSubScene and adding to GameScene
13:47:36.113 [JavaFX Application Thread] DEBUG MainWindow           - GameScene <- DialogSubScene
13:47:37.274 [JavaFX Application Thread] DEBUG MainWindow           - Push state: DialogSubScene
13:47:37.274 [JavaFX Application Thread] DEBUG Input                - Clearing active input actions
13:47:37.278 [JavaFX Application Thread] DEBUG GameApplicationServi - Removing overlay from GameScene and adding to DialogSubScene
13:47:37.278 [JavaFX Application Thread] DEBUG MainWindow           - GameScene -> DialogSubScene
13:47:38.221 [JavaFX Application Thread] DEBUG MainWindow           - Pop state: DialogSubScene
13:47:38.221 [JavaFX Application Thread] DEBUG Input                - Clearing active input actions
13:47:38.222 [JavaFX Application Thread] DEBUG GameApplicationServi - Removing overlay from DialogSubScene and adding to GameScene
13:47:38.222 [JavaFX Application Thread] DEBUG MainWindow           - GameScene <- DialogSubScene
13:47:38.723 [JavaFX Application Thread] DEBUG FXGLAssetLoaderServi - Loading from file system: /assets/levels/default2.tmx
13:47:38.745 [JavaFX Application Thread] WARN  TMXLevelLoader       - TiledMap generated from 1.7.0. Supported version: 1.2.3. Some features may not be parsed fully.
13:47:38.761 [JavaFX Application Thread] DEBUG TMXLevelLoader       - Parsed raw map: TiledMap(width=80, height=45, tilewidth=16, tileheight=16, orientation=orthogonal, layers=[Layer(width=80, height=45, name=Tile Layer 1, type=tilelayer, visible=false, x=0, y=0, data=[541, 542, 542, 542, 542, 542, 542, 542, 542, 542, 542, 542, 542, 542, 542, 542, 542, 542, 542, 542, 542, 542, 542, 542, 542, 542, 1106, 1106, 1106, 1106, 1106, 1106, 1106, 1106, 1106, 1106, 1106, 1106, 1106, 1106, 1106, 1106, 1106, 1106, 1106, 1106, 542, 542, 542, 542, 542, 542, 542, 542, 542, 542, 542, 542, 542, 542, 542, 542, 542, 542, 542, 542, 542, 542, 542, 542, 542, 542, 542, 542, 542, 542, 542, 542, 542, 543, 561, 0, 0, 0, 0, 0, 0, 0, 0, 0, 0, 0, 0, 0, 0, 0, 0, 0, 0, 0, 0, 0, 0, 0, 0, 0, 0, 0, 0, 0, 0, 0, 0, 0, 0, 0, 0, 0, 0, 0, 0, 0, 0, 0, 0, 0, 0, 0, 0, 0, 0, 0, 0, 0, 0, 0, 0, 0, 0, 0, 0, 0, 0, 0, 0, 0, 0, 0, 0, 0, 0, 0, 0, 0, 0, 0, 0, 0, 0, 561, 561, 0, 0, 0, 0, 0, 0, 0, 0, 0, 0, 0, 0, 0, 0, 0, 0, 0, 0, 0, 0, 0, 0, 0, 0, 0, 0, 0, 0, 0, 0, 0, 0, 0, 0, 0, 0, 0, 0, 0, 0, 0, 0, 0, 0, 0, 0, 0, 0, 0, 0, 0, 0, 0, 0, 0, 0, 0, 0, 0, 0, 0, 0, 0, 0, 0, 0, 0, 0, 0, 0, 0, 0, 0, 0, 0, 0, 0, 0, 561, 561, 0, 0, 0, 0, 0, 0, 0, 0, 0, 0, 0, 0, 0, 0, 0, 0, 0, 0, 0, 0, 0, 0, 0, 0, 0, 0, 0, 0, 0, 0, 0, 0, 0, 0, 0, 0, 0, 0, 0, 0, 0, 0, 0, 0, 0, 0, 0, 0, 0, 0, 0, 0, 0, 0, 0, 0, 0, 0, 0, 0, 0, 0, 0, 0, 0, 0, 0, 0, 0, 0, 0, 0, 0, 0, 0, 0, 0, 0, 561, 561, 0, 0, 0, 0, 0, 0, 0, 0, 0, 0, 0, 0, 0, 0, 0, 0, 0, 0, 0, 0, 0, 0, 0, 0, 0, 0, 0, 0, 0, 0, 0, 0, 0, 0, 0, 0, 0, 0, 0, 0, 0, 0, 0, 0, 0, 0, 0, 0, 0, 0, 0, 0, 0, 0, 0, 0, 0, 0, 0, 0, 0, 0, 0, 0, 0, 0, 0, 0, 0, 0, 0, 0, 0, 0, 0, 0, 0, 0, 561, 561, 0, 0, 0, 0, 0, 0, 0, 0, 0, 0, 0, 0, 0, 0, 0, 0, 0, 0, 0, 0, 0, 0, 0, 0, 0, 0, 0, 0, 0, 0, 0, 0, 0, 0, 0, 0, 0, 0, 0, 0, 0, 0, 0, 0, 0, 0, 0, 0, 0, 0, 0, 0, 0, 0, 0, 0, 0, 0, 0, 0, 0, 0, 0, 0, 0, 0, 0, 0, 0, 0, 0, 0, 0, 0, 0, 0, 0, 0, 561, 561, 0, 0, 0, 0, 0, 0, 0, 0, 0, 0, 0, 0, 0, 0, 0, 0, 0, 0, 0, 0, 0, 0, 0, 0, 0, 0, 0, 0, 0, 0, 0, 0, 0, 0, 0, 0, 0, 0, 0, 0, 0, 0, 0, 0, 0, 0, 0, 0, 0, 0, 0, 0, 0, 0, 0, 0, 0, 0, 0, 0, 0, 0, 0, 0, 0, 0, 0, 0, 0, 0, 0, 0, 0, 0, 0, 0, 0, 0, 561, 561, 0, 0, 0, 0, 0, 0, 0, 0, 0, 0, 0, 0, 0, 0, 0, 0, 0, 0, 0, 0, 0, 0, 0, 0, 0, 0, 0, 0, 0, 0, 0, 0, 0, 0, 0, 0, 0, 0, 0, 0, 0, 0, 0, 0, 0, 0, 0, 0, 0, 0, 0, 0, 0, 0, 0, 0, 0, 0, 0, 0, 0, 0, 0, 0, 0, 0, 0, 0, 0, 0, 0, 0, 0, 0, 0, 0, 0, 0, 561, 561, 0, 0, 0, 0, 0, 0, 0, 0, 0, 0, 0, 0, 0, 0, 0, 0, 0, 0, 0, 0, 0, 0, 0, 0, 0, 0, 0, 0, 0, 0, 0, 0, 0, 0, 0, 0, 0, 0, 0, 0, 0, 0, 0, 0, 0, 0, 0, 0, 0, 0, 0, 0, 0, 0, 0, 0, 0, 0, 0, 0, 0, 0, 0, 0, 0, 0, 0, 0, 0, 0, 0, 0, 0, 0, 0, 0, 0, 0, 561, 561, 0, 0, 0, 0, 0, 0, 0, 0, 0, 0, 0, 0, 0, 0, 0, 0, 0, 0, 0, 0, 0, 0, 0, 0, 0, 564, 542, 542, 542, 542, 542, 542, 542, 542, 545, 542, 542, 542, 542, 542, 542, 542, 542, 543, 0, 0, 0, 0, 0, 0, 0, 0, 0, 0, 0, 0, 0, 0, 0, 0, 0, 0, 0, 0, 0, 0, 0, 0, 0, 0, 0, 0, 0, 0, 0, 0, 0, 0, 561, 561, 0, 0, 0, 0, 0, 0, 0, 0, 0, 0, 0, 0, 0, 0, 0, 0, 0, 0, 0, 0, 0, 0, 0, 0, 0, 561, 0, 0, 0, 0, 0, 0, 0, 0, 561, 0, 0, 0, 0, 0, 0, 0, 0, 561, 0, 0, 0, 0, 0, 0, 0, 0, 0, 0, 0, 0, 0, 0, 0, 0, 0, 0, 0, 0, 0, 0, 0, 0, 0, 0, 0, 0, 0, 0, 0, 0, 0, 0, 561, 561, 0, 0, 0, 0, 0, 0, 0, 0, 0, 0, 0, 0, 0, 0, 0, 0, 0, 0, 0, 0, 0, 0, 0, 0, 0, 561, 0, 0, 0, 0, 0, 0, 0, 0, 561, 0, 0, 0, 0, 0, 0, 0, 0, 561, 0, 0, 0, 0, 0, 0, 0, 0, 0, 0, 0, 0, 0, 0, 0, 0, 0, 0, 0, 0, 0, 0, 0, 0, 0, 0, 0, 0, 0, 0, 0, 0, 0, 0, 561, 561, 0, 0, 0, 0, 0, 0, 0, 0, 0, 0, 0, 0, 0, 0, 0, 0, 0, 0, 0, 0, 0, 0, 0, 0, 0, 561, 0, 0, 0, 0, 0, 0, 0, 0, 561, 0, 0, 0, 0, 0, 0, 0, 0, 561, 0, 0, 0, 0, 0, 0, 0, 0, 0, 0, 0, 0, 0, 0, 0, 0, 0, 0, 0, 0, 0, 0, 0, 0, 0, 0, 0, 0, 0, 0, 0, 0, 0, 0, 561, 561, 0, 0, 0, 0, 0, 0, 0, 0, 0, 0, 0, 0, 0, 0, 0, 0, 0, 0, 0, 0, 0, 0, 0, 0, 0, 561, 0, 0, 0, 0, 0, 0, 0, 0, 0, 0, 0, 0, 0, 0, 0, 0, 0, 561, 0, 0, 0, 0, 0, 0, 0, 0, 0, 0, 0, 0, 0, 0, 0, 0, 0, 0, 0, 0, 0, 0, 0, 0, 0, 0, 0, 0, 0, 0, 0, 0, 0, 0, 561, 561, 0, 0, 0, 0, 0, 0, 0, 0, 0, 0, 0, 0, 0, 0, 0, 0, 0, 0, 0, 0, 0, 0, 0, 0, 0, 561, 0, 0, 0, 0, 0, 0, 0, 0, 0, 0, 0, 0, 0, 0, 0, 0, 0, 561, 0, 0, 0, 0, 0, 0, 0, 0, 0, 0, 0, 0, 0, 0, 0, 0, 0, 0, 0, 0, 0, 0, 0, 0, 0, 0, 0, 0, 0, 0, 0, 0, 0, 0, 561, 561, 0, 0, 0, 0, 0, 0, 0, 0, 0, 0, 0, 0, 0, 0, 0, 0, 0, 0, 0, 0, 0, 0, 0, 0, 0, 561, 0, 0, 0, 0, 0, 0, 0, 0, 0, 0, 0, 0, 0, 0, 0, 0, 0, 561, 0, 0, 0, 0, 0, 0, 0, 0, 0, 0, 0, 0, 0, 0, 0, 0, 0, 0, 0, 0, 0, 0, 0, 0, 0, 0, 0, 0, 0, 0, 0, 0, 0, 0, 561, 1106, 0, 0, 0, 0, 0, 0, 0, 0, 0, 0, 0, 0, 0, 0, 0, 0, 0, 0, 0, 0, 0, 0, 0, 0, 0, 561, 0, 0, 0, 0, 0, 0, 0, 0, 561, 0, 0, 0, 0, 0, 0, 0, 0, 561, 0, 0, 0, 0, 0, 0, 0, 0, 0, 0, 0, 0, 0, 0, 0, 0, 0, 0, 0, 0, 0, 0, 0, 0, 0, 0, 0, 0, 0, 0, 0, 0, 0, 0, 1106, 1106, 0, 0, 0, 0, 0, 0, 0, 0, 0, 0, 0, 0, 0, 0, 0, 0, 0, 0, 0, 0, 0, 0, 0, 0, 0, 561, 0, 0, 0, 0, 0, 0, 0, 0, 561, 0, 0, 0, 0, 0, 0, 0, 0, 561, 0, 0, 0, 0, 0, 0, 0, 0, 0, 0, 0, 0, 0, 0, 0, 0, 0, 0, 0, 0, 0, 0, 0, 0, 0, 0, 0, 0, 0, 0, 0, 0, 0, 0, 1106, 1106, 0, 0, 0, 0, 0, 0, 0, 0, 0, 0, 0, 0, 0, 0, 0, 0, 0, 0, 0, 0, 0, 0, 0, 0, 0, 561, 0, 0, 0, 0, 0, 0, 0, 0, 561, 0, 0, 0, 0, 0, 0, 0, 0, 561, 0, 0, 0, 0, 0, 0, 0, 0, 0, 0, 0, 0, 0, 0, 0, 0, 0, 0, 0, 0, 0, 0, 0, 0, 0, 0, 0, 0, 0, 0, 0, 0, 0, 0, 1106, 1106, 0, 0, 0, 0, 0, 0, 0, 0, 0, 0, 0, 0, 0, 0, 0, 0, 0, 0, 0, 0, 0, 0, 0, 0, 0, 545, 585, 585, 585, 0, 0, 585, 585, 585, 545, 585, 585, 585, 0, 0, 585, 585, 585, 545, 0, 0, 0, 0, 0, 0, 0, 0, 0, 0, 0, 0, 0, 0, 0, 0, 0, 0, 0, 0, 0, 0, 0, 0, 0, 0, 0, 0, 0, 0, 0, 0, 0, 0, 1106, 1106, 0, 0, 0, 0, 0, 0, 0, 0, 0, 0, 0, 0, 0, 0, 0, 0, 0, 0, 0, 0, 0, 0, 0, 0, 0, 561, 0, 0, 0, 0, 0, 0, 0, 0, 561, 0, 0, 0, 0, 0, 0, 0, 0, 561, 0, 0, 0, 0, 0, 0, 0, 0, 0, 0, 0, 0, 0, 0, 0, 0, 0, 0, 0, 0, 0, 0, 0, 0, 0, 0, 0, 0, 0, 0, 0, 0, 0, 0, 1106, 1106, 0, 0, 0, 0, 0, 0, 0, 0, 0, 0, 0, 0, 0, 0, 0, 0, 0, 0, 0, 0, 0, 0, 0, 0, 0, 561, 0, 0, 0, 0, 0, 0, 0, 0, 561, 0, 0, 0, 0, 0, 0, 0, 0, 561, 0, 0, 0, 0, 0, 0, 0, 0, 0, 0, 0, 0, 0, 0, 0, 0, 0, 0, 0, 0, 0, 0, 0, 0, 0, 0, 0, 0, 0, 0, 0, 0, 0, 0, 1106, 1106, 0, 0, 0, 0, 0, 0, 0, 0, 0, 0, 0, 0, 0, 0, 0, 0, 0, 0, 0, 0, 0, 0, 0, 0, 0, 561, 0, 0, 0, 0, 0, 0, 0, 0, 561, 0, 0, 0, 0, 0, 0, 0, 0, 561, 0, 0, 0, 0, 0, 0, 0, 0, 0, 0, 0, 0, 0, 0, 0, 0, 0, 0, 0, 0, 0, 0, 0, 0, 0, 0, 0, 0, 0, 0, 0, 0, 0, 0, 1106, 561, 0, 0, 0, 0, 0, 0, 0, 0, 0, 0, 0, 0, 0, 0, 0, 0, 0, 0, 0, 0, 0, 0, 0, 0, 0, 561, 0, 0, 0, 0, 0, 0, 0, 0, 561, 0, 0, 0, 0, 0, 0, 0, 0, 561, 0, 0, 0, 0, 0, 0, 0, 0, 0, 0, 0, 0, 0, 0, 0, 0, 0, 0, 0, 0, 0, 0, 0, 0, 0, 0, 0, 0, 0, 0, 0, 0, 0, 0, 561, 561, 0, 0, 0, 0, 0, 0, 0, 0, 0, 0, 0, 0, 0, 0, 0, 0, 0, 0, 0, 0, 0, 0, 0, 0, 0, 561, 0, 0, 0, 0, 0, 0, 0, 0, 561, 0, 0, 0, 0, 0, 0, 0, 0, 561, 0, 0, 0, 0, 0, 0, 0, 0, 0, 0, 0, 0, 0, 0, 0, 0, 0, 0, 0, 0, 0, 0, 0, 0, 0, 0, 0, 0, 0, 0, 0, 0, 0, 0, 561, 561, 0, 0, 0, 0, 0, 0, 0, 0, 0, 0, 0, 0, 0, 0, 0, 0, 0, 0, 0, 0, 0, 0, 0, 0, 0, 561, 0, 0, 0, 0, 0, 0, 0, 0, 561, 0, 0, 0, 0, 0, 0, 0, 0, 561, 0, 0, 0, 0, 0, 0, 0, 0, 0, 0, 0, 0, 0, 0, 0, 0, 0, 0, 0, 0, 0, 0, 0, 0, 0, 0, 0, 0, 0, 0, 0, 0, 0, 0, 561, 561, 0, 0, 0, 0, 0, 0, 0, 0, 0, 0, 0, 0, 0, 0, 0, 0, 0, 0, 0, 0, 0, 0, 0, 0, 0, 561, 0, 0, 0, 0, 0, 0, 0, 0, 561, 0, 0, 0, 0, 0, 0, 0, 0, 561, 0, 0, 0, 0, 0, 0, 0, 0, 0, 0, 0, 0, 0, 0, 0, 0, 0, 0, 0, 0, 0, 0, 0, 0, 0, 0, 0, 0, 0, 0, 0, 0, 0, 0, 561, 561, 0, 0, 0, 0, 0, 0, 0, 0, 0, 0, 0, 0, 0, 0, 0, 0, 0, 0, 0, 0, 0, 0, 0, 0, 0, 561, 0, 0, 0, 0, 0, 0, 0, 0, 561, 0, 0, 0, 0, 0, 0, 0, 0, 561, 0, 0, 0, 0, 0, 0, 0, 0, 0, 0, 0, 0, 0, 0, 0, 0, 0, 0, 0, 0, 0, 0, 0, 0, 0, 0, 0, 0, 0, 0, 0, 0, 0, 0, 561, 561, 0, 0, 0, 0, 0, 0, 0, 0, 0, 0, 0, 0, 0, 0, 0, 0, 0, 0, 0, 0, 0, 0, 0, 0, 0, 561, 0, 0, 0, 0, 0, 0, 0, 0, 561, 0, 0, 0, 0, 0, 0, 0, 0, 561, 0, 0, 0, 0, 0, 0, 0, 0, 0, 0, 0, 0, 0, 0, 0, 0, 0, 0, 0, 0, 0, 0, 0, 0, 0, 0, 0, 0, 0, 0, 0, 0, 0, 0, 561, 561, 0, 0, 0, 0, 0, 0, 0, 0, 0, 0, 0, 0, 0, 0, 0, 0, 0, 0, 0, 0, 0, 0, 0, 0, 0, 561, 0, 0, 0, 0, 0, 0, 0, 0, 561, 0, 0, 0, 0, 0, 0, 0, 0, 561, 0, 0, 0, 0, 0, 0, 0, 0, 0, 0, 0, 0, 0, 0, 0, 0, 0, 0, 0, 0, 0, 0, 0, 0, 0, 0, 0, 0, 0, 0, 0, 0, 0, 0, 561, 561, 0, 0, 0, 0, 0, 0, 0, 0, 0, 0, 0, 0, 0, 0, 0, 0, 0, 0, 0, 0, 0, 0, 0, 0, 0, 562, 0, 0, 0, 0, 0, 0, 0, 0, 562, 0, 0, 0, 0, 0, 0, 0, 0, 562, 0, 0, 0, 0, 0, 0, 0, 0, 0, 0, 0, 0, 0, 0, 0, 0, 0, 0, 0, 0, 0, 0, 0, 0, 0, 0, 0, 0, 0, 0, 0, 0, 0, 0, 561, 561, 0, 0, 0, 0, 0, 0, 0, 0, 0, 0, 0, 0, 0, 0, 0, 0, 0, 0, 0, 0, 0, 0, 0, 0, 0, 0, 0, 0, 0, 0, 0, 0, 0, 0, 0, 0, 0, 0, 0, 0, 0, 0, 0, 0, 0, 0, 0, 0, 0, 0, 0, 0, 0, 0, 0, 0, 0, 0, 0, 0, 0, 0, 0, 0, 0, 0, 0, 0, 0, 0, 0, 0, 0, 0, 0, 0, 0, 0, 561, 561, 0, 0, 0, 0, 0, 0, 0, 0, 0, 0, 0, 0, 0, 0, 0, 0, 0, 0, 0, 0, 0, 0, 0, 0, 0, 0, 0, 0, 0, 0, 0, 0, 0, 0, 0, 0, 0, 0, 0, 0, 0, 0, 0, 0, 0, 0, 0, 0, 0, 0, 0, 0, 0, 0, 0, 0, 0, 0, 0, 0, 0, 0, 0, 0, 0, 0, 0, 0, 0, 0, 0, 0, 0, 0, 0, 0, 0, 0, 561, 561, 0, 0, 0, 0, 0, 0, 0, 0, 0, 0, 0, 0, 0, 0, 0, 0, 0, 0, 0, 0, 0, 0, 0, 0, 0, 0, 0, 0, 0, 0, 0, 0, 0, 0, 0, 0, 0, 0, 0, 0, 0, 0, 0, 0, 0, 0, 0, 0, 0, 0, 0, 0, 0, 0, 0, 0, 0, 0, 0, 0, 0, 0, 0, 0, 0, 0, 0, 0, 0, 0, 0, 0, 0, 0, 0, 0, 0, 0, 561, 561, 0, 0, 0, 0, 0, 0, 0, 0, 0, 0, 0, 0, 0, 0, 0, 0, 0, 0, 0, 0, 0, 0, 0, 0, 0, 0, 0, 0, 0, 0, 0, 0, 0, 0, 0, 0, 0, 0, 0, 0, 0, 0, 0, 0, 0, 0, 0, 0, 0, 0, 0, 0, 0, 0, 0, 0, 0, 0, 0, 0, 0, 0, 0, 0, 0, 0, 0, 0, 0, 0, 0, 0, 0, 0, 0, 0, 0, 0, 561, 561, 0, 0, 0, 0, 0, 0, 0, 0, 0, 0, 0, 0, 0, 0, 0, 0, 0, 0, 0, 0, 0, 0, 0, 0, 0, 0, 0, 0, 0, 0, 0, 0, 0, 0, 0, 0, 0, 0, 0, 0, 0, 0, 0, 0, 0, 0, 0, 0, 0, 0, 0, 0, 0, 0, 0, 0, 0, 0, 0, 0, 0, 0, 0, 0, 0, 0, 0, 0, 0, 0, 0, 0, 0, 0, 0, 0, 0, 0, 561, 561, 0, 0, 0, 0, 0, 0, 0, 0, 0, 0, 0, 0, 0, 0, 0, 0, 0, 0, 0, 0, 0, 0, 0, 0, 0, 0, 0, 0, 0, 0, 0, 0, 0, 0, 0, 0, 0, 0, 0, 0, 0, 0, 0, 0, 0, 0, 0, 0, 0, 0, 0, 0, 0, 0, 0, 0, 0, 0, 0, 0, 0, 0, 0, 0, 0, 0, 0, 0, 0, 0, 0, 0, 0, 0, 0, 0, 0, 0, 561, 561, 0, 0, 0, 0, 0, 0, 0, 0, 0, 0, 0, 0, 0, 0, 0, 0, 0, 0, 0, 0, 0, 0, 0, 0, 0, 0, 0, 0, 0, 0, 0, 0, 0, 0, 0, 0, 0, 0, 0, 0, 0, 0, 0, 0, 0, 0, 0, 0, 0, 0, 0, 0, 0, 0, 0, 0, 0, 0, 0, 0, 0, 0, 0, 0, 0, 0, 0, 0, 0, 0, 0, 0, 0, 0, 0, 0, 0, 0, 561, 561, 0, 0, 0, 0, 0, 0, 0, 0, 0, 0, 0, 0, 0, 0, 0, 0, 0, 0, 0, 0, 0, 0, 0, 0, 0, 0, 0, 0, 0, 0, 0, 0, 0, 0, 0, 0, 0, 0, 0, 0, 0, 0, 0, 0, 0, 0, 0, 0, 0, 0, 0, 0, 0, 0, 0, 0, 0, 0, 0, 0, 0, 0, 0, 0, 0, 0, 0, 0, 0, 0, 0, 0, 0, 0, 0, 0, 0, 0, 561, 561, 0, 0, 0, 0, 0, 0, 0, 0, 0, 0, 0, 0, 0, 0, 0, 0, 0, 0, 0, 0, 0, 0, 0, 0, 0, 0, 0, 0, 0, 0, 0, 0, 0, 0, 0, 0, 0, 0, 0, 0, 0, 0, 0, 0, 0, 0, 0, 0, 0, 0, 0, 0, 0, 0, 0, 0, 0, 0, 0, 0, 0, 0, 0, 0, 0, 0, 0, 0, 0, 0, 0, 0, 0, 0, 0, 0, 0, 0, 561, 561, 0, 0, 0, 0, 0, 0, 0, 0, 0, 0, 0, 0, 0, 0, 0, 0, 0, 0, 0, 0, 0, 0, 0, 0, 0, 0, 0, 0, 0, 0, 0, 0, 0, 0, 0, 0, 0, 0, 0, 0, 0, 0, 0, 0, 0, 0, 0, 0, 0, 0, 0, 0, 0, 0, 0, 0, 0, 0, 0, 0, 0, 0, 0, 0, 0, 0, 0, 0, 0, 0, 0, 0, 0, 0, 0, 0, 0, 0, 561, 561, 0, 0, 0, 0, 0, 0, 0, 0, 0, 0, 0, 0, 0, 0, 0, 0, 0, 0, 0, 0, 0, 0, 0, 0, 0, 0, 0, 0, 0, 0, 0, 0, 0, 0, 0, 0, 0, 0, 0, 0, 0, 0, 0, 0, 0, 0, 0, 0, 0, 0, 0, 0, 0, 0, 0, 0, 0, 0, 0, 0, 0, 0, 0, 0, 0, 0, 0, 0, 0, 0, 0, 0, 0, 0, 0, 0, 0, 0, 561, 561, 0, 0, 0, 0, 0, 0, 0, 0, 0, 0, 0, 0, 0, 0, 0, 0, 0, 0, 0, 0, 0, 0, 0, 0, 0, 0, 0, 0, 0, 0, 0, 0, 0, 0, 0, 0, 0, 0, 0, 0, 0, 0, 0, 0, 0, 0, 0, 0, 0, 0, 0, 0, 0, 0, 0, 0, 0, 0, 0, 0, 0, 0, 0, 0, 0, 0, 0, 0, 0, 0, 0, 0, 0, 0, 0, 0, 0, 0, 561, 561, 0, 0, 0, 0, 0, 0, 0, 0, 0, 0, 0, 0, 0, 0, 0, 0, 0, 0, 0, 0, 0, 0, 0, 0, 0, 0, 0, 0, 0, 0, 0, 0, 0, 0, 0, 0, 0, 0, 0, 0, 0, 0, 0, 0, 0, 0, 0, 0, 0, 0, 0, 0, 0, 0, 0, 0, 0, 0, 0, 0, 0, 0, 0, 0, 0, 0, 0, 0, 0, 0, 0, 0, 0, 0, 0, 0, 0, 0, 561, 581, 585, 585, 585, 585, 585, 585, 585, 585, 585, 585, 585, 585, 585, 585, 585, 585, 585, 585, 585, 585, 585, 585, 585, 585, 585, 1106, 1106, 1106, 1106, 1106, 1106, 1106, 1106, 1106, 1106, 1106, 1106, 1106, 1106, 1106, 1106, 1106, 1106, 1106, 585, 585, 585, 585, 585, 585, 585, 585, 585, 585, 585, 585, 585, 585, 585, 585, 585, 585, 585, 585, 585, 585, 585, 585, 585, 585, 585, 585, 585, 585, 542, 542, 542, 542, 583], objects=[], opacity=0.0, draworder=), Layer(width=0, height=0, name=Object Layer 1, type=objectgroup, visible=false, x=0, y=0, data=[], objects=[com.almasb.fxgl.entity.level.tiled.TiledObject@7cfd887a, com.almasb.fxgl.entity.level.tiled.TiledObject@2f3735b0, com.almasb.fxgl.entity.level.tiled.TiledObject@23331ae1, com.almasb.fxgl.entity.level.tiled.TiledObject@6a951da8, com.almasb.fxgl.entity.level.tiled.TiledObject@7abbe6d8, com.almasb.fxgl.entity.level.tiled.TiledObject@6cb7c68a, com.almasb.fxgl.entity.level.tiled.TiledObject@57682def, com.almasb.fxgl.entity.level.tiled.TiledObject@155212f7, com.almasb.fxgl.entity.level.tiled.TiledObject@307aaba3, com.almasb.fxgl.entity.level.tiled.TiledObject@62abb8b0, com.almasb.fxgl.entity.level.tiled.TiledObject@743ae65f, com.almasb.fxgl.entity.level.tiled.TiledObject@71fa9785, com.almasb.fxgl.entity.level.tiled.TiledObject@14381daa, com.almasb.fxgl.entity.level.tiled.TiledObject@2b6949a5, com.almasb.fxgl.entity.level.tiled.TiledObject@8425a89, com.almasb.fxgl.entity.level.tiled.TiledObject@2d21a2bb, com.almasb.fxgl.entity.level.tiled.TiledObject@79203ff8, com.almasb.fxgl.entity.level.tiled.TiledObject@18656518, com.almasb.fxgl.entity.level.tiled.TiledObject@2e9f28f, com.almasb.fxgl.entity.level.tiled.TiledObject@22fdac13], opacity=0.0, draworder=)], tilesets=[Tileset(firstgid=1, image=Wall.png, name=Wall, tilewidth=16, tileheight=16, imagewidth=320, imageheight=816, margin=0, spacing=0, columns=20, tilecount=1020, transparentcolor=, tiles=[]), Tileset(firstgid=1021, image=Floor.png, name=Floor, tilewidth=16, tileheight=16, imagewidth=336, imageheight=624, margin=0, spacing=0, columns=21, tilecount=819, transparentcolor=, tiles=[])], backgroundcolor=, renderorder=right-down, nextobjectid=35, version=1, tiledversion=1.7.0, type=map, infinite=false, hexsidelength=0, staggeraxis=, staggerindex=, properties={}, propertytypes={})
13:47:38.762 [JavaFX Application Thread] DEBUG TMXLevelLoader       - Creating tile layer entities
13:47:38.762 [JavaFX Application Thread] DEBUG TilesetLoader        - Loading view for layer Tile Layer 1
13:47:38.764 [JavaFX Application Thread] DEBUG TilesetLoader        - Created buffer with size 1280.0x720.0
13:47:38.776 [JavaFX Application Thread] DEBUG TilesetLoader        - Writing to buffer: dst=0,0, w=16,h=16, src=0,432
13:47:38.776 [JavaFX Application Thread] DEBUG TilesetLoader        - Writing to buffer: dst=16,0, w=16,h=16, src=16,432
13:47:38.776 [JavaFX Application Thread] DEBUG TilesetLoader        - Writing to buffer: dst=32,0, w=16,h=16, src=16,432
13:47:38.776 [JavaFX Application Thread] DEBUG TilesetLoader        - Writing to buffer: dst=48,0, w=16,h=16, src=16,432
13:47:38.776 [JavaFX Application Thread] DEBUG TilesetLoader        - Writing to buffer: dst=64,0, w=16,h=16, src=16,432
13:47:38.776 [JavaFX Application Thread] DEBUG TilesetLoader        - Writing to buffer: dst=80,0, w=16,h=16, src=16,432
13:47:38.776 [JavaFX Application Thread] DEBUG TilesetLoader        - Writing to buffer: dst=96,0, w=16,h=16, src=16,432
13:47:38.776 [JavaFX Application Thread] DEBUG TilesetLoader        - Writing to buffer: dst=112,0, w=16,h=16, src=16,432
13:47:38.776 [JavaFX Application Thread] DEBUG TilesetLoader        - Writing to buffer: dst=128,0, w=16,h=16, src=16,432
13:47:38.776 [JavaFX Application Thread] DEBUG TilesetLoader        - Writing to buffer: dst=144,0, w=16,h=16, src=16,432
13:47:38.776 [JavaFX Application Thread] DEBUG TilesetLoader        - Writing to buffer: dst=160,0, w=16,h=16, src=16,432
13:47:38.776 [JavaFX Application Thread] DEBUG TilesetLoader        - Writing to buffer: dst=176,0, w=16,h=16, src=16,432
13:47:38.777 [JavaFX Application Thread] DEBUG TilesetLoader        - Writing to buffer: dst=192,0, w=16,h=16, src=16,432
13:47:38.777 [JavaFX Application Thread] DEBUG TilesetLoader        - Writing to buffer: dst=208,0, w=16,h=16, src=16,432
13:47:38.777 [JavaFX Application Thread] DEBUG TilesetLoader        - Writing to buffer: dst=224,0, w=16,h=16, src=16,432
13:47:38.777 [JavaFX Application Thread] DEBUG TilesetLoader        - Writing to buffer: dst=240,0, w=16,h=16, src=16,432
13:47:38.777 [JavaFX Application Thread] DEBUG TilesetLoader        - Writing to buffer: dst=256,0, w=16,h=16, src=16,432
13:47:38.777 [JavaFX Application Thread] DEBUG TilesetLoader        - Writing to buffer: dst=272,0, w=16,h=16, src=16,432
13:47:38.777 [JavaFX Application Thread] DEBUG TilesetLoader        - Writing to buffer: dst=288,0, w=16,h=16, src=16,432
13:47:38.777 [JavaFX Application Thread] DEBUG TilesetLoader        - Writing to buffer: dst=304,0, w=16,h=16, src=16,432
13:47:38.777 [JavaFX Application Thread] DEBUG TilesetLoader        - Writing to buffer: dst=320,0, w=16,h=16, src=16,432
13:47:38.777 [JavaFX Application Thread] DEBUG TilesetLoader        - Writing to buffer: dst=336,0, w=16,h=16, src=16,432
13:47:38.777 [JavaFX Application Thread] DEBUG TilesetLoader        - Writing to buffer: dst=352,0, w=16,h=16, src=16,432
13:47:38.777 [JavaFX Application Thread] DEBUG TilesetLoader        - Writing to buffer: dst=368,0, w=16,h=16, src=16,432
13:47:38.777 [JavaFX Application Thread] DEBUG TilesetLoader        - Writing to buffer: dst=384,0, w=16,h=16, src=16,432
13:47:38.777 [JavaFX Application Thread] DEBUG TilesetLoader        - Writing to buffer: dst=400,0, w=16,h=16, src=16,432
13:47:38.783 [JavaFX Application Thread] DEBUG TilesetLoader        - Writing to buffer: dst=416,0, w=16,h=16, src=16,64
13:47:38.783 [JavaFX Application Thread] DEBUG TilesetLoader        - Writing to buffer: dst=432,0, w=16,h=16, src=16,64
13:47:38.783 [JavaFX Application Thread] DEBUG TilesetLoader        - Writing to buffer: dst=448,0, w=16,h=16, src=16,64
13:47:38.783 [JavaFX Application Thread] DEBUG TilesetLoader        - Writing to buffer: dst=464,0, w=16,h=16, src=16,64
13:47:38.783 [JavaFX Application Thread] DEBUG TilesetLoader        - Writing to buffer: dst=480,0, w=16,h=16, src=16,64
13:47:38.783 [JavaFX Application Thread] DEBUG TilesetLoader        - Writing to buffer: dst=496,0, w=16,h=16, src=16,64
13:47:38.783 [JavaFX Application Thread] DEBUG TilesetLoader        - Writing to buffer: dst=512,0, w=16,h=16, src=16,64
13:47:38.783 [JavaFX Application Thread] DEBUG TilesetLoader        - Writing to buffer: dst=528,0, w=16,h=16, src=16,64
13:47:38.783 [JavaFX Application Thread] DEBUG TilesetLoader        - Writing to buffer: dst=544,0, w=16,h=16, src=16,64
13:47:38.783 [JavaFX Application Thread] DEBUG TilesetLoader        - Writing to buffer: dst=560,0, w=16,h=16, src=16,64
13:47:38.783 [JavaFX Application Thread] DEBUG TilesetLoader        - Writing to buffer: dst=576,0, w=16,h=16, src=16,64
13:47:38.783 [JavaFX Application Thread] DEBUG TilesetLoader        - Writing to buffer: dst=592,0, w=16,h=16, src=16,64
13:47:38.783 [JavaFX Application Thread] DEBUG TilesetLoader        - Writing to buffer: dst=608,0, w=16,h=16, src=16,64
13:47:38.783 [JavaFX Application Thread] DEBUG TilesetLoader        - Writing to buffer: dst=624,0, w=16,h=16, src=16,64
13:47:38.783 [JavaFX Application Thread] DEBUG TilesetLoader        - Writing to buffer: dst=640,0, w=16,h=16, src=16,64
13:47:38.783 [JavaFX Application Thread] DEBUG TilesetLoader        - Writing to buffer: dst=656,0, w=16,h=16, src=16,64
13:47:38.783 [JavaFX Application Thread] DEBUG TilesetLoader        - Writing to buffer: dst=672,0, w=16,h=16, src=16,64
13:47:38.784 [JavaFX Application Thread] DEBUG TilesetLoader        - Writing to buffer: dst=688,0, w=16,h=16, src=16,64
13:47:38.784 [JavaFX Application Thread] DEBUG TilesetLoader        - Writing to buffer: dst=704,0, w=16,h=16, src=16,64
13:47:38.784 [JavaFX Application Thread] DEBUG TilesetLoader        - Writing to buffer: dst=720,0, w=16,h=16, src=16,64
13:47:38.784 [JavaFX Application Thread] DEBUG TilesetLoader        - Writing to buffer: dst=736,0, w=16,h=16, src=16,432
13:47:38.784 [JavaFX Application Thread] DEBUG TilesetLoader        - Writing to buffer: dst=752,0, w=16,h=16, src=16,432
13:47:38.784 [JavaFX Application Thread] DEBUG TilesetLoader        - Writing to buffer: dst=768,0, w=16,h=16, src=16,432
13:47:38.784 [JavaFX Application Thread] DEBUG TilesetLoader        - Writing to buffer: dst=784,0, w=16,h=16, src=16,432
13:47:38.784 [JavaFX Application Thread] DEBUG TilesetLoader        - Writing to buffer: dst=800,0, w=16,h=16, src=16,432
13:47:38.784 [JavaFX Application Thread] DEBUG TilesetLoader        - Writing to buffer: dst=816,0, w=16,h=16, src=16,432
13:47:38.784 [JavaFX Application Thread] DEBUG TilesetLoader        - Writing to buffer: dst=832,0, w=16,h=16, src=16,432
13:47:38.784 [JavaFX Application Thread] DEBUG TilesetLoader        - Writing to buffer: dst=848,0, w=16,h=16, src=16,432
13:47:38.784 [JavaFX Application Thread] DEBUG TilesetLoader        - Writing to buffer: dst=864,0, w=16,h=16, src=16,432
13:47:38.784 [JavaFX Application Thread] DEBUG TilesetLoader        - Writing to buffer: dst=880,0, w=16,h=16, src=16,432
13:47:38.784 [JavaFX Application Thread] DEBUG TilesetLoader        - Writing to buffer: dst=896,0, w=16,h=16, src=16,432
13:47:38.784 [JavaFX Application Thread] DEBUG TilesetLoader        - Writing to buffer: dst=912,0, w=16,h=16, src=16,432
13:47:38.784 [JavaFX Application Thread] DEBUG TilesetLoader        - Writing to buffer: dst=928,0, w=16,h=16, src=16,432
13:47:38.784 [JavaFX Application Thread] DEBUG TilesetLoader        - Writing to buffer: dst=944,0, w=16,h=16, src=16,432
13:47:38.784 [JavaFX Application Thread] DEBUG TilesetLoader        - Writing to buffer: dst=960,0, w=16,h=16, src=16,432
13:47:38.784 [JavaFX Application Thread] DEBUG TilesetLoader        - Writing to buffer: dst=976,0, w=16,h=16, src=16,432
13:47:38.784 [JavaFX Application Thread] DEBUG TilesetLoader        - Writing to buffer: dst=992,0, w=16,h=16, src=16,432
13:47:38.784 [JavaFX Application Thread] DEBUG TilesetLoader        - Writing to buffer: dst=1008,0, w=16,h=16, src=16,432
13:47:38.785 [JavaFX Application Thread] DEBUG TilesetLoader        - Writing to buffer: dst=1024,0, w=16,h=16, src=16,432
13:47:38.785 [JavaFX Application Thread] DEBUG TilesetLoader        - Writing to buffer: dst=1040,0, w=16,h=16, src=16,432
13:47:38.785 [JavaFX Application Thread] DEBUG TilesetLoader        - Writing to buffer: dst=1056,0, w=16,h=16, src=16,432
13:47:38.785 [JavaFX Application Thread] DEBUG TilesetLoader        - Writing to buffer: dst=1072,0, w=16,h=16, src=16,432
13:47:38.785 [JavaFX Application Thread] DEBUG TilesetLoader        - Writing to buffer: dst=1088,0, w=16,h=16, src=16,432
13:47:38.785 [JavaFX Application Thread] DEBUG TilesetLoader        - Writing to buffer: dst=1104,0, w=16,h=16, src=16,432
13:47:38.785 [JavaFX Application Thread] DEBUG TilesetLoader        - Writing to buffer: dst=1120,0, w=16,h=16, src=16,432
13:47:38.785 [JavaFX Application Thread] DEBUG TilesetLoader        - Writing to buffer: dst=1136,0, w=16,h=16, src=16,432
13:47:38.785 [JavaFX Application Thread] DEBUG TilesetLoader        - Writing to buffer: dst=1152,0, w=16,h=16, src=16,432
13:47:38.785 [JavaFX Application Thread] DEBUG TilesetLoader        - Writing to buffer: dst=1168,0, w=16,h=16, src=16,432
13:47:38.785 [JavaFX Application Thread] DEBUG TilesetLoader        - Writing to buffer: dst=1184,0, w=16,h=16, src=16,432
13:47:38.785 [JavaFX Application Thread] DEBUG TilesetLoader        - Writing to buffer: dst=1200,0, w=16,h=16, src=16,432
13:47:38.785 [JavaFX Application Thread] DEBUG TilesetLoader        - Writing to buffer: dst=1216,0, w=16,h=16, src=16,432
13:47:38.785 [JavaFX Application Thread] DEBUG TilesetLoader        - Writing to buffer: dst=1232,0, w=16,h=16, src=16,432
13:47:38.785 [JavaFX Application Thread] DEBUG TilesetLoader        - Writing to buffer: dst=1248,0, w=16,h=16, src=16,432
13:47:38.785 [JavaFX Application Thread] DEBUG TilesetLoader        - Writing to buffer: dst=1264,0, w=16,h=16, src=32,432
13:47:38.785 [JavaFX Application Thread] DEBUG TilesetLoader        - Writing to buffer: dst=0,16, w=16,h=16, src=0,448
13:47:38.785 [JavaFX Application Thread] DEBUG TilesetLoader        - Writing to buffer: dst=1264,16, w=16,h=16, src=0,448
13:47:38.785 [JavaFX Application Thread] DEBUG TilesetLoader        - Writing to buffer: dst=0,32, w=16,h=16, src=0,448
13:47:38.785 [JavaFX Application Thread] DEBUG TilesetLoader        - Writing to buffer: dst=1264,32, w=16,h=16, src=0,448
13:47:38.786 [JavaFX Application Thread] DEBUG TilesetLoader        - Writing to buffer: dst=0,48, w=16,h=16, src=0,448
13:47:38.786 [JavaFX Application Thread] DEBUG TilesetLoader        - Writing to buffer: dst=1264,48, w=16,h=16, src=0,448
13:47:38.786 [JavaFX Application Thread] DEBUG TilesetLoader        - Writing to buffer: dst=0,64, w=16,h=16, src=0,448
13:47:38.786 [JavaFX Application Thread] DEBUG TilesetLoader        - Writing to buffer: dst=1264,64, w=16,h=16, src=0,448
13:47:38.786 [JavaFX Application Thread] DEBUG TilesetLoader        - Writing to buffer: dst=0,80, w=16,h=16, src=0,448
13:47:38.786 [JavaFX Application Thread] DEBUG TilesetLoader        - Writing to buffer: dst=1264,80, w=16,h=16, src=0,448
13:47:38.786 [JavaFX Application Thread] DEBUG TilesetLoader        - Writing to buffer: dst=0,96, w=16,h=16, src=0,448
13:47:38.786 [JavaFX Application Thread] DEBUG TilesetLoader        - Writing to buffer: dst=1264,96, w=16,h=16, src=0,448
13:47:38.786 [JavaFX Application Thread] DEBUG TilesetLoader        - Writing to buffer: dst=0,112, w=16,h=16, src=0,448
13:47:38.786 [JavaFX Application Thread] DEBUG TilesetLoader        - Writing to buffer: dst=1264,112, w=16,h=16, src=0,448
13:47:38.786 [JavaFX Application Thread] DEBUG TilesetLoader        - Writing to buffer: dst=0,128, w=16,h=16, src=0,448
13:47:38.786 [JavaFX Application Thread] DEBUG TilesetLoader        - Writing to buffer: dst=1264,128, w=16,h=16, src=0,448
13:47:38.786 [JavaFX Application Thread] DEBUG TilesetLoader        - Writing to buffer: dst=0,144, w=16,h=16, src=0,448
13:47:38.786 [JavaFX Application Thread] DEBUG TilesetLoader        - Writing to buffer: dst=416,144, w=16,h=16, src=48,448
13:47:38.786 [JavaFX Application Thread] DEBUG TilesetLoader        - Writing to buffer: dst=432,144, w=16,h=16, src=16,432
13:47:38.786 [JavaFX Application Thread] DEBUG TilesetLoader        - Writing to buffer: dst=448,144, w=16,h=16, src=16,432
13:47:38.786 [JavaFX Application Thread] DEBUG TilesetLoader        - Writing to buffer: dst=464,144, w=16,h=16, src=16,432
13:47:38.786 [JavaFX Application Thread] DEBUG TilesetLoader        - Writing to buffer: dst=480,144, w=16,h=16, src=16,432
13:47:38.786 [JavaFX Application Thread] DEBUG TilesetLoader        - Writing to buffer: dst=496,144, w=16,h=16, src=16,432
13:47:38.786 [JavaFX Application Thread] DEBUG TilesetLoader        - Writing to buffer: dst=512,144, w=16,h=16, src=16,432
13:47:38.786 [JavaFX Application Thread] DEBUG TilesetLoader        - Writing to buffer: dst=528,144, w=16,h=16, src=16,432
13:47:38.787 [JavaFX Application Thread] DEBUG TilesetLoader        - Writing to buffer: dst=544,144, w=16,h=16, src=16,432
13:47:38.787 [JavaFX Application Thread] DEBUG TilesetLoader        - Writing to buffer: dst=560,144, w=16,h=16, src=64,432
13:47:38.787 [JavaFX Application Thread] DEBUG TilesetLoader        - Writing to buffer: dst=576,144, w=16,h=16, src=16,432
13:47:38.787 [JavaFX Application Thread] DEBUG TilesetLoader        - Writing to buffer: dst=592,144, w=16,h=16, src=16,432
13:47:38.787 [JavaFX Application Thread] DEBUG TilesetLoader        - Writing to buffer: dst=608,144, w=16,h=16, src=16,432
13:47:38.787 [JavaFX Application Thread] DEBUG TilesetLoader        - Writing to buffer: dst=624,144, w=16,h=16, src=16,432
13:47:38.787 [JavaFX Application Thread] DEBUG TilesetLoader        - Writing to buffer: dst=640,144, w=16,h=16, src=16,432
13:47:38.787 [JavaFX Application Thread] DEBUG TilesetLoader        - Writing to buffer: dst=656,144, w=16,h=16, src=16,432
13:47:38.787 [JavaFX Application Thread] DEBUG TilesetLoader        - Writing to buffer: dst=672,144, w=16,h=16, src=16,432
13:47:38.787 [JavaFX Application Thread] DEBUG TilesetLoader        - Writing to buffer: dst=688,144, w=16,h=16, src=16,432
13:47:38.787 [JavaFX Application Thread] DEBUG TilesetLoader        - Writing to buffer: dst=704,144, w=16,h=16, src=32,432
13:47:38.787 [JavaFX Application Thread] DEBUG TilesetLoader        - Writing to buffer: dst=1264,144, w=16,h=16, src=0,448
13:47:38.787 [JavaFX Application Thread] DEBUG TilesetLoader        - Writing to buffer: dst=0,160, w=16,h=16, src=0,448
13:47:38.787 [JavaFX Application Thread] DEBUG TilesetLoader        - Writing to buffer: dst=416,160, w=16,h=16, src=0,448
13:47:38.787 [JavaFX Application Thread] DEBUG TilesetLoader        - Writing to buffer: dst=560,160, w=16,h=16, src=0,448
13:47:38.787 [JavaFX Application Thread] DEBUG TilesetLoader        - Writing to buffer: dst=704,160, w=16,h=16, src=0,448
13:47:38.787 [JavaFX Application Thread] DEBUG TilesetLoader        - Writing to buffer: dst=1264,160, w=16,h=16, src=0,448
13:47:38.787 [JavaFX Application Thread] DEBUG TilesetLoader        - Writing to buffer: dst=0,176, w=16,h=16, src=0,448
13:47:38.787 [JavaFX Application Thread] DEBUG TilesetLoader        - Writing to buffer: dst=416,176, w=16,h=16, src=0,448
13:47:38.787 [JavaFX Application Thread] DEBUG TilesetLoader        - Writing to buffer: dst=560,176, w=16,h=16, src=0,448
13:47:38.787 [JavaFX Application Thread] DEBUG TilesetLoader        - Writing to buffer: dst=704,176, w=16,h=16, src=0,448
13:47:38.787 [JavaFX Application Thread] DEBUG TilesetLoader        - Writing to buffer: dst=1264,176, w=16,h=16, src=0,448
13:47:38.788 [JavaFX Application Thread] DEBUG TilesetLoader        - Writing to buffer: dst=0,192, w=16,h=16, src=0,448
13:47:38.788 [JavaFX Application Thread] DEBUG TilesetLoader        - Writing to buffer: dst=416,192, w=16,h=16, src=0,448
13:47:38.788 [JavaFX Application Thread] DEBUG TilesetLoader        - Writing to buffer: dst=560,192, w=16,h=16, src=0,448
13:47:38.788 [JavaFX Application Thread] DEBUG TilesetLoader        - Writing to buffer: dst=704,192, w=16,h=16, src=0,448
13:47:38.788 [JavaFX Application Thread] DEBUG TilesetLoader        - Writing to buffer: dst=1264,192, w=16,h=16, src=0,448
13:47:38.788 [JavaFX Application Thread] DEBUG TilesetLoader        - Writing to buffer: dst=0,208, w=16,h=16, src=0,448
13:47:38.788 [JavaFX Application Thread] DEBUG TilesetLoader        - Writing to buffer: dst=416,208, w=16,h=16, src=0,448
13:47:38.788 [JavaFX Application Thread] DEBUG TilesetLoader        - Writing to buffer: dst=704,208, w=16,h=16, src=0,448
13:47:38.788 [JavaFX Application Thread] DEBUG TilesetLoader        - Writing to buffer: dst=1264,208, w=16,h=16, src=0,448
13:47:38.788 [JavaFX Application Thread] DEBUG TilesetLoader        - Writing to buffer: dst=0,224, w=16,h=16, src=0,448
13:47:38.788 [JavaFX Application Thread] DEBUG TilesetLoader        - Writing to buffer: dst=416,224, w=16,h=16, src=0,448
13:47:38.788 [JavaFX Application Thread] DEBUG TilesetLoader        - Writing to buffer: dst=704,224, w=16,h=16, src=0,448
13:47:38.788 [JavaFX Application Thread] DEBUG TilesetLoader        - Writing to buffer: dst=1264,224, w=16,h=16, src=0,448
13:47:38.788 [JavaFX Application Thread] DEBUG TilesetLoader        - Writing to buffer: dst=0,240, w=16,h=16, src=0,448
13:47:38.788 [JavaFX Application Thread] DEBUG TilesetLoader        - Writing to buffer: dst=416,240, w=16,h=16, src=0,448
13:47:38.788 [JavaFX Application Thread] DEBUG TilesetLoader        - Writing to buffer: dst=704,240, w=16,h=16, src=0,448
13:47:38.788 [JavaFX Application Thread] DEBUG TilesetLoader        - Writing to buffer: dst=1264,240, w=16,h=16, src=0,448
13:47:38.788 [JavaFX Application Thread] DEBUG TilesetLoader        - Writing to buffer: dst=0,256, w=16,h=16, src=16,64
13:47:38.788 [JavaFX Application Thread] DEBUG TilesetLoader        - Writing to buffer: dst=416,256, w=16,h=16, src=0,448
13:47:38.788 [JavaFX Application Thread] DEBUG TilesetLoader        - Writing to buffer: dst=560,256, w=16,h=16, src=0,448
13:47:38.788 [JavaFX Application Thread] DEBUG TilesetLoader        - Writing to buffer: dst=704,256, w=16,h=16, src=0,448
13:47:38.788 [JavaFX Application Thread] DEBUG TilesetLoader        - Writing to buffer: dst=1264,256, w=16,h=16, src=16,64
13:47:38.788 [JavaFX Application Thread] DEBUG TilesetLoader        - Writing to buffer: dst=0,272, w=16,h=16, src=16,64
13:47:38.789 [JavaFX Application Thread] DEBUG TilesetLoader        - Writing to buffer: dst=416,272, w=16,h=16, src=0,448
13:47:38.789 [JavaFX Application Thread] DEBUG TilesetLoader        - Writing to buffer: dst=560,272, w=16,h=16, src=0,448
13:47:38.789 [JavaFX Application Thread] DEBUG TilesetLoader        - Writing to buffer: dst=704,272, w=16,h=16, src=0,448
13:47:38.789 [JavaFX Application Thread] DEBUG TilesetLoader        - Writing to buffer: dst=1264,272, w=16,h=16, src=16,64
13:47:38.789 [JavaFX Application Thread] DEBUG TilesetLoader        - Writing to buffer: dst=0,288, w=16,h=16, src=16,64
13:47:38.789 [JavaFX Application Thread] DEBUG TilesetLoader        - Writing to buffer: dst=416,288, w=16,h=16, src=0,448
13:47:38.789 [JavaFX Application Thread] DEBUG TilesetLoader        - Writing to buffer: dst=560,288, w=16,h=16, src=0,448
13:47:38.789 [JavaFX Application Thread] DEBUG TilesetLoader        - Writing to buffer: dst=704,288, w=16,h=16, src=0,448
13:47:38.789 [JavaFX Application Thread] DEBUG TilesetLoader        - Writing to buffer: dst=1264,288, w=16,h=16, src=16,64
13:47:38.789 [JavaFX Application Thread] DEBUG TilesetLoader        - Writing to buffer: dst=0,304, w=16,h=16, src=16,64
13:47:38.789 [JavaFX Application Thread] DEBUG TilesetLoader        - Writing to buffer: dst=416,304, w=16,h=16, src=64,432
13:47:38.789 [JavaFX Application Thread] DEBUG TilesetLoader        - Writing to buffer: dst=432,304, w=16,h=16, src=64,464
13:47:38.789 [JavaFX Application Thread] DEBUG TilesetLoader        - Writing to buffer: dst=448,304, w=16,h=16, src=64,464
13:47:38.789 [JavaFX Application Thread] DEBUG TilesetLoader        - Writing to buffer: dst=464,304, w=16,h=16, src=64,464
13:47:38.789 [JavaFX Application Thread] DEBUG TilesetLoader        - Writing to buffer: dst=512,304, w=16,h=16, src=64,464
13:47:38.789 [JavaFX Application Thread] DEBUG TilesetLoader        - Writing to buffer: dst=528,304, w=16,h=16, src=64,464
13:47:38.789 [JavaFX Application Thread] DEBUG TilesetLoader        - Writing to buffer: dst=544,304, w=16,h=16, src=64,464
13:47:38.789 [JavaFX Application Thread] DEBUG TilesetLoader        - Writing to buffer: dst=560,304, w=16,h=16, src=64,432
13:47:38.789 [JavaFX Application Thread] DEBUG TilesetLoader        - Writing to buffer: dst=576,304, w=16,h=16, src=64,464
13:47:38.789 [JavaFX Application Thread] DEBUG TilesetLoader        - Writing to buffer: dst=592,304, w=16,h=16, src=64,464
13:47:38.789 [JavaFX Application Thread] DEBUG TilesetLoader        - Writing to buffer: dst=608,304, w=16,h=16, src=64,464
13:47:38.789 [JavaFX Application Thread] DEBUG TilesetLoader        - Writing to buffer: dst=656,304, w=16,h=16, src=64,464
13:47:38.789 [JavaFX Application Thread] DEBUG TilesetLoader        - Writing to buffer: dst=672,304, w=16,h=16, src=64,464
13:47:38.789 [JavaFX Application Thread] DEBUG TilesetLoader        - Writing to buffer: dst=688,304, w=16,h=16, src=64,464
13:47:38.790 [JavaFX Application Thread] DEBUG TilesetLoader        - Writing to buffer: dst=704,304, w=16,h=16, src=64,432
13:47:38.790 [JavaFX Application Thread] DEBUG TilesetLoader        - Writing to buffer: dst=1264,304, w=16,h=16, src=16,64
13:47:38.790 [JavaFX Application Thread] DEBUG TilesetLoader        - Writing to buffer: dst=0,320, w=16,h=16, src=16,64
13:47:38.790 [JavaFX Application Thread] DEBUG TilesetLoader        - Writing to buffer: dst=416,320, w=16,h=16, src=0,448
13:47:38.790 [JavaFX Application Thread] DEBUG TilesetLoader        - Writing to buffer: dst=560,320, w=16,h=16, src=0,448
13:47:38.790 [JavaFX Application Thread] DEBUG TilesetLoader        - Writing to buffer: dst=704,320, w=16,h=16, src=0,448
13:47:38.790 [JavaFX Application Thread] DEBUG TilesetLoader        - Writing to buffer: dst=1264,320, w=16,h=16, src=16,64
13:47:38.790 [JavaFX Application Thread] DEBUG TilesetLoader        - Writing to buffer: dst=0,336, w=16,h=16, src=16,64
13:47:38.790 [JavaFX Application Thread] DEBUG TilesetLoader        - Writing to buffer: dst=416,336, w=16,h=16, src=0,448
13:47:38.790 [JavaFX Application Thread] DEBUG TilesetLoader        - Writing to buffer: dst=560,336, w=16,h=16, src=0,448
13:47:38.790 [JavaFX Application Thread] DEBUG TilesetLoader        - Writing to buffer: dst=704,336, w=16,h=16, src=0,448
13:47:38.790 [JavaFX Application Thread] DEBUG TilesetLoader        - Writing to buffer: dst=1264,336, w=16,h=16, src=16,64
13:47:38.790 [JavaFX Application Thread] DEBUG TilesetLoader        - Writing to buffer: dst=0,352, w=16,h=16, src=16,64
13:47:38.790 [JavaFX Application Thread] DEBUG TilesetLoader        - Writing to buffer: dst=416,352, w=16,h=16, src=0,448
13:47:38.790 [JavaFX Application Thread] DEBUG TilesetLoader        - Writing to buffer: dst=560,352, w=16,h=16, src=0,448
13:47:38.790 [JavaFX Application Thread] DEBUG TilesetLoader        - Writing to buffer: dst=704,352, w=16,h=16, src=0,448
13:47:38.790 [JavaFX Application Thread] DEBUG TilesetLoader        - Writing to buffer: dst=1264,352, w=16,h=16, src=16,64
13:47:38.790 [JavaFX Application Thread] DEBUG TilesetLoader        - Writing to buffer: dst=0,368, w=16,h=16, src=0,448
13:47:38.790 [JavaFX Application Thread] DEBUG TilesetLoader        - Writing to buffer: dst=416,368, w=16,h=16, src=0,448
13:47:38.790 [JavaFX Application Thread] DEBUG TilesetLoader        - Writing to buffer: dst=560,368, w=16,h=16, src=0,448
13:47:38.790 [JavaFX Application Thread] DEBUG TilesetLoader        - Writing to buffer: dst=704,368, w=16,h=16, src=0,448
13:47:38.790 [JavaFX Application Thread] DEBUG TilesetLoader        - Writing to buffer: dst=1264,368, w=16,h=16, src=0,448
13:47:38.791 [JavaFX Application Thread] DEBUG TilesetLoader        - Writing to buffer: dst=0,384, w=16,h=16, src=0,448
13:47:38.791 [JavaFX Application Thread] DEBUG TilesetLoader        - Writing to buffer: dst=416,384, w=16,h=16, src=0,448
13:47:38.791 [JavaFX Application Thread] DEBUG TilesetLoader        - Writing to buffer: dst=560,384, w=16,h=16, src=0,448
13:47:38.791 [JavaFX Application Thread] DEBUG TilesetLoader        - Writing to buffer: dst=704,384, w=16,h=16, src=0,448
13:47:38.791 [JavaFX Application Thread] DEBUG TilesetLoader        - Writing to buffer: dst=1264,384, w=16,h=16, src=0,448
13:47:38.791 [JavaFX Application Thread] DEBUG TilesetLoader        - Writing to buffer: dst=0,400, w=16,h=16, src=0,448
13:47:38.791 [JavaFX Application Thread] DEBUG TilesetLoader        - Writing to buffer: dst=416,400, w=16,h=16, src=0,448
13:47:38.791 [JavaFX Application Thread] DEBUG TilesetLoader        - Writing to buffer: dst=560,400, w=16,h=16, src=0,448
13:47:38.791 [JavaFX Application Thread] DEBUG TilesetLoader        - Writing to buffer: dst=704,400, w=16,h=16, src=0,448
13:47:38.791 [JavaFX Application Thread] DEBUG TilesetLoader        - Writing to buffer: dst=1264,400, w=16,h=16, src=0,448
13:47:38.791 [JavaFX Application Thread] DEBUG TilesetLoader        - Writing to buffer: dst=0,416, w=16,h=16, src=0,448
13:47:38.791 [JavaFX Application Thread] DEBUG TilesetLoader        - Writing to buffer: dst=416,416, w=16,h=16, src=0,448
13:47:38.791 [JavaFX Application Thread] DEBUG TilesetLoader        - Writing to buffer: dst=560,416, w=16,h=16, src=0,448
13:47:38.791 [JavaFX Application Thread] DEBUG TilesetLoader        - Writing to buffer: dst=704,416, w=16,h=16, src=0,448
13:47:38.791 [JavaFX Application Thread] DEBUG TilesetLoader        - Writing to buffer: dst=1264,416, w=16,h=16, src=0,448
13:47:38.791 [JavaFX Application Thread] DEBUG TilesetLoader        - Writing to buffer: dst=0,432, w=16,h=16, src=0,448
13:47:38.791 [JavaFX Application Thread] DEBUG TilesetLoader        - Writing to buffer: dst=416,432, w=16,h=16, src=0,448
13:47:38.791 [JavaFX Application Thread] DEBUG TilesetLoader        - Writing to buffer: dst=560,432, w=16,h=16, src=0,448
13:47:38.791 [JavaFX Application Thread] DEBUG TilesetLoader        - Writing to buffer: dst=704,432, w=16,h=16, src=0,448
13:47:38.791 [JavaFX Application Thread] DEBUG TilesetLoader        - Writing to buffer: dst=1264,432, w=16,h=16, src=0,448
13:47:38.791 [JavaFX Application Thread] DEBUG TilesetLoader        - Writing to buffer: dst=0,448, w=16,h=16, src=0,448
13:47:38.791 [JavaFX Application Thread] DEBUG TilesetLoader        - Writing to buffer: dst=416,448, w=16,h=16, src=0,448
13:47:38.791 [JavaFX Application Thread] DEBUG TilesetLoader        - Writing to buffer: dst=560,448, w=16,h=16, src=0,448
13:47:38.792 [JavaFX Application Thread] DEBUG TilesetLoader        - Writing to buffer: dst=704,448, w=16,h=16, src=0,448
13:47:38.792 [JavaFX Application Thread] DEBUG TilesetLoader        - Writing to buffer: dst=1264,448, w=16,h=16, src=0,448
13:47:38.792 [JavaFX Application Thread] DEBUG TilesetLoader        - Writing to buffer: dst=0,464, w=16,h=16, src=0,448
13:47:38.792 [JavaFX Application Thread] DEBUG TilesetLoader        - Writing to buffer: dst=416,464, w=16,h=16, src=0,448
13:47:38.792 [JavaFX Application Thread] DEBUG TilesetLoader        - Writing to buffer: dst=560,464, w=16,h=16, src=0,448
13:47:38.792 [JavaFX Application Thread] DEBUG TilesetLoader        - Writing to buffer: dst=704,464, w=16,h=16, src=0,448
13:47:38.792 [JavaFX Application Thread] DEBUG TilesetLoader        - Writing to buffer: dst=1264,464, w=16,h=16, src=0,448
13:47:38.792 [JavaFX Application Thread] DEBUG TilesetLoader        - Writing to buffer: dst=0,480, w=16,h=16, src=0,448
13:47:38.792 [JavaFX Application Thread] DEBUG TilesetLoader        - Writing to buffer: dst=416,480, w=16,h=16, src=16,448
13:47:38.792 [JavaFX Application Thread] DEBUG TilesetLoader        - Writing to buffer: dst=560,480, w=16,h=16, src=16,448
13:47:38.792 [JavaFX Application Thread] DEBUG TilesetLoader        - Writing to buffer: dst=704,480, w=16,h=16, src=16,448
13:47:38.792 [JavaFX Application Thread] DEBUG TilesetLoader        - Writing to buffer: dst=1264,480, w=16,h=16, src=0,448
13:47:38.792 [JavaFX Application Thread] DEBUG TilesetLoader        - Writing to buffer: dst=0,496, w=16,h=16, src=0,448
13:47:38.792 [JavaFX Application Thread] DEBUG TilesetLoader        - Writing to buffer: dst=1264,496, w=16,h=16, src=0,448
13:47:38.792 [JavaFX Application Thread] DEBUG TilesetLoader        - Writing to buffer: dst=0,512, w=16,h=16, src=0,448
13:47:38.792 [JavaFX Application Thread] DEBUG TilesetLoader        - Writing to buffer: dst=1264,512, w=16,h=16, src=0,448
13:47:38.792 [JavaFX Application Thread] DEBUG TilesetLoader        - Writing to buffer: dst=0,528, w=16,h=16, src=0,448
13:47:38.792 [JavaFX Application Thread] DEBUG TilesetLoader        - Writing to buffer: dst=1264,528, w=16,h=16, src=0,448
13:47:38.792 [JavaFX Application Thread] DEBUG TilesetLoader        - Writing to buffer: dst=0,544, w=16,h=16, src=0,448
13:47:38.792 [JavaFX Application Thread] DEBUG TilesetLoader        - Writing to buffer: dst=1264,544, w=16,h=16, src=0,448
13:47:38.792 [JavaFX Application Thread] DEBUG TilesetLoader        - Writing to buffer: dst=0,560, w=16,h=16, src=0,448
13:47:38.792 [JavaFX Application Thread] DEBUG TilesetLoader        - Writing to buffer: dst=1264,560, w=16,h=16, src=0,448
13:47:38.792 [JavaFX Application Thread] DEBUG TilesetLoader        - Writing to buffer: dst=0,576, w=16,h=16, src=0,448
13:47:38.792 [JavaFX Application Thread] DEBUG TilesetLoader        - Writing to buffer: dst=1264,576, w=16,h=16, src=0,448
13:47:38.793 [JavaFX Application Thread] DEBUG TilesetLoader        - Writing to buffer: dst=0,592, w=16,h=16, src=0,448
13:47:38.793 [JavaFX Application Thread] DEBUG TilesetLoader        - Writing to buffer: dst=1264,592, w=16,h=16, src=0,448
13:47:38.793 [JavaFX Application Thread] DEBUG TilesetLoader        - Writing to buffer: dst=0,608, w=16,h=16, src=0,448
13:47:38.793 [JavaFX Application Thread] DEBUG TilesetLoader        - Writing to buffer: dst=1264,608, w=16,h=16, src=0,448
13:47:38.793 [JavaFX Application Thread] DEBUG TilesetLoader        - Writing to buffer: dst=0,624, w=16,h=16, src=0,448
13:47:38.793 [JavaFX Application Thread] DEBUG TilesetLoader        - Writing to buffer: dst=1264,624, w=16,h=16, src=0,448
13:47:38.793 [JavaFX Application Thread] DEBUG TilesetLoader        - Writing to buffer: dst=0,640, w=16,h=16, src=0,448
13:47:38.793 [JavaFX Application Thread] DEBUG TilesetLoader        - Writing to buffer: dst=1264,640, w=16,h=16, src=0,448
13:47:38.793 [JavaFX Application Thread] DEBUG TilesetLoader        - Writing to buffer: dst=0,656, w=16,h=16, src=0,448
13:47:38.793 [JavaFX Application Thread] DEBUG TilesetLoader        - Writing to buffer: dst=1264,656, w=16,h=16, src=0,448
13:47:38.793 [JavaFX Application Thread] DEBUG TilesetLoader        - Writing to buffer: dst=0,672, w=16,h=16, src=0,448
13:47:38.793 [JavaFX Application Thread] DEBUG TilesetLoader        - Writing to buffer: dst=1264,672, w=16,h=16, src=0,448
13:47:38.793 [JavaFX Application Thread] DEBUG TilesetLoader        - Writing to buffer: dst=0,688, w=16,h=16, src=0,448
13:47:38.793 [JavaFX Application Thread] DEBUG TilesetLoader        - Writing to buffer: dst=1264,688, w=16,h=16, src=0,448
13:47:38.793 [JavaFX Application Thread] DEBUG TilesetLoader        - Writing to buffer: dst=0,704, w=16,h=16, src=0,464
13:47:38.793 [JavaFX Application Thread] DEBUG TilesetLoader        - Writing to buffer: dst=16,704, w=16,h=16, src=64,464
13:47:38.793 [JavaFX Application Thread] DEBUG TilesetLoader        - Writing to buffer: dst=32,704, w=16,h=16, src=64,464
13:47:38.793 [JavaFX Application Thread] DEBUG TilesetLoader        - Writing to buffer: dst=48,704, w=16,h=16, src=64,464
13:47:38.793 [JavaFX Application Thread] DEBUG TilesetLoader        - Writing to buffer: dst=64,704, w=16,h=16, src=64,464
13:47:38.793 [JavaFX Application Thread] DEBUG TilesetLoader        - Writing to buffer: dst=80,704, w=16,h=16, src=64,464
13:47:38.793 [JavaFX Application Thread] DEBUG TilesetLoader        - Writing to buffer: dst=96,704, w=16,h=16, src=64,464
13:47:38.793 [JavaFX Application Thread] DEBUG TilesetLoader        - Writing to buffer: dst=112,704, w=16,h=16, src=64,464
13:47:38.793 [JavaFX Application Thread] DEBUG TilesetLoader        - Writing to buffer: dst=128,704, w=16,h=16, src=64,464
13:47:38.793 [JavaFX Application Thread] DEBUG TilesetLoader        - Writing to buffer: dst=144,704, w=16,h=16, src=64,464
13:47:38.793 [JavaFX Application Thread] DEBUG TilesetLoader        - Writing to buffer: dst=160,704, w=16,h=16, src=64,464
13:47:38.793 [JavaFX Application Thread] DEBUG TilesetLoader        - Writing to buffer: dst=176,704, w=16,h=16, src=64,464
13:47:38.794 [JavaFX Application Thread] DEBUG TilesetLoader        - Writing to buffer: dst=192,704, w=16,h=16, src=64,464
13:47:38.794 [JavaFX Application Thread] DEBUG TilesetLoader        - Writing to buffer: dst=208,704, w=16,h=16, src=64,464
13:47:38.794 [JavaFX Application Thread] DEBUG TilesetLoader        - Writing to buffer: dst=224,704, w=16,h=16, src=64,464
13:47:38.794 [JavaFX Application Thread] DEBUG TilesetLoader        - Writing to buffer: dst=240,704, w=16,h=16, src=64,464
13:47:38.794 [JavaFX Application Thread] DEBUG TilesetLoader        - Writing to buffer: dst=256,704, w=16,h=16, src=64,464
13:47:38.794 [JavaFX Application Thread] DEBUG TilesetLoader        - Writing to buffer: dst=272,704, w=16,h=16, src=64,464
13:47:38.794 [JavaFX Application Thread] DEBUG TilesetLoader        - Writing to buffer: dst=288,704, w=16,h=16, src=64,464
13:47:38.794 [JavaFX Application Thread] DEBUG TilesetLoader        - Writing to buffer: dst=304,704, w=16,h=16, src=64,464
13:47:38.794 [JavaFX Application Thread] DEBUG TilesetLoader        - Writing to buffer: dst=320,704, w=16,h=16, src=64,464
13:47:38.794 [JavaFX Application Thread] DEBUG TilesetLoader        - Writing to buffer: dst=336,704, w=16,h=16, src=64,464
13:47:38.794 [JavaFX Application Thread] DEBUG TilesetLoader        - Writing to buffer: dst=352,704, w=16,h=16, src=64,464
13:47:38.794 [JavaFX Application Thread] DEBUG TilesetLoader        - Writing to buffer: dst=368,704, w=16,h=16, src=64,464
13:47:38.794 [JavaFX Application Thread] DEBUG TilesetLoader        - Writing to buffer: dst=384,704, w=16,h=16, src=64,464
13:47:38.794 [JavaFX Application Thread] DEBUG TilesetLoader        - Writing to buffer: dst=400,704, w=16,h=16, src=64,464
13:47:38.794 [JavaFX Application Thread] DEBUG TilesetLoader        - Writing to buffer: dst=416,704, w=16,h=16, src=16,64
13:47:38.794 [JavaFX Application Thread] DEBUG TilesetLoader        - Writing to buffer: dst=432,704, w=16,h=16, src=16,64
13:47:38.794 [JavaFX Application Thread] DEBUG TilesetLoader        - Writing to buffer: dst=448,704, w=16,h=16, src=16,64
13:47:38.794 [JavaFX Application Thread] DEBUG TilesetLoader        - Writing to buffer: dst=464,704, w=16,h=16, src=16,64
13:47:38.794 [JavaFX Application Thread] DEBUG TilesetLoader        - Writing to buffer: dst=480,704, w=16,h=16, src=16,64
13:47:38.794 [JavaFX Application Thread] DEBUG TilesetLoader        - Writing to buffer: dst=496,704, w=16,h=16, src=16,64
13:47:38.794 [JavaFX Application Thread] DEBUG TilesetLoader        - Writing to buffer: dst=512,704, w=16,h=16, src=16,64
13:47:38.794 [JavaFX Application Thread] DEBUG TilesetLoader        - Writing to buffer: dst=528,704, w=16,h=16, src=16,64
13:47:38.794 [JavaFX Application Thread] DEBUG TilesetLoader        - Writing to buffer: dst=544,704, w=16,h=16, src=16,64
13:47:38.794 [JavaFX Application Thread] DEBUG TilesetLoader        - Writing to buffer: dst=560,704, w=16,h=16, src=16,64
13:47:38.794 [JavaFX Application Thread] DEBUG TilesetLoader        - Writing to buffer: dst=576,704, w=16,h=16, src=16,64
13:47:38.794 [JavaFX Application Thread] DEBUG TilesetLoader        - Writing to buffer: dst=592,704, w=16,h=16, src=16,64
13:47:38.794 [JavaFX Application Thread] DEBUG TilesetLoader        - Writing to buffer: dst=608,704, w=16,h=16, src=16,64
13:47:38.795 [JavaFX Application Thread] DEBUG TilesetLoader        - Writing to buffer: dst=624,704, w=16,h=16, src=16,64
13:47:38.795 [JavaFX Application Thread] DEBUG TilesetLoader        - Writing to buffer: dst=640,704, w=16,h=16, src=16,64
13:47:38.795 [JavaFX Application Thread] DEBUG TilesetLoader        - Writing to buffer: dst=656,704, w=16,h=16, src=16,64
13:47:38.795 [JavaFX Application Thread] DEBUG TilesetLoader        - Writing to buffer: dst=672,704, w=16,h=16, src=16,64
13:47:38.795 [JavaFX Application Thread] DEBUG TilesetLoader        - Writing to buffer: dst=688,704, w=16,h=16, src=16,64
13:47:38.795 [JavaFX Application Thread] DEBUG TilesetLoader        - Writing to buffer: dst=704,704, w=16,h=16, src=16,64
13:47:38.795 [JavaFX Application Thread] DEBUG TilesetLoader        - Writing to buffer: dst=720,704, w=16,h=16, src=64,464
13:47:38.795 [JavaFX Application Thread] DEBUG TilesetLoader        - Writing to buffer: dst=736,704, w=16,h=16, src=64,464
13:47:38.795 [JavaFX Application Thread] DEBUG TilesetLoader        - Writing to buffer: dst=752,704, w=16,h=16, src=64,464
13:47:38.795 [JavaFX Application Thread] DEBUG TilesetLoader        - Writing to buffer: dst=768,704, w=16,h=16, src=64,464
13:47:38.795 [JavaFX Application Thread] DEBUG TilesetLoader        - Writing to buffer: dst=784,704, w=16,h=16, src=64,464
13:47:38.795 [JavaFX Application Thread] DEBUG TilesetLoader        - Writing to buffer: dst=800,704, w=16,h=16, src=64,464
13:47:38.795 [JavaFX Application Thread] DEBUG TilesetLoader        - Writing to buffer: dst=816,704, w=16,h=16, src=64,464
13:47:38.795 [JavaFX Application Thread] DEBUG TilesetLoader        - Writing to buffer: dst=832,704, w=16,h=16, src=64,464
13:47:38.795 [JavaFX Application Thread] DEBUG TilesetLoader        - Writing to buffer: dst=848,704, w=16,h=16, src=64,464
13:47:38.795 [JavaFX Application Thread] DEBUG TilesetLoader        - Writing to buffer: dst=864,704, w=16,h=16, src=64,464
13:47:38.795 [JavaFX Application Thread] DEBUG TilesetLoader        - Writing to buffer: dst=880,704, w=16,h=16, src=64,464
13:47:38.795 [JavaFX Application Thread] DEBUG TilesetLoader        - Writing to buffer: dst=896,704, w=16,h=16, src=64,464
13:47:38.795 [JavaFX Application Thread] DEBUG TilesetLoader        - Writing to buffer: dst=912,704, w=16,h=16, src=64,464
13:47:38.795 [JavaFX Application Thread] DEBUG TilesetLoader        - Writing to buffer: dst=928,704, w=16,h=16, src=64,464
13:47:38.795 [JavaFX Application Thread] DEBUG TilesetLoader        - Writing to buffer: dst=944,704, w=16,h=16, src=64,464
13:47:38.796 [JavaFX Application Thread] DEBUG TilesetLoader        - Writing to buffer: dst=960,704, w=16,h=16, src=64,464
13:47:38.796 [JavaFX Application Thread] DEBUG TilesetLoader        - Writing to buffer: dst=976,704, w=16,h=16, src=64,464
13:47:38.796 [JavaFX Application Thread] DEBUG TilesetLoader        - Writing to buffer: dst=992,704, w=16,h=16, src=64,464
13:47:38.796 [JavaFX Application Thread] DEBUG TilesetLoader        - Writing to buffer: dst=1008,704, w=16,h=16, src=64,464
13:47:38.796 [JavaFX Application Thread] DEBUG TilesetLoader        - Writing to buffer: dst=1024,704, w=16,h=16, src=64,464
13:47:38.796 [JavaFX Application Thread] DEBUG TilesetLoader        - Writing to buffer: dst=1040,704, w=16,h=16, src=64,464
13:47:38.796 [JavaFX Application Thread] DEBUG TilesetLoader        - Writing to buffer: dst=1056,704, w=16,h=16, src=64,464
13:47:38.796 [JavaFX Application Thread] DEBUG TilesetLoader        - Writing to buffer: dst=1072,704, w=16,h=16, src=64,464
13:47:38.796 [JavaFX Application Thread] DEBUG TilesetLoader        - Writing to buffer: dst=1088,704, w=16,h=16, src=64,464
13:47:38.796 [JavaFX Application Thread] DEBUG TilesetLoader        - Writing to buffer: dst=1104,704, w=16,h=16, src=64,464
13:47:38.796 [JavaFX Application Thread] DEBUG TilesetLoader        - Writing to buffer: dst=1120,704, w=16,h=16, src=64,464
13:47:38.796 [JavaFX Application Thread] DEBUG TilesetLoader        - Writing to buffer: dst=1136,704, w=16,h=16, src=64,464
13:47:38.796 [JavaFX Application Thread] DEBUG TilesetLoader        - Writing to buffer: dst=1152,704, w=16,h=16, src=64,464
13:47:38.796 [JavaFX Application Thread] DEBUG TilesetLoader        - Writing to buffer: dst=1168,704, w=16,h=16, src=64,464
13:47:38.796 [JavaFX Application Thread] DEBUG TilesetLoader        - Writing to buffer: dst=1184,704, w=16,h=16, src=64,464
13:47:38.796 [JavaFX Application Thread] DEBUG TilesetLoader        - Writing to buffer: dst=1200,704, w=16,h=16, src=16,432
13:47:38.796 [JavaFX Application Thread] DEBUG TilesetLoader        - Writing to buffer: dst=1216,704, w=16,h=16, src=16,432
13:47:38.796 [JavaFX Application Thread] DEBUG TilesetLoader        - Writing to buffer: dst=1232,704, w=16,h=16, src=16,432
13:47:38.796 [JavaFX Application Thread] DEBUG TilesetLoader        - Writing to buffer: dst=1248,704, w=16,h=16, src=16,432
13:47:38.796 [JavaFX Application Thread] DEBUG TilesetLoader        - Writing to buffer: dst=1264,704, w=16,h=16, src=32,464
13:47:38.796 [JavaFX Application Thread] DEBUG TMXLevelLoader       - Creating object layer entities
13:47:38.810 [JavaFX Application Thread] DEBUG GameWorld            - Clearing removable entities
13:47:38.811 [JavaFX Application Thread] DEBUG GameWorld            - Setting level: com.almasb.fxgl.entity.level.Level@1c57de85
13:47:38.818 [JavaFX Application Thread] DEBUG FXGLAssetLoaderServi - Loading from file system: /assets/textures/swordsman.png
13:47:38.820 [JavaFX Application Thread] DEBUG FXGLAssetLoaderServi - Loading from cache: /assets/textures/swordsman.png
13:47:42.722 [JavaFX Application Thread] DEBUG LoopRunner           - Stopping loop
13:47:42.724 [JavaFX Application Thread] FATAL FXGLApplication      - Uncaught Exception:
java.lang.NoSuchFieldError: BACK
	at com.almasb.fxgl.input.MouseTrigger$Companion$WhenMappings.<clinit>(Unknown Source)
	at com.almasb.fxgl.input.MouseTrigger$Companion.buttonToString(Triggers.kt:130)
	at com.almasb.fxgl.input.MouseTrigger.<init>(Triggers.kt:143)
	at com.almasb.fxgl.input.MouseTrigger.<init>(Triggers.kt:113)
	at com.almasb.fxgl.input.Input.handlePressed(Input.kt:237)
	at com.almasb.fxgl.input.Input.onMouseEvent(Input.kt:223)
	at com.almasb.fxgl.input.Input.onMouseEvent(Input.kt:212)
	at com.almasb.fxgl.app.MainWindow$2.invoke(MainWindow.kt:97)
	at com.almasb.fxgl.app.MainWindow$2.invoke(MainWindow.kt:40)
	at com.almasb.fxgl.app.MainWindow$addMouseHandler$1.handle(MainWindow.kt:394)
	at com.almasb.fxgl.app.MainWindow$addMouseHandler$1.handle(MainWindow.kt:40)
	at javafx.base/com.sun.javafx.event.CompositeEventHandler$NormalEventHandlerRecord.handleBubblingEvent(CompositeEventHandler.java:218)
	at javafx.base/com.sun.javafx.event.CompositeEventHandler.dispatchBubblingEvent(CompositeEventHandler.java:80)
	at javafx.base/com.sun.javafx.event.EventHandlerManager.dispatchBubblingEvent(EventHandlerManager.java:238)
	at javafx.base/com.sun.javafx.event.EventHandlerManager.dispatchBubblingEvent(EventHandlerManager.java:191)
	at javafx.base/com.sun.javafx.event.CompositeEventDispatcher.dispatchBubblingEvent(CompositeEventDispatcher.java:59)
	at javafx.base/com.sun.javafx.event.BasicEventDispatcher.dispatchEvent(BasicEventDispatcher.java:58)
	at javafx.base/com.sun.javafx.event.EventDispatchChainImpl.dispatchEvent(EventDispatchChainImpl.java:114)
	at javafx.base/com.sun.javafx.event.BasicEventDispatcher.dispatchEvent(BasicEventDispatcher.java:56)
	at javafx.base/com.sun.javafx.event.EventDispatchChainImpl.dispatchEvent(EventDispatchChainImpl.java:114)
	at javafx.base/com.sun.javafx.event.EventUtil.fireEventImpl(EventUtil.java:74)
	at javafx.base/com.sun.javafx.event.EventUtil.fireEvent(EventUtil.java:54)
	at javafx.base/javafx.event.Event.fireEvent(Event.java:198)
	at javafx.graphics/javafx.scene.Scene$MouseHandler.process(Scene.java:3851)
	at javafx.graphics/javafx.scene.Scene$MouseHandler.access$1200(Scene.java:3579)
	at javafx.graphics/javafx.scene.Scene.processMouseEvent(Scene.java:1849)
	at javafx.graphics/javafx.scene.Scene$ScenePeerListener.mouseEvent(Scene.java:2588)
	at javafx.graphics/com.sun.javafx.tk.quantum.GlassViewEventHandler$MouseEventNotification.run(GlassViewEventHandler.java:397)
	at javafx.graphics/com.sun.javafx.tk.quantum.GlassViewEventHandler$MouseEventNotification.run(GlassViewEventHandler.java:295)
	at java.base/java.security.AccessController.doPrivileged(Native Method)
	at javafx.graphics/com.sun.javafx.tk.quantum.GlassViewEventHandler.lambda$handleMouseEvent$2(GlassViewEventHandler.java:434)
	at javafx.graphics/com.sun.javafx.tk.quantum.QuantumToolkit.runWithoutRenderLock(QuantumToolkit.java:390)
	at javafx.graphics/com.sun.javafx.tk.quantum.GlassViewEventHandler.handleMouseEvent(GlassViewEventHandler.java:433)
	at javafx.graphics/com.sun.glass.ui.View.handleMouseEvent(View.java:556)
	at javafx.graphics/com.sun.glass.ui.View.notifyMouse(View.java:942)
	at javafx.graphics/com.sun.glass.ui.mac.MacView.notifyMouse(MacView.java:127)

13:47:42.724 [JavaFX Application Thread] FATAL FXGLApplication      - Application will now exit
13:47:42.741 [JavaFX Application Thread] DEBUG MainWindow           - Push state: ErrorSubScene
13:47:42.741 [JavaFX Application Thread] DEBUG Input                - Clearing active input actions
13:47:42.745 [JavaFX Application Thread] DEBUG GameApplicationServi - Removing overlay from GameScene and adding to ErrorSubScene
13:47:42.745 [JavaFX Application Thread] DEBUG MainWindow           - GameScene -> ErrorSubScene
13:47:44.305 [JavaFX Application Thread] DEBUG FXGLApplication      - Exiting FXGL
13:47:44.305 [JavaFX Application Thread] DEBUG Async                - Shutting down background threads
13:47:44.305 [JavaFX Application Thread] DEBUG MainWindow           - Closing main window
13:47:44.312 [JavaFX Application Thread] DEBUG Logger               - Closing Logger
