05:33:05.789 [main                     ] DEBUG Logger               - Configured Logger
05:33:05.804 [main                     ] DEBUG GameApplication      - Logging settings
Title: Dungeon Crawler
Version: Development 0.0.1
Width: 1280
Height: 720
Fullscreen: false
Intro: false
Profiling: false
Single step:false
App Mode: DEVELOPER
Menu Key: ESCAPE
Stage Style: DECORATED
Scene Factory: class com.group19.javafxgame.InitialConfigMenuSceneFactory

05:33:06.187 [JavaFX Application Thread] DEBUG FXGLApplication      - Initializing FXGL
05:33:06.189 [JavaFX Application Thread] INFO  Engine               - FXGL-11.12 (11.12.2020 08.51) on WINDOWS (J:11.0.10 FX:15)
05:33:06.189 [JavaFX Application Thread] DEBUG Engine               - JRE Vendor Name: AdoptOpenJDK
05:33:06.190 [JavaFX Application Thread] DEBUG Engine               - Running on OS: Windows 10 version 10.0
05:33:06.190 [JavaFX Application Thread] DEBUG Engine               - Architecture: amd64
05:33:06.190 [JavaFX Application Thread] INFO  Engine               - Source code and latest versions at: https://github.com/AlmasB/FXGL
05:33:06.190 [JavaFX Application Thread] INFO  Engine               -              Join the FXGL chat at: https://gitter.im/AlmasB/FXGL
05:33:06.279 [JavaFX Application Thread] DEBUG MainWindow           - Creating a JavaFX scene
05:33:06.337 [JavaFX Application Thread] DEBUG MainWindow           - Target settings size: 1280.0 x 720.0
05:33:06.337 [JavaFX Application Thread] DEBUG MainWindow           - Scaled scene size:    1280.0 x 720.0
05:33:06.337 [JavaFX Application Thread] DEBUG MainWindow           - Scaled ratio: (1.0, 1.0)
05:33:06.338 [JavaFX Application Thread] DEBUG MainWindow           - Set initial scene to StartupScene
05:33:06.345 [JavaFX Application Thread] DEBUG MainWindow           - Opening main window
05:33:06.435 [JavaFX Application Thread] DEBUG MainWindow           - Window border size: (16.0, 39.0)
05:33:06.435 [JavaFX Application Thread] DEBUG MainWindow           - Scaled size: 1280.0 x 720.0
05:33:06.435 [JavaFX Application Thread] DEBUG MainWindow           - Scaled ratio: (1.0, 1.0)
05:33:06.435 [JavaFX Application Thread] DEBUG MainWindow           - Scene size: 1280.0 x 720.0
05:33:06.436 [JavaFX Application Thread] DEBUG MainWindow           - Stage size: 1296.0 x 759.0
05:33:06.440 [FXGL Background Thread 1 ] DEBUG Engine               - Initializing environment variables
05:33:06.467 [FXGL Background Thread 1 ] DEBUG GameApplicationServi - Applying CSS: fxgl_dark.css
05:33:06.468 [FXGL Background Thread 1 ] DEBUG FXGLAssetLoaderServi - Loading from file system: /assets/ui/css/fxgl_dark.css
05:33:06.519 [FXGL Background Thread 1 ] DEBUG GameApplicationServi - Initializing application scenes
05:33:06.551 [FXGL Background Thread 1 ] DEBUG GameWorld            - Game world initialized
05:33:06.602 [FXGL Background Thread 1 ] DEBUG PhysicsWorld         - Physics world initialized: appHeight=720, physics.ppm=50.0
05:33:06.604 [FXGL Background Thread 1 ] DEBUG GameScene            - Game scene initialized: 1280x720
05:33:06.614 [FXGL Background Thread 1 ] DEBUG FXGLAssetLoaderServi - Loading from file system: /assets/textures/background/SimplePaintBackground.png
05:33:06.677 [FXGL Background Thread 1 ] DEBUG FXGLAssetLoaderServi - Loading from file system: /assets/textures/particles/trace_horizontal.png
05:33:06.698 [FXGL Background Thread 1 ] DEBUG FXGL.DefaultMenu     - createMenuBodyGameMenu()
05:33:06.709 [FXGL Background Thread 1 ] DEBUG FXGL.DefaultMenu     - createOptionsMenu()
05:33:06.713 [FXGL Background Thread 1 ] DEBUG FXGLAssetLoaderServi - Loading from file system: /assets/textures/particles/smoke.png
05:33:06.761 [FXGL Background Thread 1 ] DEBUG GameApplicationServi - Application scenes initialized
05:33:06.770 [FXGL Background Thread 1 ] DEBUG SystemBundleService  - Loading FXGL system data
05:33:06.772 [FXGL Background Thread 1 ] DEBUG FileSystemAccess     - Reading from: C:\Users\rodos\CS-2340-Final-Project\system\fxgl.bundle
05:33:06.777 [FXGL Background Thread 1 ] DEBUG SystemBundleService  - Bundle FXGL: {}
05:33:06.777 [FXGL Background Thread 1 ] DEBUG UpdaterService       - Checking for updates
05:33:06.782 [FXGL Background Thread 4 ] DEBUG FXGLApplication      - Loading fonts
05:33:06.782 [FXGL Background Thread 4 ] DEBUG FXGLAssetLoaderServi - Loading from file system: /assets/ui/fonts/VarelaRound-Regular.ttf
05:33:06.782 [FXGL Background Thread 1 ] DEBUG FXGLApplication      - Loading default localization
05:33:06.782 [FXGL Background Thread 1 ] DEBUG FXGLAssetLoaderServi - Loading from file system: /assets/languages/english.lang
05:33:06.799 [FXGL Background Thread 1 ] INFO  FXGLApplication      - FXGL initialization took: 0.358 sec
05:33:06.799 [JavaFX Application Thread] DEBUG FXGLAssetLoaderServi - Loading from file system: /assets/textures/fxgl_icon.png
05:33:06.819 [JavaFX Application Thread] DEBUG FXGLAssetLoaderServi - Loading from file system: /assets/ui/cursors/fxgl_default.png
05:33:06.834 [JavaFX Application Thread] DEBUG Input                - Registered new binding: Screenshot - P
05:33:06.834 [JavaFX Application Thread] DEBUG Input                - Registered new binding: System info dump - CTRL+9
05:33:06.834 [JavaFX Application Thread] DEBUG Input                - Registered new binding: Restart - CTRL+R
05:33:06.835 [JavaFX Application Thread] DEBUG Input                - Registered new binding: Toggle Debug Camera - CTRL+C
05:33:06.837 [JavaFX Application Thread] DEBUG LoopRunner           - Starting loop
05:33:06.839 [JavaFX Application Thread] DEBUG Input                - Clearing active input actions
05:33:06.851 [JavaFX Application Thread] DEBUG GameApplicationServi - Removing overlay from StartupScene and adding to FXGLMainMenuDummyScene
05:33:06.852 [JavaFX Application Thread] DEBUG MainWindow           - StartupScene -> FXGLMainMenuDummyScene
05:33:06.852 [JavaFX Application Thread] DEBUG MainWindow           - Push state: InitialConfigMenu
05:33:06.852 [JavaFX Application Thread] DEBUG Input                - Clearing active input actions
05:33:06.862 [JavaFX Application Thread] DEBUG GameApplicationServi - Removing overlay from FXGLMainMenuDummyScene and adding to InitialConfigMenu
05:33:06.862 [JavaFX Application Thread] DEBUG MainWindow           - FXGLMainMenuDummyScene -> InitialConfigMenu
05:33:07.095 [FXGL Background Thread 4 ] DEBUG FXGLAssetLoaderServi - Loading from file system: /assets/ui/fonts/Abel-Regular.ttf
05:33:07.097 [FXGL Background Thread 4 ] DEBUG FXGLAssetLoaderServi - Loading from file system: /assets/ui/fonts/lucida_console.ttf
05:33:07.101 [FXGL Background Thread 4 ] DEBUG FXGLAssetLoaderServi - Loading from file system: /assets/ui/fonts/Courier-Prime.ttf
05:33:07.104 [JavaFX Application Thread] DEBUG FXGLApplication      - Registering font factories with UI factory
05:33:07.254 [FXGL Background Thread 2 ] INFO  UpdaterService       - Your current version:  11.12
05:33:07.254 [FXGL Background Thread 2 ] INFO  UpdaterService       - Latest stable version: 11.16
05:33:08.588 [JavaFX Application Thread] DEBUG MainWindow           - Push state: DialogSubScene
05:33:08.588 [JavaFX Application Thread] DEBUG Input                - Clearing active input actions
05:33:08.590 [JavaFX Application Thread] DEBUG GameApplicationServi - Removing overlay from InitialConfigMenu and adding to DialogSubScene
05:33:08.590 [JavaFX Application Thread] DEBUG MainWindow           - InitialConfigMenu -> DialogSubScene
05:33:09.782 [FXGL Background Thread 3 ] DEBUG Engine               - Logging environment variables
05:33:09.782 [FXGL Background Thread 3 ] DEBUG Engine               - achievements: []
05:33:09.782 [FXGL Background Thread 3 ] DEBUG Engine               - actualHeight: 720.0
05:33:09.782 [FXGL Background Thread 3 ] DEBUG Engine               - actualHeightProperty: ReadOnlyDoubleProperty [value: 720.0]
05:33:09.782 [FXGL Background Thread 3 ] DEBUG Engine               - actualWidth: 1280.0
05:33:09.782 [FXGL Background Thread 3 ] DEBUG Engine               - actualWidthProperty: ReadOnlyDoubleProperty [value: 1280.0]
05:33:09.782 [FXGL Background Thread 3 ] DEBUG Engine               - appIcon: fxgl_icon.png
05:33:09.782 [FXGL Background Thread 3 ] DEBUG Engine               - applicationMode: DEVELOPER
05:33:09.782 [FXGL Background Thread 3 ] DEBUG Engine               - cSSList: [fxgl_dark.css]
05:33:09.782 [FXGL Background Thread 3 ] DEBUG Engine               - configClass: Optional.empty
05:33:09.782 [FXGL Background Thread 3 ] DEBUG Engine               - credits: []
05:33:09.783 [FXGL Background Thread 3 ] DEBUG Engine               - devBBoxColorProperty: ObjectProperty [value: 0xff0000ff]
05:33:09.783 [FXGL Background Thread 3 ] DEBUG Engine               - devEnableDebugCameraProperty: BooleanProperty [value: false]
05:33:09.783 [FXGL Background Thread 3 ] DEBUG Engine               - devSensorColorProperty: ObjectProperty [value: 0xffff00ff]
05:33:09.783 [FXGL Background Thread 3 ] DEBUG Engine               - devShowBBoxProperty: BooleanProperty [value: false]
05:33:09.783 [FXGL Background Thread 3 ] DEBUG Engine               - devShowPositionProperty: BooleanProperty [value: false]
05:33:09.783 [FXGL Background Thread 3 ] DEBUG Engine               - enabledMenuItems: []
05:33:09.783 [FXGL Background Thread 3 ] DEBUG Engine               - engineServices: [class com.almasb.fxgl.app.FXGLApplication$GameApplicationService, class com.almasb.fxgl.app.services.FXGLDialogService, class com.almasb.fxgl.app.services.IOTaskExecutorService, class com.almasb.fxgl.event.EventBusService, class com.almasb.fxgl.io.FileSystemService, class com.almasb.fxgl.localization.LocalizationService, class com.almasb.fxgl.app.services.FXGLAssetLoaderService, class com.almasb.fxgl.app.services.SystemBundleService, class com.almasb.fxgl.profile.SaveLoadService, class com.almasb.fxgl.ui.FXGLUIFactoryServiceProvider, class com.almasb.fxgl.ui.FXGLDialogFactoryServiceProvider, class com.almasb.fxgl.audio.AudioPlayer, class com.almasb.fxgl.notification.impl.NotificationServiceProvider, class com.almasb.fxgl.achievement.AchievementService, class com.almasb.fxgl.cutscene.CutsceneService, class com.almasb.fxgl.minigames.MiniGameService, class com.almasb.fxgl.net.NetService, class com.almasb.fxgl.app.services.UpdaterService, class com.almasb.fxgl.dev.DevService]
05:33:09.783 [FXGL Background Thread 3 ] DEBUG Engine               - fontGame: Abel-Regular.ttf
05:33:09.783 [FXGL Background Thread 3 ] DEBUG Engine               - fontMono: lucida_console.ttf
05:33:09.783 [FXGL Background Thread 3 ] DEBUG Engine               - fontText: Courier-Prime.ttf
05:33:09.784 [FXGL Background Thread 3 ] DEBUG Engine               - fontUI: VarelaRound-Regular.ttf
05:33:09.784 [FXGL Background Thread 3 ] DEBUG Engine               - fullScreen: BooleanProperty [value: false]
05:33:09.784 [FXGL Background Thread 3 ] DEBUG Engine               - gameDifficulty: MEDIUM
05:33:09.784 [FXGL Background Thread 3 ] DEBUG Engine               - gameDifficultyProperty: ObjectProperty [value: MEDIUM]
05:33:09.784 [FXGL Background Thread 3 ] DEBUG Engine               - globalMusicVolume: 0.5
05:33:09.784 [FXGL Background Thread 3 ] DEBUG Engine               - globalMusicVolumeProperty: DoubleProperty [value: 0.5]
05:33:09.784 [FXGL Background Thread 3 ] DEBUG Engine               - globalSoundVolume: 0.5
05:33:09.784 [FXGL Background Thread 3 ] DEBUG Engine               - globalSoundVolumeProperty: DoubleProperty [value: 0.5]
05:33:09.784 [FXGL Background Thread 3 ] DEBUG Engine               - height: 720
05:33:09.784 [FXGL Background Thread 3 ] DEBUG Engine               - isAndroid: false
05:33:09.784 [FXGL Background Thread 3 ] DEBUG Engine               - isBrowser: false
05:33:09.784 [FXGL Background Thread 3 ] DEBUG Engine               - isClickFeedbackEnabled: false
05:33:09.784 [FXGL Background Thread 3 ] DEBUG Engine               - isCloseConfirmation: false
05:33:09.784 [FXGL Background Thread 3 ] DEBUG Engine               - isDesktop: true
05:33:09.784 [FXGL Background Thread 3 ] DEBUG Engine               - isDeveloperMenuEnabled: false
05:33:09.784 [FXGL Background Thread 3 ] DEBUG Engine               - isEntityPreloadEnabled: true
05:33:09.784 [FXGL Background Thread 3 ] DEBUG Engine               - isExperimental3D: false
05:33:09.784 [FXGL Background Thread 3 ] DEBUG Engine               - isExperimentalNative: false
05:33:09.784 [FXGL Background Thread 3 ] DEBUG Engine               - isExperimentalTiledLargeMap: false
05:33:09.784 [FXGL Background Thread 3 ] DEBUG Engine               - isFileSystemWriteAllowed: true
05:33:09.784 [FXGL Background Thread 3 ] DEBUG Engine               - isFullScreenAllowed: false
05:33:09.784 [FXGL Background Thread 3 ] DEBUG Engine               - isFullScreenFromStart: false
05:33:09.784 [FXGL Background Thread 3 ] DEBUG Engine               - isGameMenuEnabled: true
05:33:09.784 [FXGL Background Thread 3 ] DEBUG Engine               - isIOS: false
05:33:09.784 [FXGL Background Thread 3 ] DEBUG Engine               - isIntroEnabled: false
05:33:09.785 [FXGL Background Thread 3 ] DEBUG Engine               - isLinux: false
05:33:09.785 [FXGL Background Thread 3 ] DEBUG Engine               - isMac: false
05:33:09.785 [FXGL Background Thread 3 ] DEBUG Engine               - isMainMenuEnabled: true
05:33:09.785 [FXGL Background Thread 3 ] DEBUG Engine               - isManualResizeEnabled: false
05:33:09.785 [FXGL Background Thread 3 ] DEBUG Engine               - isMobile: false
05:33:09.785 [FXGL Background Thread 3 ] DEBUG Engine               - isPreserveResizeRatio: false
05:33:09.785 [FXGL Background Thread 3 ] DEBUG Engine               - isProfilingEnabled: false
05:33:09.785 [FXGL Background Thread 3 ] DEBUG Engine               - isScaleAffectedOnResize: true
05:33:09.785 [FXGL Background Thread 3 ] DEBUG Engine               - isSingleStep: false
05:33:09.785 [FXGL Background Thread 3 ] DEBUG Engine               - isUserProfileEnabled: false
05:33:09.785 [FXGL Background Thread 3 ] DEBUG Engine               - isWindows: true
05:33:09.785 [FXGL Background Thread 3 ] DEBUG Engine               - language: ObjectProperty [value: ENGLISH]
05:33:09.785 [FXGL Background Thread 3 ] DEBUG Engine               - menuKey: ESCAPE
05:33:09.785 [FXGL Background Thread 3 ] DEBUG Engine               - notificationViewClass: class com.almasb.fxgl.notification.view.XboxNotificationView
05:33:09.785 [FXGL Background Thread 3 ] DEBUG Engine               - pixelsPerMeter: 50.0
05:33:09.785 [FXGL Background Thread 3 ] DEBUG Engine               - platform: WINDOWS
05:33:09.785 [FXGL Background Thread 3 ] DEBUG Engine               - prefHeightProperty: ReadOnlyDoubleProperty [value: 720.0]
05:33:09.785 [FXGL Background Thread 3 ] DEBUG Engine               - prefWidthProperty: ReadOnlyDoubleProperty [value: 1280.0]
05:33:09.785 [FXGL Background Thread 3 ] DEBUG Engine               - profileDir: profiles/
05:33:09.785 [FXGL Background Thread 3 ] DEBUG Engine               - profileName: StringProperty [value: DEFAULT]
05:33:09.786 [FXGL Background Thread 3 ] DEBUG Engine               - randomSeed: -1
05:33:09.786 [FXGL Background Thread 3 ] DEBUG Engine               - runtimeInfo: RuntimeInfo(platform=WINDOWS, version=11.12, build=11.12.2020 08.51)
05:33:09.786 [FXGL Background Thread 3 ] DEBUG Engine               - saveFileExt: sav
05:33:09.786 [FXGL Background Thread 3 ] DEBUG Engine               - scaledHeightProp$fxgl: DoubleProperty [bound, value: 720.0]
05:33:09.786 [FXGL Background Thread 3 ] DEBUG Engine               - scaledWidthProp$fxgl: DoubleProperty [bound, value: 1280.0]
05:33:09.786 [FXGL Background Thread 3 ] DEBUG Engine               - sceneFactory: com.group19.javafxgame.InitialConfigMenuSceneFactory@4a6daee6
05:33:09.786 [FXGL Background Thread 3 ] DEBUG Engine               - secondsIn24h: 60
05:33:09.786 [FXGL Background Thread 3 ] DEBUG Engine               - soundMenuBack: menu/back.wav
05:33:09.786 [FXGL Background Thread 3 ] DEBUG Engine               - soundMenuPress: menu/press.wav
05:33:09.786 [FXGL Background Thread 3 ] DEBUG Engine               - soundMenuSelect: menu/select.wav
05:33:09.786 [FXGL Background Thread 3 ] DEBUG Engine               - soundNotification: core/notification.wav
05:33:09.786 [FXGL Background Thread 3 ] DEBUG Engine               - stageStyle: DECORATED
05:33:09.786 [FXGL Background Thread 3 ] DEBUG Engine               - supportedLanguages: [ENGLISH, FRENCH, GERMAN, HUNGARIAN, RUSSIAN]
05:33:09.786 [FXGL Background Thread 3 ] DEBUG Engine               - title: Dungeon Crawler
05:33:09.786 [FXGL Background Thread 3 ] DEBUG Engine               - urlGithub: https://github.com/AlmasB/FXGL
05:33:09.786 [FXGL Background Thread 3 ] DEBUG Engine               - urlLeaderboard: http://fxgl-top.herokuapp.com/
05:33:09.786 [FXGL Background Thread 3 ] DEBUG Engine               - urlPOM: https://raw.githubusercontent.com/AlmasB/FXGL/master/README.md
05:33:09.786 [FXGL Background Thread 3 ] DEBUG Engine               - version: Development 0.0.1
05:33:09.786 [FXGL Background Thread 3 ] DEBUG Engine               - versionCheckDays: 7
05:33:09.786 [FXGL Background Thread 3 ] DEBUG Engine               - width: 1280
05:33:09.786 [FXGL Background Thread 3 ] DEBUG Engine               - Logging services
05:33:09.786 [FXGL Background Thread 3 ] DEBUG Engine               - class com.almasb.fxgl.app.FXGLApplication$GameApplicationService
05:33:09.786 [FXGL Background Thread 3 ] DEBUG Engine               - class com.almasb.fxgl.app.services.FXGLDialogService
05:33:09.786 [FXGL Background Thread 3 ] DEBUG Engine               - class com.almasb.fxgl.app.services.IOTaskExecutorService
05:33:09.786 [FXGL Background Thread 3 ] DEBUG Engine               - class com.almasb.fxgl.event.EventBusService
05:33:09.786 [FXGL Background Thread 3 ] DEBUG Engine               - class com.almasb.fxgl.io.FileSystemService
05:33:09.786 [FXGL Background Thread 3 ] DEBUG Engine               - class com.almasb.fxgl.localization.LocalizationService
05:33:09.786 [FXGL Background Thread 3 ] DEBUG Engine               - class com.almasb.fxgl.app.services.FXGLAssetLoaderService
05:33:09.786 [FXGL Background Thread 3 ] DEBUG Engine               - class com.almasb.fxgl.app.services.SystemBundleService
05:33:09.787 [FXGL Background Thread 3 ] DEBUG Engine               - class com.almasb.fxgl.profile.SaveLoadService
05:33:09.787 [FXGL Background Thread 3 ] DEBUG Engine               - class com.almasb.fxgl.ui.FXGLUIFactoryServiceProvider
05:33:09.787 [FXGL Background Thread 3 ] DEBUG Engine               - class com.almasb.fxgl.ui.FXGLDialogFactoryServiceProvider
05:33:09.787 [FXGL Background Thread 3 ] DEBUG Engine               - class com.almasb.fxgl.audio.AudioPlayer
05:33:09.787 [FXGL Background Thread 3 ] DEBUG Engine               - class com.almasb.fxgl.notification.impl.NotificationServiceProvider
05:33:09.787 [FXGL Background Thread 3 ] DEBUG Engine               - class com.almasb.fxgl.achievement.AchievementService
05:33:09.787 [FXGL Background Thread 3 ] DEBUG Engine               - class com.almasb.fxgl.cutscene.CutsceneService
05:33:09.787 [FXGL Background Thread 3 ] DEBUG Engine               - class com.almasb.fxgl.minigames.MiniGameService
05:33:09.787 [FXGL Background Thread 3 ] DEBUG Engine               - class com.almasb.fxgl.net.NetService
05:33:09.787 [FXGL Background Thread 3 ] DEBUG Engine               - class com.almasb.fxgl.app.services.UpdaterService
05:33:09.787 [FXGL Background Thread 3 ] DEBUG Engine               - class com.almasb.fxgl.dev.DevService
05:33:11.724 [JavaFX Application Thread] DEBUG MainWindow           - Pop state: DialogSubScene
05:33:11.724 [JavaFX Application Thread] DEBUG Input                - Clearing active input actions
05:33:11.724 [JavaFX Application Thread] DEBUG GameApplicationServi - Removing overlay from DialogSubScene and adding to InitialConfigMenu
05:33:11.724 [JavaFX Application Thread] DEBUG MainWindow           - InitialConfigMenu <- DialogSubScene
05:33:16.163 [JavaFX Application Thread] DEBUG MainWindow           - Push state: DialogSubScene
05:33:16.163 [JavaFX Application Thread] DEBUG Input                - Clearing active input actions
05:33:16.164 [JavaFX Application Thread] DEBUG GameApplicationServi - Removing overlay from InitialConfigMenu and adding to DialogSubScene
05:33:16.164 [JavaFX Application Thread] DEBUG MainWindow           - InitialConfigMenu -> DialogSubScene
05:33:17.003 [JavaFX Application Thread] DEBUG MainWindow           - Pop state: DialogSubScene
05:33:17.003 [JavaFX Application Thread] DEBUG Input                - Clearing active input actions
05:33:17.004 [JavaFX Application Thread] DEBUG GameApplicationServi - Removing overlay from DialogSubScene and adding to InitialConfigMenu
05:33:17.004 [JavaFX Application Thread] DEBUG MainWindow           - InitialConfigMenu <- DialogSubScene
05:33:24.980 [JavaFX Application Thread] DEBUG MainWindow           - Push state: DialogSubScene
05:33:24.980 [JavaFX Application Thread] DEBUG Input                - Clearing active input actions
05:33:24.981 [JavaFX Application Thread] DEBUG GameApplicationServi - Removing overlay from InitialConfigMenu and adding to DialogSubScene
05:33:24.981 [JavaFX Application Thread] DEBUG MainWindow           - InitialConfigMenu -> DialogSubScene
05:33:25.891 [JavaFX Application Thread] DEBUG MainWindow           - Pop state: DialogSubScene
05:33:25.891 [JavaFX Application Thread] DEBUG Input                - Clearing active input actions
05:33:25.891 [JavaFX Application Thread] DEBUG GameApplicationServi - Removing overlay from DialogSubScene and adding to InitialConfigMenu
05:33:25.891 [JavaFX Application Thread] DEBUG MainWindow           - InitialConfigMenu <- DialogSubScene
05:33:45.947 [JavaFX Application Thread] DEBUG FXGLApplication      - Exiting FXGL
05:33:45.948 [JavaFX Application Thread] DEBUG LoopRunner           - Stopping loop
05:33:45.948 [JavaFX Application Thread] DEBUG SystemBundleService  - Saving FXGL system data
05:33:45.949 [JavaFX Application Thread] DEBUG FileSystemAccess     - Writing to: C:\Users\rodos\CS-2340-Final-Project\system\fxgl.bundle
05:33:45.950 [JavaFX Application Thread] DEBUG Async                - Shutting down background threads
05:33:45.950 [JavaFX Application Thread] DEBUG MainWindow           - Closing main window
05:33:45.960 [JavaFX Application Thread] DEBUG Logger               - Closing Logger
