16:40:45.162 [main                     ] DEBUG Logger               - Configured Logger
16:40:45.178 [main                     ] DEBUG GameApplication      - Logging settings
Title: Dungeon Crawler
Version: Development 0.0.1
Width: 1280
Height: 720
Fullscreen: false
Intro: false
Profiling: false
Single step:false
App Mode: DEVELOPER
Menu Key: ESCAPE
Stage Style: DECORATED
Scene Factory: class com.group19.javafxgame.ui.menu.main.MainMenuSceneFactory

16:40:46.322 [JavaFX Application Thread] DEBUG FXGLApplication      - Initializing FXGL
16:40:46.329 [JavaFX Application Thread] INFO  Engine               - FXGL-11.12 (11.12.2020 08.51) on MAC (J:11.0.1 FX:11.0.2)
16:40:46.329 [JavaFX Application Thread] DEBUG Engine               - JRE Vendor Name: Oracle Corporation
16:40:46.330 [JavaFX Application Thread] DEBUG Engine               - Running on OS: Mac OS X version 10.16
16:40:46.330 [JavaFX Application Thread] DEBUG Engine               - Architecture: x86_64
16:40:46.330 [JavaFX Application Thread] INFO  Engine               - Source code and latest versions at: https://github.com/AlmasB/FXGL
16:40:46.331 [JavaFX Application Thread] INFO  Engine               -              Join the FXGL chat at: https://gitter.im/AlmasB/FXGL
16:40:46.477 [JavaFX Application Thread] DEBUG MainWindow           - Creating a JavaFX scene
16:40:46.541 [JavaFX Application Thread] DEBUG MainWindow           - Target settings size: 1280.0 x 720.0
16:40:46.542 [JavaFX Application Thread] DEBUG MainWindow           - Scaled scene size:    1280.0 x 720.0
16:40:46.542 [JavaFX Application Thread] DEBUG MainWindow           - Scaled ratio: (1.0, 1.0)
16:40:46.543 [JavaFX Application Thread] DEBUG MainWindow           - Set initial scene to StartupScene
16:40:46.550 [JavaFX Application Thread] DEBUG MainWindow           - Opening main window
16:40:46.624 [JavaFX Application Thread] DEBUG MainWindow           - Window border size: (0.0, 28.0)
16:40:46.624 [JavaFX Application Thread] DEBUG MainWindow           - Scaled size: 1280.0 x 720.0
16:40:46.624 [JavaFX Application Thread] DEBUG MainWindow           - Scaled ratio: (1.0, 1.0)
16:40:46.625 [JavaFX Application Thread] DEBUG MainWindow           - Scene size: 1280.0 x 720.0
16:40:46.625 [JavaFX Application Thread] DEBUG MainWindow           - Stage size: 1280.0 x 748.0
16:40:46.631 [FXGL Background Thread 1 ] DEBUG Engine               - Initializing environment variables
16:40:46.662 [FXGL Background Thread 1 ] DEBUG GameApplicationServi - Applying CSS: fxgl_dark.css
16:40:46.663 [FXGL Background Thread 1 ] DEBUG FXGLAssetLoaderServi - Loading from file system: /assets/ui/css/fxgl_dark.css
16:40:46.728 [FXGL Background Thread 1 ] DEBUG GameApplicationServi - Initializing application scenes
16:40:47.306 [FXGL Background Thread 1 ] DEBUG GameWorld            - Game world initialized
16:40:47.363 [FXGL Background Thread 1 ] DEBUG PhysicsWorld         - Physics world initialized: appHeight=720, physics.ppm=50.0
16:40:47.364 [FXGL Background Thread 1 ] DEBUG GameScene            - Game scene initialized: 1280x720
16:40:47.376 [FXGL Background Thread 1 ] DEBUG FXGLAssetLoaderServi - Loading from file system: /assets/textures/background/MainMenuBackground.jpg
16:40:47.460 [FXGL Background Thread 1 ] DEBUG FXGLAssetLoaderServi - Loading from file system: /assets/textures/particles/trace_horizontal.png
16:40:47.493 [FXGL Background Thread 1 ] DEBUG FXGL.DefaultMenu     - createMenuBodyGameMenu()
16:40:47.502 [FXGL Background Thread 1 ] DEBUG FXGL.DefaultMenu     - createOptionsMenu()
16:40:47.506 [FXGL Background Thread 1 ] DEBUG FXGLAssetLoaderServi - Loading from file system: /assets/textures/particles/smoke.png
16:40:47.561 [FXGL Background Thread 1 ] DEBUG GameApplicationServi - Application scenes initialized
16:40:47.572 [FXGL Background Thread 1 ] DEBUG SystemBundleService  - Loading FXGL system data
16:40:47.579 [FXGL Background Thread 1 ] DEBUG FileSystemAccess     - Reading from: /Users/shaharben-dor/Documents/College Work/CS 2340/CS-2340-Final-Project/system/fxgl.bundle
16:40:47.586 [FXGL Background Thread 1 ] DEBUG SystemBundleService  - Bundle FXGL: {}
16:40:47.587 [FXGL Background Thread 1 ] DEBUG UpdaterService       - Checking for updates
16:40:47.592 [FXGL Background Thread 4 ] DEBUG FXGLApplication      - Loading fonts
16:40:47.592 [FXGL Background Thread 4 ] DEBUG FXGLAssetLoaderServi - Loading from file system: /assets/ui/fonts/VarelaRound-Regular.ttf
16:40:47.593 [FXGL Background Thread 1 ] DEBUG FXGLApplication      - Loading default localization
16:40:47.593 [FXGL Background Thread 1 ] DEBUG FXGLAssetLoaderServi - Loading from file system: /assets/languages/english.lang
16:40:47.612 [FXGL Background Thread 1 ] INFO  FXGLApplication      - FXGL initialization took: 0.981 sec
16:40:47.613 [JavaFX Application Thread] DEBUG FXGLAssetLoaderServi - Loading from file system: /assets/textures/fxgl_icon.png
16:40:47.625 [FXGL Background Thread 4 ] DEBUG FXGLAssetLoaderServi - Loading from file system: /assets/ui/fonts/Abel-Regular.ttf
16:40:47.629 [FXGL Background Thread 4 ] DEBUG FXGLAssetLoaderServi - Loading from file system: /assets/ui/fonts/lucida_console.ttf
16:40:47.634 [FXGL Background Thread 4 ] DEBUG FXGLAssetLoaderServi - Loading from file system: /assets/ui/fonts/Courier-Prime.ttf
16:40:47.651 [JavaFX Application Thread] DEBUG FXGLAssetLoaderServi - Loading from file system: /assets/ui/cursors/fxgl_default.png
16:40:47.670 [JavaFX Application Thread] DEBUG Input                - Registered new binding: Screenshot - P
16:40:47.671 [JavaFX Application Thread] DEBUG Input                - Registered new binding: System info dump - CTRL+9
16:40:47.671 [JavaFX Application Thread] DEBUG Input                - Registered new binding: Restart - CTRL+R
16:40:47.672 [JavaFX Application Thread] DEBUG Input                - Registered new binding: Toggle Debug Camera - CTRL+C
16:40:47.674 [JavaFX Application Thread] DEBUG LoopRunner           - Starting loop
16:40:47.676 [JavaFX Application Thread] DEBUG Input                - Clearing active input actions
16:40:47.685 [JavaFX Application Thread] DEBUG GameApplicationServi - Removing overlay from StartupScene and adding to FXGLMainMenuDummyScene
16:40:47.686 [JavaFX Application Thread] DEBUG MainWindow           - StartupScene -> FXGLMainMenuDummyScene
16:40:47.686 [JavaFX Application Thread] DEBUG MainWindow           - Push state: MainMenu
16:40:47.686 [JavaFX Application Thread] DEBUG Input                - Clearing active input actions
16:40:47.695 [JavaFX Application Thread] DEBUG GameApplicationServi - Removing overlay from FXGLMainMenuDummyScene and adding to MainMenu
16:40:47.696 [JavaFX Application Thread] DEBUG MainWindow           - FXGLMainMenuDummyScene -> MainMenu
16:40:47.733 [JavaFX Application Thread] DEBUG FXGLApplication      - Registering font factories with UI factory
16:40:48.155 [FXGL Background Thread 2 ] INFO  UpdaterService       - Your current version:  11.12
16:40:48.155 [FXGL Background Thread 2 ] INFO  UpdaterService       - Latest stable version: 11.16
16:40:50.040 [JavaFX Application Thread] DEBUG LoopRunner           - Stopping loop
16:40:50.042 [JavaFX Application Thread] FATAL FXGLApplication      - Uncaught Exception:
java.lang.NoSuchFieldError: BACK
	at com.almasb.fxgl.input.MouseTrigger$Companion$WhenMappings.<clinit>(Unknown Source)
	at com.almasb.fxgl.input.MouseTrigger$Companion.buttonToString(Triggers.kt:130)
	at com.almasb.fxgl.input.MouseTrigger.<init>(Triggers.kt:143)
	at com.almasb.fxgl.input.MouseTrigger.<init>(Triggers.kt:113)
	at com.almasb.fxgl.input.Input.handlePressed(Input.kt:237)
	at com.almasb.fxgl.input.Input.onMouseEvent(Input.kt:223)
	at com.almasb.fxgl.input.Input.onMouseEvent(Input.kt:212)
	at com.almasb.fxgl.app.MainWindow$2.invoke(MainWindow.kt:97)
	at com.almasb.fxgl.app.MainWindow$2.invoke(MainWindow.kt:40)
	at com.almasb.fxgl.app.MainWindow$addMouseHandler$1.handle(MainWindow.kt:394)
	at com.almasb.fxgl.app.MainWindow$addMouseHandler$1.handle(MainWindow.kt:40)
	at javafx.base/com.sun.javafx.event.CompositeEventHandler$NormalEventHandlerRecord.handleBubblingEvent(CompositeEventHandler.java:218)
	at javafx.base/com.sun.javafx.event.CompositeEventHandler.dispatchBubblingEvent(CompositeEventHandler.java:80)
	at javafx.base/com.sun.javafx.event.EventHandlerManager.dispatchBubblingEvent(EventHandlerManager.java:238)
	at javafx.base/com.sun.javafx.event.EventHandlerManager.dispatchBubblingEvent(EventHandlerManager.java:191)
	at javafx.base/com.sun.javafx.event.CompositeEventDispatcher.dispatchBubblingEvent(CompositeEventDispatcher.java:59)
	at javafx.base/com.sun.javafx.event.BasicEventDispatcher.dispatchEvent(BasicEventDispatcher.java:58)
	at javafx.base/com.sun.javafx.event.EventDispatchChainImpl.dispatchEvent(EventDispatchChainImpl.java:114)
	at javafx.base/com.sun.javafx.event.BasicEventDispatcher.dispatchEvent(BasicEventDispatcher.java:56)
	at javafx.base/com.sun.javafx.event.EventDispatchChainImpl.dispatchEvent(EventDispatchChainImpl.java:114)
	at javafx.base/com.sun.javafx.event.EventUtil.fireEventImpl(EventUtil.java:74)
	at javafx.base/com.sun.javafx.event.EventUtil.fireEvent(EventUtil.java:54)
	at javafx.base/javafx.event.Event.fireEvent(Event.java:198)
	at javafx.graphics/javafx.scene.Scene$MouseHandler.process(Scene.java:3851)
	at javafx.graphics/javafx.scene.Scene$MouseHandler.access$1200(Scene.java:3579)
	at javafx.graphics/javafx.scene.Scene.processMouseEvent(Scene.java:1849)
	at javafx.graphics/javafx.scene.Scene$ScenePeerListener.mouseEvent(Scene.java:2588)
	at javafx.graphics/com.sun.javafx.tk.quantum.GlassViewEventHandler$MouseEventNotification.run(GlassViewEventHandler.java:397)
	at javafx.graphics/com.sun.javafx.tk.quantum.GlassViewEventHandler$MouseEventNotification.run(GlassViewEventHandler.java:295)
	at java.base/java.security.AccessController.doPrivileged(Native Method)
	at javafx.graphics/com.sun.javafx.tk.quantum.GlassViewEventHandler.lambda$handleMouseEvent$2(GlassViewEventHandler.java:434)
	at javafx.graphics/com.sun.javafx.tk.quantum.QuantumToolkit.runWithoutRenderLock(QuantumToolkit.java:390)
	at javafx.graphics/com.sun.javafx.tk.quantum.GlassViewEventHandler.handleMouseEvent(GlassViewEventHandler.java:433)
	at javafx.graphics/com.sun.glass.ui.View.handleMouseEvent(View.java:556)
	at javafx.graphics/com.sun.glass.ui.View.notifyMouse(View.java:942)
	at javafx.graphics/com.sun.glass.ui.mac.MacView.notifyMouse(MacView.java:127)

16:40:50.042 [JavaFX Application Thread] FATAL FXGLApplication      - Application will now exit
16:40:50.068 [JavaFX Application Thread] DEBUG MainWindow           - Push state: ErrorSubScene
16:40:50.068 [JavaFX Application Thread] DEBUG Input                - Clearing active input actions
16:40:50.075 [JavaFX Application Thread] DEBUG GameApplicationServi - Removing overlay from MainMenu and adding to ErrorSubScene
16:40:50.075 [JavaFX Application Thread] DEBUG MainWindow           - MainMenu -> ErrorSubScene
16:40:50.593 [FXGL Background Thread 3 ] DEBUG Engine               - Logging environment variables
16:40:50.594 [FXGL Background Thread 3 ] DEBUG Engine               - achievements: []
16:40:50.594 [FXGL Background Thread 3 ] DEBUG Engine               - actualHeight: 720.0
16:40:50.594 [FXGL Background Thread 3 ] DEBUG Engine               - actualHeightProperty: ReadOnlyDoubleProperty [value: 720.0]
16:40:50.594 [FXGL Background Thread 3 ] DEBUG Engine               - actualWidth: 1280.0
16:40:50.594 [FXGL Background Thread 3 ] DEBUG Engine               - actualWidthProperty: ReadOnlyDoubleProperty [value: 1280.0]
16:40:50.594 [FXGL Background Thread 3 ] DEBUG Engine               - appIcon: fxgl_icon.png
16:40:50.594 [FXGL Background Thread 3 ] DEBUG Engine               - applicationMode: DEVELOPER
16:40:50.594 [FXGL Background Thread 3 ] DEBUG Engine               - cSSList: [fxgl_dark.css]
16:40:50.595 [FXGL Background Thread 3 ] DEBUG Engine               - configClass: Optional.empty
16:40:50.595 [FXGL Background Thread 3 ] DEBUG Engine               - credits: []
16:40:50.595 [FXGL Background Thread 3 ] DEBUG Engine               - devBBoxColorProperty: ObjectProperty [value: 0xff0000ff]
16:40:50.595 [FXGL Background Thread 3 ] DEBUG Engine               - devEnableDebugCameraProperty: BooleanProperty [value: false]
16:40:50.595 [FXGL Background Thread 3 ] DEBUG Engine               - devSensorColorProperty: ObjectProperty [value: 0xffff00ff]
16:40:50.595 [FXGL Background Thread 3 ] DEBUG Engine               - devShowBBoxProperty: BooleanProperty [value: false]
16:40:50.595 [FXGL Background Thread 3 ] DEBUG Engine               - devShowPositionProperty: BooleanProperty [value: false]
16:40:50.596 [FXGL Background Thread 3 ] DEBUG Engine               - enabledMenuItems: []
16:40:50.596 [FXGL Background Thread 3 ] DEBUG Engine               - engineServices: [class com.almasb.fxgl.app.FXGLApplication$GameApplicationService, class com.almasb.fxgl.app.services.FXGLDialogService, class com.almasb.fxgl.app.services.IOTaskExecutorService, class com.almasb.fxgl.event.EventBusService, class com.almasb.fxgl.io.FileSystemService, class com.almasb.fxgl.localization.LocalizationService, class com.almasb.fxgl.app.services.FXGLAssetLoaderService, class com.almasb.fxgl.app.services.SystemBundleService, class com.almasb.fxgl.profile.SaveLoadService, class com.almasb.fxgl.ui.FXGLUIFactoryServiceProvider, class com.almasb.fxgl.ui.FXGLDialogFactoryServiceProvider, class com.almasb.fxgl.audio.AudioPlayer, class com.almasb.fxgl.notification.impl.NotificationServiceProvider, class com.almasb.fxgl.achievement.AchievementService, class com.almasb.fxgl.cutscene.CutsceneService, class com.almasb.fxgl.minigames.MiniGameService, class com.almasb.fxgl.net.NetService, class com.almasb.fxgl.app.services.UpdaterService, class com.almasb.fxgl.dev.DevService]
16:40:50.596 [FXGL Background Thread 3 ] DEBUG Engine               - fontGame: Abel-Regular.ttf
16:40:50.596 [FXGL Background Thread 3 ] DEBUG Engine               - fontMono: lucida_console.ttf
16:40:50.596 [FXGL Background Thread 3 ] DEBUG Engine               - fontText: Courier-Prime.ttf
16:40:50.596 [FXGL Background Thread 3 ] DEBUG Engine               - fontUI: VarelaRound-Regular.ttf
16:40:50.596 [FXGL Background Thread 3 ] DEBUG Engine               - fullScreen: BooleanProperty [value: false]
16:40:50.596 [FXGL Background Thread 3 ] DEBUG Engine               - gameDifficulty: MEDIUM
16:40:50.596 [FXGL Background Thread 3 ] DEBUG Engine               - gameDifficultyProperty: ObjectProperty [value: MEDIUM]
16:40:50.596 [FXGL Background Thread 3 ] DEBUG Engine               - globalMusicVolume: 0.5
16:40:50.596 [FXGL Background Thread 3 ] DEBUG Engine               - globalMusicVolumeProperty: DoubleProperty [value: 0.5]
16:40:50.597 [FXGL Background Thread 3 ] DEBUG Engine               - globalSoundVolume: 0.5
16:40:50.597 [FXGL Background Thread 3 ] DEBUG Engine               - globalSoundVolumeProperty: DoubleProperty [value: 0.5]
16:40:50.597 [FXGL Background Thread 3 ] DEBUG Engine               - height: 720
16:40:50.597 [FXGL Background Thread 3 ] DEBUG Engine               - isAndroid: false
16:40:50.597 [FXGL Background Thread 3 ] DEBUG Engine               - isBrowser: false
16:40:50.597 [FXGL Background Thread 3 ] DEBUG Engine               - isClickFeedbackEnabled: false
16:40:50.597 [FXGL Background Thread 3 ] DEBUG Engine               - isCloseConfirmation: false
16:40:50.597 [FXGL Background Thread 3 ] DEBUG Engine               - isDesktop: true
16:40:50.597 [FXGL Background Thread 3 ] DEBUG Engine               - isDeveloperMenuEnabled: false
16:40:50.597 [FXGL Background Thread 3 ] DEBUG Engine               - isEntityPreloadEnabled: true
16:40:50.597 [FXGL Background Thread 3 ] DEBUG Engine               - isExperimental3D: false
16:40:50.597 [FXGL Background Thread 3 ] DEBUG Engine               - isExperimentalNative: false
16:40:50.597 [FXGL Background Thread 3 ] DEBUG Engine               - isExperimentalTiledLargeMap: false
16:40:50.598 [FXGL Background Thread 3 ] DEBUG Engine               - isFileSystemWriteAllowed: true
16:40:50.598 [FXGL Background Thread 3 ] DEBUG Engine               - isFullScreenAllowed: false
16:40:50.598 [FXGL Background Thread 3 ] DEBUG Engine               - isFullScreenFromStart: false
16:40:50.598 [FXGL Background Thread 3 ] DEBUG Engine               - isGameMenuEnabled: true
16:40:50.598 [FXGL Background Thread 3 ] DEBUG Engine               - isIOS: false
16:40:50.598 [FXGL Background Thread 3 ] DEBUG Engine               - isIntroEnabled: false
16:40:50.598 [FXGL Background Thread 3 ] DEBUG Engine               - isLinux: false
16:40:50.598 [FXGL Background Thread 3 ] DEBUG Engine               - isMac: true
16:40:50.598 [FXGL Background Thread 3 ] DEBUG Engine               - isMainMenuEnabled: true
16:40:50.598 [FXGL Background Thread 3 ] DEBUG Engine               - isManualResizeEnabled: false
16:40:50.598 [FXGL Background Thread 3 ] DEBUG Engine               - isMobile: false
16:40:50.598 [FXGL Background Thread 3 ] DEBUG Engine               - isPreserveResizeRatio: false
16:40:50.598 [FXGL Background Thread 3 ] DEBUG Engine               - isProfilingEnabled: false
16:40:50.598 [FXGL Background Thread 3 ] DEBUG Engine               - isScaleAffectedOnResize: true
16:40:50.598 [FXGL Background Thread 3 ] DEBUG Engine               - isSingleStep: false
16:40:50.598 [FXGL Background Thread 3 ] DEBUG Engine               - isUserProfileEnabled: false
16:40:50.599 [FXGL Background Thread 3 ] DEBUG Engine               - isWindows: false
16:40:50.599 [FXGL Background Thread 3 ] DEBUG Engine               - language: ObjectProperty [value: ENGLISH]
16:40:50.599 [FXGL Background Thread 3 ] DEBUG Engine               - menuKey: ESCAPE
16:40:50.599 [FXGL Background Thread 3 ] DEBUG Engine               - notificationViewClass: class com.almasb.fxgl.notification.view.XboxNotificationView
16:40:50.599 [FXGL Background Thread 3 ] DEBUG Engine               - pixelsPerMeter: 50.0
16:40:50.599 [FXGL Background Thread 3 ] DEBUG Engine               - platform: MAC
16:40:50.599 [FXGL Background Thread 3 ] DEBUG Engine               - prefHeightProperty: ReadOnlyDoubleProperty [value: 720.0]
16:40:50.599 [FXGL Background Thread 3 ] DEBUG Engine               - prefWidthProperty: ReadOnlyDoubleProperty [value: 1280.0]
16:40:50.599 [FXGL Background Thread 3 ] DEBUG Engine               - profileDir: profiles/
16:40:50.599 [FXGL Background Thread 3 ] DEBUG Engine               - profileName: StringProperty [value: DEFAULT]
16:40:50.599 [FXGL Background Thread 3 ] DEBUG Engine               - randomSeed: -1
16:40:50.599 [FXGL Background Thread 3 ] DEBUG Engine               - runtimeInfo: RuntimeInfo(platform=MAC, version=11.12, build=11.12.2020 08.51)
16:40:50.599 [FXGL Background Thread 3 ] DEBUG Engine               - saveFileExt: sav
16:40:50.600 [FXGL Background Thread 3 ] DEBUG Engine               - scaledHeightProp$fxgl: DoubleProperty [bound, value: 720.0]
16:40:50.600 [FXGL Background Thread 3 ] DEBUG Engine               - scaledWidthProp$fxgl: DoubleProperty [bound, value: 1280.0]
16:40:50.600 [FXGL Background Thread 3 ] DEBUG Engine               - sceneFactory: com.group19.javafxgame.ui.menu.main.MainMenuSceneFactory@111cc400
16:40:50.600 [FXGL Background Thread 3 ] DEBUG Engine               - secondsIn24h: 60
16:40:50.600 [FXGL Background Thread 3 ] DEBUG Engine               - soundMenuBack: menu/back.wav
16:40:50.600 [FXGL Background Thread 3 ] DEBUG Engine               - soundMenuPress: menu/press.wav
16:40:50.600 [FXGL Background Thread 3 ] DEBUG Engine               - soundMenuSelect: menu/select.wav
16:40:50.600 [FXGL Background Thread 3 ] DEBUG Engine               - soundNotification: core/notification.wav
16:40:50.600 [FXGL Background Thread 3 ] DEBUG Engine               - stageStyle: DECORATED
16:40:50.600 [FXGL Background Thread 3 ] DEBUG Engine               - supportedLanguages: [ENGLISH, FRENCH, GERMAN, HUNGARIAN, RUSSIAN]
16:40:50.600 [FXGL Background Thread 3 ] DEBUG Engine               - title: Dungeon Crawler
16:40:50.600 [FXGL Background Thread 3 ] DEBUG Engine               - urlGithub: https://github.com/AlmasB/FXGL
16:40:50.600 [FXGL Background Thread 3 ] DEBUG Engine               - urlLeaderboard: http://fxgl-top.herokuapp.com/
16:40:50.600 [FXGL Background Thread 3 ] DEBUG Engine               - urlPOM: https://raw.githubusercontent.com/AlmasB/FXGL/master/README.md
16:40:50.600 [FXGL Background Thread 3 ] DEBUG Engine               - version: Development 0.0.1
16:40:50.600 [FXGL Background Thread 3 ] DEBUG Engine               - versionCheckDays: 7
16:40:50.600 [FXGL Background Thread 3 ] DEBUG Engine               - width: 1280
16:40:50.600 [FXGL Background Thread 3 ] DEBUG Engine               - Logging services
16:40:50.601 [FXGL Background Thread 3 ] DEBUG Engine               - class com.almasb.fxgl.app.FXGLApplication$GameApplicationService
16:40:50.601 [FXGL Background Thread 3 ] DEBUG Engine               - class com.almasb.fxgl.app.services.FXGLDialogService
16:40:50.601 [FXGL Background Thread 3 ] DEBUG Engine               - class com.almasb.fxgl.app.services.IOTaskExecutorService
16:40:50.601 [FXGL Background Thread 3 ] DEBUG Engine               - class com.almasb.fxgl.event.EventBusService
16:40:50.601 [FXGL Background Thread 3 ] DEBUG Engine               - class com.almasb.fxgl.io.FileSystemService
16:40:50.601 [FXGL Background Thread 3 ] DEBUG Engine               - class com.almasb.fxgl.localization.LocalizationService
16:40:50.601 [FXGL Background Thread 3 ] DEBUG Engine               - class com.almasb.fxgl.app.services.FXGLAssetLoaderService
16:40:50.601 [FXGL Background Thread 3 ] DEBUG Engine               - class com.almasb.fxgl.app.services.SystemBundleService
16:40:50.601 [FXGL Background Thread 3 ] DEBUG Engine               - class com.almasb.fxgl.profile.SaveLoadService
16:40:50.601 [FXGL Background Thread 3 ] DEBUG Engine               - class com.almasb.fxgl.ui.FXGLUIFactoryServiceProvider
16:40:50.601 [FXGL Background Thread 3 ] DEBUG Engine               - class com.almasb.fxgl.ui.FXGLDialogFactoryServiceProvider
16:40:50.601 [FXGL Background Thread 3 ] DEBUG Engine               - class com.almasb.fxgl.audio.AudioPlayer
16:40:50.601 [FXGL Background Thread 3 ] DEBUG Engine               - class com.almasb.fxgl.notification.impl.NotificationServiceProvider
16:40:50.601 [FXGL Background Thread 3 ] DEBUG Engine               - class com.almasb.fxgl.achievement.AchievementService
16:40:50.601 [FXGL Background Thread 3 ] DEBUG Engine               - class com.almasb.fxgl.cutscene.CutsceneService
16:40:50.601 [FXGL Background Thread 3 ] DEBUG Engine               - class com.almasb.fxgl.minigames.MiniGameService
16:40:50.602 [FXGL Background Thread 3 ] DEBUG Engine               - class com.almasb.fxgl.net.NetService
16:40:50.602 [FXGL Background Thread 3 ] DEBUG Engine               - class com.almasb.fxgl.app.services.UpdaterService
16:40:50.602 [FXGL Background Thread 3 ] DEBUG Engine               - class com.almasb.fxgl.dev.DevService
16:40:51.543 [JavaFX Application Thread] DEBUG FXGLApplication      - Exiting FXGL
16:40:51.543 [JavaFX Application Thread] DEBUG Async                - Shutting down background threads
16:40:51.543 [JavaFX Application Thread] DEBUG MainWindow           - Closing main window
16:40:51.549 [JavaFX Application Thread] DEBUG Logger               - Closing Logger
