12:40:14.128 [main                     ] DEBUG Logger               - Configured Logger
12:40:14.148 [main                     ] DEBUG GameApplication      - Logging settings
Title: Dungeon Crawler
Version: Development 0.0.1
Width: 1280
Height: 720
Fullscreen: false
Intro: false
Profiling: false
Single step:false
App Mode: DEVELOPER
Menu Key: ESCAPE
Stage Style: DECORATED
Scene Factory: class com.group19.javafxgame.ui.menu.main.MainMenuSceneFactory

12:40:14.954 [JavaFX Application Thread] DEBUG FXGLApplication      - Initializing FXGL
12:40:14.957 [JavaFX Application Thread] INFO  Engine               - FXGL-11.12 (11.12.2020 08.51) on WINDOWS (J:11.0.9.1 FX:15)
12:40:14.957 [JavaFX Application Thread] DEBUG Engine               - JRE Vendor Name: AdoptOpenJDK
12:40:14.957 [JavaFX Application Thread] DEBUG Engine               - Running on OS: Windows 10 version 10.0
12:40:14.958 [JavaFX Application Thread] DEBUG Engine               - Architecture: amd64
12:40:14.958 [JavaFX Application Thread] INFO  Engine               - Source code and latest versions at: https://github.com/AlmasB/FXGL
12:40:14.958 [JavaFX Application Thread] INFO  Engine               -              Join the FXGL chat at: https://gitter.im/AlmasB/FXGL
12:40:15.120 [JavaFX Application Thread] DEBUG MainWindow           - Creating a JavaFX scene
12:40:15.210 [JavaFX Application Thread] DEBUG MainWindow           - Target settings size: 1280.0 x 720.0
12:40:15.210 [JavaFX Application Thread] DEBUG MainWindow           - Scaled scene size:    1280.0 x 720.0
12:40:15.210 [JavaFX Application Thread] DEBUG MainWindow           - Scaled ratio: (1.0, 1.0)
12:40:15.212 [JavaFX Application Thread] DEBUG MainWindow           - Set initial scene to StartupScene
12:40:15.220 [JavaFX Application Thread] DEBUG MainWindow           - Opening main window
12:40:15.447 [JavaFX Application Thread] DEBUG MainWindow           - Window border size: (14.4000244140625, 37.5999755859375)
12:40:15.447 [JavaFX Application Thread] DEBUG MainWindow           - Scaled size: 1280.0 x 720.0
12:40:15.447 [JavaFX Application Thread] DEBUG MainWindow           - Scaled ratio: (1.0, 1.0)
12:40:15.447 [JavaFX Application Thread] DEBUG MainWindow           - Scene size: 1280.0 x 720.0
12:40:15.448 [JavaFX Application Thread] DEBUG MainWindow           - Stage size: 1294.4000244140625 x 757.5999755859375
12:40:15.459 [FXGL Background Thread 1 ] DEBUG Engine               - Initializing environment variables
12:40:15.494 [FXGL Background Thread 1 ] DEBUG GameApplicationServi - Applying CSS: fxgl_dark.css
12:40:15.495 [FXGL Background Thread 1 ] DEBUG FXGLAssetLoaderServi - Loading from file system: /assets/ui/css/fxgl_dark.css
12:40:15.562 [FXGL Background Thread 1 ] DEBUG GameApplicationServi - Initializing application scenes
12:40:15.618 [FXGL Background Thread 1 ] DEBUG GameWorld            - Game world initialized
12:40:15.688 [FXGL Background Thread 1 ] DEBUG PhysicsWorld         - Physics world initialized: appHeight=720, physics.ppm=50.0
12:40:15.690 [FXGL Background Thread 1 ] DEBUG GameScene            - Game scene initialized: 1280x720
12:40:15.710 [FXGL Background Thread 1 ] DEBUG FXGLAssetLoaderServi - Loading from file system: /assets/textures/background/MainMenuBackground.jpg
12:40:15.810 [FXGL Background Thread 1 ] DEBUG FXGLAssetLoaderServi - Loading from file system: /assets/textures/particles/trace_horizontal.png
12:40:15.846 [FXGL Background Thread 1 ] DEBUG FXGL.DefaultMenu     - createMenuBodyGameMenu()
12:40:15.858 [FXGL Background Thread 1 ] DEBUG FXGL.DefaultMenu     - createOptionsMenu()
12:40:15.865 [FXGL Background Thread 1 ] DEBUG FXGLAssetLoaderServi - Loading from file system: /assets/textures/particles/smoke.png
12:40:15.913 [FXGL Background Thread 1 ] DEBUG GameApplicationServi - Application scenes initialized
12:40:15.927 [FXGL Background Thread 1 ] DEBUG SystemBundleService  - Loading FXGL system data
12:40:15.932 [FXGL Background Thread 1 ] DEBUG FileSystemAccess     - Reading from: C:\Users\mjsel\CS-2340-Final-Project\system\fxgl.bundle
12:40:15.937 [FXGL Background Thread 1 ] DEBUG SystemBundleService  - Bundle FXGL: {}
12:40:15.937 [FXGL Background Thread 1 ] DEBUG UpdaterService       - Checking for updates
12:40:15.943 [FXGL Background Thread 4 ] DEBUG FXGLApplication      - Loading fonts
12:40:15.943 [FXGL Background Thread 4 ] DEBUG FXGLAssetLoaderServi - Loading from file system: /assets/ui/fonts/VarelaRound-Regular.ttf
12:40:15.944 [FXGL Background Thread 1 ] DEBUG FXGLApplication      - Loading default localization
12:40:15.945 [FXGL Background Thread 1 ] DEBUG FXGLAssetLoaderServi - Loading from file system: /assets/languages/english.lang
12:40:15.966 [FXGL Background Thread 1 ] INFO  FXGLApplication      - FXGL initialization took: 0.506 sec
12:40:15.967 [JavaFX Application Thread] DEBUG FXGLAssetLoaderServi - Loading from file system: /assets/textures/fxgl_icon.png
12:40:15.985 [JavaFX Application Thread] DEBUG FXGLAssetLoaderServi - Loading from file system: /assets/ui/cursors/fxgl_default.png
12:40:15.999 [JavaFX Application Thread] DEBUG Input                - Registered new binding: Screenshot - P
12:40:16.000 [JavaFX Application Thread] DEBUG Input                - Registered new binding: System info dump - CTRL+9
12:40:16.001 [JavaFX Application Thread] DEBUG Input                - Registered new binding: Restart - CTRL+R
12:40:16.002 [JavaFX Application Thread] DEBUG Input                - Registered new binding: Toggle Debug Camera - CTRL+C
12:40:16.006 [JavaFX Application Thread] DEBUG LoopRunner           - Starting loop
12:40:16.009 [JavaFX Application Thread] DEBUG Input                - Clearing active input actions
12:40:16.018 [JavaFX Application Thread] DEBUG GameApplicationServi - Removing overlay from StartupScene and adding to FXGLMainMenuDummyScene
12:40:16.019 [JavaFX Application Thread] DEBUG MainWindow           - StartupScene -> FXGLMainMenuDummyScene
12:40:16.019 [JavaFX Application Thread] DEBUG MainWindow           - Push state: MainMenu
12:40:16.019 [JavaFX Application Thread] DEBUG Input                - Clearing active input actions
12:40:16.037 [JavaFX Application Thread] DEBUG GameApplicationServi - Removing overlay from FXGLMainMenuDummyScene and adding to MainMenu
12:40:16.038 [JavaFX Application Thread] DEBUG MainWindow           - FXGLMainMenuDummyScene -> MainMenu
12:40:16.121 [FXGL Background Thread 4 ] DEBUG FXGLAssetLoaderServi - Loading from file system: /assets/ui/fonts/Abel-Regular.ttf
12:40:16.125 [FXGL Background Thread 4 ] DEBUG FXGLAssetLoaderServi - Loading from file system: /assets/ui/fonts/lucida_console.ttf
12:40:16.130 [FXGL Background Thread 4 ] DEBUG FXGLAssetLoaderServi - Loading from file system: /assets/ui/fonts/Courier-Prime.ttf
12:40:16.157 [JavaFX Application Thread] DEBUG FXGLApplication      - Registering font factories with UI factory
12:40:16.414 [FXGL Background Thread 2 ] INFO  UpdaterService       - Your current version:  11.12
12:40:16.414 [FXGL Background Thread 2 ] INFO  UpdaterService       - Latest stable version: 11.16
12:40:18.942 [FXGL Background Thread 3 ] DEBUG Engine               - Logging environment variables
12:40:18.942 [FXGL Background Thread 3 ] DEBUG Engine               - achievements: []
12:40:18.943 [FXGL Background Thread 3 ] DEBUG Engine               - actualHeight: 720.0
12:40:18.943 [FXGL Background Thread 3 ] DEBUG Engine               - actualHeightProperty: ReadOnlyDoubleProperty [value: 720.0]
12:40:18.943 [FXGL Background Thread 3 ] DEBUG Engine               - actualWidth: 1280.0
12:40:18.943 [FXGL Background Thread 3 ] DEBUG Engine               - actualWidthProperty: ReadOnlyDoubleProperty [value: 1280.0]
12:40:18.943 [FXGL Background Thread 3 ] DEBUG Engine               - appIcon: fxgl_icon.png
12:40:18.943 [FXGL Background Thread 3 ] DEBUG Engine               - applicationMode: DEVELOPER
12:40:18.943 [FXGL Background Thread 3 ] DEBUG Engine               - cSSList: [fxgl_dark.css]
12:40:18.943 [FXGL Background Thread 3 ] DEBUG Engine               - configClass: Optional.empty
12:40:18.943 [FXGL Background Thread 3 ] DEBUG Engine               - credits: []
12:40:18.943 [FXGL Background Thread 3 ] DEBUG Engine               - devBBoxColorProperty: ObjectProperty [value: 0xff0000ff]
12:40:18.943 [FXGL Background Thread 3 ] DEBUG Engine               - devEnableDebugCameraProperty: BooleanProperty [value: false]
12:40:18.944 [FXGL Background Thread 3 ] DEBUG Engine               - devSensorColorProperty: ObjectProperty [value: 0xffff00ff]
12:40:18.944 [FXGL Background Thread 3 ] DEBUG Engine               - devShowBBoxProperty: BooleanProperty [value: false]
12:40:18.944 [FXGL Background Thread 3 ] DEBUG Engine               - devShowPositionProperty: BooleanProperty [value: false]
12:40:18.944 [FXGL Background Thread 3 ] DEBUG Engine               - enabledMenuItems: []
12:40:18.944 [FXGL Background Thread 3 ] DEBUG Engine               - engineServices: [class com.almasb.fxgl.app.FXGLApplication$GameApplicationService, class com.almasb.fxgl.app.services.FXGLDialogService, class com.almasb.fxgl.app.services.IOTaskExecutorService, class com.almasb.fxgl.event.EventBusService, class com.almasb.fxgl.io.FileSystemService, class com.almasb.fxgl.localization.LocalizationService, class com.almasb.fxgl.app.services.FXGLAssetLoaderService, class com.almasb.fxgl.app.services.SystemBundleService, class com.almasb.fxgl.profile.SaveLoadService, class com.almasb.fxgl.ui.FXGLUIFactoryServiceProvider, class com.almasb.fxgl.ui.FXGLDialogFactoryServiceProvider, class com.almasb.fxgl.audio.AudioPlayer, class com.almasb.fxgl.notification.impl.NotificationServiceProvider, class com.almasb.fxgl.achievement.AchievementService, class com.almasb.fxgl.cutscene.CutsceneService, class com.almasb.fxgl.minigames.MiniGameService, class com.almasb.fxgl.net.NetService, class com.almasb.fxgl.app.services.UpdaterService, class com.almasb.fxgl.dev.DevService]
12:40:18.944 [FXGL Background Thread 3 ] DEBUG Engine               - fontGame: Abel-Regular.ttf
12:40:18.944 [FXGL Background Thread 3 ] DEBUG Engine               - fontMono: lucida_console.ttf
12:40:18.944 [FXGL Background Thread 3 ] DEBUG Engine               - fontText: Courier-Prime.ttf
12:40:18.944 [FXGL Background Thread 3 ] DEBUG Engine               - fontUI: VarelaRound-Regular.ttf
12:40:18.944 [FXGL Background Thread 3 ] DEBUG Engine               - fullScreen: BooleanProperty [value: false]
12:40:18.944 [FXGL Background Thread 3 ] DEBUG Engine               - gameDifficulty: MEDIUM
12:40:18.944 [FXGL Background Thread 3 ] DEBUG Engine               - gameDifficultyProperty: ObjectProperty [value: MEDIUM]
12:40:18.944 [FXGL Background Thread 3 ] DEBUG Engine               - globalMusicVolume: 0.5
12:40:18.944 [FXGL Background Thread 3 ] DEBUG Engine               - globalMusicVolumeProperty: DoubleProperty [value: 0.5]
12:40:18.944 [FXGL Background Thread 3 ] DEBUG Engine               - globalSoundVolume: 0.5
12:40:18.944 [FXGL Background Thread 3 ] DEBUG Engine               - globalSoundVolumeProperty: DoubleProperty [value: 0.5]
12:40:18.944 [FXGL Background Thread 3 ] DEBUG Engine               - height: 720
12:40:18.945 [FXGL Background Thread 3 ] DEBUG Engine               - isAndroid: false
12:40:18.945 [FXGL Background Thread 3 ] DEBUG Engine               - isBrowser: false
12:40:18.945 [FXGL Background Thread 3 ] DEBUG Engine               - isClickFeedbackEnabled: false
12:40:18.945 [FXGL Background Thread 3 ] DEBUG Engine               - isCloseConfirmation: false
12:40:18.945 [FXGL Background Thread 3 ] DEBUG Engine               - isDesktop: true
12:40:18.945 [FXGL Background Thread 3 ] DEBUG Engine               - isDeveloperMenuEnabled: false
12:40:18.945 [FXGL Background Thread 3 ] DEBUG Engine               - isEntityPreloadEnabled: true
12:40:18.945 [FXGL Background Thread 3 ] DEBUG Engine               - isExperimental3D: false
12:40:18.945 [FXGL Background Thread 3 ] DEBUG Engine               - isExperimentalNative: false
12:40:18.945 [FXGL Background Thread 3 ] DEBUG Engine               - isExperimentalTiledLargeMap: false
12:40:18.945 [FXGL Background Thread 3 ] DEBUG Engine               - isFileSystemWriteAllowed: true
12:40:18.945 [FXGL Background Thread 3 ] DEBUG Engine               - isFullScreenAllowed: false
12:40:18.945 [FXGL Background Thread 3 ] DEBUG Engine               - isFullScreenFromStart: false
12:40:18.945 [FXGL Background Thread 3 ] DEBUG Engine               - isGameMenuEnabled: true
12:40:18.945 [FXGL Background Thread 3 ] DEBUG Engine               - isIOS: false
12:40:18.945 [FXGL Background Thread 3 ] DEBUG Engine               - isIntroEnabled: false
12:40:18.945 [FXGL Background Thread 3 ] DEBUG Engine               - isLinux: false
12:40:18.945 [FXGL Background Thread 3 ] DEBUG Engine               - isMac: false
12:40:18.946 [FXGL Background Thread 3 ] DEBUG Engine               - isMainMenuEnabled: true
12:40:18.946 [FXGL Background Thread 3 ] DEBUG Engine               - isManualResizeEnabled: false
12:40:18.946 [FXGL Background Thread 3 ] DEBUG Engine               - isMobile: false
12:40:18.946 [FXGL Background Thread 3 ] DEBUG Engine               - isPreserveResizeRatio: false
12:40:18.946 [FXGL Background Thread 3 ] DEBUG Engine               - isProfilingEnabled: false
12:40:18.946 [FXGL Background Thread 3 ] DEBUG Engine               - isScaleAffectedOnResize: true
12:40:18.946 [FXGL Background Thread 3 ] DEBUG Engine               - isSingleStep: false
12:40:18.946 [FXGL Background Thread 3 ] DEBUG Engine               - isUserProfileEnabled: false
12:40:18.946 [FXGL Background Thread 3 ] DEBUG Engine               - isWindows: true
12:40:18.946 [FXGL Background Thread 3 ] DEBUG Engine               - language: ObjectProperty [value: ENGLISH]
12:40:18.946 [FXGL Background Thread 3 ] DEBUG Engine               - menuKey: ESCAPE
12:40:18.946 [FXGL Background Thread 3 ] DEBUG Engine               - notificationViewClass: class com.almasb.fxgl.notification.view.XboxNotificationView
12:40:18.946 [FXGL Background Thread 3 ] DEBUG Engine               - pixelsPerMeter: 50.0
12:40:18.946 [FXGL Background Thread 3 ] DEBUG Engine               - platform: WINDOWS
12:40:18.946 [FXGL Background Thread 3 ] DEBUG Engine               - prefHeightProperty: ReadOnlyDoubleProperty [value: 720.0]
12:40:18.946 [FXGL Background Thread 3 ] DEBUG Engine               - prefWidthProperty: ReadOnlyDoubleProperty [value: 1280.0]
12:40:18.946 [FXGL Background Thread 3 ] DEBUG Engine               - profileDir: profiles/
12:40:18.946 [FXGL Background Thread 3 ] DEBUG Engine               - profileName: StringProperty [value: DEFAULT]
12:40:18.946 [FXGL Background Thread 3 ] DEBUG Engine               - randomSeed: -1
12:40:18.946 [FXGL Background Thread 3 ] DEBUG Engine               - runtimeInfo: RuntimeInfo(platform=WINDOWS, version=11.12, build=11.12.2020 08.51)
12:40:18.946 [FXGL Background Thread 3 ] DEBUG Engine               - saveFileExt: sav
12:40:18.946 [FXGL Background Thread 3 ] DEBUG Engine               - scaledHeightProp$fxgl: DoubleProperty [bound, value: 720.0]
12:40:18.947 [FXGL Background Thread 3 ] DEBUG Engine               - scaledWidthProp$fxgl: DoubleProperty [bound, value: 1280.0]
12:40:18.947 [FXGL Background Thread 3 ] DEBUG Engine               - sceneFactory: com.group19.javafxgame.ui.menu.main.MainMenuSceneFactory@41b9b1c4
12:40:18.947 [FXGL Background Thread 3 ] DEBUG Engine               - secondsIn24h: 60
12:40:18.947 [FXGL Background Thread 3 ] DEBUG Engine               - soundMenuBack: menu/back.wav
12:40:18.947 [FXGL Background Thread 3 ] DEBUG Engine               - soundMenuPress: menu/press.wav
12:40:18.947 [FXGL Background Thread 3 ] DEBUG Engine               - soundMenuSelect: menu/select.wav
12:40:18.947 [FXGL Background Thread 3 ] DEBUG Engine               - soundNotification: core/notification.wav
12:40:18.947 [FXGL Background Thread 3 ] DEBUG Engine               - stageStyle: DECORATED
12:40:18.947 [FXGL Background Thread 3 ] DEBUG Engine               - supportedLanguages: [ENGLISH, FRENCH, GERMAN, HUNGARIAN, RUSSIAN]
12:40:18.947 [FXGL Background Thread 3 ] DEBUG Engine               - title: Dungeon Crawler
12:40:18.947 [FXGL Background Thread 3 ] DEBUG Engine               - urlGithub: https://github.com/AlmasB/FXGL
12:40:18.947 [FXGL Background Thread 3 ] DEBUG Engine               - urlLeaderboard: http://fxgl-top.herokuapp.com/
12:40:18.947 [FXGL Background Thread 3 ] DEBUG Engine               - urlPOM: https://raw.githubusercontent.com/AlmasB/FXGL/master/README.md
12:40:18.947 [FXGL Background Thread 3 ] DEBUG Engine               - version: Development 0.0.1
12:40:18.947 [FXGL Background Thread 3 ] DEBUG Engine               - versionCheckDays: 7
12:40:18.947 [FXGL Background Thread 3 ] DEBUG Engine               - width: 1280
12:40:18.947 [FXGL Background Thread 3 ] DEBUG Engine               - Logging services
12:40:18.947 [FXGL Background Thread 3 ] DEBUG Engine               - class com.almasb.fxgl.app.FXGLApplication$GameApplicationService
12:40:18.947 [FXGL Background Thread 3 ] DEBUG Engine               - class com.almasb.fxgl.app.services.FXGLDialogService
12:40:18.947 [FXGL Background Thread 3 ] DEBUG Engine               - class com.almasb.fxgl.app.services.IOTaskExecutorService
12:40:18.947 [FXGL Background Thread 3 ] DEBUG Engine               - class com.almasb.fxgl.event.EventBusService
12:40:18.947 [FXGL Background Thread 3 ] DEBUG Engine               - class com.almasb.fxgl.io.FileSystemService
12:40:18.947 [FXGL Background Thread 3 ] DEBUG Engine               - class com.almasb.fxgl.localization.LocalizationService
12:40:18.947 [FXGL Background Thread 3 ] DEBUG Engine               - class com.almasb.fxgl.app.services.FXGLAssetLoaderService
12:40:18.947 [FXGL Background Thread 3 ] DEBUG Engine               - class com.almasb.fxgl.app.services.SystemBundleService
12:40:18.947 [FXGL Background Thread 3 ] DEBUG Engine               - class com.almasb.fxgl.profile.SaveLoadService
12:40:18.947 [FXGL Background Thread 3 ] DEBUG Engine               - class com.almasb.fxgl.ui.FXGLUIFactoryServiceProvider
12:40:18.947 [FXGL Background Thread 3 ] DEBUG Engine               - class com.almasb.fxgl.ui.FXGLDialogFactoryServiceProvider
12:40:18.947 [FXGL Background Thread 3 ] DEBUG Engine               - class com.almasb.fxgl.audio.AudioPlayer
12:40:18.947 [FXGL Background Thread 3 ] DEBUG Engine               - class com.almasb.fxgl.notification.impl.NotificationServiceProvider
12:40:18.947 [FXGL Background Thread 3 ] DEBUG Engine               - class com.almasb.fxgl.achievement.AchievementService
12:40:18.947 [FXGL Background Thread 3 ] DEBUG Engine               - class com.almasb.fxgl.cutscene.CutsceneService
12:40:18.947 [FXGL Background Thread 3 ] DEBUG Engine               - class com.almasb.fxgl.minigames.MiniGameService
12:40:18.948 [FXGL Background Thread 3 ] DEBUG Engine               - class com.almasb.fxgl.net.NetService
12:40:18.948 [FXGL Background Thread 3 ] DEBUG Engine               - class com.almasb.fxgl.app.services.UpdaterService
12:40:18.948 [FXGL Background Thread 3 ] DEBUG Engine               - class com.almasb.fxgl.dev.DevService
12:40:21.698 [JavaFX Application Thread] DEBUG Menu                 - fireNewGame()
12:40:21.698 [JavaFX Application Thread] DEBUG GameApplicationServi - Starting new game
12:40:21.698 [JavaFX Application Thread] DEBUG MainWindow           - Pop state: MainMenu
12:40:21.698 [JavaFX Application Thread] DEBUG Input                - Clearing active input actions
12:40:21.699 [JavaFX Application Thread] DEBUG GameApplicationServi - Removing overlay from MainMenu and adding to FXGLMainMenuDummyScene
12:40:21.699 [JavaFX Application Thread] DEBUG MainWindow           - FXGLMainMenuDummyScene <- MainMenu
12:40:21.699 [JavaFX Application Thread] DEBUG Input                - Clearing active input actions
12:40:21.705 [JavaFX Application Thread] DEBUG GameApplicationServi - Removing overlay from FXGLMainMenuDummyScene and adding to FXGLLoadingScene
12:40:21.706 [JavaFX Application Thread] DEBUG MainWindow           - FXGLMainMenuDummyScene -> FXGLLoadingScene
12:40:21.706 [JavaFX Application Thread] DEBUG GameApplicationServi - Clearing previous game
12:40:21.706 [JavaFX Application Thread] DEBUG GameScene            - Clearing game scene
12:40:21.706 [JavaFX Application Thread] DEBUG GameWorld            - Clearing game world
12:40:21.706 [JavaFX Application Thread] DEBUG PhysicsWorld         - Clearing physics world
12:40:21.707 [FXGL Background Thread 2 ] DEBUG FXGLApplication      - Initializing game
12:40:21.714 [FXGL Background Thread 2 ] DEBUG FXGLAssetLoaderServi - Loading from file system: /assets/levels/default2.tmx
12:40:21.748 [FXGL Background Thread 2 ] WARN  TMXLevelLoader       - TiledMap generated from 1.7.0. Supported version: 1.2.3. Some features may not be parsed fully.
12:40:21.766 [FXGL Background Thread 2 ] DEBUG TMXLevelLoader       - Parsed raw map: TiledMap(width=80, height=45, tilewidth=16, tileheight=16, orientation=orthogonal, layers=[Layer(width=80, height=45, name=Tile Layer 1, type=tilelayer, visible=false, x=0, y=0, data=[541, 542, 542, 542, 542, 542, 542, 542, 542, 542, 542, 542, 542, 542, 542, 542, 542, 542, 542, 542, 542, 542, 542, 542, 542, 542, 1106, 1106, 1106, 1106, 1106, 1106, 1106, 1106, 1106, 1106, 1106, 1106, 1106, 1106, 1106, 1106, 1106, 1106, 1106, 1106, 542, 542, 542, 542, 542, 542, 542, 542, 542, 542, 542, 542, 542, 542, 542, 542, 542, 542, 542, 542, 542, 542, 542, 542, 542, 542, 542, 542, 542, 542, 542, 542, 542, 543, 561, 0, 0, 0, 0, 0, 0, 0, 0, 0, 0, 0, 0, 0, 0, 0, 0, 0, 0, 0, 0, 0, 0, 0, 0, 0, 0, 0, 0, 0, 0, 0, 0, 0, 0, 0, 0, 0, 0, 0, 0, 0, 0, 0, 0, 0, 0, 0, 0, 0, 0, 0, 0, 0, 0, 0, 0, 0, 0, 0, 0, 0, 0, 0, 0, 0, 0, 0, 0, 0, 0, 0, 0, 0, 0, 0, 0, 0, 0, 561, 561, 0, 0, 0, 0, 0, 0, 0, 0, 0, 0, 0, 0, 0, 0, 0, 0, 0, 0, 0, 0, 0, 0, 0, 0, 0, 0, 0, 0, 0, 0, 0, 0, 0, 0, 0, 0, 0, 0, 0, 0, 0, 0, 0, 0, 0, 0, 0, 0, 0, 0, 0, 0, 0, 0, 0, 0, 0, 0, 0, 0, 0, 0, 0, 0, 0, 0, 0, 0, 0, 0, 0, 0, 0, 0, 0, 0, 0, 0, 561, 561, 0, 0, 0, 0, 0, 0, 0, 0, 0, 0, 0, 0, 0, 0, 0, 0, 0, 0, 0, 0, 0, 0, 0, 0, 0, 0, 0, 0, 0, 0, 0, 0, 0, 0, 0, 0, 0, 0, 0, 0, 0, 0, 0, 0, 0, 0, 0, 0, 0, 0, 0, 0, 0, 0, 0, 0, 0, 0, 0, 0, 0, 0, 0, 0, 0, 0, 0, 0, 0, 0, 0, 0, 0, 0, 0, 0, 0, 0, 561, 561, 0, 0, 0, 0, 0, 0, 0, 0, 0, 0, 0, 0, 0, 0, 0, 0, 0, 0, 0, 0, 0, 0, 0, 0, 0, 0, 0, 0, 0, 0, 0, 0, 0, 0, 0, 0, 0, 0, 0, 0, 0, 0, 0, 0, 0, 0, 0, 0, 0, 0, 0, 0, 0, 0, 0, 0, 0, 0, 0, 0, 0, 0, 0, 0, 0, 0, 0, 0, 0, 0, 0, 0, 0, 0, 0, 0, 0, 0, 561, 561, 0, 0, 0, 0, 0, 0, 0, 0, 0, 0, 0, 0, 0, 0, 0, 0, 0, 0, 0, 0, 0, 0, 0, 0, 0, 0, 0, 0, 0, 0, 0, 0, 0, 0, 0, 0, 0, 0, 0, 0, 0, 0, 0, 0, 0, 0, 0, 0, 0, 0, 0, 0, 0, 0, 0, 0, 0, 0, 0, 0, 0, 0, 0, 0, 0, 0, 0, 0, 0, 0, 0, 0, 0, 0, 0, 0, 0, 0, 561, 561, 0, 0, 0, 0, 0, 0, 0, 0, 0, 0, 0, 0, 0, 0, 0, 0, 0, 0, 0, 0, 0, 0, 0, 0, 0, 0, 0, 0, 0, 0, 0, 0, 0, 0, 0, 0, 0, 0, 0, 0, 0, 0, 0, 0, 0, 0, 0, 0, 0, 0, 0, 0, 0, 0, 0, 0, 0, 0, 0, 0, 0, 0, 0, 0, 0, 0, 0, 0, 0, 0, 0, 0, 0, 0, 0, 0, 0, 0, 561, 561, 0, 0, 0, 0, 0, 0, 0, 0, 0, 0, 0, 0, 0, 0, 0, 0, 0, 0, 0, 0, 0, 0, 0, 0, 0, 0, 0, 0, 0, 0, 0, 0, 0, 0, 0, 0, 0, 0, 0, 0, 0, 0, 0, 0, 0, 0, 0, 0, 0, 0, 0, 0, 0, 0, 0, 0, 0, 0, 0, 0, 0, 0, 0, 0, 0, 0, 0, 0, 0, 0, 0, 0, 0, 0, 0, 0, 0, 0, 561, 561, 0, 0, 0, 0, 0, 0, 0, 0, 0, 0, 0, 0, 0, 0, 0, 0, 0, 0, 0, 0, 0, 0, 0, 0, 0, 0, 0, 0, 0, 0, 0, 0, 0, 0, 0, 0, 0, 0, 0, 0, 0, 0, 0, 0, 0, 0, 0, 0, 0, 0, 0, 0, 0, 0, 0, 0, 0, 0, 0, 0, 0, 0, 0, 0, 0, 0, 0, 0, 0, 0, 0, 0, 0, 0, 0, 0, 0, 0, 561, 561, 0, 0, 0, 0, 0, 0, 0, 0, 0, 0, 0, 0, 0, 0, 0, 0, 0, 0, 0, 0, 0, 0, 0, 0, 0, 564, 542, 542, 542, 542, 542, 542, 542, 542, 545, 542, 542, 542, 542, 542, 542, 542, 542, 543, 0, 0, 0, 0, 0, 0, 0, 0, 0, 0, 0, 0, 0, 0, 0, 0, 0, 0, 0, 0, 0, 0, 0, 0, 0, 0, 0, 0, 0, 0, 0, 0, 0, 0, 561, 561, 0, 0, 0, 0, 0, 0, 0, 0, 0, 0, 0, 0, 0, 0, 0, 0, 0, 0, 0, 0, 0, 0, 0, 0, 0, 561, 0, 0, 0, 0, 0, 0, 0, 0, 561, 0, 0, 0, 0, 0, 0, 0, 0, 561, 0, 0, 0, 0, 0, 0, 0, 0, 0, 0, 0, 0, 0, 0, 0, 0, 0, 0, 0, 0, 0, 0, 0, 0, 0, 0, 0, 0, 0, 0, 0, 0, 0, 0, 561, 561, 0, 0, 0, 0, 0, 0, 0, 0, 0, 0, 0, 0, 0, 0, 0, 0, 0, 0, 0, 0, 0, 0, 0, 0, 0, 561, 0, 0, 0, 0, 0, 0, 0, 0, 561, 0, 0, 0, 0, 0, 0, 0, 0, 561, 0, 0, 0, 0, 0, 0, 0, 0, 0, 0, 0, 0, 0, 0, 0, 0, 0, 0, 0, 0, 0, 0, 0, 0, 0, 0, 0, 0, 0, 0, 0, 0, 0, 0, 561, 561, 0, 0, 0, 0, 0, 0, 0, 0, 0, 0, 0, 0, 0, 0, 0, 0, 0, 0, 0, 0, 0, 0, 0, 0, 0, 561, 0, 0, 0, 0, 0, 0, 0, 0, 561, 0, 0, 0, 0, 0, 0, 0, 0, 561, 0, 0, 0, 0, 0, 0, 0, 0, 0, 0, 0, 0, 0, 0, 0, 0, 0, 0, 0, 0, 0, 0, 0, 0, 0, 0, 0, 0, 0, 0, 0, 0, 0, 0, 561, 561, 0, 0, 0, 0, 0, 0, 0, 0, 0, 0, 0, 0, 0, 0, 0, 0, 0, 0, 0, 0, 0, 0, 0, 0, 0, 561, 0, 0, 0, 0, 0, 0, 0, 0, 0, 0, 0, 0, 0, 0, 0, 0, 0, 561, 0, 0, 0, 0, 0, 0, 0, 0, 0, 0, 0, 0, 0, 0, 0, 0, 0, 0, 0, 0, 0, 0, 0, 0, 0, 0, 0, 0, 0, 0, 0, 0, 0, 0, 561, 561, 0, 0, 0, 0, 0, 0, 0, 0, 0, 0, 0, 0, 0, 0, 0, 0, 0, 0, 0, 0, 0, 0, 0, 0, 0, 561, 0, 0, 0, 0, 0, 0, 0, 0, 0, 0, 0, 0, 0, 0, 0, 0, 0, 561, 0, 0, 0, 0, 0, 0, 0, 0, 0, 0, 0, 0, 0, 0, 0, 0, 0, 0, 0, 0, 0, 0, 0, 0, 0, 0, 0, 0, 0, 0, 0, 0, 0, 0, 561, 561, 0, 0, 0, 0, 0, 0, 0, 0, 0, 0, 0, 0, 0, 0, 0, 0, 0, 0, 0, 0, 0, 0, 0, 0, 0, 561, 0, 0, 0, 0, 0, 0, 0, 0, 0, 0, 0, 0, 0, 0, 0, 0, 0, 561, 0, 0, 0, 0, 0, 0, 0, 0, 0, 0, 0, 0, 0, 0, 0, 0, 0, 0, 0, 0, 0, 0, 0, 0, 0, 0, 0, 0, 0, 0, 0, 0, 0, 0, 561, 1106, 0, 0, 0, 0, 0, 0, 0, 0, 0, 0, 0, 0, 0, 0, 0, 0, 0, 0, 0, 0, 0, 0, 0, 0, 0, 561, 0, 0, 0, 0, 0, 0, 0, 0, 561, 0, 0, 0, 0, 0, 0, 0, 0, 561, 0, 0, 0, 0, 0, 0, 0, 0, 0, 0, 0, 0, 0, 0, 0, 0, 0, 0, 0, 0, 0, 0, 0, 0, 0, 0, 0, 0, 0, 0, 0, 0, 0, 0, 1106, 1106, 0, 0, 0, 0, 0, 0, 0, 0, 0, 0, 0, 0, 0, 0, 0, 0, 0, 0, 0, 0, 0, 0, 0, 0, 0, 561, 0, 0, 0, 0, 0, 0, 0, 0, 561, 0, 0, 0, 0, 0, 0, 0, 0, 561, 0, 0, 0, 0, 0, 0, 0, 0, 0, 0, 0, 0, 0, 0, 0, 0, 0, 0, 0, 0, 0, 0, 0, 0, 0, 0, 0, 0, 0, 0, 0, 0, 0, 0, 1106, 1106, 0, 0, 0, 0, 0, 0, 0, 0, 0, 0, 0, 0, 0, 0, 0, 0, 0, 0, 0, 0, 0, 0, 0, 0, 0, 561, 0, 0, 0, 0, 0, 0, 0, 0, 561, 0, 0, 0, 0, 0, 0, 0, 0, 561, 0, 0, 0, 0, 0, 0, 0, 0, 0, 0, 0, 0, 0, 0, 0, 0, 0, 0, 0, 0, 0, 0, 0, 0, 0, 0, 0, 0, 0, 0, 0, 0, 0, 0, 1106, 1106, 0, 0, 0, 0, 0, 0, 0, 0, 0, 0, 0, 0, 0, 0, 0, 0, 0, 0, 0, 0, 0, 0, 0, 0, 0, 545, 585, 585, 585, 0, 0, 585, 585, 585, 545, 585, 585, 585, 0, 0, 585, 585, 585, 545, 0, 0, 0, 0, 0, 0, 0, 0, 0, 0, 0, 0, 0, 0, 0, 0, 0, 0, 0, 0, 0, 0, 0, 0, 0, 0, 0, 0, 0, 0, 0, 0, 0, 0, 1106, 1106, 0, 0, 0, 0, 0, 0, 0, 0, 0, 0, 0, 0, 0, 0, 0, 0, 0, 0, 0, 0, 0, 0, 0, 0, 0, 561, 0, 0, 0, 0, 0, 0, 0, 0, 561, 0, 0, 0, 0, 0, 0, 0, 0, 561, 0, 0, 0, 0, 0, 0, 0, 0, 0, 0, 0, 0, 0, 0, 0, 0, 0, 0, 0, 0, 0, 0, 0, 0, 0, 0, 0, 0, 0, 0, 0, 0, 0, 0, 1106, 1106, 0, 0, 0, 0, 0, 0, 0, 0, 0, 0, 0, 0, 0, 0, 0, 0, 0, 0, 0, 0, 0, 0, 0, 0, 0, 561, 0, 0, 0, 0, 0, 0, 0, 0, 561, 0, 0, 0, 0, 0, 0, 0, 0, 561, 0, 0, 0, 0, 0, 0, 0, 0, 0, 0, 0, 0, 0, 0, 0, 0, 0, 0, 0, 0, 0, 0, 0, 0, 0, 0, 0, 0, 0, 0, 0, 0, 0, 0, 1106, 1106, 0, 0, 0, 0, 0, 0, 0, 0, 0, 0, 0, 0, 0, 0, 0, 0, 0, 0, 0, 0, 0, 0, 0, 0, 0, 561, 0, 0, 0, 0, 0, 0, 0, 0, 561, 0, 0, 0, 0, 0, 0, 0, 0, 561, 0, 0, 0, 0, 0, 0, 0, 0, 0, 0, 0, 0, 0, 0, 0, 0, 0, 0, 0, 0, 0, 0, 0, 0, 0, 0, 0, 0, 0, 0, 0, 0, 0, 0, 1106, 561, 0, 0, 0, 0, 0, 0, 0, 0, 0, 0, 0, 0, 0, 0, 0, 0, 0, 0, 0, 0, 0, 0, 0, 0, 0, 561, 0, 0, 0, 0, 0, 0, 0, 0, 561, 0, 0, 0, 0, 0, 0, 0, 0, 561, 0, 0, 0, 0, 0, 0, 0, 0, 0, 0, 0, 0, 0, 0, 0, 0, 0, 0, 0, 0, 0, 0, 0, 0, 0, 0, 0, 0, 0, 0, 0, 0, 0, 0, 561, 561, 0, 0, 0, 0, 0, 0, 0, 0, 0, 0, 0, 0, 0, 0, 0, 0, 0, 0, 0, 0, 0, 0, 0, 0, 0, 561, 0, 0, 0, 0, 0, 0, 0, 0, 561, 0, 0, 0, 0, 0, 0, 0, 0, 561, 0, 0, 0, 0, 0, 0, 0, 0, 0, 0, 0, 0, 0, 0, 0, 0, 0, 0, 0, 0, 0, 0, 0, 0, 0, 0, 0, 0, 0, 0, 0, 0, 0, 0, 561, 561, 0, 0, 0, 0, 0, 0, 0, 0, 0, 0, 0, 0, 0, 0, 0, 0, 0, 0, 0, 0, 0, 0, 0, 0, 0, 561, 0, 0, 0, 0, 0, 0, 0, 0, 561, 0, 0, 0, 0, 0, 0, 0, 0, 561, 0, 0, 0, 0, 0, 0, 0, 0, 0, 0, 0, 0, 0, 0, 0, 0, 0, 0, 0, 0, 0, 0, 0, 0, 0, 0, 0, 0, 0, 0, 0, 0, 0, 0, 561, 561, 0, 0, 0, 0, 0, 0, 0, 0, 0, 0, 0, 0, 0, 0, 0, 0, 0, 0, 0, 0, 0, 0, 0, 0, 0, 561, 0, 0, 0, 0, 0, 0, 0, 0, 561, 0, 0, 0, 0, 0, 0, 0, 0, 561, 0, 0, 0, 0, 0, 0, 0, 0, 0, 0, 0, 0, 0, 0, 0, 0, 0, 0, 0, 0, 0, 0, 0, 0, 0, 0, 0, 0, 0, 0, 0, 0, 0, 0, 561, 561, 0, 0, 0, 0, 0, 0, 0, 0, 0, 0, 0, 0, 0, 0, 0, 0, 0, 0, 0, 0, 0, 0, 0, 0, 0, 561, 0, 0, 0, 0, 0, 0, 0, 0, 561, 0, 0, 0, 0, 0, 0, 0, 0, 561, 0, 0, 0, 0, 0, 0, 0, 0, 0, 0, 0, 0, 0, 0, 0, 0, 0, 0, 0, 0, 0, 0, 0, 0, 0, 0, 0, 0, 0, 0, 0, 0, 0, 0, 561, 561, 0, 0, 0, 0, 0, 0, 0, 0, 0, 0, 0, 0, 0, 0, 0, 0, 0, 0, 0, 0, 0, 0, 0, 0, 0, 561, 0, 0, 0, 0, 0, 0, 0, 0, 561, 0, 0, 0, 0, 0, 0, 0, 0, 561, 0, 0, 0, 0, 0, 0, 0, 0, 0, 0, 0, 0, 0, 0, 0, 0, 0, 0, 0, 0, 0, 0, 0, 0, 0, 0, 0, 0, 0, 0, 0, 0, 0, 0, 561, 561, 0, 0, 0, 0, 0, 0, 0, 0, 0, 0, 0, 0, 0, 0, 0, 0, 0, 0, 0, 0, 0, 0, 0, 0, 0, 561, 0, 0, 0, 0, 0, 0, 0, 0, 561, 0, 0, 0, 0, 0, 0, 0, 0, 561, 0, 0, 0, 0, 0, 0, 0, 0, 0, 0, 0, 0, 0, 0, 0, 0, 0, 0, 0, 0, 0, 0, 0, 0, 0, 0, 0, 0, 0, 0, 0, 0, 0, 0, 561, 561, 0, 0, 0, 0, 0, 0, 0, 0, 0, 0, 0, 0, 0, 0, 0, 0, 0, 0, 0, 0, 0, 0, 0, 0, 0, 562, 0, 0, 0, 0, 0, 0, 0, 0, 562, 0, 0, 0, 0, 0, 0, 0, 0, 562, 0, 0, 0, 0, 0, 0, 0, 0, 0, 0, 0, 0, 0, 0, 0, 0, 0, 0, 0, 0, 0, 0, 0, 0, 0, 0, 0, 0, 0, 0, 0, 0, 0, 0, 561, 561, 0, 0, 0, 0, 0, 0, 0, 0, 0, 0, 0, 0, 0, 0, 0, 0, 0, 0, 0, 0, 0, 0, 0, 0, 0, 0, 0, 0, 0, 0, 0, 0, 0, 0, 0, 0, 0, 0, 0, 0, 0, 0, 0, 0, 0, 0, 0, 0, 0, 0, 0, 0, 0, 0, 0, 0, 0, 0, 0, 0, 0, 0, 0, 0, 0, 0, 0, 0, 0, 0, 0, 0, 0, 0, 0, 0, 0, 0, 561, 561, 0, 0, 0, 0, 0, 0, 0, 0, 0, 0, 0, 0, 0, 0, 0, 0, 0, 0, 0, 0, 0, 0, 0, 0, 0, 0, 0, 0, 0, 0, 0, 0, 0, 0, 0, 0, 0, 0, 0, 0, 0, 0, 0, 0, 0, 0, 0, 0, 0, 0, 0, 0, 0, 0, 0, 0, 0, 0, 0, 0, 0, 0, 0, 0, 0, 0, 0, 0, 0, 0, 0, 0, 0, 0, 0, 0, 0, 0, 561, 561, 0, 0, 0, 0, 0, 0, 0, 0, 0, 0, 0, 0, 0, 0, 0, 0, 0, 0, 0, 0, 0, 0, 0, 0, 0, 0, 0, 0, 0, 0, 0, 0, 0, 0, 0, 0, 0, 0, 0, 0, 0, 0, 0, 0, 0, 0, 0, 0, 0, 0, 0, 0, 0, 0, 0, 0, 0, 0, 0, 0, 0, 0, 0, 0, 0, 0, 0, 0, 0, 0, 0, 0, 0, 0, 0, 0, 0, 0, 561, 561, 0, 0, 0, 0, 0, 0, 0, 0, 0, 0, 0, 0, 0, 0, 0, 0, 0, 0, 0, 0, 0, 0, 0, 0, 0, 0, 0, 0, 0, 0, 0, 0, 0, 0, 0, 0, 0, 0, 0, 0, 0, 0, 0, 0, 0, 0, 0, 0, 0, 0, 0, 0, 0, 0, 0, 0, 0, 0, 0, 0, 0, 0, 0, 0, 0, 0, 0, 0, 0, 0, 0, 0, 0, 0, 0, 0, 0, 0, 561, 561, 0, 0, 0, 0, 0, 0, 0, 0, 0, 0, 0, 0, 0, 0, 0, 0, 0, 0, 0, 0, 0, 0, 0, 0, 0, 0, 0, 0, 0, 0, 0, 0, 0, 0, 0, 0, 0, 0, 0, 0, 0, 0, 0, 0, 0, 0, 0, 0, 0, 0, 0, 0, 0, 0, 0, 0, 0, 0, 0, 0, 0, 0, 0, 0, 0, 0, 0, 0, 0, 0, 0, 0, 0, 0, 0, 0, 0, 0, 561, 561, 0, 0, 0, 0, 0, 0, 0, 0, 0, 0, 0, 0, 0, 0, 0, 0, 0, 0, 0, 0, 0, 0, 0, 0, 0, 0, 0, 0, 0, 0, 0, 0, 0, 0, 0, 0, 0, 0, 0, 0, 0, 0, 0, 0, 0, 0, 0, 0, 0, 0, 0, 0, 0, 0, 0, 0, 0, 0, 0, 0, 0, 0, 0, 0, 0, 0, 0, 0, 0, 0, 0, 0, 0, 0, 0, 0, 0, 0, 561, 561, 0, 0, 0, 0, 0, 0, 0, 0, 0, 0, 0, 0, 0, 0, 0, 0, 0, 0, 0, 0, 0, 0, 0, 0, 0, 0, 0, 0, 0, 0, 0, 0, 0, 0, 0, 0, 0, 0, 0, 0, 0, 0, 0, 0, 0, 0, 0, 0, 0, 0, 0, 0, 0, 0, 0, 0, 0, 0, 0, 0, 0, 0, 0, 0, 0, 0, 0, 0, 0, 0, 0, 0, 0, 0, 0, 0, 0, 0, 561, 561, 0, 0, 0, 0, 0, 0, 0, 0, 0, 0, 0, 0, 0, 0, 0, 0, 0, 0, 0, 0, 0, 0, 0, 0, 0, 0, 0, 0, 0, 0, 0, 0, 0, 0, 0, 0, 0, 0, 0, 0, 0, 0, 0, 0, 0, 0, 0, 0, 0, 0, 0, 0, 0, 0, 0, 0, 0, 0, 0, 0, 0, 0, 0, 0, 0, 0, 0, 0, 0, 0, 0, 0, 0, 0, 0, 0, 0, 0, 561, 561, 0, 0, 0, 0, 0, 0, 0, 0, 0, 0, 0, 0, 0, 0, 0, 0, 0, 0, 0, 0, 0, 0, 0, 0, 0, 0, 0, 0, 0, 0, 0, 0, 0, 0, 0, 0, 0, 0, 0, 0, 0, 0, 0, 0, 0, 0, 0, 0, 0, 0, 0, 0, 0, 0, 0, 0, 0, 0, 0, 0, 0, 0, 0, 0, 0, 0, 0, 0, 0, 0, 0, 0, 0, 0, 0, 0, 0, 0, 561, 561, 0, 0, 0, 0, 0, 0, 0, 0, 0, 0, 0, 0, 0, 0, 0, 0, 0, 0, 0, 0, 0, 0, 0, 0, 0, 0, 0, 0, 0, 0, 0, 0, 0, 0, 0, 0, 0, 0, 0, 0, 0, 0, 0, 0, 0, 0, 0, 0, 0, 0, 0, 0, 0, 0, 0, 0, 0, 0, 0, 0, 0, 0, 0, 0, 0, 0, 0, 0, 0, 0, 0, 0, 0, 0, 0, 0, 0, 0, 561, 561, 0, 0, 0, 0, 0, 0, 0, 0, 0, 0, 0, 0, 0, 0, 0, 0, 0, 0, 0, 0, 0, 0, 0, 0, 0, 0, 0, 0, 0, 0, 0, 0, 0, 0, 0, 0, 0, 0, 0, 0, 0, 0, 0, 0, 0, 0, 0, 0, 0, 0, 0, 0, 0, 0, 0, 0, 0, 0, 0, 0, 0, 0, 0, 0, 0, 0, 0, 0, 0, 0, 0, 0, 0, 0, 0, 0, 0, 0, 561, 561, 0, 0, 0, 0, 0, 0, 0, 0, 0, 0, 0, 0, 0, 0, 0, 0, 0, 0, 0, 0, 0, 0, 0, 0, 0, 0, 0, 0, 0, 0, 0, 0, 0, 0, 0, 0, 0, 0, 0, 0, 0, 0, 0, 0, 0, 0, 0, 0, 0, 0, 0, 0, 0, 0, 0, 0, 0, 0, 0, 0, 0, 0, 0, 0, 0, 0, 0, 0, 0, 0, 0, 0, 0, 0, 0, 0, 0, 0, 561, 561, 0, 0, 0, 0, 0, 0, 0, 0, 0, 0, 0, 0, 0, 0, 0, 0, 0, 0, 0, 0, 0, 0, 0, 0, 0, 0, 0, 0, 0, 0, 0, 0, 0, 0, 0, 0, 0, 0, 0, 0, 0, 0, 0, 0, 0, 0, 0, 0, 0, 0, 0, 0, 0, 0, 0, 0, 0, 0, 0, 0, 0, 0, 0, 0, 0, 0, 0, 0, 0, 0, 0, 0, 0, 0, 0, 0, 0, 0, 561, 581, 585, 585, 585, 585, 585, 585, 585, 585, 585, 585, 585, 585, 585, 585, 585, 585, 585, 585, 585, 585, 585, 585, 585, 585, 585, 1106, 1106, 1106, 1106, 1106, 1106, 1106, 1106, 1106, 1106, 1106, 1106, 1106, 1106, 1106, 1106, 1106, 1106, 1106, 585, 585, 585, 585, 585, 585, 585, 585, 585, 585, 585, 585, 585, 585, 585, 585, 585, 585, 585, 585, 585, 585, 585, 585, 585, 585, 585, 585, 585, 585, 542, 542, 542, 542, 583], objects=[], opacity=0.0, draworder=), Layer(width=0, height=0, name=Object Layer 1, type=objectgroup, visible=false, x=0, y=0, data=[], objects=[com.almasb.fxgl.entity.level.tiled.TiledObject@55d1c506, com.almasb.fxgl.entity.level.tiled.TiledObject@3f6235ff, com.almasb.fxgl.entity.level.tiled.TiledObject@86279e2, com.almasb.fxgl.entity.level.tiled.TiledObject@67cc3b20, com.almasb.fxgl.entity.level.tiled.TiledObject@3cee3b2a, com.almasb.fxgl.entity.level.tiled.TiledObject@120d2c85, com.almasb.fxgl.entity.level.tiled.TiledObject@9bbfa4f, com.almasb.fxgl.entity.level.tiled.TiledObject@fa8c563, com.almasb.fxgl.entity.level.tiled.TiledObject@425288d7, com.almasb.fxgl.entity.level.tiled.TiledObject@39c0ed1c, com.almasb.fxgl.entity.level.tiled.TiledObject@6fff11e9, com.almasb.fxgl.entity.level.tiled.TiledObject@26b552a8, com.almasb.fxgl.entity.level.tiled.TiledObject@70777299, com.almasb.fxgl.entity.level.tiled.TiledObject@4e61c986, com.almasb.fxgl.entity.level.tiled.TiledObject@5906e9fa, com.almasb.fxgl.entity.level.tiled.TiledObject@55aad060, com.almasb.fxgl.entity.level.tiled.TiledObject@1e0293f6, com.almasb.fxgl.entity.level.tiled.TiledObject@5e6f5449, com.almasb.fxgl.entity.level.tiled.TiledObject@30483f47, com.almasb.fxgl.entity.level.tiled.TiledObject@33e2d0fe], opacity=0.0, draworder=)], tilesets=[Tileset(firstgid=1, image=Wall.png, name=Wall, tilewidth=16, tileheight=16, imagewidth=320, imageheight=816, margin=0, spacing=0, columns=20, tilecount=1020, transparentcolor=, tiles=[]), Tileset(firstgid=1021, image=Floor.png, name=Floor, tilewidth=16, tileheight=16, imagewidth=336, imageheight=624, margin=0, spacing=0, columns=21, tilecount=819, transparentcolor=, tiles=[])], backgroundcolor=, renderorder=right-down, nextobjectid=35, version=1, tiledversion=1.7.0, type=map, infinite=false, hexsidelength=0, staggeraxis=, staggerindex=, properties={}, propertytypes={})
12:40:21.767 [FXGL Background Thread 2 ] DEBUG TMXLevelLoader       - Creating tile layer entities
12:40:21.767 [FXGL Background Thread 2 ] DEBUG TilesetLoader        - Loading view for layer Tile Layer 1
12:40:21.768 [FXGL Background Thread 2 ] DEBUG TilesetLoader        - Created buffer with size 1280.0x720.0
12:40:21.778 [FXGL Background Thread 2 ] DEBUG TilesetLoader        - Writing to buffer: dst=0,0, w=16,h=16, src=0,432
12:40:21.779 [FXGL Background Thread 2 ] DEBUG TilesetLoader        - Writing to buffer: dst=16,0, w=16,h=16, src=16,432
12:40:21.779 [FXGL Background Thread 2 ] DEBUG TilesetLoader        - Writing to buffer: dst=32,0, w=16,h=16, src=16,432
12:40:21.779 [FXGL Background Thread 2 ] DEBUG TilesetLoader        - Writing to buffer: dst=48,0, w=16,h=16, src=16,432
12:40:21.779 [FXGL Background Thread 2 ] DEBUG TilesetLoader        - Writing to buffer: dst=64,0, w=16,h=16, src=16,432
12:40:21.779 [FXGL Background Thread 2 ] DEBUG TilesetLoader        - Writing to buffer: dst=80,0, w=16,h=16, src=16,432
12:40:21.779 [FXGL Background Thread 2 ] DEBUG TilesetLoader        - Writing to buffer: dst=96,0, w=16,h=16, src=16,432
12:40:21.779 [FXGL Background Thread 2 ] DEBUG TilesetLoader        - Writing to buffer: dst=112,0, w=16,h=16, src=16,432
12:40:21.779 [FXGL Background Thread 2 ] DEBUG TilesetLoader        - Writing to buffer: dst=128,0, w=16,h=16, src=16,432
12:40:21.779 [FXGL Background Thread 2 ] DEBUG TilesetLoader        - Writing to buffer: dst=144,0, w=16,h=16, src=16,432
12:40:21.779 [FXGL Background Thread 2 ] DEBUG TilesetLoader        - Writing to buffer: dst=160,0, w=16,h=16, src=16,432
12:40:21.779 [FXGL Background Thread 2 ] DEBUG TilesetLoader        - Writing to buffer: dst=176,0, w=16,h=16, src=16,432
12:40:21.779 [FXGL Background Thread 2 ] DEBUG TilesetLoader        - Writing to buffer: dst=192,0, w=16,h=16, src=16,432
12:40:21.779 [FXGL Background Thread 2 ] DEBUG TilesetLoader        - Writing to buffer: dst=208,0, w=16,h=16, src=16,432
12:40:21.779 [FXGL Background Thread 2 ] DEBUG TilesetLoader        - Writing to buffer: dst=224,0, w=16,h=16, src=16,432
12:40:21.779 [FXGL Background Thread 2 ] DEBUG TilesetLoader        - Writing to buffer: dst=240,0, w=16,h=16, src=16,432
12:40:21.779 [FXGL Background Thread 2 ] DEBUG TilesetLoader        - Writing to buffer: dst=256,0, w=16,h=16, src=16,432
12:40:21.779 [FXGL Background Thread 2 ] DEBUG TilesetLoader        - Writing to buffer: dst=272,0, w=16,h=16, src=16,432
12:40:21.779 [FXGL Background Thread 2 ] DEBUG TilesetLoader        - Writing to buffer: dst=288,0, w=16,h=16, src=16,432
12:40:21.779 [FXGL Background Thread 2 ] DEBUG TilesetLoader        - Writing to buffer: dst=304,0, w=16,h=16, src=16,432
12:40:21.780 [FXGL Background Thread 2 ] DEBUG TilesetLoader        - Writing to buffer: dst=320,0, w=16,h=16, src=16,432
12:40:21.780 [FXGL Background Thread 2 ] DEBUG TilesetLoader        - Writing to buffer: dst=336,0, w=16,h=16, src=16,432
12:40:21.780 [FXGL Background Thread 2 ] DEBUG TilesetLoader        - Writing to buffer: dst=352,0, w=16,h=16, src=16,432
12:40:21.780 [FXGL Background Thread 2 ] DEBUG TilesetLoader        - Writing to buffer: dst=368,0, w=16,h=16, src=16,432
12:40:21.780 [FXGL Background Thread 2 ] DEBUG TilesetLoader        - Writing to buffer: dst=384,0, w=16,h=16, src=16,432
12:40:21.780 [FXGL Background Thread 2 ] DEBUG TilesetLoader        - Writing to buffer: dst=400,0, w=16,h=16, src=16,432
12:40:21.784 [FXGL Background Thread 2 ] DEBUG TilesetLoader        - Writing to buffer: dst=416,0, w=16,h=16, src=16,64
12:40:21.784 [FXGL Background Thread 2 ] DEBUG TilesetLoader        - Writing to buffer: dst=432,0, w=16,h=16, src=16,64
12:40:21.784 [FXGL Background Thread 2 ] DEBUG TilesetLoader        - Writing to buffer: dst=448,0, w=16,h=16, src=16,64
12:40:21.784 [FXGL Background Thread 2 ] DEBUG TilesetLoader        - Writing to buffer: dst=464,0, w=16,h=16, src=16,64
12:40:21.785 [FXGL Background Thread 2 ] DEBUG TilesetLoader        - Writing to buffer: dst=480,0, w=16,h=16, src=16,64
12:40:21.785 [FXGL Background Thread 2 ] DEBUG TilesetLoader        - Writing to buffer: dst=496,0, w=16,h=16, src=16,64
12:40:21.785 [FXGL Background Thread 2 ] DEBUG TilesetLoader        - Writing to buffer: dst=512,0, w=16,h=16, src=16,64
12:40:21.785 [FXGL Background Thread 2 ] DEBUG TilesetLoader        - Writing to buffer: dst=528,0, w=16,h=16, src=16,64
12:40:21.785 [FXGL Background Thread 2 ] DEBUG TilesetLoader        - Writing to buffer: dst=544,0, w=16,h=16, src=16,64
12:40:21.785 [FXGL Background Thread 2 ] DEBUG TilesetLoader        - Writing to buffer: dst=560,0, w=16,h=16, src=16,64
12:40:21.785 [FXGL Background Thread 2 ] DEBUG TilesetLoader        - Writing to buffer: dst=576,0, w=16,h=16, src=16,64
12:40:21.785 [FXGL Background Thread 2 ] DEBUG TilesetLoader        - Writing to buffer: dst=592,0, w=16,h=16, src=16,64
12:40:21.785 [FXGL Background Thread 2 ] DEBUG TilesetLoader        - Writing to buffer: dst=608,0, w=16,h=16, src=16,64
12:40:21.785 [FXGL Background Thread 2 ] DEBUG TilesetLoader        - Writing to buffer: dst=624,0, w=16,h=16, src=16,64
12:40:21.785 [FXGL Background Thread 2 ] DEBUG TilesetLoader        - Writing to buffer: dst=640,0, w=16,h=16, src=16,64
12:40:21.785 [FXGL Background Thread 2 ] DEBUG TilesetLoader        - Writing to buffer: dst=656,0, w=16,h=16, src=16,64
12:40:21.785 [FXGL Background Thread 2 ] DEBUG TilesetLoader        - Writing to buffer: dst=672,0, w=16,h=16, src=16,64
12:40:21.785 [FXGL Background Thread 2 ] DEBUG TilesetLoader        - Writing to buffer: dst=688,0, w=16,h=16, src=16,64
12:40:21.785 [FXGL Background Thread 2 ] DEBUG TilesetLoader        - Writing to buffer: dst=704,0, w=16,h=16, src=16,64
12:40:21.785 [FXGL Background Thread 2 ] DEBUG TilesetLoader        - Writing to buffer: dst=720,0, w=16,h=16, src=16,64
12:40:21.785 [FXGL Background Thread 2 ] DEBUG TilesetLoader        - Writing to buffer: dst=736,0, w=16,h=16, src=16,432
12:40:21.785 [FXGL Background Thread 2 ] DEBUG TilesetLoader        - Writing to buffer: dst=752,0, w=16,h=16, src=16,432
12:40:21.785 [FXGL Background Thread 2 ] DEBUG TilesetLoader        - Writing to buffer: dst=768,0, w=16,h=16, src=16,432
12:40:21.785 [FXGL Background Thread 2 ] DEBUG TilesetLoader        - Writing to buffer: dst=784,0, w=16,h=16, src=16,432
12:40:21.785 [FXGL Background Thread 2 ] DEBUG TilesetLoader        - Writing to buffer: dst=800,0, w=16,h=16, src=16,432
12:40:21.785 [FXGL Background Thread 2 ] DEBUG TilesetLoader        - Writing to buffer: dst=816,0, w=16,h=16, src=16,432
12:40:21.785 [FXGL Background Thread 2 ] DEBUG TilesetLoader        - Writing to buffer: dst=832,0, w=16,h=16, src=16,432
12:40:21.786 [FXGL Background Thread 2 ] DEBUG TilesetLoader        - Writing to buffer: dst=848,0, w=16,h=16, src=16,432
12:40:21.786 [FXGL Background Thread 2 ] DEBUG TilesetLoader        - Writing to buffer: dst=864,0, w=16,h=16, src=16,432
12:40:21.786 [FXGL Background Thread 2 ] DEBUG TilesetLoader        - Writing to buffer: dst=880,0, w=16,h=16, src=16,432
12:40:21.786 [FXGL Background Thread 2 ] DEBUG TilesetLoader        - Writing to buffer: dst=896,0, w=16,h=16, src=16,432
12:40:21.786 [FXGL Background Thread 2 ] DEBUG TilesetLoader        - Writing to buffer: dst=912,0, w=16,h=16, src=16,432
12:40:21.786 [FXGL Background Thread 2 ] DEBUG TilesetLoader        - Writing to buffer: dst=928,0, w=16,h=16, src=16,432
12:40:21.786 [FXGL Background Thread 2 ] DEBUG TilesetLoader        - Writing to buffer: dst=944,0, w=16,h=16, src=16,432
12:40:21.786 [FXGL Background Thread 2 ] DEBUG TilesetLoader        - Writing to buffer: dst=960,0, w=16,h=16, src=16,432
12:40:21.786 [FXGL Background Thread 2 ] DEBUG TilesetLoader        - Writing to buffer: dst=976,0, w=16,h=16, src=16,432
12:40:21.786 [FXGL Background Thread 2 ] DEBUG TilesetLoader        - Writing to buffer: dst=992,0, w=16,h=16, src=16,432
12:40:21.786 [FXGL Background Thread 2 ] DEBUG TilesetLoader        - Writing to buffer: dst=1008,0, w=16,h=16, src=16,432
12:40:21.786 [FXGL Background Thread 2 ] DEBUG TilesetLoader        - Writing to buffer: dst=1024,0, w=16,h=16, src=16,432
12:40:21.786 [FXGL Background Thread 2 ] DEBUG TilesetLoader        - Writing to buffer: dst=1040,0, w=16,h=16, src=16,432
12:40:21.786 [FXGL Background Thread 2 ] DEBUG TilesetLoader        - Writing to buffer: dst=1056,0, w=16,h=16, src=16,432
12:40:21.786 [FXGL Background Thread 2 ] DEBUG TilesetLoader        - Writing to buffer: dst=1072,0, w=16,h=16, src=16,432
12:40:21.786 [FXGL Background Thread 2 ] DEBUG TilesetLoader        - Writing to buffer: dst=1088,0, w=16,h=16, src=16,432
12:40:21.786 [FXGL Background Thread 2 ] DEBUG TilesetLoader        - Writing to buffer: dst=1104,0, w=16,h=16, src=16,432
12:40:21.787 [FXGL Background Thread 2 ] DEBUG TilesetLoader        - Writing to buffer: dst=1120,0, w=16,h=16, src=16,432
12:40:21.787 [FXGL Background Thread 2 ] DEBUG TilesetLoader        - Writing to buffer: dst=1136,0, w=16,h=16, src=16,432
12:40:21.787 [FXGL Background Thread 2 ] DEBUG TilesetLoader        - Writing to buffer: dst=1152,0, w=16,h=16, src=16,432
12:40:21.787 [FXGL Background Thread 2 ] DEBUG TilesetLoader        - Writing to buffer: dst=1168,0, w=16,h=16, src=16,432
12:40:21.787 [FXGL Background Thread 2 ] DEBUG TilesetLoader        - Writing to buffer: dst=1184,0, w=16,h=16, src=16,432
12:40:21.787 [FXGL Background Thread 2 ] DEBUG TilesetLoader        - Writing to buffer: dst=1200,0, w=16,h=16, src=16,432
12:40:21.787 [FXGL Background Thread 2 ] DEBUG TilesetLoader        - Writing to buffer: dst=1216,0, w=16,h=16, src=16,432
12:40:21.787 [FXGL Background Thread 2 ] DEBUG TilesetLoader        - Writing to buffer: dst=1232,0, w=16,h=16, src=16,432
12:40:21.787 [FXGL Background Thread 2 ] DEBUG TilesetLoader        - Writing to buffer: dst=1248,0, w=16,h=16, src=16,432
12:40:21.787 [FXGL Background Thread 2 ] DEBUG TilesetLoader        - Writing to buffer: dst=1264,0, w=16,h=16, src=32,432
12:40:21.787 [FXGL Background Thread 2 ] DEBUG TilesetLoader        - Writing to buffer: dst=0,16, w=16,h=16, src=0,448
12:40:21.787 [FXGL Background Thread 2 ] DEBUG TilesetLoader        - Writing to buffer: dst=1264,16, w=16,h=16, src=0,448
12:40:21.787 [FXGL Background Thread 2 ] DEBUG TilesetLoader        - Writing to buffer: dst=0,32, w=16,h=16, src=0,448
12:40:21.787 [FXGL Background Thread 2 ] DEBUG TilesetLoader        - Writing to buffer: dst=1264,32, w=16,h=16, src=0,448
12:40:21.787 [FXGL Background Thread 2 ] DEBUG TilesetLoader        - Writing to buffer: dst=0,48, w=16,h=16, src=0,448
12:40:21.787 [FXGL Background Thread 2 ] DEBUG TilesetLoader        - Writing to buffer: dst=1264,48, w=16,h=16, src=0,448
12:40:21.787 [FXGL Background Thread 2 ] DEBUG TilesetLoader        - Writing to buffer: dst=0,64, w=16,h=16, src=0,448
12:40:21.787 [FXGL Background Thread 2 ] DEBUG TilesetLoader        - Writing to buffer: dst=1264,64, w=16,h=16, src=0,448
12:40:21.787 [FXGL Background Thread 2 ] DEBUG TilesetLoader        - Writing to buffer: dst=0,80, w=16,h=16, src=0,448
12:40:21.787 [FXGL Background Thread 2 ] DEBUG TilesetLoader        - Writing to buffer: dst=1264,80, w=16,h=16, src=0,448
12:40:21.787 [FXGL Background Thread 2 ] DEBUG TilesetLoader        - Writing to buffer: dst=0,96, w=16,h=16, src=0,448
12:40:21.787 [FXGL Background Thread 2 ] DEBUG TilesetLoader        - Writing to buffer: dst=1264,96, w=16,h=16, src=0,448
12:40:21.787 [FXGL Background Thread 2 ] DEBUG TilesetLoader        - Writing to buffer: dst=0,112, w=16,h=16, src=0,448
12:40:21.787 [FXGL Background Thread 2 ] DEBUG TilesetLoader        - Writing to buffer: dst=1264,112, w=16,h=16, src=0,448
12:40:21.788 [FXGL Background Thread 2 ] DEBUG TilesetLoader        - Writing to buffer: dst=0,128, w=16,h=16, src=0,448
12:40:21.788 [FXGL Background Thread 2 ] DEBUG TilesetLoader        - Writing to buffer: dst=1264,128, w=16,h=16, src=0,448
12:40:21.788 [FXGL Background Thread 2 ] DEBUG TilesetLoader        - Writing to buffer: dst=0,144, w=16,h=16, src=0,448
12:40:21.788 [FXGL Background Thread 2 ] DEBUG TilesetLoader        - Writing to buffer: dst=416,144, w=16,h=16, src=48,448
12:40:21.788 [FXGL Background Thread 2 ] DEBUG TilesetLoader        - Writing to buffer: dst=432,144, w=16,h=16, src=16,432
12:40:21.788 [FXGL Background Thread 2 ] DEBUG TilesetLoader        - Writing to buffer: dst=448,144, w=16,h=16, src=16,432
12:40:21.788 [FXGL Background Thread 2 ] DEBUG TilesetLoader        - Writing to buffer: dst=464,144, w=16,h=16, src=16,432
12:40:21.788 [FXGL Background Thread 2 ] DEBUG TilesetLoader        - Writing to buffer: dst=480,144, w=16,h=16, src=16,432
12:40:21.788 [FXGL Background Thread 2 ] DEBUG TilesetLoader        - Writing to buffer: dst=496,144, w=16,h=16, src=16,432
12:40:21.788 [FXGL Background Thread 2 ] DEBUG TilesetLoader        - Writing to buffer: dst=512,144, w=16,h=16, src=16,432
12:40:21.788 [FXGL Background Thread 2 ] DEBUG TilesetLoader        - Writing to buffer: dst=528,144, w=16,h=16, src=16,432
12:40:21.788 [FXGL Background Thread 2 ] DEBUG TilesetLoader        - Writing to buffer: dst=544,144, w=16,h=16, src=16,432
12:40:21.788 [FXGL Background Thread 2 ] DEBUG TilesetLoader        - Writing to buffer: dst=560,144, w=16,h=16, src=64,432
12:40:21.788 [FXGL Background Thread 2 ] DEBUG TilesetLoader        - Writing to buffer: dst=576,144, w=16,h=16, src=16,432
12:40:21.788 [FXGL Background Thread 2 ] DEBUG TilesetLoader        - Writing to buffer: dst=592,144, w=16,h=16, src=16,432
12:40:21.788 [FXGL Background Thread 2 ] DEBUG TilesetLoader        - Writing to buffer: dst=608,144, w=16,h=16, src=16,432
12:40:21.788 [FXGL Background Thread 2 ] DEBUG TilesetLoader        - Writing to buffer: dst=624,144, w=16,h=16, src=16,432
12:40:21.788 [FXGL Background Thread 2 ] DEBUG TilesetLoader        - Writing to buffer: dst=640,144, w=16,h=16, src=16,432
12:40:21.788 [FXGL Background Thread 2 ] DEBUG TilesetLoader        - Writing to buffer: dst=656,144, w=16,h=16, src=16,432
12:40:21.788 [FXGL Background Thread 2 ] DEBUG TilesetLoader        - Writing to buffer: dst=672,144, w=16,h=16, src=16,432
12:40:21.788 [FXGL Background Thread 2 ] DEBUG TilesetLoader        - Writing to buffer: dst=688,144, w=16,h=16, src=16,432
12:40:21.788 [FXGL Background Thread 2 ] DEBUG TilesetLoader        - Writing to buffer: dst=704,144, w=16,h=16, src=32,432
12:40:21.789 [FXGL Background Thread 2 ] DEBUG TilesetLoader        - Writing to buffer: dst=1264,144, w=16,h=16, src=0,448
12:40:21.789 [FXGL Background Thread 2 ] DEBUG TilesetLoader        - Writing to buffer: dst=0,160, w=16,h=16, src=0,448
12:40:21.789 [FXGL Background Thread 2 ] DEBUG TilesetLoader        - Writing to buffer: dst=416,160, w=16,h=16, src=0,448
12:40:21.789 [FXGL Background Thread 2 ] DEBUG TilesetLoader        - Writing to buffer: dst=560,160, w=16,h=16, src=0,448
12:40:21.789 [FXGL Background Thread 2 ] DEBUG TilesetLoader        - Writing to buffer: dst=704,160, w=16,h=16, src=0,448
12:40:21.789 [FXGL Background Thread 2 ] DEBUG TilesetLoader        - Writing to buffer: dst=1264,160, w=16,h=16, src=0,448
12:40:21.789 [FXGL Background Thread 2 ] DEBUG TilesetLoader        - Writing to buffer: dst=0,176, w=16,h=16, src=0,448
12:40:21.789 [FXGL Background Thread 2 ] DEBUG TilesetLoader        - Writing to buffer: dst=416,176, w=16,h=16, src=0,448
12:40:21.789 [FXGL Background Thread 2 ] DEBUG TilesetLoader        - Writing to buffer: dst=560,176, w=16,h=16, src=0,448
12:40:21.789 [FXGL Background Thread 2 ] DEBUG TilesetLoader        - Writing to buffer: dst=704,176, w=16,h=16, src=0,448
12:40:21.789 [FXGL Background Thread 2 ] DEBUG TilesetLoader        - Writing to buffer: dst=1264,176, w=16,h=16, src=0,448
12:40:21.789 [FXGL Background Thread 2 ] DEBUG TilesetLoader        - Writing to buffer: dst=0,192, w=16,h=16, src=0,448
12:40:21.789 [FXGL Background Thread 2 ] DEBUG TilesetLoader        - Writing to buffer: dst=416,192, w=16,h=16, src=0,448
12:40:21.789 [FXGL Background Thread 2 ] DEBUG TilesetLoader        - Writing to buffer: dst=560,192, w=16,h=16, src=0,448
12:40:21.789 [FXGL Background Thread 2 ] DEBUG TilesetLoader        - Writing to buffer: dst=704,192, w=16,h=16, src=0,448
12:40:21.789 [FXGL Background Thread 2 ] DEBUG TilesetLoader        - Writing to buffer: dst=1264,192, w=16,h=16, src=0,448
12:40:21.789 [FXGL Background Thread 2 ] DEBUG TilesetLoader        - Writing to buffer: dst=0,208, w=16,h=16, src=0,448
12:40:21.789 [FXGL Background Thread 2 ] DEBUG TilesetLoader        - Writing to buffer: dst=416,208, w=16,h=16, src=0,448
12:40:21.789 [FXGL Background Thread 2 ] DEBUG TilesetLoader        - Writing to buffer: dst=704,208, w=16,h=16, src=0,448
12:40:21.789 [FXGL Background Thread 2 ] DEBUG TilesetLoader        - Writing to buffer: dst=1264,208, w=16,h=16, src=0,448
12:40:21.789 [FXGL Background Thread 2 ] DEBUG TilesetLoader        - Writing to buffer: dst=0,224, w=16,h=16, src=0,448
12:40:21.789 [FXGL Background Thread 2 ] DEBUG TilesetLoader        - Writing to buffer: dst=416,224, w=16,h=16, src=0,448
12:40:21.789 [FXGL Background Thread 2 ] DEBUG TilesetLoader        - Writing to buffer: dst=704,224, w=16,h=16, src=0,448
12:40:21.790 [FXGL Background Thread 2 ] DEBUG TilesetLoader        - Writing to buffer: dst=1264,224, w=16,h=16, src=0,448
12:40:21.790 [FXGL Background Thread 2 ] DEBUG TilesetLoader        - Writing to buffer: dst=0,240, w=16,h=16, src=0,448
12:40:21.790 [FXGL Background Thread 2 ] DEBUG TilesetLoader        - Writing to buffer: dst=416,240, w=16,h=16, src=0,448
12:40:21.790 [FXGL Background Thread 2 ] DEBUG TilesetLoader        - Writing to buffer: dst=704,240, w=16,h=16, src=0,448
12:40:21.790 [FXGL Background Thread 2 ] DEBUG TilesetLoader        - Writing to buffer: dst=1264,240, w=16,h=16, src=0,448
12:40:21.790 [FXGL Background Thread 2 ] DEBUG TilesetLoader        - Writing to buffer: dst=0,256, w=16,h=16, src=16,64
12:40:21.790 [FXGL Background Thread 2 ] DEBUG TilesetLoader        - Writing to buffer: dst=416,256, w=16,h=16, src=0,448
12:40:21.790 [FXGL Background Thread 2 ] DEBUG TilesetLoader        - Writing to buffer: dst=560,256, w=16,h=16, src=0,448
12:40:21.790 [FXGL Background Thread 2 ] DEBUG TilesetLoader        - Writing to buffer: dst=704,256, w=16,h=16, src=0,448
12:40:21.790 [FXGL Background Thread 2 ] DEBUG TilesetLoader        - Writing to buffer: dst=1264,256, w=16,h=16, src=16,64
12:40:21.790 [FXGL Background Thread 2 ] DEBUG TilesetLoader        - Writing to buffer: dst=0,272, w=16,h=16, src=16,64
12:40:21.790 [FXGL Background Thread 2 ] DEBUG TilesetLoader        - Writing to buffer: dst=416,272, w=16,h=16, src=0,448
12:40:21.790 [FXGL Background Thread 2 ] DEBUG TilesetLoader        - Writing to buffer: dst=560,272, w=16,h=16, src=0,448
12:40:21.790 [FXGL Background Thread 2 ] DEBUG TilesetLoader        - Writing to buffer: dst=704,272, w=16,h=16, src=0,448
12:40:21.790 [FXGL Background Thread 2 ] DEBUG TilesetLoader        - Writing to buffer: dst=1264,272, w=16,h=16, src=16,64
12:40:21.790 [FXGL Background Thread 2 ] DEBUG TilesetLoader        - Writing to buffer: dst=0,288, w=16,h=16, src=16,64
12:40:21.790 [FXGL Background Thread 2 ] DEBUG TilesetLoader        - Writing to buffer: dst=416,288, w=16,h=16, src=0,448
12:40:21.790 [FXGL Background Thread 2 ] DEBUG TilesetLoader        - Writing to buffer: dst=560,288, w=16,h=16, src=0,448
12:40:21.790 [FXGL Background Thread 2 ] DEBUG TilesetLoader        - Writing to buffer: dst=704,288, w=16,h=16, src=0,448
12:40:21.790 [FXGL Background Thread 2 ] DEBUG TilesetLoader        - Writing to buffer: dst=1264,288, w=16,h=16, src=16,64
12:40:21.790 [FXGL Background Thread 2 ] DEBUG TilesetLoader        - Writing to buffer: dst=0,304, w=16,h=16, src=16,64
12:40:21.790 [FXGL Background Thread 2 ] DEBUG TilesetLoader        - Writing to buffer: dst=416,304, w=16,h=16, src=64,432
12:40:21.790 [FXGL Background Thread 2 ] DEBUG TilesetLoader        - Writing to buffer: dst=432,304, w=16,h=16, src=64,464
12:40:21.790 [FXGL Background Thread 2 ] DEBUG TilesetLoader        - Writing to buffer: dst=448,304, w=16,h=16, src=64,464
12:40:21.790 [FXGL Background Thread 2 ] DEBUG TilesetLoader        - Writing to buffer: dst=464,304, w=16,h=16, src=64,464
12:40:21.790 [FXGL Background Thread 2 ] DEBUG TilesetLoader        - Writing to buffer: dst=512,304, w=16,h=16, src=64,464
12:40:21.790 [FXGL Background Thread 2 ] DEBUG TilesetLoader        - Writing to buffer: dst=528,304, w=16,h=16, src=64,464
12:40:21.791 [FXGL Background Thread 2 ] DEBUG TilesetLoader        - Writing to buffer: dst=544,304, w=16,h=16, src=64,464
12:40:21.791 [FXGL Background Thread 2 ] DEBUG TilesetLoader        - Writing to buffer: dst=560,304, w=16,h=16, src=64,432
12:40:21.791 [FXGL Background Thread 2 ] DEBUG TilesetLoader        - Writing to buffer: dst=576,304, w=16,h=16, src=64,464
12:40:21.791 [FXGL Background Thread 2 ] DEBUG TilesetLoader        - Writing to buffer: dst=592,304, w=16,h=16, src=64,464
12:40:21.791 [FXGL Background Thread 2 ] DEBUG TilesetLoader        - Writing to buffer: dst=608,304, w=16,h=16, src=64,464
12:40:21.791 [FXGL Background Thread 2 ] DEBUG TilesetLoader        - Writing to buffer: dst=656,304, w=16,h=16, src=64,464
12:40:21.791 [FXGL Background Thread 2 ] DEBUG TilesetLoader        - Writing to buffer: dst=672,304, w=16,h=16, src=64,464
12:40:21.791 [FXGL Background Thread 2 ] DEBUG TilesetLoader        - Writing to buffer: dst=688,304, w=16,h=16, src=64,464
12:40:21.791 [FXGL Background Thread 2 ] DEBUG TilesetLoader        - Writing to buffer: dst=704,304, w=16,h=16, src=64,432
12:40:21.791 [FXGL Background Thread 2 ] DEBUG TilesetLoader        - Writing to buffer: dst=1264,304, w=16,h=16, src=16,64
12:40:21.791 [FXGL Background Thread 2 ] DEBUG TilesetLoader        - Writing to buffer: dst=0,320, w=16,h=16, src=16,64
12:40:21.791 [FXGL Background Thread 2 ] DEBUG TilesetLoader        - Writing to buffer: dst=416,320, w=16,h=16, src=0,448
12:40:21.791 [FXGL Background Thread 2 ] DEBUG TilesetLoader        - Writing to buffer: dst=560,320, w=16,h=16, src=0,448
12:40:21.791 [FXGL Background Thread 2 ] DEBUG TilesetLoader        - Writing to buffer: dst=704,320, w=16,h=16, src=0,448
12:40:21.791 [FXGL Background Thread 2 ] DEBUG TilesetLoader        - Writing to buffer: dst=1264,320, w=16,h=16, src=16,64
12:40:21.791 [FXGL Background Thread 2 ] DEBUG TilesetLoader        - Writing to buffer: dst=0,336, w=16,h=16, src=16,64
12:40:21.791 [FXGL Background Thread 2 ] DEBUG TilesetLoader        - Writing to buffer: dst=416,336, w=16,h=16, src=0,448
12:40:21.791 [FXGL Background Thread 2 ] DEBUG TilesetLoader        - Writing to buffer: dst=560,336, w=16,h=16, src=0,448
12:40:21.791 [FXGL Background Thread 2 ] DEBUG TilesetLoader        - Writing to buffer: dst=704,336, w=16,h=16, src=0,448
12:40:21.791 [FXGL Background Thread 2 ] DEBUG TilesetLoader        - Writing to buffer: dst=1264,336, w=16,h=16, src=16,64
12:40:21.791 [FXGL Background Thread 2 ] DEBUG TilesetLoader        - Writing to buffer: dst=0,352, w=16,h=16, src=16,64
12:40:21.791 [FXGL Background Thread 2 ] DEBUG TilesetLoader        - Writing to buffer: dst=416,352, w=16,h=16, src=0,448
12:40:21.791 [FXGL Background Thread 2 ] DEBUG TilesetLoader        - Writing to buffer: dst=560,352, w=16,h=16, src=0,448
12:40:21.791 [FXGL Background Thread 2 ] DEBUG TilesetLoader        - Writing to buffer: dst=704,352, w=16,h=16, src=0,448
12:40:21.791 [FXGL Background Thread 2 ] DEBUG TilesetLoader        - Writing to buffer: dst=1264,352, w=16,h=16, src=16,64
12:40:21.791 [FXGL Background Thread 2 ] DEBUG TilesetLoader        - Writing to buffer: dst=0,368, w=16,h=16, src=0,448
12:40:21.791 [FXGL Background Thread 2 ] DEBUG TilesetLoader        - Writing to buffer: dst=416,368, w=16,h=16, src=0,448
12:40:21.791 [FXGL Background Thread 2 ] DEBUG TilesetLoader        - Writing to buffer: dst=560,368, w=16,h=16, src=0,448
12:40:21.791 [FXGL Background Thread 2 ] DEBUG TilesetLoader        - Writing to buffer: dst=704,368, w=16,h=16, src=0,448
12:40:21.792 [FXGL Background Thread 2 ] DEBUG TilesetLoader        - Writing to buffer: dst=1264,368, w=16,h=16, src=0,448
12:40:21.793 [FXGL Background Thread 2 ] DEBUG TilesetLoader        - Writing to buffer: dst=0,384, w=16,h=16, src=0,448
12:40:21.793 [FXGL Background Thread 2 ] DEBUG TilesetLoader        - Writing to buffer: dst=416,384, w=16,h=16, src=0,448
12:40:21.793 [FXGL Background Thread 2 ] DEBUG TilesetLoader        - Writing to buffer: dst=560,384, w=16,h=16, src=0,448
12:40:21.793 [FXGL Background Thread 2 ] DEBUG TilesetLoader        - Writing to buffer: dst=704,384, w=16,h=16, src=0,448
12:40:21.793 [FXGL Background Thread 2 ] DEBUG TilesetLoader        - Writing to buffer: dst=1264,384, w=16,h=16, src=0,448
12:40:21.793 [FXGL Background Thread 2 ] DEBUG TilesetLoader        - Writing to buffer: dst=0,400, w=16,h=16, src=0,448
12:40:21.793 [FXGL Background Thread 2 ] DEBUG TilesetLoader        - Writing to buffer: dst=416,400, w=16,h=16, src=0,448
12:40:21.793 [FXGL Background Thread 2 ] DEBUG TilesetLoader        - Writing to buffer: dst=560,400, w=16,h=16, src=0,448
12:40:21.793 [FXGL Background Thread 2 ] DEBUG TilesetLoader        - Writing to buffer: dst=704,400, w=16,h=16, src=0,448
12:40:21.793 [FXGL Background Thread 2 ] DEBUG TilesetLoader        - Writing to buffer: dst=1264,400, w=16,h=16, src=0,448
12:40:21.793 [FXGL Background Thread 2 ] DEBUG TilesetLoader        - Writing to buffer: dst=0,416, w=16,h=16, src=0,448
12:40:21.793 [FXGL Background Thread 2 ] DEBUG TilesetLoader        - Writing to buffer: dst=416,416, w=16,h=16, src=0,448
12:40:21.793 [FXGL Background Thread 2 ] DEBUG TilesetLoader        - Writing to buffer: dst=560,416, w=16,h=16, src=0,448
12:40:21.793 [FXGL Background Thread 2 ] DEBUG TilesetLoader        - Writing to buffer: dst=704,416, w=16,h=16, src=0,448
12:40:21.793 [FXGL Background Thread 2 ] DEBUG TilesetLoader        - Writing to buffer: dst=1264,416, w=16,h=16, src=0,448
12:40:21.793 [FXGL Background Thread 2 ] DEBUG TilesetLoader        - Writing to buffer: dst=0,432, w=16,h=16, src=0,448
12:40:21.793 [FXGL Background Thread 2 ] DEBUG TilesetLoader        - Writing to buffer: dst=416,432, w=16,h=16, src=0,448
12:40:21.793 [FXGL Background Thread 2 ] DEBUG TilesetLoader        - Writing to buffer: dst=560,432, w=16,h=16, src=0,448
12:40:21.793 [FXGL Background Thread 2 ] DEBUG TilesetLoader        - Writing to buffer: dst=704,432, w=16,h=16, src=0,448
12:40:21.794 [FXGL Background Thread 2 ] DEBUG TilesetLoader        - Writing to buffer: dst=1264,432, w=16,h=16, src=0,448
12:40:21.794 [FXGL Background Thread 2 ] DEBUG TilesetLoader        - Writing to buffer: dst=0,448, w=16,h=16, src=0,448
12:40:21.794 [FXGL Background Thread 2 ] DEBUG TilesetLoader        - Writing to buffer: dst=416,448, w=16,h=16, src=0,448
12:40:21.794 [FXGL Background Thread 2 ] DEBUG TilesetLoader        - Writing to buffer: dst=560,448, w=16,h=16, src=0,448
12:40:21.794 [FXGL Background Thread 2 ] DEBUG TilesetLoader        - Writing to buffer: dst=704,448, w=16,h=16, src=0,448
12:40:21.794 [FXGL Background Thread 2 ] DEBUG TilesetLoader        - Writing to buffer: dst=1264,448, w=16,h=16, src=0,448
12:40:21.794 [FXGL Background Thread 2 ] DEBUG TilesetLoader        - Writing to buffer: dst=0,464, w=16,h=16, src=0,448
12:40:21.794 [FXGL Background Thread 2 ] DEBUG TilesetLoader        - Writing to buffer: dst=416,464, w=16,h=16, src=0,448
12:40:21.794 [FXGL Background Thread 2 ] DEBUG TilesetLoader        - Writing to buffer: dst=560,464, w=16,h=16, src=0,448
12:40:21.794 [FXGL Background Thread 2 ] DEBUG TilesetLoader        - Writing to buffer: dst=704,464, w=16,h=16, src=0,448
12:40:21.794 [FXGL Background Thread 2 ] DEBUG TilesetLoader        - Writing to buffer: dst=1264,464, w=16,h=16, src=0,448
12:40:21.794 [FXGL Background Thread 2 ] DEBUG TilesetLoader        - Writing to buffer: dst=0,480, w=16,h=16, src=0,448
12:40:21.794 [FXGL Background Thread 2 ] DEBUG TilesetLoader        - Writing to buffer: dst=416,480, w=16,h=16, src=16,448
12:40:21.794 [FXGL Background Thread 2 ] DEBUG TilesetLoader        - Writing to buffer: dst=560,480, w=16,h=16, src=16,448
12:40:21.794 [FXGL Background Thread 2 ] DEBUG TilesetLoader        - Writing to buffer: dst=704,480, w=16,h=16, src=16,448
12:40:21.794 [FXGL Background Thread 2 ] DEBUG TilesetLoader        - Writing to buffer: dst=1264,480, w=16,h=16, src=0,448
12:40:21.794 [FXGL Background Thread 2 ] DEBUG TilesetLoader        - Writing to buffer: dst=0,496, w=16,h=16, src=0,448
12:40:21.794 [FXGL Background Thread 2 ] DEBUG TilesetLoader        - Writing to buffer: dst=1264,496, w=16,h=16, src=0,448
12:40:21.794 [FXGL Background Thread 2 ] DEBUG TilesetLoader        - Writing to buffer: dst=0,512, w=16,h=16, src=0,448
12:40:21.794 [FXGL Background Thread 2 ] DEBUG TilesetLoader        - Writing to buffer: dst=1264,512, w=16,h=16, src=0,448
12:40:21.794 [FXGL Background Thread 2 ] DEBUG TilesetLoader        - Writing to buffer: dst=0,528, w=16,h=16, src=0,448
12:40:21.794 [FXGL Background Thread 2 ] DEBUG TilesetLoader        - Writing to buffer: dst=1264,528, w=16,h=16, src=0,448
12:40:21.795 [FXGL Background Thread 2 ] DEBUG TilesetLoader        - Writing to buffer: dst=0,544, w=16,h=16, src=0,448
12:40:21.795 [FXGL Background Thread 2 ] DEBUG TilesetLoader        - Writing to buffer: dst=1264,544, w=16,h=16, src=0,448
12:40:21.795 [FXGL Background Thread 2 ] DEBUG TilesetLoader        - Writing to buffer: dst=0,560, w=16,h=16, src=0,448
12:40:21.795 [FXGL Background Thread 2 ] DEBUG TilesetLoader        - Writing to buffer: dst=1264,560, w=16,h=16, src=0,448
12:40:21.795 [FXGL Background Thread 2 ] DEBUG TilesetLoader        - Writing to buffer: dst=0,576, w=16,h=16, src=0,448
12:40:21.795 [FXGL Background Thread 2 ] DEBUG TilesetLoader        - Writing to buffer: dst=1264,576, w=16,h=16, src=0,448
12:40:21.795 [FXGL Background Thread 2 ] DEBUG TilesetLoader        - Writing to buffer: dst=0,592, w=16,h=16, src=0,448
12:40:21.795 [FXGL Background Thread 2 ] DEBUG TilesetLoader        - Writing to buffer: dst=1264,592, w=16,h=16, src=0,448
12:40:21.795 [FXGL Background Thread 2 ] DEBUG TilesetLoader        - Writing to buffer: dst=0,608, w=16,h=16, src=0,448
12:40:21.795 [FXGL Background Thread 2 ] DEBUG TilesetLoader        - Writing to buffer: dst=1264,608, w=16,h=16, src=0,448
12:40:21.795 [FXGL Background Thread 2 ] DEBUG TilesetLoader        - Writing to buffer: dst=0,624, w=16,h=16, src=0,448
12:40:21.795 [FXGL Background Thread 2 ] DEBUG TilesetLoader        - Writing to buffer: dst=1264,624, w=16,h=16, src=0,448
12:40:21.795 [FXGL Background Thread 2 ] DEBUG TilesetLoader        - Writing to buffer: dst=0,640, w=16,h=16, src=0,448
12:40:21.795 [FXGL Background Thread 2 ] DEBUG TilesetLoader        - Writing to buffer: dst=1264,640, w=16,h=16, src=0,448
12:40:21.795 [FXGL Background Thread 2 ] DEBUG TilesetLoader        - Writing to buffer: dst=0,656, w=16,h=16, src=0,448
12:40:21.795 [FXGL Background Thread 2 ] DEBUG TilesetLoader        - Writing to buffer: dst=1264,656, w=16,h=16, src=0,448
12:40:21.795 [FXGL Background Thread 2 ] DEBUG TilesetLoader        - Writing to buffer: dst=0,672, w=16,h=16, src=0,448
12:40:21.795 [FXGL Background Thread 2 ] DEBUG TilesetLoader        - Writing to buffer: dst=1264,672, w=16,h=16, src=0,448
12:40:21.795 [FXGL Background Thread 2 ] DEBUG TilesetLoader        - Writing to buffer: dst=0,688, w=16,h=16, src=0,448
12:40:21.795 [FXGL Background Thread 2 ] DEBUG TilesetLoader        - Writing to buffer: dst=1264,688, w=16,h=16, src=0,448
12:40:21.795 [FXGL Background Thread 2 ] DEBUG TilesetLoader        - Writing to buffer: dst=0,704, w=16,h=16, src=0,464
12:40:21.795 [FXGL Background Thread 2 ] DEBUG TilesetLoader        - Writing to buffer: dst=16,704, w=16,h=16, src=64,464
12:40:21.795 [FXGL Background Thread 2 ] DEBUG TilesetLoader        - Writing to buffer: dst=32,704, w=16,h=16, src=64,464
12:40:21.795 [FXGL Background Thread 2 ] DEBUG TilesetLoader        - Writing to buffer: dst=48,704, w=16,h=16, src=64,464
12:40:21.795 [FXGL Background Thread 2 ] DEBUG TilesetLoader        - Writing to buffer: dst=64,704, w=16,h=16, src=64,464
12:40:21.795 [FXGL Background Thread 2 ] DEBUG TilesetLoader        - Writing to buffer: dst=80,704, w=16,h=16, src=64,464
12:40:21.795 [FXGL Background Thread 2 ] DEBUG TilesetLoader        - Writing to buffer: dst=96,704, w=16,h=16, src=64,464
12:40:21.795 [FXGL Background Thread 2 ] DEBUG TilesetLoader        - Writing to buffer: dst=112,704, w=16,h=16, src=64,464
12:40:21.795 [FXGL Background Thread 2 ] DEBUG TilesetLoader        - Writing to buffer: dst=128,704, w=16,h=16, src=64,464
12:40:21.795 [FXGL Background Thread 2 ] DEBUG TilesetLoader        - Writing to buffer: dst=144,704, w=16,h=16, src=64,464
12:40:21.795 [FXGL Background Thread 2 ] DEBUG TilesetLoader        - Writing to buffer: dst=160,704, w=16,h=16, src=64,464
12:40:21.795 [FXGL Background Thread 2 ] DEBUG TilesetLoader        - Writing to buffer: dst=176,704, w=16,h=16, src=64,464
12:40:21.795 [FXGL Background Thread 2 ] DEBUG TilesetLoader        - Writing to buffer: dst=192,704, w=16,h=16, src=64,464
12:40:21.795 [FXGL Background Thread 2 ] DEBUG TilesetLoader        - Writing to buffer: dst=208,704, w=16,h=16, src=64,464
12:40:21.795 [FXGL Background Thread 2 ] DEBUG TilesetLoader        - Writing to buffer: dst=224,704, w=16,h=16, src=64,464
12:40:21.795 [FXGL Background Thread 2 ] DEBUG TilesetLoader        - Writing to buffer: dst=240,704, w=16,h=16, src=64,464
12:40:21.795 [FXGL Background Thread 2 ] DEBUG TilesetLoader        - Writing to buffer: dst=256,704, w=16,h=16, src=64,464
12:40:21.795 [FXGL Background Thread 2 ] DEBUG TilesetLoader        - Writing to buffer: dst=272,704, w=16,h=16, src=64,464
12:40:21.795 [FXGL Background Thread 2 ] DEBUG TilesetLoader        - Writing to buffer: dst=288,704, w=16,h=16, src=64,464
12:40:21.795 [FXGL Background Thread 2 ] DEBUG TilesetLoader        - Writing to buffer: dst=304,704, w=16,h=16, src=64,464
12:40:21.795 [FXGL Background Thread 2 ] DEBUG TilesetLoader        - Writing to buffer: dst=320,704, w=16,h=16, src=64,464
12:40:21.795 [FXGL Background Thread 2 ] DEBUG TilesetLoader        - Writing to buffer: dst=336,704, w=16,h=16, src=64,464
12:40:21.795 [FXGL Background Thread 2 ] DEBUG TilesetLoader        - Writing to buffer: dst=352,704, w=16,h=16, src=64,464
12:40:21.796 [FXGL Background Thread 2 ] DEBUG TilesetLoader        - Writing to buffer: dst=368,704, w=16,h=16, src=64,464
12:40:21.796 [FXGL Background Thread 2 ] DEBUG TilesetLoader        - Writing to buffer: dst=384,704, w=16,h=16, src=64,464
12:40:21.796 [FXGL Background Thread 2 ] DEBUG TilesetLoader        - Writing to buffer: dst=400,704, w=16,h=16, src=64,464
12:40:21.796 [FXGL Background Thread 2 ] DEBUG TilesetLoader        - Writing to buffer: dst=416,704, w=16,h=16, src=16,64
12:40:21.796 [FXGL Background Thread 2 ] DEBUG TilesetLoader        - Writing to buffer: dst=432,704, w=16,h=16, src=16,64
12:40:21.796 [FXGL Background Thread 2 ] DEBUG TilesetLoader        - Writing to buffer: dst=448,704, w=16,h=16, src=16,64
12:40:21.796 [FXGL Background Thread 2 ] DEBUG TilesetLoader        - Writing to buffer: dst=464,704, w=16,h=16, src=16,64
12:40:21.796 [FXGL Background Thread 2 ] DEBUG TilesetLoader        - Writing to buffer: dst=480,704, w=16,h=16, src=16,64
12:40:21.796 [FXGL Background Thread 2 ] DEBUG TilesetLoader        - Writing to buffer: dst=496,704, w=16,h=16, src=16,64
12:40:21.796 [FXGL Background Thread 2 ] DEBUG TilesetLoader        - Writing to buffer: dst=512,704, w=16,h=16, src=16,64
12:40:21.796 [FXGL Background Thread 2 ] DEBUG TilesetLoader        - Writing to buffer: dst=528,704, w=16,h=16, src=16,64
12:40:21.796 [FXGL Background Thread 2 ] DEBUG TilesetLoader        - Writing to buffer: dst=544,704, w=16,h=16, src=16,64
12:40:21.796 [FXGL Background Thread 2 ] DEBUG TilesetLoader        - Writing to buffer: dst=560,704, w=16,h=16, src=16,64
12:40:21.796 [FXGL Background Thread 2 ] DEBUG TilesetLoader        - Writing to buffer: dst=576,704, w=16,h=16, src=16,64
12:40:21.796 [FXGL Background Thread 2 ] DEBUG TilesetLoader        - Writing to buffer: dst=592,704, w=16,h=16, src=16,64
12:40:21.796 [FXGL Background Thread 2 ] DEBUG TilesetLoader        - Writing to buffer: dst=608,704, w=16,h=16, src=16,64
12:40:21.796 [FXGL Background Thread 2 ] DEBUG TilesetLoader        - Writing to buffer: dst=624,704, w=16,h=16, src=16,64
12:40:21.796 [FXGL Background Thread 2 ] DEBUG TilesetLoader        - Writing to buffer: dst=640,704, w=16,h=16, src=16,64
12:40:21.796 [FXGL Background Thread 2 ] DEBUG TilesetLoader        - Writing to buffer: dst=656,704, w=16,h=16, src=16,64
12:40:21.796 [FXGL Background Thread 2 ] DEBUG TilesetLoader        - Writing to buffer: dst=672,704, w=16,h=16, src=16,64
12:40:21.796 [FXGL Background Thread 2 ] DEBUG TilesetLoader        - Writing to buffer: dst=688,704, w=16,h=16, src=16,64
12:40:21.796 [FXGL Background Thread 2 ] DEBUG TilesetLoader        - Writing to buffer: dst=704,704, w=16,h=16, src=16,64
12:40:21.796 [FXGL Background Thread 2 ] DEBUG TilesetLoader        - Writing to buffer: dst=720,704, w=16,h=16, src=64,464
12:40:21.796 [FXGL Background Thread 2 ] DEBUG TilesetLoader        - Writing to buffer: dst=736,704, w=16,h=16, src=64,464
12:40:21.796 [FXGL Background Thread 2 ] DEBUG TilesetLoader        - Writing to buffer: dst=752,704, w=16,h=16, src=64,464
12:40:21.796 [FXGL Background Thread 2 ] DEBUG TilesetLoader        - Writing to buffer: dst=768,704, w=16,h=16, src=64,464
12:40:21.796 [FXGL Background Thread 2 ] DEBUG TilesetLoader        - Writing to buffer: dst=784,704, w=16,h=16, src=64,464
12:40:21.796 [FXGL Background Thread 2 ] DEBUG TilesetLoader        - Writing to buffer: dst=800,704, w=16,h=16, src=64,464
12:40:21.796 [FXGL Background Thread 2 ] DEBUG TilesetLoader        - Writing to buffer: dst=816,704, w=16,h=16, src=64,464
12:40:21.796 [FXGL Background Thread 2 ] DEBUG TilesetLoader        - Writing to buffer: dst=832,704, w=16,h=16, src=64,464
12:40:21.796 [FXGL Background Thread 2 ] DEBUG TilesetLoader        - Writing to buffer: dst=848,704, w=16,h=16, src=64,464
12:40:21.796 [FXGL Background Thread 2 ] DEBUG TilesetLoader        - Writing to buffer: dst=864,704, w=16,h=16, src=64,464
12:40:21.796 [FXGL Background Thread 2 ] DEBUG TilesetLoader        - Writing to buffer: dst=880,704, w=16,h=16, src=64,464
12:40:21.796 [FXGL Background Thread 2 ] DEBUG TilesetLoader        - Writing to buffer: dst=896,704, w=16,h=16, src=64,464
12:40:21.796 [FXGL Background Thread 2 ] DEBUG TilesetLoader        - Writing to buffer: dst=912,704, w=16,h=16, src=64,464
12:40:21.796 [FXGL Background Thread 2 ] DEBUG TilesetLoader        - Writing to buffer: dst=928,704, w=16,h=16, src=64,464
12:40:21.796 [FXGL Background Thread 2 ] DEBUG TilesetLoader        - Writing to buffer: dst=944,704, w=16,h=16, src=64,464
12:40:21.796 [FXGL Background Thread 2 ] DEBUG TilesetLoader        - Writing to buffer: dst=960,704, w=16,h=16, src=64,464
12:40:21.796 [FXGL Background Thread 2 ] DEBUG TilesetLoader        - Writing to buffer: dst=976,704, w=16,h=16, src=64,464
12:40:21.796 [FXGL Background Thread 2 ] DEBUG TilesetLoader        - Writing to buffer: dst=992,704, w=16,h=16, src=64,464
12:40:21.796 [FXGL Background Thread 2 ] DEBUG TilesetLoader        - Writing to buffer: dst=1008,704, w=16,h=16, src=64,464
12:40:21.796 [FXGL Background Thread 2 ] DEBUG TilesetLoader        - Writing to buffer: dst=1024,704, w=16,h=16, src=64,464
12:40:21.796 [FXGL Background Thread 2 ] DEBUG TilesetLoader        - Writing to buffer: dst=1040,704, w=16,h=16, src=64,464
12:40:21.796 [FXGL Background Thread 2 ] DEBUG TilesetLoader        - Writing to buffer: dst=1056,704, w=16,h=16, src=64,464
12:40:21.796 [FXGL Background Thread 2 ] DEBUG TilesetLoader        - Writing to buffer: dst=1072,704, w=16,h=16, src=64,464
12:40:21.796 [FXGL Background Thread 2 ] DEBUG TilesetLoader        - Writing to buffer: dst=1088,704, w=16,h=16, src=64,464
12:40:21.796 [FXGL Background Thread 2 ] DEBUG TilesetLoader        - Writing to buffer: dst=1104,704, w=16,h=16, src=64,464
12:40:21.796 [FXGL Background Thread 2 ] DEBUG TilesetLoader        - Writing to buffer: dst=1120,704, w=16,h=16, src=64,464
12:40:21.796 [FXGL Background Thread 2 ] DEBUG TilesetLoader        - Writing to buffer: dst=1136,704, w=16,h=16, src=64,464
12:40:21.796 [FXGL Background Thread 2 ] DEBUG TilesetLoader        - Writing to buffer: dst=1152,704, w=16,h=16, src=64,464
12:40:21.796 [FXGL Background Thread 2 ] DEBUG TilesetLoader        - Writing to buffer: dst=1168,704, w=16,h=16, src=64,464
12:40:21.796 [FXGL Background Thread 2 ] DEBUG TilesetLoader        - Writing to buffer: dst=1184,704, w=16,h=16, src=64,464
12:40:21.796 [FXGL Background Thread 2 ] DEBUG TilesetLoader        - Writing to buffer: dst=1200,704, w=16,h=16, src=16,432
12:40:21.796 [FXGL Background Thread 2 ] DEBUG TilesetLoader        - Writing to buffer: dst=1216,704, w=16,h=16, src=16,432
12:40:21.797 [FXGL Background Thread 2 ] DEBUG TilesetLoader        - Writing to buffer: dst=1232,704, w=16,h=16, src=16,432
12:40:21.797 [FXGL Background Thread 2 ] DEBUG TilesetLoader        - Writing to buffer: dst=1248,704, w=16,h=16, src=16,432
12:40:21.797 [FXGL Background Thread 2 ] DEBUG TilesetLoader        - Writing to buffer: dst=1264,704, w=16,h=16, src=32,464
12:40:21.797 [FXGL Background Thread 2 ] DEBUG TMXLevelLoader       - Creating object layer entities
12:40:21.822 [FXGL Background Thread 2 ] DEBUG GameWorld            - Clearing removable entities
12:40:21.822 [FXGL Background Thread 2 ] DEBUG GameWorld            - Setting level: com.almasb.fxgl.entity.level.Level@2a267e41
12:40:21.828 [FXGL Background Thread 2 ] DEBUG FXGLAssetLoaderServi - Loading from file system: /assets/textures/stick_figure.png
12:40:21.833 [FXGL Background Thread 2 ] DEBUG FXGLAssetLoaderServi - Loading from file system: /assets/textures/swordsman.png
12:40:21.834 [FXGL Background Thread 2 ] DEBUG FXGLAssetLoaderServi - Loading from file system: /assets/textures/ninja.png
12:40:21.835 [FXGL Background Thread 2 ] WARN  FXGLAssetLoaderServi - Failed to load texture ninja.png Error: java.lang.IllegalArgumentException: Asset "/assets/textures/ninja.png" was not found!
12:40:21.851 [FXGL Background Thread 2 ] DEBUG FXGLAssetLoaderServi - Loading from file system: /assets/textures/Shield viking.png
12:40:21.852 [FXGL Background Thread 2 ] WARN  FXGLAssetLoaderServi - Failed to load texture Shield viking.png Error: java.lang.IllegalArgumentException: Asset "/assets/textures/Shield viking.png" was not found!
12:40:21.853 [FXGL Background Thread 2 ] DEBUG FXGLAssetLoaderServi - Loading from cache: /assets/textures/stick_figure.png
12:40:21.855 [FXGL Background Thread 2 ] INFO  FXGLApplication      - Game initialization took: 0.149 sec
12:40:21.856 [JavaFX Application Thread] DEBUG Input                - Clearing active input actions
12:40:21.861 [JavaFX Application Thread] DEBUG GameApplicationServi - Removing overlay from FXGLLoadingScene and adding to GameScene
12:40:21.861 [JavaFX Application Thread] DEBUG MainWindow           - FXGLLoadingScene -> GameScene
12:40:23.484 [JavaFX Application Thread] DEBUG FXGLApplication      - Exiting FXGL
12:40:23.484 [JavaFX Application Thread] DEBUG LoopRunner           - Stopping loop
12:40:23.484 [JavaFX Application Thread] DEBUG SystemBundleService  - Saving FXGL system data
12:40:23.486 [JavaFX Application Thread] DEBUG FileSystemAccess     - Writing to: C:\Users\mjsel\CS-2340-Final-Project\system\fxgl.bundle
12:40:23.488 [JavaFX Application Thread] DEBUG Async                - Shutting down background threads
12:40:23.488 [JavaFX Application Thread] DEBUG MainWindow           - Closing main window
12:40:23.500 [JavaFX Application Thread] DEBUG Logger               - Closing Logger
