18:31:30.041 [main                     ] DEBUG Logger               - Configured Logger
18:31:30.062 [main                     ] DEBUG GameApplication      - Logging settings
Title: Dungeon Crawler
Version: Development 0.0.1
Width: 1280
Height: 720
Fullscreen: false
Intro: false
Profiling: false
Single step:false
App Mode: DEVELOPER
Menu Key: ESCAPE
Stage Style: DECORATED
Scene Factory: class com.group19.javafxgame.ui.menu.main.MainMenuSceneFactory

18:31:30.696 [JavaFX Application Thread] DEBUG FXGLApplication      - Initializing FXGL
18:31:30.699 [JavaFX Application Thread] INFO  Engine               - FXGL-11.12 (11.12.2020 08.51) on WINDOWS (J:11.0.10 FX:15)
18:31:30.700 [JavaFX Application Thread] DEBUG Engine               - JRE Vendor Name: AdoptOpenJDK
18:31:30.700 [JavaFX Application Thread] DEBUG Engine               - Running on OS: Windows 10 version 10.0
18:31:30.700 [JavaFX Application Thread] DEBUG Engine               - Architecture: amd64
18:31:30.700 [JavaFX Application Thread] INFO  Engine               - Source code and latest versions at: https://github.com/AlmasB/FXGL
18:31:30.701 [JavaFX Application Thread] INFO  Engine               -              Join the FXGL chat at: https://gitter.im/AlmasB/FXGL
18:31:30.865 [JavaFX Application Thread] DEBUG MainWindow           - Creating a JavaFX scene
18:31:30.968 [JavaFX Application Thread] DEBUG MainWindow           - Target settings size: 1280.0 x 720.0
18:31:30.969 [JavaFX Application Thread] DEBUG MainWindow           - Scaled scene size:    1280.0 x 720.0
18:31:30.969 [JavaFX Application Thread] DEBUG MainWindow           - Scaled ratio: (1.0, 1.0)
18:31:30.971 [JavaFX Application Thread] DEBUG MainWindow           - Set initial scene to StartupScene
18:31:30.988 [JavaFX Application Thread] DEBUG MainWindow           - Opening main window
18:31:31.102 [JavaFX Application Thread] DEBUG MainWindow           - Window border size: (16.0, 39.0)
18:31:31.102 [JavaFX Application Thread] DEBUG MainWindow           - Scaled size: 1280.0 x 720.0
18:31:31.102 [JavaFX Application Thread] DEBUG MainWindow           - Scaled ratio: (1.0, 1.0)
18:31:31.102 [JavaFX Application Thread] DEBUG MainWindow           - Scene size: 1280.0 x 720.0
18:31:31.102 [JavaFX Application Thread] DEBUG MainWindow           - Stage size: 1296.0 x 759.0
18:31:31.109 [FXGL Background Thread 1 ] DEBUG Engine               - Initializing environment variables
18:31:31.146 [FXGL Background Thread 1 ] DEBUG GameApplicationServi - Applying CSS: fxgl_dark.css
18:31:31.146 [FXGL Background Thread 1 ] DEBUG FXGLAssetLoaderServi - Loading from file system: /assets/ui/css/fxgl_dark.css
18:31:31.212 [FXGL Background Thread 1 ] DEBUG GameApplicationServi - Initializing application scenes
18:31:31.273 [FXGL Background Thread 1 ] DEBUG GameWorld            - Game world initialized
18:31:31.347 [FXGL Background Thread 1 ] DEBUG PhysicsWorld         - Physics world initialized: appHeight=720, physics.ppm=50.0
18:31:31.350 [FXGL Background Thread 1 ] DEBUG GameScene            - Game scene initialized: 1280x720
18:31:31.371 [FXGL Background Thread 1 ] DEBUG FXGLAssetLoaderServi - Loading from file system: /assets/textures/background/MainMenuBackground.jpg
18:31:31.479 [FXGL Background Thread 1 ] DEBUG FXGLAssetLoaderServi - Loading from file system: /assets/textures/particles/trace_horizontal.png
18:31:31.517 [FXGL Background Thread 1 ] DEBUG FXGL.DefaultMenu     - createMenuBodyGameMenu()
18:31:31.529 [FXGL Background Thread 1 ] DEBUG FXGL.DefaultMenu     - createOptionsMenu()
18:31:31.535 [FXGL Background Thread 1 ] DEBUG FXGLAssetLoaderServi - Loading from file system: /assets/textures/particles/smoke.png
18:31:31.597 [FXGL Background Thread 1 ] DEBUG GameApplicationServi - Application scenes initialized
18:31:31.611 [FXGL Background Thread 1 ] DEBUG SystemBundleService  - Loading FXGL system data
18:31:31.615 [FXGL Background Thread 1 ] DEBUG FileSystemAccess     - Reading from: C:\Users\rodos\CS-2340-Final-Project\system\fxgl.bundle
18:31:31.621 [FXGL Background Thread 1 ] DEBUG SystemBundleService  - Bundle FXGL: {}
18:31:31.621 [FXGL Background Thread 1 ] DEBUG UpdaterService       - Checking for updates
18:31:31.627 [FXGL Background Thread 4 ] DEBUG FXGLApplication      - Loading fonts
18:31:31.628 [FXGL Background Thread 1 ] DEBUG FXGLAssetLoaderServi - Loading from file system: /assets/languages/english.lang
18:31:31.628 [FXGL Background Thread 4 ] DEBUG FXGLAssetLoaderServi - Loading from file system: /assets/ui/fonts/VarelaRound-Regular.ttf
18:31:31.656 [FXGL Background Thread 1 ] INFO  FXGLApplication      - FXGL initialization took: 0.546 sec
18:31:31.657 [JavaFX Application Thread] DEBUG FXGLAssetLoaderServi - Loading from file system: /assets/textures/fxgl_icon.png
18:31:31.689 [JavaFX Application Thread] DEBUG FXGLAssetLoaderServi - Loading from file system: /assets/ui/cursors/fxgl_default.png
18:31:31.707 [JavaFX Application Thread] DEBUG Input                - Registered new binding: Screenshot - P
18:31:31.707 [JavaFX Application Thread] DEBUG Input                - Registered new binding: System info dump - CTRL+9
18:31:31.708 [JavaFX Application Thread] DEBUG Input                - Registered new binding: Restart - CTRL+R
18:31:31.708 [JavaFX Application Thread] DEBUG Input                - Registered new binding: Toggle Debug Camera - CTRL+C
18:31:31.711 [JavaFX Application Thread] DEBUG LoopRunner           - Starting loop
18:31:31.714 [JavaFX Application Thread] DEBUG Input                - Clearing active input actions
18:31:31.726 [JavaFX Application Thread] DEBUG GameApplicationServi - Removing overlay from StartupScene and adding to FXGLMainMenuDummyScene
18:31:31.726 [JavaFX Application Thread] DEBUG MainWindow           - StartupScene -> FXGLMainMenuDummyScene
18:31:31.726 [JavaFX Application Thread] DEBUG MainWindow           - Push state: MainMenu
18:31:31.726 [JavaFX Application Thread] DEBUG Input                - Clearing active input actions
18:31:31.737 [JavaFX Application Thread] DEBUG GameApplicationServi - Removing overlay from FXGLMainMenuDummyScene and adding to MainMenu
18:31:31.737 [JavaFX Application Thread] DEBUG MainWindow           - FXGLMainMenuDummyScene -> MainMenu
18:31:32.127 [FXGL Background Thread 4 ] DEBUG FXGLAssetLoaderServi - Loading from file system: /assets/ui/fonts/Abel-Regular.ttf
18:31:32.132 [FXGL Background Thread 4 ] DEBUG FXGLAssetLoaderServi - Loading from file system: /assets/ui/fonts/lucida_console.ttf
18:31:32.137 [FXGL Background Thread 4 ] DEBUG FXGLAssetLoaderServi - Loading from file system: /assets/ui/fonts/Courier-Prime.ttf
18:31:32.146 [JavaFX Application Thread] DEBUG FXGLApplication      - Registering font factories with UI factory
18:31:32.416 [FXGL Background Thread 2 ] INFO  UpdaterService       - Your current version:  11.12
18:31:32.417 [FXGL Background Thread 2 ] INFO  UpdaterService       - Latest stable version: 11.16
18:31:32.837 [JavaFX Application Thread] DEBUG Menu                 - fireNewGame()
18:31:32.838 [JavaFX Application Thread] DEBUG GameApplicationServi - Starting new game
18:31:32.838 [JavaFX Application Thread] DEBUG MainWindow           - Pop state: MainMenu
18:31:32.838 [JavaFX Application Thread] DEBUG Input                - Clearing active input actions
18:31:32.839 [JavaFX Application Thread] DEBUG GameApplicationServi - Removing overlay from MainMenu and adding to FXGLMainMenuDummyScene
18:31:32.840 [JavaFX Application Thread] DEBUG MainWindow           - FXGLMainMenuDummyScene <- MainMenu
18:31:32.840 [JavaFX Application Thread] DEBUG Input                - Clearing active input actions
18:31:32.848 [JavaFX Application Thread] DEBUG GameApplicationServi - Removing overlay from FXGLMainMenuDummyScene and adding to FXGLLoadingScene
18:31:32.848 [JavaFX Application Thread] DEBUG MainWindow           - FXGLMainMenuDummyScene -> FXGLLoadingScene
18:31:32.848 [JavaFX Application Thread] DEBUG GameApplicationServi - Clearing previous game
18:31:32.848 [JavaFX Application Thread] DEBUG GameScene            - Clearing game scene
18:31:32.848 [JavaFX Application Thread] DEBUG GameWorld            - Clearing game world
18:31:32.849 [JavaFX Application Thread] DEBUG PhysicsWorld         - Clearing physics world
18:31:32.850 [FXGL Background Thread 2 ] DEBUG FXGLApplication      - Initializing game
18:31:32.863 [FXGL Background Thread 2 ] DEBUG FXGLAssetLoaderServi - Loading from cache: /assets/textures/background/MainMenuBackground.jpg
18:31:32.888 [FXGL Background Thread 2 ] INFO  FXGLApplication      - Game initialization took: 0.038 sec
18:31:32.957 [JavaFX Application Thread] DEBUG Input                - Clearing active input actions
18:31:32.966 [JavaFX Application Thread] DEBUG GameApplicationServi - Removing overlay from FXGLLoadingScene and adding to GameScene
18:31:32.967 [JavaFX Application Thread] DEBUG MainWindow           - FXGLLoadingScene -> GameScene
18:31:34.626 [FXGL Background Thread 3 ] DEBUG Engine               - Logging environment variables
18:31:34.626 [FXGL Background Thread 3 ] DEBUG Engine               - achievements: []
18:31:34.626 [FXGL Background Thread 3 ] DEBUG Engine               - actualHeight: 720.0
18:31:34.627 [FXGL Background Thread 3 ] DEBUG Engine               - actualHeightProperty: ReadOnlyDoubleProperty [value: 720.0]
18:31:34.627 [FXGL Background Thread 3 ] DEBUG Engine               - actualWidth: 1280.0
18:31:34.627 [FXGL Background Thread 3 ] DEBUG Engine               - actualWidthProperty: ReadOnlyDoubleProperty [value: 1280.0]
18:31:34.627 [FXGL Background Thread 3 ] DEBUG Engine               - appIcon: fxgl_icon.png
18:31:34.627 [FXGL Background Thread 3 ] DEBUG Engine               - applicationMode: DEVELOPER
18:31:34.627 [FXGL Background Thread 3 ] DEBUG Engine               - cSSList: [fxgl_dark.css]
18:31:34.627 [FXGL Background Thread 3 ] DEBUG Engine               - configClass: Optional.empty
18:31:34.627 [FXGL Background Thread 3 ] DEBUG Engine               - credits: []
18:31:34.627 [FXGL Background Thread 3 ] DEBUG Engine               - devBBoxColorProperty: ObjectProperty [value: 0xff0000ff]
18:31:34.627 [FXGL Background Thread 3 ] DEBUG Engine               - devEnableDebugCameraProperty: BooleanProperty [value: false]
18:31:34.627 [FXGL Background Thread 3 ] DEBUG Engine               - devSensorColorProperty: ObjectProperty [value: 0xffff00ff]
18:31:34.627 [FXGL Background Thread 3 ] DEBUG Engine               - devShowBBoxProperty: BooleanProperty [value: false]
18:31:34.627 [FXGL Background Thread 3 ] DEBUG Engine               - devShowPositionProperty: BooleanProperty [value: false]
18:31:34.627 [FXGL Background Thread 3 ] DEBUG Engine               - enabledMenuItems: []
18:31:34.627 [FXGL Background Thread 3 ] DEBUG Engine               - engineServices: [class com.almasb.fxgl.app.FXGLApplication$GameApplicationService, class com.almasb.fxgl.app.services.FXGLDialogService, class com.almasb.fxgl.app.services.IOTaskExecutorService, class com.almasb.fxgl.event.EventBusService, class com.almasb.fxgl.io.FileSystemService, class com.almasb.fxgl.localization.LocalizationService, class com.almasb.fxgl.app.services.FXGLAssetLoaderService, class com.almasb.fxgl.app.services.SystemBundleService, class com.almasb.fxgl.profile.SaveLoadService, class com.almasb.fxgl.ui.FXGLUIFactoryServiceProvider, class com.almasb.fxgl.ui.FXGLDialogFactoryServiceProvider, class com.almasb.fxgl.audio.AudioPlayer, class com.almasb.fxgl.notification.impl.NotificationServiceProvider, class com.almasb.fxgl.achievement.AchievementService, class com.almasb.fxgl.cutscene.CutsceneService, class com.almasb.fxgl.minigames.MiniGameService, class com.almasb.fxgl.net.NetService, class com.almasb.fxgl.app.services.UpdaterService, class com.almasb.fxgl.dev.DevService]
18:31:34.628 [FXGL Background Thread 3 ] DEBUG Engine               - fontGame: Abel-Regular.ttf
18:31:34.628 [FXGL Background Thread 3 ] DEBUG Engine               - fontMono: lucida_console.ttf
18:31:34.628 [FXGL Background Thread 3 ] DEBUG Engine               - fontText: Courier-Prime.ttf
18:31:34.628 [FXGL Background Thread 3 ] DEBUG Engine               - fontUI: VarelaRound-Regular.ttf
18:31:34.628 [FXGL Background Thread 3 ] DEBUG Engine               - fullScreen: BooleanProperty [value: false]
18:31:34.628 [FXGL Background Thread 3 ] DEBUG Engine               - gameDifficulty: MEDIUM
18:31:34.628 [FXGL Background Thread 3 ] DEBUG Engine               - gameDifficultyProperty: ObjectProperty [value: MEDIUM]
18:31:34.628 [FXGL Background Thread 3 ] DEBUG Engine               - globalMusicVolume: 0.5
18:31:34.628 [FXGL Background Thread 3 ] DEBUG Engine               - globalMusicVolumeProperty: DoubleProperty [value: 0.5]
18:31:34.628 [FXGL Background Thread 3 ] DEBUG Engine               - globalSoundVolume: 0.5
18:31:34.628 [FXGL Background Thread 3 ] DEBUG Engine               - globalSoundVolumeProperty: DoubleProperty [value: 0.5]
18:31:34.628 [FXGL Background Thread 3 ] DEBUG Engine               - height: 720
18:31:34.628 [FXGL Background Thread 3 ] DEBUG Engine               - isAndroid: false
18:31:34.628 [FXGL Background Thread 3 ] DEBUG Engine               - isBrowser: false
18:31:34.628 [FXGL Background Thread 3 ] DEBUG Engine               - isClickFeedbackEnabled: false
18:31:34.628 [FXGL Background Thread 3 ] DEBUG Engine               - isCloseConfirmation: false
18:31:34.628 [FXGL Background Thread 3 ] DEBUG Engine               - isDesktop: true
18:31:34.629 [FXGL Background Thread 3 ] DEBUG Engine               - isDeveloperMenuEnabled: false
18:31:34.629 [FXGL Background Thread 3 ] DEBUG Engine               - isEntityPreloadEnabled: true
18:31:34.629 [FXGL Background Thread 3 ] DEBUG Engine               - isExperimental3D: false
18:31:34.629 [FXGL Background Thread 3 ] DEBUG Engine               - isExperimentalNative: false
18:31:34.629 [FXGL Background Thread 3 ] DEBUG Engine               - isExperimentalTiledLargeMap: false
18:31:34.629 [FXGL Background Thread 3 ] DEBUG Engine               - isFileSystemWriteAllowed: true
18:31:34.629 [FXGL Background Thread 3 ] DEBUG Engine               - isFullScreenAllowed: false
18:31:34.629 [FXGL Background Thread 3 ] DEBUG Engine               - isFullScreenFromStart: false
18:31:34.629 [FXGL Background Thread 3 ] DEBUG Engine               - isGameMenuEnabled: true
18:31:34.629 [FXGL Background Thread 3 ] DEBUG Engine               - isIOS: false
18:31:34.629 [FXGL Background Thread 3 ] DEBUG Engine               - isIntroEnabled: false
18:31:34.629 [FXGL Background Thread 3 ] DEBUG Engine               - isLinux: false
18:31:34.629 [FXGL Background Thread 3 ] DEBUG Engine               - isMac: false
18:31:34.629 [FXGL Background Thread 3 ] DEBUG Engine               - isMainMenuEnabled: true
18:31:34.629 [FXGL Background Thread 3 ] DEBUG Engine               - isManualResizeEnabled: false
18:31:34.629 [FXGL Background Thread 3 ] DEBUG Engine               - isMobile: false
18:31:34.629 [FXGL Background Thread 3 ] DEBUG Engine               - isPreserveResizeRatio: false
18:31:34.629 [FXGL Background Thread 3 ] DEBUG Engine               - isProfilingEnabled: false
18:31:34.630 [FXGL Background Thread 3 ] DEBUG Engine               - isScaleAffectedOnResize: true
18:31:34.630 [FXGL Background Thread 3 ] DEBUG Engine               - isSingleStep: false
18:31:34.630 [FXGL Background Thread 3 ] DEBUG Engine               - isUserProfileEnabled: false
18:31:34.630 [FXGL Background Thread 3 ] DEBUG Engine               - isWindows: true
18:31:34.630 [FXGL Background Thread 3 ] DEBUG Engine               - language: ObjectProperty [value: ENGLISH]
18:31:34.630 [FXGL Background Thread 3 ] DEBUG Engine               - menuKey: ESCAPE
18:31:34.630 [FXGL Background Thread 3 ] DEBUG Engine               - notificationViewClass: class com.almasb.fxgl.notification.view.XboxNotificationView
18:31:34.630 [FXGL Background Thread 3 ] DEBUG Engine               - pixelsPerMeter: 50.0
18:31:34.630 [FXGL Background Thread 3 ] DEBUG Engine               - platform: WINDOWS
18:31:34.630 [FXGL Background Thread 3 ] DEBUG Engine               - prefHeightProperty: ReadOnlyDoubleProperty [value: 720.0]
18:31:34.630 [FXGL Background Thread 3 ] DEBUG Engine               - prefWidthProperty: ReadOnlyDoubleProperty [value: 1280.0]
18:31:34.630 [FXGL Background Thread 3 ] DEBUG Engine               - profileDir: profiles/
18:31:34.630 [FXGL Background Thread 3 ] DEBUG Engine               - profileName: StringProperty [value: DEFAULT]
18:31:34.630 [FXGL Background Thread 3 ] DEBUG Engine               - randomSeed: -1
18:31:34.630 [FXGL Background Thread 3 ] DEBUG Engine               - runtimeInfo: RuntimeInfo(platform=WINDOWS, version=11.12, build=11.12.2020 08.51)
18:31:34.630 [FXGL Background Thread 3 ] DEBUG Engine               - saveFileExt: sav
18:31:34.630 [FXGL Background Thread 3 ] DEBUG Engine               - scaledHeightProp$fxgl: DoubleProperty [bound, value: 720.0]
18:31:34.630 [FXGL Background Thread 3 ] DEBUG Engine               - scaledWidthProp$fxgl: DoubleProperty [bound, value: 1280.0]
18:31:34.630 [FXGL Background Thread 3 ] DEBUG Engine               - sceneFactory: com.group19.javafxgame.ui.menu.main.MainMenuSceneFactory@179bc363
18:31:34.631 [FXGL Background Thread 3 ] DEBUG Engine               - secondsIn24h: 60
18:31:34.631 [FXGL Background Thread 3 ] DEBUG Engine               - soundMenuBack: menu/back.wav
18:31:34.631 [FXGL Background Thread 3 ] DEBUG Engine               - soundMenuPress: menu/press.wav
18:31:34.631 [FXGL Background Thread 3 ] DEBUG Engine               - soundMenuSelect: menu/select.wav
18:31:34.631 [FXGL Background Thread 3 ] DEBUG Engine               - soundNotification: core/notification.wav
18:31:34.631 [FXGL Background Thread 3 ] DEBUG Engine               - stageStyle: DECORATED
18:31:34.631 [FXGL Background Thread 3 ] DEBUG Engine               - supportedLanguages: [ENGLISH, FRENCH, GERMAN, HUNGARIAN, RUSSIAN]
18:31:34.631 [FXGL Background Thread 3 ] DEBUG Engine               - title: Dungeon Crawler
18:31:34.631 [FXGL Background Thread 3 ] DEBUG Engine               - urlGithub: https://github.com/AlmasB/FXGL
18:31:34.631 [FXGL Background Thread 3 ] DEBUG Engine               - urlLeaderboard: http://fxgl-top.herokuapp.com/
18:31:34.631 [FXGL Background Thread 3 ] DEBUG Engine               - urlPOM: https://raw.githubusercontent.com/AlmasB/FXGL/master/README.md
18:31:34.631 [FXGL Background Thread 3 ] DEBUG Engine               - version: Development 0.0.1
18:31:34.631 [FXGL Background Thread 3 ] DEBUG Engine               - versionCheckDays: 7
18:31:34.631 [FXGL Background Thread 3 ] DEBUG Engine               - width: 1280
18:31:34.631 [FXGL Background Thread 3 ] DEBUG Engine               - Logging services
18:31:34.631 [FXGL Background Thread 3 ] DEBUG Engine               - class com.almasb.fxgl.app.FXGLApplication$GameApplicationService
18:31:34.631 [FXGL Background Thread 3 ] DEBUG Engine               - class com.almasb.fxgl.app.services.FXGLDialogService
18:31:34.631 [FXGL Background Thread 3 ] DEBUG Engine               - class com.almasb.fxgl.app.services.IOTaskExecutorService
18:31:34.631 [FXGL Background Thread 3 ] DEBUG Engine               - class com.almasb.fxgl.event.EventBusService
18:31:34.631 [FXGL Background Thread 3 ] DEBUG Engine               - class com.almasb.fxgl.io.FileSystemService
18:31:34.631 [FXGL Background Thread 3 ] DEBUG Engine               - class com.almasb.fxgl.localization.LocalizationService
18:31:34.631 [FXGL Background Thread 3 ] DEBUG Engine               - class com.almasb.fxgl.app.services.FXGLAssetLoaderService
18:31:34.631 [FXGL Background Thread 3 ] DEBUG Engine               - class com.almasb.fxgl.app.services.SystemBundleService
18:31:34.631 [FXGL Background Thread 3 ] DEBUG Engine               - class com.almasb.fxgl.profile.SaveLoadService
18:31:34.631 [FXGL Background Thread 3 ] DEBUG Engine               - class com.almasb.fxgl.ui.FXGLUIFactoryServiceProvider
18:31:34.631 [FXGL Background Thread 3 ] DEBUG Engine               - class com.almasb.fxgl.ui.FXGLDialogFactoryServiceProvider
18:31:34.631 [FXGL Background Thread 3 ] DEBUG Engine               - class com.almasb.fxgl.audio.AudioPlayer
18:31:34.631 [FXGL Background Thread 3 ] DEBUG Engine               - class com.almasb.fxgl.notification.impl.NotificationServiceProvider
18:31:34.631 [FXGL Background Thread 3 ] DEBUG Engine               - class com.almasb.fxgl.achievement.AchievementService
18:31:34.631 [FXGL Background Thread 3 ] DEBUG Engine               - class com.almasb.fxgl.cutscene.CutsceneService
18:31:34.632 [FXGL Background Thread 3 ] DEBUG Engine               - class com.almasb.fxgl.minigames.MiniGameService
18:31:34.632 [FXGL Background Thread 3 ] DEBUG Engine               - class com.almasb.fxgl.net.NetService
18:31:34.632 [FXGL Background Thread 3 ] DEBUG Engine               - class com.almasb.fxgl.app.services.UpdaterService
18:31:34.632 [FXGL Background Thread 3 ] DEBUG Engine               - class com.almasb.fxgl.dev.DevService
18:31:35.003 [JavaFX Application Thread] DEBUG MainWindow           - Push state: DialogSubScene
18:31:35.003 [JavaFX Application Thread] DEBUG Input                - Clearing active input actions
18:31:35.006 [JavaFX Application Thread] DEBUG GameApplicationServi - Removing overlay from GameScene and adding to DialogSubScene
18:31:35.006 [JavaFX Application Thread] DEBUG MainWindow           - GameScene -> DialogSubScene
18:31:36.670 [JavaFX Application Thread] DEBUG MainWindow           - Pop state: DialogSubScene
18:31:36.671 [JavaFX Application Thread] DEBUG Input                - Clearing active input actions
18:31:36.671 [JavaFX Application Thread] DEBUG GameApplicationServi - Removing overlay from DialogSubScene and adding to GameScene
18:31:36.671 [JavaFX Application Thread] DEBUG MainWindow           - GameScene <- DialogSubScene
18:31:36.672 [JavaFX Application Thread] DEBUG LoopRunner           - Stopping loop
18:31:36.673 [JavaFX Application Thread] FATAL FXGLApplication      - Uncaught Exception:
java.lang.ClassCastException: class javafx.beans.property.SimpleStringProperty cannot be cast to class javafx.beans.property.ObjectProperty (javafx.beans.property.SimpleStringProperty and javafx.beans.property.ObjectProperty are in unnamed module of loader 'app')
	at com.almasb.fxgl.core.collection.PropertyMap.objectProperty(PropertyMap.kt:142)
	at com.almasb.fxgl.core.collection.PropertyMap.getObject(PropertyMap.kt:131)
	at com.almasb.fxgl.dsl.FXGL$Companion.geto(FXGL.kt:301)
	at com.almasb.fxgl.dsl.FXGL.geto(FXGL.kt)
	at com.group19.javafxgame.ui.menu.config.InitialConfigSubScene.lambda$new$2(InitialConfigSubScene.java:85)
	at com.almasb.fxgl.app.services.FXGLDialogService$showInputBox$dialog$1.accept(FXGLDialogService.kt:144)
	at com.almasb.fxgl.app.services.FXGLDialogService$showInputBox$dialog$1.accept(FXGLDialogService.kt:31)
	at com.almasb.fxgl.ui.FXGLDialogFactoryServiceProvider$inputDialog$6.handle(FXGLDialogFactoryServiceProvider.kt:132)
	at com.almasb.fxgl.ui.FXGLDialogFactoryServiceProvider$inputDialog$6.handle(FXGLDialogFactoryServiceProvider.kt:34)
	at com.sun.javafx.event.CompositeEventHandler.dispatchBubblingEvent(CompositeEventHandler.java:86)
	at com.sun.javafx.event.EventHandlerManager.dispatchBubblingEvent(EventHandlerManager.java:234)
	at com.sun.javafx.event.EventHandlerManager.dispatchBubblingEvent(EventHandlerManager.java:191)
	at com.sun.javafx.event.CompositeEventDispatcher.dispatchBubblingEvent(CompositeEventDispatcher.java:59)
	at com.sun.javafx.event.BasicEventDispatcher.dispatchEvent(BasicEventDispatcher.java:58)
	at com.sun.javafx.event.EventDispatchChainImpl.dispatchEvent(EventDispatchChainImpl.java:114)
	at com.sun.javafx.event.BasicEventDispatcher.dispatchEvent(BasicEventDispatcher.java:56)
	at com.sun.javafx.event.EventDispatchChainImpl.dispatchEvent(EventDispatchChainImpl.java:114)
	at com.sun.javafx.event.BasicEventDispatcher.dispatchEvent(BasicEventDispatcher.java:56)
	at com.sun.javafx.event.EventDispatchChainImpl.dispatchEvent(EventDispatchChainImpl.java:114)
	at com.sun.javafx.event.BasicEventDispatcher.dispatchEvent(BasicEventDispatcher.java:56)
	at com.sun.javafx.event.EventDispatchChainImpl.dispatchEvent(EventDispatchChainImpl.java:114)
	at com.sun.javafx.event.EventUtil.fireEventImpl(EventUtil.java:74)
	at com.sun.javafx.event.EventUtil.fireEvent(EventUtil.java:49)
	at javafx.event.Event.fireEvent(Event.java:198)
	at javafx.scene.Node.fireEvent(Node.java:8886)
	at javafx.scene.control.Button.fire(Button.java:203)
	at com.sun.javafx.scene.control.behavior.ButtonBehavior.mouseReleased(ButtonBehavior.java:208)
	at com.sun.javafx.scene.control.inputmap.InputMap.handle(InputMap.java:274)
	at com.sun.javafx.event.CompositeEventHandler$NormalEventHandlerRecord.handleBubblingEvent(CompositeEventHandler.java:247)
	at com.sun.javafx.event.CompositeEventHandler.dispatchBubblingEvent(CompositeEventHandler.java:80)
	at com.sun.javafx.event.EventHandlerManager.dispatchBubblingEvent(EventHandlerManager.java:234)
	at com.sun.javafx.event.EventHandlerManager.dispatchBubblingEvent(EventHandlerManager.java:191)
	at com.sun.javafx.event.CompositeEventDispatcher.dispatchBubblingEvent(CompositeEventDispatcher.java:59)
	at com.sun.javafx.event.BasicEventDispatcher.dispatchEvent(BasicEventDispatcher.java:58)
	at com.sun.javafx.event.EventDispatchChainImpl.dispatchEvent(EventDispatchChainImpl.java:114)
	at com.sun.javafx.event.BasicEventDispatcher.dispatchEvent(BasicEventDispatcher.java:56)
	at com.sun.javafx.event.EventDispatchChainImpl.dispatchEvent(EventDispatchChainImpl.java:114)
	at com.sun.javafx.event.BasicEventDispatcher.dispatchEvent(BasicEventDispatcher.java:56)
	at com.sun.javafx.event.EventDispatchChainImpl.dispatchEvent(EventDispatchChainImpl.java:114)
	at com.sun.javafx.event.BasicEventDispatcher.dispatchEvent(BasicEventDispatcher.java:56)
	at com.sun.javafx.event.EventDispatchChainImpl.dispatchEvent(EventDispatchChainImpl.java:114)
	at com.sun.javafx.event.EventUtil.fireEventImpl(EventUtil.java:74)
	at com.sun.javafx.event.EventUtil.fireEvent(EventUtil.java:54)
	at javafx.event.Event.fireEvent(Event.java:198)
	at javafx.scene.Scene$MouseHandler.process(Scene.java:3856)
	at javafx.scene.Scene.processMouseEvent(Scene.java:1851)
	at javafx.scene.Scene$ScenePeerListener.mouseEvent(Scene.java:2584)
	at com.sun.javafx.tk.quantum.GlassViewEventHandler$MouseEventNotification.run(GlassViewEventHandler.java:409)
	at com.sun.javafx.tk.quantum.GlassViewEventHandler$MouseEventNotification.run(GlassViewEventHandler.java:299)
	at java.base/java.security.AccessController.doPrivileged(Native Method)
	at com.sun.javafx.tk.quantum.GlassViewEventHandler.lambda$handleMouseEvent$2(GlassViewEventHandler.java:447)
	at com.sun.javafx.tk.quantum.QuantumToolkit.runWithoutRenderLock(QuantumToolkit.java:412)
	at com.sun.javafx.tk.quantum.GlassViewEventHandler.handleMouseEvent(GlassViewEventHandler.java:446)
	at com.sun.glass.ui.View.handleMouseEvent(View.java:556)
	at com.sun.glass.ui.View.notifyMouse(View.java:942)
	at com.sun.glass.ui.win.WinApplication._runLoop(Native Method)
	at com.sun.glass.ui.win.WinApplication.lambda$runLoop$3(WinApplication.java:174)
	at java.base/java.lang.Thread.run(Thread.java:834)

18:31:36.673 [JavaFX Application Thread] FATAL FXGLApplication      - Application will now exit
18:31:36.684 [JavaFX Application Thread] DEBUG MainWindow           - Push state: ErrorSubScene
18:31:36.684 [JavaFX Application Thread] DEBUG Input                - Clearing active input actions
18:31:36.686 [JavaFX Application Thread] DEBUG GameApplicationServi - Removing overlay from GameScene and adding to ErrorSubScene
18:31:36.686 [JavaFX Application Thread] DEBUG MainWindow           - GameScene -> ErrorSubScene
18:31:58.449 [JavaFX Application Thread] DEBUG FXGLApplication      - Exiting FXGL
18:31:58.449 [JavaFX Application Thread] DEBUG Async                - Shutting down background threads
18:31:58.450 [JavaFX Application Thread] DEBUG MainWindow           - Closing main window
18:31:58.462 [JavaFX Application Thread] DEBUG Logger               - Closing Logger
