16:51:13.584 [main                     ] DEBUG Logger               - Configured Logger
16:51:13.604 [main                     ] DEBUG GameApplication      - Logging settings
Title: Dungeon Crawler
Version: Development 0.0.1
Width: 1280
Height: 720
Fullscreen: false
Intro: false
Profiling: false
Single step:false
App Mode: DEVELOPER
Menu Key: ESCAPE
Stage Style: DECORATED
Scene Factory: class com.group19.javafxgame.ui.menu.main.MainMenuSceneFactory

16:51:14.689 [JavaFX Application Thread] DEBUG FXGLApplication      - Initializing FXGL
16:51:14.694 [JavaFX Application Thread] INFO  Engine               - FXGL-11.12 (11.12.2020 08.51) on MAC (J:11.0.1 FX:11.0.2)
16:51:14.695 [JavaFX Application Thread] DEBUG Engine               - JRE Vendor Name: Oracle Corporation
16:51:14.696 [JavaFX Application Thread] DEBUG Engine               - Running on OS: Mac OS X version 10.16
16:51:14.696 [JavaFX Application Thread] DEBUG Engine               - Architecture: x86_64
16:51:14.696 [JavaFX Application Thread] INFO  Engine               - Source code and latest versions at: https://github.com/AlmasB/FXGL
16:51:14.697 [JavaFX Application Thread] INFO  Engine               -              Join the FXGL chat at: https://gitter.im/AlmasB/FXGL
16:51:14.920 [JavaFX Application Thread] DEBUG MainWindow           - Creating a JavaFX scene
16:51:15.019 [JavaFX Application Thread] DEBUG MainWindow           - Target settings size: 1280.0 x 720.0
16:51:15.019 [JavaFX Application Thread] DEBUG MainWindow           - Scaled scene size:    1280.0 x 720.0
16:51:15.020 [JavaFX Application Thread] DEBUG MainWindow           - Scaled ratio: (1.0, 1.0)
16:51:15.021 [JavaFX Application Thread] DEBUG MainWindow           - Set initial scene to StartupScene
16:51:15.030 [JavaFX Application Thread] DEBUG MainWindow           - Opening main window
16:51:15.165 [JavaFX Application Thread] DEBUG MainWindow           - Window border size: (0.0, 28.0)
16:51:15.166 [JavaFX Application Thread] DEBUG MainWindow           - Scaled size: 1280.0 x 720.0
16:51:15.166 [JavaFX Application Thread] DEBUG MainWindow           - Scaled ratio: (1.0, 1.0)
16:51:15.166 [JavaFX Application Thread] DEBUG MainWindow           - Scene size: 1280.0 x 720.0
16:51:15.167 [JavaFX Application Thread] DEBUG MainWindow           - Stage size: 1280.0 x 748.0
16:51:15.184 [FXGL Background Thread 1 ] DEBUG Engine               - Initializing environment variables
16:51:15.226 [FXGL Background Thread 1 ] DEBUG GameApplicationServi - Applying CSS: fxgl_dark.css
16:51:15.227 [FXGL Background Thread 1 ] DEBUG FXGLAssetLoaderServi - Loading from file system: /assets/ui/css/fxgl_dark.css
16:51:15.315 [FXGL Background Thread 1 ] DEBUG GameApplicationServi - Initializing application scenes
16:51:15.913 [FXGL Background Thread 1 ] DEBUG GameWorld            - Game world initialized
16:51:15.979 [FXGL Background Thread 1 ] DEBUG PhysicsWorld         - Physics world initialized: appHeight=720, physics.ppm=50.0
16:51:15.981 [FXGL Background Thread 1 ] DEBUG GameScene            - Game scene initialized: 1280x720
16:51:15.996 [FXGL Background Thread 1 ] DEBUG FXGLAssetLoaderServi - Loading from file system: /assets/textures/background/MainMenuBackground.jpg
16:51:16.077 [JavaFX Application Thread] DEBUG LoopRunner           - Stopping loop
16:51:16.080 [JavaFX Application Thread] FATAL FXGLApplication      - Uncaught Exception:
java.lang.RuntimeException: Text.font : A bound value cannot be set.
	at javafx.base/javafx.beans.property.ObjectPropertyBase.set(ObjectPropertyBase.java:143)
	at javafx.graphics/javafx.css.StyleableObjectProperty.set(StyleableObjectProperty.java:82)
	at javafx.graphics/javafx.scene.text.Text.setFont(Text.java:546)
	at com.group19.javafxgame.ui.menu.main.MainMenu.<init>(MainMenu.java:34)
	at com.group19.javafxgame.ui.menu.main.MainMenuSceneFactory.newMainMenu(MainMenuSceneFactory.java:10)
	at com.almasb.fxgl.app.FXGLApplication$GameApplicationService.initAppScenes(FXGLApplication.kt:430)
	at com.almasb.fxgl.app.FXGLApplication$GameApplicationService.onInit(FXGLApplication.kt:396)
	at com.almasb.fxgl.app.Engine.initServices(Engine.kt:84)
	at com.almasb.fxgl.app.FXGLApplication$start$task$1.run(FXGLApplication.kt:120)
	at com.almasb.fxgl.core.concurrent.IOTask.lambda$ofVoid$5(IOTask.java:138)
	at com.almasb.fxgl.core.concurrent.IOTask$2.onExecute(IOTask.java:151)
	at com.almasb.fxgl.core.concurrent.IOTask$1.call(IOTask.java:107)
	at javafx.graphics/javafx.concurrent.Task$TaskCallable.call(Task.java:1425)
	at java.base/java.util.concurrent.FutureTask.run(FutureTask.java:264)
	at java.base/java.util.concurrent.Executors$RunnableAdapter.call(Executors.java:515)
	at java.base/java.util.concurrent.FutureTask.run(FutureTask.java:264)
	at java.base/java.util.concurrent.ThreadPoolExecutor.runWorker(ThreadPoolExecutor.java:1128)
	at java.base/java.util.concurrent.ThreadPoolExecutor$Worker.run(ThreadPoolExecutor.java:628)
	at java.base/java.lang.Thread.run(Thread.java:834)

16:51:16.080 [JavaFX Application Thread] FATAL FXGLApplication      - Application will now exit
16:51:16.124 [JavaFX Application Thread] DEBUG MainWindow           - Push state: ErrorSubScene
16:51:16.124 [JavaFX Application Thread] DEBUG Input                - Clearing active input actions
16:51:16.145 [JavaFX Application Thread] DEBUG GameApplicationServi - Removing overlay from StartupScene and adding to ErrorSubScene
16:51:16.145 [JavaFX Application Thread] DEBUG MainWindow           - StartupScene -> ErrorSubScene
16:51:29.026 [JavaFX Application Thread] DEBUG FXGLApplication      - Exiting FXGL
16:51:29.027 [JavaFX Application Thread] DEBUG Async                - Shutting down background threads
16:51:29.027 [JavaFX Application Thread] DEBUG MainWindow           - Closing main window
16:51:29.034 [JavaFX Application Thread] DEBUG Logger               - Closing Logger
