17:29:32.285 [main                     ] DEBUG Logger               - Configured Logger
17:29:32.308 [main                     ] DEBUG GameApplication      - Logging settings
Title: Dungeon Crawler
Version: Development 0.0.1
Width: 1280
Height: 720
Fullscreen: false
Intro: false
Profiling: false
Single step:false
App Mode: DEVELOPER
Menu Key: ESCAPE
Stage Style: DECORATED
Scene Factory: class com.group19.javafxgame.ui.menu.main.MainMenuSceneFactory

17:29:33.514 [JavaFX Application Thread] DEBUG FXGLApplication      - Initializing FXGL
17:29:33.522 [JavaFX Application Thread] INFO  Engine               - FXGL-11.12 (11.12.2020 08.51) on MAC (J:11.0.1 FX:11.0.2)
17:29:33.523 [JavaFX Application Thread] DEBUG Engine               - JRE Vendor Name: Oracle Corporation
17:29:33.523 [JavaFX Application Thread] DEBUG Engine               - Running on OS: Mac OS X version 10.16
17:29:33.524 [JavaFX Application Thread] DEBUG Engine               - Architecture: x86_64
17:29:33.524 [JavaFX Application Thread] INFO  Engine               - Source code and latest versions at: https://github.com/AlmasB/FXGL
17:29:33.524 [JavaFX Application Thread] INFO  Engine               -              Join the FXGL chat at: https://gitter.im/AlmasB/FXGL
17:29:33.747 [JavaFX Application Thread] DEBUG MainWindow           - Creating a JavaFX scene
17:29:33.811 [JavaFX Application Thread] DEBUG MainWindow           - Target settings size: 1280.0 x 720.0
17:29:33.812 [JavaFX Application Thread] DEBUG MainWindow           - Scaled scene size:    1280.0 x 720.0
17:29:33.812 [JavaFX Application Thread] DEBUG MainWindow           - Scaled ratio: (1.0, 1.0)
17:29:33.813 [JavaFX Application Thread] DEBUG MainWindow           - Set initial scene to StartupScene
17:29:33.818 [JavaFX Application Thread] DEBUG MainWindow           - Opening main window
17:29:33.884 [JavaFX Application Thread] DEBUG MainWindow           - Window border size: (0.0, 28.0)
17:29:33.884 [JavaFX Application Thread] DEBUG MainWindow           - Scaled size: 1280.0 x 720.0
17:29:33.885 [JavaFX Application Thread] DEBUG MainWindow           - Scaled ratio: (1.0, 1.0)
17:29:33.885 [JavaFX Application Thread] DEBUG MainWindow           - Scene size: 1280.0 x 720.0
17:29:33.885 [JavaFX Application Thread] DEBUG MainWindow           - Stage size: 1280.0 x 748.0
17:29:33.891 [FXGL Background Thread 1 ] DEBUG Engine               - Initializing environment variables
17:29:33.921 [FXGL Background Thread 1 ] DEBUG GameApplicationServi - Applying CSS: fxgl_dark.css
17:29:33.921 [FXGL Background Thread 1 ] DEBUG FXGLAssetLoaderServi - Loading from file system: /assets/ui/css/fxgl_dark.css
17:29:33.994 [FXGL Background Thread 1 ] DEBUG GameApplicationServi - Initializing application scenes
17:29:34.567 [FXGL Background Thread 1 ] DEBUG GameWorld            - Game world initialized
17:29:34.637 [FXGL Background Thread 1 ] DEBUG PhysicsWorld         - Physics world initialized: appHeight=720, physics.ppm=50.0
17:29:34.639 [FXGL Background Thread 1 ] DEBUG GameScene            - Game scene initialized: 1280x720
17:29:34.654 [FXGL Background Thread 1 ] DEBUG FXGLAssetLoaderServi - Loading from file system: /assets/textures/background/MainMenuBackground.jpg
17:29:34.750 [FXGL Background Thread 1 ] DEBUG FXGLAssetLoaderServi - Loading from file system: /assets/textures/particles/trace_horizontal.png
17:29:34.792 [FXGL Background Thread 1 ] DEBUG FXGL.DefaultMenu     - createMenuBodyGameMenu()
17:29:34.804 [FXGL Background Thread 1 ] DEBUG FXGL.DefaultMenu     - createOptionsMenu()
17:29:34.811 [FXGL Background Thread 1 ] DEBUG FXGLAssetLoaderServi - Loading from file system: /assets/textures/particles/smoke.png
17:29:34.861 [FXGL Background Thread 1 ] DEBUG GameApplicationServi - Application scenes initialized
17:29:34.870 [FXGL Background Thread 1 ] DEBUG SystemBundleService  - Loading FXGL system data
17:29:34.875 [FXGL Background Thread 1 ] DEBUG FileSystemAccess     - Reading from: /Users/shaharben-dor/Documents/College Work/CS 2340/CS-2340-Final-Project/system/fxgl.bundle
17:29:34.881 [FXGL Background Thread 1 ] DEBUG SystemBundleService  - Bundle FXGL: {}
17:29:34.882 [FXGL Background Thread 1 ] DEBUG UpdaterService       - Checking for updates
17:29:34.886 [FXGL Background Thread 4 ] DEBUG FXGLApplication      - Loading fonts
17:29:34.886 [FXGL Background Thread 4 ] DEBUG FXGLAssetLoaderServi - Loading from file system: /assets/ui/fonts/VarelaRound-Regular.ttf
17:29:34.887 [FXGL Background Thread 1 ] DEBUG FXGLApplication      - Loading default localization
17:29:34.887 [FXGL Background Thread 1 ] DEBUG FXGLAssetLoaderServi - Loading from file system: /assets/languages/english.lang
17:29:34.904 [FXGL Background Thread 1 ] INFO  FXGLApplication      - FXGL initialization took: 1.013 sec
17:29:34.904 [JavaFX Application Thread] DEBUG FXGLAssetLoaderServi - Loading from file system: /assets/textures/fxgl_icon.png
17:29:34.915 [FXGL Background Thread 4 ] DEBUG FXGLAssetLoaderServi - Loading from file system: /assets/ui/fonts/Abel-Regular.ttf
17:29:34.919 [FXGL Background Thread 4 ] DEBUG FXGLAssetLoaderServi - Loading from file system: /assets/ui/fonts/lucida_console.ttf
17:29:34.923 [FXGL Background Thread 4 ] DEBUG FXGLAssetLoaderServi - Loading from file system: /assets/ui/fonts/Courier-Prime.ttf
17:29:34.931 [JavaFX Application Thread] DEBUG FXGLAssetLoaderServi - Loading from file system: /assets/ui/cursors/fxgl_default.png
17:29:34.956 [JavaFX Application Thread] DEBUG Input                - Registered new binding: Screenshot - P
17:29:34.957 [JavaFX Application Thread] DEBUG Input                - Registered new binding: System info dump - CTRL+9
17:29:34.957 [JavaFX Application Thread] DEBUG Input                - Registered new binding: Restart - CTRL+R
17:29:34.958 [JavaFX Application Thread] DEBUG Input                - Registered new binding: Toggle Debug Camera - CTRL+C
17:29:34.959 [JavaFX Application Thread] DEBUG LoopRunner           - Starting loop
17:29:34.961 [JavaFX Application Thread] DEBUG Input                - Clearing active input actions
17:29:34.969 [JavaFX Application Thread] DEBUG GameApplicationServi - Removing overlay from StartupScene and adding to FXGLMainMenuDummyScene
17:29:34.969 [JavaFX Application Thread] DEBUG MainWindow           - StartupScene -> FXGLMainMenuDummyScene
17:29:34.970 [JavaFX Application Thread] DEBUG MainWindow           - Push state: MainMenu
17:29:34.970 [JavaFX Application Thread] DEBUG Input                - Clearing active input actions
17:29:34.977 [JavaFX Application Thread] DEBUG GameApplicationServi - Removing overlay from FXGLMainMenuDummyScene and adding to MainMenu
17:29:34.978 [JavaFX Application Thread] DEBUG MainWindow           - FXGLMainMenuDummyScene -> MainMenu
17:29:35.004 [JavaFX Application Thread] DEBUG FXGLApplication      - Registering font factories with UI factory
17:29:35.439 [FXGL Background Thread 2 ] INFO  UpdaterService       - Your current version:  11.12
17:29:35.440 [FXGL Background Thread 2 ] INFO  UpdaterService       - Latest stable version: 11.16
17:29:37.885 [FXGL Background Thread 3 ] DEBUG Engine               - Logging environment variables
17:29:37.887 [FXGL Background Thread 3 ] DEBUG Engine               - achievements: []
17:29:37.887 [FXGL Background Thread 3 ] DEBUG Engine               - actualHeight: 720.0
17:29:37.887 [FXGL Background Thread 3 ] DEBUG Engine               - actualHeightProperty: ReadOnlyDoubleProperty [value: 720.0]
17:29:37.887 [FXGL Background Thread 3 ] DEBUG Engine               - actualWidth: 1280.0
17:29:37.887 [FXGL Background Thread 3 ] DEBUG Engine               - actualWidthProperty: ReadOnlyDoubleProperty [value: 1280.0]
17:29:37.887 [FXGL Background Thread 3 ] DEBUG Engine               - appIcon: fxgl_icon.png
17:29:37.887 [FXGL Background Thread 3 ] DEBUG Engine               - applicationMode: DEVELOPER
17:29:37.888 [FXGL Background Thread 3 ] DEBUG Engine               - cSSList: [fxgl_dark.css]
17:29:37.888 [FXGL Background Thread 3 ] DEBUG Engine               - configClass: Optional.empty
17:29:37.888 [FXGL Background Thread 3 ] DEBUG Engine               - credits: []
17:29:37.888 [FXGL Background Thread 3 ] DEBUG Engine               - devBBoxColorProperty: ObjectProperty [value: 0xff0000ff]
17:29:37.888 [FXGL Background Thread 3 ] DEBUG Engine               - devEnableDebugCameraProperty: BooleanProperty [value: false]
17:29:37.889 [FXGL Background Thread 3 ] DEBUG Engine               - devSensorColorProperty: ObjectProperty [value: 0xffff00ff]
17:29:37.889 [FXGL Background Thread 3 ] DEBUG Engine               - devShowBBoxProperty: BooleanProperty [value: false]
17:29:37.889 [FXGL Background Thread 3 ] DEBUG Engine               - devShowPositionProperty: BooleanProperty [value: false]
17:29:37.889 [FXGL Background Thread 3 ] DEBUG Engine               - enabledMenuItems: []
17:29:37.889 [FXGL Background Thread 3 ] DEBUG Engine               - engineServices: [class com.almasb.fxgl.app.FXGLApplication$GameApplicationService, class com.almasb.fxgl.app.services.FXGLDialogService, class com.almasb.fxgl.app.services.IOTaskExecutorService, class com.almasb.fxgl.event.EventBusService, class com.almasb.fxgl.io.FileSystemService, class com.almasb.fxgl.localization.LocalizationService, class com.almasb.fxgl.app.services.FXGLAssetLoaderService, class com.almasb.fxgl.app.services.SystemBundleService, class com.almasb.fxgl.profile.SaveLoadService, class com.almasb.fxgl.ui.FXGLUIFactoryServiceProvider, class com.almasb.fxgl.ui.FXGLDialogFactoryServiceProvider, class com.almasb.fxgl.audio.AudioPlayer, class com.almasb.fxgl.notification.impl.NotificationServiceProvider, class com.almasb.fxgl.achievement.AchievementService, class com.almasb.fxgl.cutscene.CutsceneService, class com.almasb.fxgl.minigames.MiniGameService, class com.almasb.fxgl.net.NetService, class com.almasb.fxgl.app.services.UpdaterService, class com.almasb.fxgl.dev.DevService]
17:29:37.889 [FXGL Background Thread 3 ] DEBUG Engine               - fontGame: Abel-Regular.ttf
17:29:37.889 [FXGL Background Thread 3 ] DEBUG Engine               - fontMono: lucida_console.ttf
17:29:37.889 [FXGL Background Thread 3 ] DEBUG Engine               - fontText: Courier-Prime.ttf
17:29:37.889 [FXGL Background Thread 3 ] DEBUG Engine               - fontUI: VarelaRound-Regular.ttf
17:29:37.890 [FXGL Background Thread 3 ] DEBUG Engine               - fullScreen: BooleanProperty [value: false]
17:29:37.890 [FXGL Background Thread 3 ] DEBUG Engine               - gameDifficulty: MEDIUM
17:29:37.890 [FXGL Background Thread 3 ] DEBUG Engine               - gameDifficultyProperty: ObjectProperty [value: MEDIUM]
17:29:37.890 [FXGL Background Thread 3 ] DEBUG Engine               - globalMusicVolume: 0.5
17:29:37.890 [FXGL Background Thread 3 ] DEBUG Engine               - globalMusicVolumeProperty: DoubleProperty [value: 0.5]
17:29:37.890 [FXGL Background Thread 3 ] DEBUG Engine               - globalSoundVolume: 0.5
17:29:37.890 [FXGL Background Thread 3 ] DEBUG Engine               - globalSoundVolumeProperty: DoubleProperty [value: 0.5]
17:29:37.890 [FXGL Background Thread 3 ] DEBUG Engine               - height: 720
17:29:37.890 [FXGL Background Thread 3 ] DEBUG Engine               - isAndroid: false
17:29:37.890 [FXGL Background Thread 3 ] DEBUG Engine               - isBrowser: false
17:29:37.891 [FXGL Background Thread 3 ] DEBUG Engine               - isClickFeedbackEnabled: false
17:29:37.891 [FXGL Background Thread 3 ] DEBUG Engine               - isCloseConfirmation: false
17:29:37.891 [FXGL Background Thread 3 ] DEBUG Engine               - isDesktop: true
17:29:37.891 [FXGL Background Thread 3 ] DEBUG Engine               - isDeveloperMenuEnabled: false
17:29:37.891 [FXGL Background Thread 3 ] DEBUG Engine               - isEntityPreloadEnabled: true
17:29:37.891 [FXGL Background Thread 3 ] DEBUG Engine               - isExperimental3D: false
17:29:37.891 [FXGL Background Thread 3 ] DEBUG Engine               - isExperimentalNative: false
17:29:37.891 [FXGL Background Thread 3 ] DEBUG Engine               - isExperimentalTiledLargeMap: false
17:29:37.891 [FXGL Background Thread 3 ] DEBUG Engine               - isFileSystemWriteAllowed: true
17:29:37.892 [FXGL Background Thread 3 ] DEBUG Engine               - isFullScreenAllowed: false
17:29:37.892 [FXGL Background Thread 3 ] DEBUG Engine               - isFullScreenFromStart: false
17:29:37.892 [FXGL Background Thread 3 ] DEBUG Engine               - isGameMenuEnabled: true
17:29:37.892 [FXGL Background Thread 3 ] DEBUG Engine               - isIOS: false
17:29:37.892 [FXGL Background Thread 3 ] DEBUG Engine               - isIntroEnabled: false
17:29:37.892 [FXGL Background Thread 3 ] DEBUG Engine               - isLinux: false
17:29:37.892 [FXGL Background Thread 3 ] DEBUG Engine               - isMac: true
17:29:37.892 [FXGL Background Thread 3 ] DEBUG Engine               - isMainMenuEnabled: true
17:29:37.892 [FXGL Background Thread 3 ] DEBUG Engine               - isManualResizeEnabled: false
17:29:37.892 [FXGL Background Thread 3 ] DEBUG Engine               - isMobile: false
17:29:37.892 [FXGL Background Thread 3 ] DEBUG Engine               - isPreserveResizeRatio: false
17:29:37.892 [FXGL Background Thread 3 ] DEBUG Engine               - isProfilingEnabled: false
17:29:37.893 [FXGL Background Thread 3 ] DEBUG Engine               - isScaleAffectedOnResize: true
17:29:37.893 [FXGL Background Thread 3 ] DEBUG Engine               - isSingleStep: false
17:29:37.893 [FXGL Background Thread 3 ] DEBUG Engine               - isUserProfileEnabled: false
17:29:37.893 [FXGL Background Thread 3 ] DEBUG Engine               - isWindows: false
17:29:37.893 [FXGL Background Thread 3 ] DEBUG Engine               - language: ObjectProperty [value: ENGLISH]
17:29:37.893 [FXGL Background Thread 3 ] DEBUG Engine               - menuKey: ESCAPE
17:29:37.893 [FXGL Background Thread 3 ] DEBUG Engine               - notificationViewClass: class com.almasb.fxgl.notification.view.XboxNotificationView
17:29:37.893 [FXGL Background Thread 3 ] DEBUG Engine               - pixelsPerMeter: 50.0
17:29:37.893 [FXGL Background Thread 3 ] DEBUG Engine               - platform: MAC
17:29:37.893 [FXGL Background Thread 3 ] DEBUG Engine               - prefHeightProperty: ReadOnlyDoubleProperty [value: 720.0]
17:29:37.893 [FXGL Background Thread 3 ] DEBUG Engine               - prefWidthProperty: ReadOnlyDoubleProperty [value: 1280.0]
17:29:37.893 [FXGL Background Thread 3 ] DEBUG Engine               - profileDir: profiles/
17:29:37.894 [FXGL Background Thread 3 ] DEBUG Engine               - profileName: StringProperty [value: DEFAULT]
17:29:37.894 [FXGL Background Thread 3 ] DEBUG Engine               - randomSeed: -1
17:29:37.894 [FXGL Background Thread 3 ] DEBUG Engine               - runtimeInfo: RuntimeInfo(platform=MAC, version=11.12, build=11.12.2020 08.51)
17:29:37.894 [FXGL Background Thread 3 ] DEBUG Engine               - saveFileExt: sav
17:29:37.894 [FXGL Background Thread 3 ] DEBUG Engine               - scaledHeightProp$fxgl: DoubleProperty [bound, value: 720.0]
17:29:37.894 [FXGL Background Thread 3 ] DEBUG Engine               - scaledWidthProp$fxgl: DoubleProperty [bound, value: 1280.0]
17:29:37.894 [FXGL Background Thread 3 ] DEBUG Engine               - sceneFactory: com.group19.javafxgame.ui.menu.main.MainMenuSceneFactory@9c1929
17:29:37.894 [FXGL Background Thread 3 ] DEBUG Engine               - secondsIn24h: 60
17:29:37.894 [FXGL Background Thread 3 ] DEBUG Engine               - soundMenuBack: menu/back.wav
17:29:37.895 [FXGL Background Thread 3 ] DEBUG Engine               - soundMenuPress: menu/press.wav
17:29:37.895 [FXGL Background Thread 3 ] DEBUG Engine               - soundMenuSelect: menu/select.wav
17:29:37.895 [FXGL Background Thread 3 ] DEBUG Engine               - soundNotification: core/notification.wav
17:29:37.895 [FXGL Background Thread 3 ] DEBUG Engine               - stageStyle: DECORATED
17:29:37.895 [FXGL Background Thread 3 ] DEBUG Engine               - supportedLanguages: [ENGLISH, FRENCH, GERMAN, HUNGARIAN, RUSSIAN]
17:29:37.895 [FXGL Background Thread 3 ] DEBUG Engine               - title: Dungeon Crawler
17:29:37.895 [FXGL Background Thread 3 ] DEBUG Engine               - urlGithub: https://github.com/AlmasB/FXGL
17:29:37.895 [FXGL Background Thread 3 ] DEBUG Engine               - urlLeaderboard: http://fxgl-top.herokuapp.com/
17:29:37.895 [FXGL Background Thread 3 ] DEBUG Engine               - urlPOM: https://raw.githubusercontent.com/AlmasB/FXGL/master/README.md
17:29:37.895 [FXGL Background Thread 3 ] DEBUG Engine               - version: Development 0.0.1
17:29:37.895 [FXGL Background Thread 3 ] DEBUG Engine               - versionCheckDays: 7
17:29:37.895 [FXGL Background Thread 3 ] DEBUG Engine               - width: 1280
17:29:37.895 [FXGL Background Thread 3 ] DEBUG Engine               - Logging services
17:29:37.895 [FXGL Background Thread 3 ] DEBUG Engine               - class com.almasb.fxgl.app.FXGLApplication$GameApplicationService
17:29:37.896 [FXGL Background Thread 3 ] DEBUG Engine               - class com.almasb.fxgl.app.services.FXGLDialogService
17:29:37.896 [FXGL Background Thread 3 ] DEBUG Engine               - class com.almasb.fxgl.app.services.IOTaskExecutorService
17:29:37.896 [FXGL Background Thread 3 ] DEBUG Engine               - class com.almasb.fxgl.event.EventBusService
17:29:37.896 [FXGL Background Thread 3 ] DEBUG Engine               - class com.almasb.fxgl.io.FileSystemService
17:29:37.896 [FXGL Background Thread 3 ] DEBUG Engine               - class com.almasb.fxgl.localization.LocalizationService
17:29:37.896 [FXGL Background Thread 3 ] DEBUG Engine               - class com.almasb.fxgl.app.services.FXGLAssetLoaderService
17:29:37.896 [FXGL Background Thread 3 ] DEBUG Engine               - class com.almasb.fxgl.app.services.SystemBundleService
17:29:37.896 [FXGL Background Thread 3 ] DEBUG Engine               - class com.almasb.fxgl.profile.SaveLoadService
17:29:37.896 [FXGL Background Thread 3 ] DEBUG Engine               - class com.almasb.fxgl.ui.FXGLUIFactoryServiceProvider
17:29:37.896 [FXGL Background Thread 3 ] DEBUG Engine               - class com.almasb.fxgl.ui.FXGLDialogFactoryServiceProvider
17:29:37.897 [FXGL Background Thread 3 ] DEBUG Engine               - class com.almasb.fxgl.audio.AudioPlayer
17:29:37.897 [FXGL Background Thread 3 ] DEBUG Engine               - class com.almasb.fxgl.notification.impl.NotificationServiceProvider
17:29:37.897 [FXGL Background Thread 3 ] DEBUG Engine               - class com.almasb.fxgl.achievement.AchievementService
17:29:37.897 [FXGL Background Thread 3 ] DEBUG Engine               - class com.almasb.fxgl.cutscene.CutsceneService
17:29:37.897 [FXGL Background Thread 3 ] DEBUG Engine               - class com.almasb.fxgl.minigames.MiniGameService
17:29:37.897 [FXGL Background Thread 3 ] DEBUG Engine               - class com.almasb.fxgl.net.NetService
17:29:37.897 [FXGL Background Thread 3 ] DEBUG Engine               - class com.almasb.fxgl.app.services.UpdaterService
17:29:37.897 [FXGL Background Thread 3 ] DEBUG Engine               - class com.almasb.fxgl.dev.DevService
17:29:44.525 [JavaFX Application Thread] DEBUG Menu                 - fireExit()
17:29:44.535 [JavaFX Application Thread] DEBUG MainWindow           - Push state: DialogSubScene
17:29:44.535 [JavaFX Application Thread] DEBUG Input                - Clearing active input actions
17:29:44.541 [JavaFX Application Thread] DEBUG GameApplicationServi - Removing overlay from MainMenu and adding to DialogSubScene
17:29:44.542 [JavaFX Application Thread] DEBUG MainWindow           - MainMenu -> DialogSubScene
17:29:45.521 [JavaFX Application Thread] DEBUG MainWindow           - Pop state: DialogSubScene
17:29:45.521 [JavaFX Application Thread] DEBUG Input                - Clearing active input actions
17:29:45.522 [JavaFX Application Thread] DEBUG GameApplicationServi - Removing overlay from DialogSubScene and adding to MainMenu
17:29:45.522 [JavaFX Application Thread] DEBUG MainWindow           - MainMenu <- DialogSubScene
17:29:45.522 [JavaFX Application Thread] DEBUG FXGLApplication      - Exiting FXGL
17:29:45.522 [JavaFX Application Thread] DEBUG LoopRunner           - Stopping loop
17:29:45.522 [JavaFX Application Thread] DEBUG SystemBundleService  - Saving FXGL system data
17:29:45.530 [JavaFX Application Thread] DEBUG FileSystemAccess     - Writing to: /Users/shaharben-dor/Documents/College Work/CS 2340/CS-2340-Final-Project/system/fxgl.bundle
17:29:45.532 [JavaFX Application Thread] DEBUG Async                - Shutting down background threads
17:29:45.532 [JavaFX Application Thread] DEBUG MainWindow           - Closing main window
17:29:45.540 [JavaFX Application Thread] DEBUG Logger               - Closing Logger
