17:19:03.446 [main                     ] DEBUG Logger               - Configured Logger
17:19:03.459 [main                     ] DEBUG GameApplication      - Logging settings
Title: Dungeon Crawler
Version: Development 0.0.1
Width: 1280
Height: 720
Fullscreen: false
Intro: false
Profiling: false
Single step:false
App Mode: DEVELOPER
Menu Key: ESCAPE
Stage Style: DECORATED
Scene Factory: class com.group19.javafxgame.ui.menu.main.MainMenuSceneFactory

17:19:03.836 [JavaFX Application Thread] DEBUG FXGLApplication      - Initializing FXGL
17:19:03.838 [JavaFX Application Thread] INFO  Engine               - FXGL-11.12 (11.12.2020 08.51) on WINDOWS (J:11.0.10 FX:15)
17:19:03.838 [JavaFX Application Thread] DEBUG Engine               - JRE Vendor Name: Oracle Corporation
17:19:03.838 [JavaFX Application Thread] DEBUG Engine               - Running on OS: Windows 10 version 10.0
17:19:03.838 [JavaFX Application Thread] DEBUG Engine               - Architecture: amd64
17:19:03.838 [JavaFX Application Thread] INFO  Engine               - Source code and latest versions at: https://github.com/AlmasB/FXGL
17:19:03.838 [JavaFX Application Thread] INFO  Engine               -              Join the FXGL chat at: https://gitter.im/AlmasB/FXGL
17:19:03.934 [JavaFX Application Thread] DEBUG MainWindow           - Creating a JavaFX scene
17:19:03.988 [JavaFX Application Thread] DEBUG MainWindow           - Target settings size: 1280.0 x 720.0
17:19:03.988 [JavaFX Application Thread] DEBUG MainWindow           - Scaled scene size:    1280.0 x 720.0
17:19:03.988 [JavaFX Application Thread] DEBUG MainWindow           - Scaled ratio: (1.0, 1.0)
17:19:03.989 [JavaFX Application Thread] DEBUG MainWindow           - Set initial scene to StartupScene
17:19:03.994 [JavaFX Application Thread] DEBUG MainWindow           - Opening main window
17:19:04.063 [JavaFX Application Thread] DEBUG MainWindow           - Window border size: (14.4000244140625, 37.5999755859375)
17:19:04.063 [JavaFX Application Thread] DEBUG MainWindow           - Scaled size: 1280.0 x 720.0
17:19:04.063 [JavaFX Application Thread] DEBUG MainWindow           - Scaled ratio: (1.0, 1.0)
17:19:04.063 [JavaFX Application Thread] DEBUG MainWindow           - Scene size: 1280.0 x 720.0
17:19:04.063 [JavaFX Application Thread] DEBUG MainWindow           - Stage size: 1294.4000244140625 x 757.5999755859375
17:19:04.068 [FXGL Background Thread 1 ] DEBUG Engine               - Initializing environment variables
17:19:04.089 [FXGL Background Thread 1 ] DEBUG GameApplicationServi - Applying CSS: fxgl_dark.css
17:19:04.089 [FXGL Background Thread 1 ] DEBUG FXGLAssetLoaderServi - Loading from file system: /assets/ui/css/fxgl_dark.css
17:19:04.128 [FXGL Background Thread 1 ] DEBUG GameApplicationServi - Initializing application scenes
17:19:04.155 [FXGL Background Thread 1 ] DEBUG GameWorld            - Game world initialized
17:19:04.203 [FXGL Background Thread 1 ] DEBUG PhysicsWorld         - Physics world initialized: appHeight=720, physics.ppm=50.0
17:19:04.204 [FXGL Background Thread 1 ] DEBUG GameScene            - Game scene initialized: 1280x720
17:19:04.214 [FXGL Background Thread 1 ] DEBUG FXGLAssetLoaderServi - Loading from file system: /assets/textures/background/MainMenuBackground.jpg
17:19:04.284 [FXGL Background Thread 1 ] DEBUG FXGLAssetLoaderServi - Loading from file system: /assets/textures/particles/trace_horizontal.png
17:19:04.312 [FXGL Background Thread 1 ] DEBUG FXGL.DefaultMenu     - createMenuBodyGameMenu()
17:19:04.320 [FXGL Background Thread 1 ] DEBUG FXGL.DefaultMenu     - createOptionsMenu()
17:19:04.323 [FXGL Background Thread 1 ] DEBUG FXGLAssetLoaderServi - Loading from file system: /assets/textures/particles/smoke.png
17:19:04.369 [FXGL Background Thread 1 ] DEBUG GameApplicationServi - Application scenes initialized
17:19:04.377 [FXGL Background Thread 1 ] DEBUG SystemBundleService  - Loading FXGL system data
17:19:04.379 [FXGL Background Thread 1 ] DEBUG FileSystemAccess     - Reading from: C:\Users\SSCS0\Desktop\College\SummerProject\CS-2340-Final-Project\system\fxgl.bundle
17:19:04.382 [FXGL Background Thread 1 ] DEBUG SystemBundleService  - Bundle FXGL: {}
17:19:04.383 [FXGL Background Thread 1 ] DEBUG UpdaterService       - Checking for updates
17:19:04.386 [FXGL Background Thread 4 ] DEBUG FXGLApplication      - Loading fonts
17:19:04.386 [FXGL Background Thread 4 ] DEBUG FXGLAssetLoaderServi - Loading from file system: /assets/ui/fonts/VarelaRound-Regular.ttf
17:19:04.386 [FXGL Background Thread 1 ] DEBUG FXGLApplication      - Loading default localization
17:19:04.387 [FXGL Background Thread 1 ] DEBUG FXGLAssetLoaderServi - Loading from file system: /assets/languages/english.lang
17:19:04.400 [FXGL Background Thread 1 ] INFO  FXGLApplication      - FXGL initialization took: 0.332 sec
17:19:04.400 [JavaFX Application Thread] DEBUG FXGLAssetLoaderServi - Loading from file system: /assets/textures/fxgl_icon.png
17:19:04.421 [JavaFX Application Thread] DEBUG FXGLAssetLoaderServi - Loading from file system: /assets/ui/cursors/fxgl_default.png
17:19:04.432 [JavaFX Application Thread] DEBUG Input                - Registered new binding: Screenshot - P
17:19:04.432 [JavaFX Application Thread] DEBUG Input                - Registered new binding: System info dump - CTRL+9
17:19:04.432 [JavaFX Application Thread] DEBUG Input                - Registered new binding: Restart - CTRL+R
17:19:04.433 [JavaFX Application Thread] DEBUG Input                - Registered new binding: Toggle Debug Camera - CTRL+C
17:19:04.434 [JavaFX Application Thread] DEBUG LoopRunner           - Starting loop
17:19:04.436 [JavaFX Application Thread] DEBUG Input                - Clearing active input actions
17:19:04.442 [JavaFX Application Thread] DEBUG GameApplicationServi - Removing overlay from StartupScene and adding to FXGLMainMenuDummyScene
17:19:04.443 [JavaFX Application Thread] DEBUG MainWindow           - StartupScene -> FXGLMainMenuDummyScene
17:19:04.443 [JavaFX Application Thread] DEBUG MainWindow           - Push state: MainMenu
17:19:04.443 [JavaFX Application Thread] DEBUG Input                - Clearing active input actions
17:19:04.451 [JavaFX Application Thread] DEBUG GameApplicationServi - Removing overlay from FXGLMainMenuDummyScene and adding to MainMenu
17:19:04.451 [JavaFX Application Thread] DEBUG MainWindow           - FXGLMainMenuDummyScene -> MainMenu
17:19:04.572 [FXGL Background Thread 4 ] DEBUG FXGLAssetLoaderServi - Loading from file system: /assets/ui/fonts/Abel-Regular.ttf
17:19:04.575 [FXGL Background Thread 4 ] DEBUG FXGLAssetLoaderServi - Loading from file system: /assets/ui/fonts/lucida_console.ttf
17:19:04.580 [FXGL Background Thread 4 ] DEBUG FXGLAssetLoaderServi - Loading from file system: /assets/ui/fonts/Courier-Prime.ttf
17:19:04.585 [JavaFX Application Thread] DEBUG FXGLApplication      - Registering font factories with UI factory
17:19:04.793 [FXGL Background Thread 2 ] INFO  UpdaterService       - Your current version:  11.12
17:19:04.793 [FXGL Background Thread 2 ] INFO  UpdaterService       - Latest stable version: 11.16
17:19:07.386 [FXGL Background Thread 3 ] DEBUG Engine               - Logging environment variables
17:19:07.386 [FXGL Background Thread 3 ] DEBUG Engine               - achievements: []
17:19:07.386 [FXGL Background Thread 3 ] DEBUG Engine               - actualHeight: 720.0
17:19:07.387 [FXGL Background Thread 3 ] DEBUG Engine               - actualHeightProperty: ReadOnlyDoubleProperty [value: 720.0]
17:19:07.387 [FXGL Background Thread 3 ] DEBUG Engine               - actualWidth: 1280.0
17:19:07.387 [FXGL Background Thread 3 ] DEBUG Engine               - actualWidthProperty: ReadOnlyDoubleProperty [value: 1280.0]
17:19:07.387 [FXGL Background Thread 3 ] DEBUG Engine               - appIcon: fxgl_icon.png
17:19:07.387 [FXGL Background Thread 3 ] DEBUG Engine               - applicationMode: DEVELOPER
17:19:07.387 [FXGL Background Thread 3 ] DEBUG Engine               - cSSList: [fxgl_dark.css]
17:19:07.387 [FXGL Background Thread 3 ] DEBUG Engine               - configClass: Optional.empty
17:19:07.387 [FXGL Background Thread 3 ] DEBUG Engine               - credits: []
17:19:07.387 [FXGL Background Thread 3 ] DEBUG Engine               - devBBoxColorProperty: ObjectProperty [value: 0xff0000ff]
17:19:07.388 [FXGL Background Thread 3 ] DEBUG Engine               - devEnableDebugCameraProperty: BooleanProperty [value: false]
17:19:07.388 [FXGL Background Thread 3 ] DEBUG Engine               - devSensorColorProperty: ObjectProperty [value: 0xffff00ff]
17:19:07.388 [FXGL Background Thread 3 ] DEBUG Engine               - devShowBBoxProperty: BooleanProperty [value: false]
17:19:07.388 [FXGL Background Thread 3 ] DEBUG Engine               - devShowPositionProperty: BooleanProperty [value: false]
17:19:07.388 [FXGL Background Thread 3 ] DEBUG Engine               - enabledMenuItems: []
17:19:07.388 [FXGL Background Thread 3 ] DEBUG Engine               - engineServices: [class com.almasb.fxgl.app.FXGLApplication$GameApplicationService, class com.almasb.fxgl.app.services.FXGLDialogService, class com.almasb.fxgl.app.services.IOTaskExecutorService, class com.almasb.fxgl.event.EventBusService, class com.almasb.fxgl.io.FileSystemService, class com.almasb.fxgl.localization.LocalizationService, class com.almasb.fxgl.app.services.FXGLAssetLoaderService, class com.almasb.fxgl.app.services.SystemBundleService, class com.almasb.fxgl.profile.SaveLoadService, class com.almasb.fxgl.ui.FXGLUIFactoryServiceProvider, class com.almasb.fxgl.ui.FXGLDialogFactoryServiceProvider, class com.almasb.fxgl.audio.AudioPlayer, class com.almasb.fxgl.notification.impl.NotificationServiceProvider, class com.almasb.fxgl.achievement.AchievementService, class com.almasb.fxgl.cutscene.CutsceneService, class com.almasb.fxgl.minigames.MiniGameService, class com.almasb.fxgl.net.NetService, class com.almasb.fxgl.app.services.UpdaterService, class com.almasb.fxgl.dev.DevService]
17:19:07.388 [FXGL Background Thread 3 ] DEBUG Engine               - fontGame: Abel-Regular.ttf
17:19:07.388 [FXGL Background Thread 3 ] DEBUG Engine               - fontMono: lucida_console.ttf
17:19:07.388 [FXGL Background Thread 3 ] DEBUG Engine               - fontText: Courier-Prime.ttf
17:19:07.389 [FXGL Background Thread 3 ] DEBUG Engine               - fontUI: VarelaRound-Regular.ttf
17:19:07.389 [FXGL Background Thread 3 ] DEBUG Engine               - fullScreen: BooleanProperty [value: false]
17:19:07.389 [FXGL Background Thread 3 ] DEBUG Engine               - gameDifficulty: MEDIUM
17:19:07.389 [FXGL Background Thread 3 ] DEBUG Engine               - gameDifficultyProperty: ObjectProperty [value: MEDIUM]
17:19:07.389 [FXGL Background Thread 3 ] DEBUG Engine               - globalMusicVolume: 0.5
17:19:07.389 [FXGL Background Thread 3 ] DEBUG Engine               - globalMusicVolumeProperty: DoubleProperty [value: 0.5]
17:19:07.389 [FXGL Background Thread 3 ] DEBUG Engine               - globalSoundVolume: 0.5
17:19:07.389 [FXGL Background Thread 3 ] DEBUG Engine               - globalSoundVolumeProperty: DoubleProperty [value: 0.5]
17:19:07.389 [FXGL Background Thread 3 ] DEBUG Engine               - height: 720
17:19:07.389 [FXGL Background Thread 3 ] DEBUG Engine               - isAndroid: false
17:19:07.389 [FXGL Background Thread 3 ] DEBUG Engine               - isBrowser: false
17:19:07.390 [FXGL Background Thread 3 ] DEBUG Engine               - isClickFeedbackEnabled: false
17:19:07.390 [FXGL Background Thread 3 ] DEBUG Engine               - isCloseConfirmation: false
17:19:07.390 [FXGL Background Thread 3 ] DEBUG Engine               - isDesktop: true
17:19:07.390 [FXGL Background Thread 3 ] DEBUG Engine               - isDeveloperMenuEnabled: false
17:19:07.390 [FXGL Background Thread 3 ] DEBUG Engine               - isEntityPreloadEnabled: true
17:19:07.390 [FXGL Background Thread 3 ] DEBUG Engine               - isExperimental3D: false
17:19:07.390 [FXGL Background Thread 3 ] DEBUG Engine               - isExperimentalNative: false
17:19:07.390 [FXGL Background Thread 3 ] DEBUG Engine               - isExperimentalTiledLargeMap: false
17:19:07.390 [FXGL Background Thread 3 ] DEBUG Engine               - isFileSystemWriteAllowed: true
17:19:07.390 [FXGL Background Thread 3 ] DEBUG Engine               - isFullScreenAllowed: false
17:19:07.391 [FXGL Background Thread 3 ] DEBUG Engine               - isFullScreenFromStart: false
17:19:07.391 [FXGL Background Thread 3 ] DEBUG Engine               - isGameMenuEnabled: true
17:19:07.391 [FXGL Background Thread 3 ] DEBUG Engine               - isIOS: false
17:19:07.391 [FXGL Background Thread 3 ] DEBUG Engine               - isIntroEnabled: false
17:19:07.391 [FXGL Background Thread 3 ] DEBUG Engine               - isLinux: false
17:19:07.391 [FXGL Background Thread 3 ] DEBUG Engine               - isMac: false
17:19:07.391 [FXGL Background Thread 3 ] DEBUG Engine               - isMainMenuEnabled: true
17:19:07.391 [FXGL Background Thread 3 ] DEBUG Engine               - isManualResizeEnabled: false
17:19:07.391 [FXGL Background Thread 3 ] DEBUG Engine               - isMobile: false
17:19:07.391 [FXGL Background Thread 3 ] DEBUG Engine               - isPreserveResizeRatio: false
17:19:07.391 [FXGL Background Thread 3 ] DEBUG Engine               - isProfilingEnabled: false
17:19:07.392 [FXGL Background Thread 3 ] DEBUG Engine               - isScaleAffectedOnResize: true
17:19:07.392 [FXGL Background Thread 3 ] DEBUG Engine               - isSingleStep: false
17:19:07.392 [FXGL Background Thread 3 ] DEBUG Engine               - isUserProfileEnabled: false
17:19:07.392 [FXGL Background Thread 3 ] DEBUG Engine               - isWindows: true
17:19:07.392 [FXGL Background Thread 3 ] DEBUG Engine               - language: ObjectProperty [value: ENGLISH]
17:19:07.392 [FXGL Background Thread 3 ] DEBUG Engine               - menuKey: ESCAPE
17:19:07.392 [FXGL Background Thread 3 ] DEBUG Engine               - notificationViewClass: class com.almasb.fxgl.notification.view.XboxNotificationView
17:19:07.392 [FXGL Background Thread 3 ] DEBUG Engine               - pixelsPerMeter: 50.0
17:19:07.392 [FXGL Background Thread 3 ] DEBUG Engine               - platform: WINDOWS
17:19:07.392 [FXGL Background Thread 3 ] DEBUG Engine               - prefHeightProperty: ReadOnlyDoubleProperty [value: 720.0]
17:19:07.392 [FXGL Background Thread 3 ] DEBUG Engine               - prefWidthProperty: ReadOnlyDoubleProperty [value: 1280.0]
17:19:07.393 [FXGL Background Thread 3 ] DEBUG Engine               - profileDir: profiles/
17:19:07.393 [FXGL Background Thread 3 ] DEBUG Engine               - profileName: StringProperty [value: DEFAULT]
17:19:07.393 [FXGL Background Thread 3 ] DEBUG Engine               - randomSeed: -1
17:19:07.393 [FXGL Background Thread 3 ] DEBUG Engine               - runtimeInfo: RuntimeInfo(platform=WINDOWS, version=11.12, build=11.12.2020 08.51)
17:19:07.393 [FXGL Background Thread 3 ] DEBUG Engine               - saveFileExt: sav
17:19:07.393 [FXGL Background Thread 3 ] DEBUG Engine               - scaledHeightProp$fxgl: DoubleProperty [bound, value: 720.0]
17:19:07.393 [FXGL Background Thread 3 ] DEBUG Engine               - scaledWidthProp$fxgl: DoubleProperty [bound, value: 1280.0]
17:19:07.393 [FXGL Background Thread 3 ] DEBUG Engine               - sceneFactory: com.group19.javafxgame.ui.menu.main.MainMenuSceneFactory@4718578
17:19:07.393 [FXGL Background Thread 3 ] DEBUG Engine               - secondsIn24h: 60
17:19:07.393 [FXGL Background Thread 3 ] DEBUG Engine               - soundMenuBack: menu/back.wav
17:19:07.394 [FXGL Background Thread 3 ] DEBUG Engine               - soundMenuPress: menu/press.wav
17:19:07.394 [FXGL Background Thread 3 ] DEBUG Engine               - soundMenuSelect: menu/select.wav
17:19:07.394 [FXGL Background Thread 3 ] DEBUG Engine               - soundNotification: core/notification.wav
17:19:07.394 [FXGL Background Thread 3 ] DEBUG Engine               - stageStyle: DECORATED
17:19:07.394 [FXGL Background Thread 3 ] DEBUG Engine               - supportedLanguages: [ENGLISH, FRENCH, GERMAN, HUNGARIAN, RUSSIAN]
17:19:07.394 [FXGL Background Thread 3 ] DEBUG Engine               - title: Dungeon Crawler
17:19:07.394 [FXGL Background Thread 3 ] DEBUG Engine               - urlGithub: https://github.com/AlmasB/FXGL
17:19:07.394 [FXGL Background Thread 3 ] DEBUG Engine               - urlLeaderboard: http://fxgl-top.herokuapp.com/
17:19:07.394 [FXGL Background Thread 3 ] DEBUG Engine               - urlPOM: https://raw.githubusercontent.com/AlmasB/FXGL/master/README.md
17:19:07.394 [FXGL Background Thread 3 ] DEBUG Engine               - version: Development 0.0.1
17:19:07.394 [FXGL Background Thread 3 ] DEBUG Engine               - versionCheckDays: 7
17:19:07.394 [FXGL Background Thread 3 ] DEBUG Engine               - width: 1280
17:19:07.394 [FXGL Background Thread 3 ] DEBUG Engine               - Logging services
17:19:07.395 [FXGL Background Thread 3 ] DEBUG Engine               - class com.almasb.fxgl.app.FXGLApplication$GameApplicationService
17:19:07.395 [FXGL Background Thread 3 ] DEBUG Engine               - class com.almasb.fxgl.app.services.FXGLDialogService
17:19:07.395 [FXGL Background Thread 3 ] DEBUG Engine               - class com.almasb.fxgl.app.services.IOTaskExecutorService
17:19:07.395 [FXGL Background Thread 3 ] DEBUG Engine               - class com.almasb.fxgl.event.EventBusService
17:19:07.395 [FXGL Background Thread 3 ] DEBUG Engine               - class com.almasb.fxgl.io.FileSystemService
17:19:07.395 [FXGL Background Thread 3 ] DEBUG Engine               - class com.almasb.fxgl.localization.LocalizationService
17:19:07.395 [FXGL Background Thread 3 ] DEBUG Engine               - class com.almasb.fxgl.app.services.FXGLAssetLoaderService
17:19:07.395 [FXGL Background Thread 3 ] DEBUG Engine               - class com.almasb.fxgl.app.services.SystemBundleService
17:19:07.395 [FXGL Background Thread 3 ] DEBUG Engine               - class com.almasb.fxgl.profile.SaveLoadService
17:19:07.395 [FXGL Background Thread 3 ] DEBUG Engine               - class com.almasb.fxgl.ui.FXGLUIFactoryServiceProvider
17:19:07.395 [FXGL Background Thread 3 ] DEBUG Engine               - class com.almasb.fxgl.ui.FXGLDialogFactoryServiceProvider
17:19:07.395 [FXGL Background Thread 3 ] DEBUG Engine               - class com.almasb.fxgl.audio.AudioPlayer
17:19:07.395 [FXGL Background Thread 3 ] DEBUG Engine               - class com.almasb.fxgl.notification.impl.NotificationServiceProvider
17:19:07.396 [FXGL Background Thread 3 ] DEBUG Engine               - class com.almasb.fxgl.achievement.AchievementService
17:19:07.396 [FXGL Background Thread 3 ] DEBUG Engine               - class com.almasb.fxgl.cutscene.CutsceneService
17:19:07.396 [FXGL Background Thread 3 ] DEBUG Engine               - class com.almasb.fxgl.minigames.MiniGameService
17:19:07.396 [FXGL Background Thread 3 ] DEBUG Engine               - class com.almasb.fxgl.net.NetService
17:19:07.396 [FXGL Background Thread 3 ] DEBUG Engine               - class com.almasb.fxgl.app.services.UpdaterService
17:19:07.396 [FXGL Background Thread 3 ] DEBUG Engine               - class com.almasb.fxgl.dev.DevService
17:19:09.394 [JavaFX Application Thread] DEBUG MainWindow           - Push state: DialogSubScene
17:19:09.394 [JavaFX Application Thread] DEBUG Input                - Clearing active input actions
17:19:09.394 [JavaFX Application Thread] DEBUG GameApplicationServi - Removing overlay from MainMenu and adding to DialogSubScene
17:19:09.395 [JavaFX Application Thread] DEBUG MainWindow           - MainMenu -> DialogSubScene
17:19:10.827 [JavaFX Application Thread] DEBUG MainWindow           - Pop state: DialogSubScene
17:19:10.827 [JavaFX Application Thread] DEBUG Input                - Clearing active input actions
17:19:10.827 [JavaFX Application Thread] DEBUG GameApplicationServi - Removing overlay from DialogSubScene and adding to MainMenu
17:19:10.827 [JavaFX Application Thread] DEBUG MainWindow           - MainMenu <- DialogSubScene
17:19:11.371 [JavaFX Application Thread] DEBUG MainWindow           - Push state: DialogSubScene
17:19:11.371 [JavaFX Application Thread] DEBUG Input                - Clearing active input actions
17:19:11.374 [JavaFX Application Thread] DEBUG GameApplicationServi - Removing overlay from MainMenu and adding to DialogSubScene
17:19:11.374 [JavaFX Application Thread] DEBUG MainWindow           - MainMenu -> DialogSubScene
17:19:12.046 [JavaFX Application Thread] DEBUG MainWindow           - Pop state: DialogSubScene
17:19:12.046 [JavaFX Application Thread] DEBUG Input                - Clearing active input actions
17:19:12.047 [JavaFX Application Thread] DEBUG GameApplicationServi - Removing overlay from DialogSubScene and adding to MainMenu
17:19:12.047 [JavaFX Application Thread] DEBUG MainWindow           - MainMenu <- DialogSubScene
17:19:13.196 [JavaFX Application Thread] DEBUG Menu                 - fireNewGame()
17:19:13.196 [JavaFX Application Thread] DEBUG GameApplicationServi - Starting new game
17:19:13.196 [JavaFX Application Thread] DEBUG MainWindow           - Pop state: MainMenu
17:19:13.197 [JavaFX Application Thread] DEBUG Input                - Clearing active input actions
17:19:13.197 [JavaFX Application Thread] DEBUG GameApplicationServi - Removing overlay from MainMenu and adding to FXGLMainMenuDummyScene
17:19:13.197 [JavaFX Application Thread] DEBUG MainWindow           - FXGLMainMenuDummyScene <- MainMenu
17:19:13.197 [JavaFX Application Thread] DEBUG Input                - Clearing active input actions
17:19:13.203 [JavaFX Application Thread] DEBUG GameApplicationServi - Removing overlay from FXGLMainMenuDummyScene and adding to FXGLLoadingScene
17:19:13.203 [JavaFX Application Thread] DEBUG MainWindow           - FXGLMainMenuDummyScene -> FXGLLoadingScene
17:19:13.203 [JavaFX Application Thread] DEBUG GameApplicationServi - Clearing previous game
17:19:13.203 [JavaFX Application Thread] DEBUG GameScene            - Clearing game scene
17:19:13.203 [JavaFX Application Thread] DEBUG GameWorld            - Clearing game world
17:19:13.203 [JavaFX Application Thread] DEBUG PhysicsWorld         - Clearing physics world
17:19:13.204 [FXGL Background Thread 2 ] DEBUG FXGLApplication      - Initializing game
17:19:13.209 [FXGL Background Thread 2 ] DEBUG FXGLAssetLoaderServi - Loading from file system: /assets/levels/default2.tmx
17:19:13.228 [FXGL Background Thread 2 ] WARN  TMXLevelLoader       - TiledMap generated from 1.7.0. Supported version: 1.2.3. Some features may not be parsed fully.
17:19:13.238 [FXGL Background Thread 2 ] DEBUG TMXLevelLoader       - Parsed raw map: TiledMap(width=80, height=45, tilewidth=16, tileheight=16, orientation=orthogonal, layers=[Layer(width=80, height=45, name=Tile Layer 1, type=tilelayer, visible=false, x=0, y=0, data=[541, 542, 542, 542, 542, 542, 542, 542, 542, 542, 542, 542, 542, 542, 542, 542, 542, 542, 542, 542, 542, 542, 542, 542, 542, 542, 1106, 1106, 1106, 1106, 1106, 1106, 1106, 1106, 1106, 1106, 1106, 1106, 1106, 1106, 1106, 1106, 1106, 1106, 1106, 1106, 542, 542, 542, 542, 542, 542, 542, 542, 542, 542, 542, 542, 542, 542, 542, 542, 542, 542, 542, 542, 542, 542, 542, 542, 542, 542, 542, 542, 542, 542, 542, 542, 542, 543, 561, 0, 0, 0, 0, 0, 0, 0, 0, 0, 0, 0, 0, 0, 0, 0, 0, 0, 0, 0, 0, 0, 0, 0, 0, 0, 0, 0, 0, 0, 0, 0, 0, 0, 0, 0, 0, 0, 0, 0, 0, 0, 0, 0, 0, 0, 0, 0, 0, 0, 0, 0, 0, 0, 0, 0, 0, 0, 0, 0, 0, 0, 0, 0, 0, 0, 0, 0, 0, 0, 0, 0, 0, 0, 0, 0, 0, 0, 0, 561, 561, 0, 0, 0, 0, 0, 0, 0, 0, 0, 0, 0, 0, 0, 0, 0, 0, 0, 0, 0, 0, 0, 0, 0, 0, 0, 0, 0, 0, 0, 0, 0, 0, 0, 0, 0, 0, 0, 0, 0, 0, 0, 0, 0, 0, 0, 0, 0, 0, 0, 0, 0, 0, 0, 0, 0, 0, 0, 0, 0, 0, 0, 0, 0, 0, 0, 0, 0, 0, 0, 0, 0, 0, 0, 0, 0, 0, 0, 0, 561, 561, 0, 0, 0, 0, 0, 0, 0, 0, 0, 0, 0, 0, 0, 0, 0, 0, 0, 0, 0, 0, 0, 0, 0, 0, 0, 0, 0, 0, 0, 0, 0, 0, 0, 0, 0, 0, 0, 0, 0, 0, 0, 0, 0, 0, 0, 0, 0, 0, 0, 0, 0, 0, 0, 0, 0, 0, 0, 0, 0, 0, 0, 0, 0, 0, 0, 0, 0, 0, 0, 0, 0, 0, 0, 0, 0, 0, 0, 0, 561, 561, 0, 0, 0, 0, 0, 0, 0, 0, 0, 0, 0, 0, 0, 0, 0, 0, 0, 0, 0, 0, 0, 0, 0, 0, 0, 0, 0, 0, 0, 0, 0, 0, 0, 0, 0, 0, 0, 0, 0, 0, 0, 0, 0, 0, 0, 0, 0, 0, 0, 0, 0, 0, 0, 0, 0, 0, 0, 0, 0, 0, 0, 0, 0, 0, 0, 0, 0, 0, 0, 0, 0, 0, 0, 0, 0, 0, 0, 0, 561, 561, 0, 0, 0, 0, 0, 0, 0, 0, 0, 0, 0, 0, 0, 0, 0, 0, 0, 0, 0, 0, 0, 0, 0, 0, 0, 0, 0, 0, 0, 0, 0, 0, 0, 0, 0, 0, 0, 0, 0, 0, 0, 0, 0, 0, 0, 0, 0, 0, 0, 0, 0, 0, 0, 0, 0, 0, 0, 0, 0, 0, 0, 0, 0, 0, 0, 0, 0, 0, 0, 0, 0, 0, 0, 0, 0, 0, 0, 0, 561, 561, 0, 0, 0, 0, 0, 0, 0, 0, 0, 0, 0, 0, 0, 0, 0, 0, 0, 0, 0, 0, 0, 0, 0, 0, 0, 0, 0, 0, 0, 0, 0, 0, 0, 0, 0, 0, 0, 0, 0, 0, 0, 0, 0, 0, 0, 0, 0, 0, 0, 0, 0, 0, 0, 0, 0, 0, 0, 0, 0, 0, 0, 0, 0, 0, 0, 0, 0, 0, 0, 0, 0, 0, 0, 0, 0, 0, 0, 0, 561, 561, 0, 0, 0, 0, 0, 0, 0, 0, 0, 0, 0, 0, 0, 0, 0, 0, 0, 0, 0, 0, 0, 0, 0, 0, 0, 0, 0, 0, 0, 0, 0, 0, 0, 0, 0, 0, 0, 0, 0, 0, 0, 0, 0, 0, 0, 0, 0, 0, 0, 0, 0, 0, 0, 0, 0, 0, 0, 0, 0, 0, 0, 0, 0, 0, 0, 0, 0, 0, 0, 0, 0, 0, 0, 0, 0, 0, 0, 0, 561, 561, 0, 0, 0, 0, 0, 0, 0, 0, 0, 0, 0, 0, 0, 0, 0, 0, 0, 0, 0, 0, 0, 0, 0, 0, 0, 0, 0, 0, 0, 0, 0, 0, 0, 0, 0, 0, 0, 0, 0, 0, 0, 0, 0, 0, 0, 0, 0, 0, 0, 0, 0, 0, 0, 0, 0, 0, 0, 0, 0, 0, 0, 0, 0, 0, 0, 0, 0, 0, 0, 0, 0, 0, 0, 0, 0, 0, 0, 0, 561, 561, 0, 0, 0, 0, 0, 0, 0, 0, 0, 0, 0, 0, 0, 0, 0, 0, 0, 0, 0, 0, 0, 0, 0, 0, 0, 564, 542, 542, 542, 542, 542, 542, 542, 542, 545, 542, 542, 542, 542, 542, 542, 542, 542, 543, 0, 0, 0, 0, 0, 0, 0, 0, 0, 0, 0, 0, 0, 0, 0, 0, 0, 0, 0, 0, 0, 0, 0, 0, 0, 0, 0, 0, 0, 0, 0, 0, 0, 0, 561, 561, 0, 0, 0, 0, 0, 0, 0, 0, 0, 0, 0, 0, 0, 0, 0, 0, 0, 0, 0, 0, 0, 0, 0, 0, 0, 561, 0, 0, 0, 0, 0, 0, 0, 0, 561, 0, 0, 0, 0, 0, 0, 0, 0, 561, 0, 0, 0, 0, 0, 0, 0, 0, 0, 0, 0, 0, 0, 0, 0, 0, 0, 0, 0, 0, 0, 0, 0, 0, 0, 0, 0, 0, 0, 0, 0, 0, 0, 0, 561, 561, 0, 0, 0, 0, 0, 0, 0, 0, 0, 0, 0, 0, 0, 0, 0, 0, 0, 0, 0, 0, 0, 0, 0, 0, 0, 561, 0, 0, 0, 0, 0, 0, 0, 0, 561, 0, 0, 0, 0, 0, 0, 0, 0, 561, 0, 0, 0, 0, 0, 0, 0, 0, 0, 0, 0, 0, 0, 0, 0, 0, 0, 0, 0, 0, 0, 0, 0, 0, 0, 0, 0, 0, 0, 0, 0, 0, 0, 0, 561, 561, 0, 0, 0, 0, 0, 0, 0, 0, 0, 0, 0, 0, 0, 0, 0, 0, 0, 0, 0, 0, 0, 0, 0, 0, 0, 561, 0, 0, 0, 0, 0, 0, 0, 0, 561, 0, 0, 0, 0, 0, 0, 0, 0, 561, 0, 0, 0, 0, 0, 0, 0, 0, 0, 0, 0, 0, 0, 0, 0, 0, 0, 0, 0, 0, 0, 0, 0, 0, 0, 0, 0, 0, 0, 0, 0, 0, 0, 0, 561, 561, 0, 0, 0, 0, 0, 0, 0, 0, 0, 0, 0, 0, 0, 0, 0, 0, 0, 0, 0, 0, 0, 0, 0, 0, 0, 561, 0, 0, 0, 0, 0, 0, 0, 0, 0, 0, 0, 0, 0, 0, 0, 0, 0, 561, 0, 0, 0, 0, 0, 0, 0, 0, 0, 0, 0, 0, 0, 0, 0, 0, 0, 0, 0, 0, 0, 0, 0, 0, 0, 0, 0, 0, 0, 0, 0, 0, 0, 0, 561, 561, 0, 0, 0, 0, 0, 0, 0, 0, 0, 0, 0, 0, 0, 0, 0, 0, 0, 0, 0, 0, 0, 0, 0, 0, 0, 561, 0, 0, 0, 0, 0, 0, 0, 0, 0, 0, 0, 0, 0, 0, 0, 0, 0, 561, 0, 0, 0, 0, 0, 0, 0, 0, 0, 0, 0, 0, 0, 0, 0, 0, 0, 0, 0, 0, 0, 0, 0, 0, 0, 0, 0, 0, 0, 0, 0, 0, 0, 0, 561, 561, 0, 0, 0, 0, 0, 0, 0, 0, 0, 0, 0, 0, 0, 0, 0, 0, 0, 0, 0, 0, 0, 0, 0, 0, 0, 561, 0, 0, 0, 0, 0, 0, 0, 0, 0, 0, 0, 0, 0, 0, 0, 0, 0, 561, 0, 0, 0, 0, 0, 0, 0, 0, 0, 0, 0, 0, 0, 0, 0, 0, 0, 0, 0, 0, 0, 0, 0, 0, 0, 0, 0, 0, 0, 0, 0, 0, 0, 0, 561, 1106, 0, 0, 0, 0, 0, 0, 0, 0, 0, 0, 0, 0, 0, 0, 0, 0, 0, 0, 0, 0, 0, 0, 0, 0, 0, 561, 0, 0, 0, 0, 0, 0, 0, 0, 561, 0, 0, 0, 0, 0, 0, 0, 0, 561, 0, 0, 0, 0, 0, 0, 0, 0, 0, 0, 0, 0, 0, 0, 0, 0, 0, 0, 0, 0, 0, 0, 0, 0, 0, 0, 0, 0, 0, 0, 0, 0, 0, 0, 1106, 1106, 0, 0, 0, 0, 0, 0, 0, 0, 0, 0, 0, 0, 0, 0, 0, 0, 0, 0, 0, 0, 0, 0, 0, 0, 0, 561, 0, 0, 0, 0, 0, 0, 0, 0, 561, 0, 0, 0, 0, 0, 0, 0, 0, 561, 0, 0, 0, 0, 0, 0, 0, 0, 0, 0, 0, 0, 0, 0, 0, 0, 0, 0, 0, 0, 0, 0, 0, 0, 0, 0, 0, 0, 0, 0, 0, 0, 0, 0, 1106, 1106, 0, 0, 0, 0, 0, 0, 0, 0, 0, 0, 0, 0, 0, 0, 0, 0, 0, 0, 0, 0, 0, 0, 0, 0, 0, 561, 0, 0, 0, 0, 0, 0, 0, 0, 561, 0, 0, 0, 0, 0, 0, 0, 0, 561, 0, 0, 0, 0, 0, 0, 0, 0, 0, 0, 0, 0, 0, 0, 0, 0, 0, 0, 0, 0, 0, 0, 0, 0, 0, 0, 0, 0, 0, 0, 0, 0, 0, 0, 1106, 1106, 0, 0, 0, 0, 0, 0, 0, 0, 0, 0, 0, 0, 0, 0, 0, 0, 0, 0, 0, 0, 0, 0, 0, 0, 0, 545, 585, 585, 585, 0, 0, 585, 585, 585, 545, 585, 585, 585, 0, 0, 585, 585, 585, 545, 0, 0, 0, 0, 0, 0, 0, 0, 0, 0, 0, 0, 0, 0, 0, 0, 0, 0, 0, 0, 0, 0, 0, 0, 0, 0, 0, 0, 0, 0, 0, 0, 0, 0, 1106, 1106, 0, 0, 0, 0, 0, 0, 0, 0, 0, 0, 0, 0, 0, 0, 0, 0, 0, 0, 0, 0, 0, 0, 0, 0, 0, 561, 0, 0, 0, 0, 0, 0, 0, 0, 561, 0, 0, 0, 0, 0, 0, 0, 0, 561, 0, 0, 0, 0, 0, 0, 0, 0, 0, 0, 0, 0, 0, 0, 0, 0, 0, 0, 0, 0, 0, 0, 0, 0, 0, 0, 0, 0, 0, 0, 0, 0, 0, 0, 1106, 1106, 0, 0, 0, 0, 0, 0, 0, 0, 0, 0, 0, 0, 0, 0, 0, 0, 0, 0, 0, 0, 0, 0, 0, 0, 0, 561, 0, 0, 0, 0, 0, 0, 0, 0, 561, 0, 0, 0, 0, 0, 0, 0, 0, 561, 0, 0, 0, 0, 0, 0, 0, 0, 0, 0, 0, 0, 0, 0, 0, 0, 0, 0, 0, 0, 0, 0, 0, 0, 0, 0, 0, 0, 0, 0, 0, 0, 0, 0, 1106, 1106, 0, 0, 0, 0, 0, 0, 0, 0, 0, 0, 0, 0, 0, 0, 0, 0, 0, 0, 0, 0, 0, 0, 0, 0, 0, 561, 0, 0, 0, 0, 0, 0, 0, 0, 561, 0, 0, 0, 0, 0, 0, 0, 0, 561, 0, 0, 0, 0, 0, 0, 0, 0, 0, 0, 0, 0, 0, 0, 0, 0, 0, 0, 0, 0, 0, 0, 0, 0, 0, 0, 0, 0, 0, 0, 0, 0, 0, 0, 1106, 561, 0, 0, 0, 0, 0, 0, 0, 0, 0, 0, 0, 0, 0, 0, 0, 0, 0, 0, 0, 0, 0, 0, 0, 0, 0, 561, 0, 0, 0, 0, 0, 0, 0, 0, 561, 0, 0, 0, 0, 0, 0, 0, 0, 561, 0, 0, 0, 0, 0, 0, 0, 0, 0, 0, 0, 0, 0, 0, 0, 0, 0, 0, 0, 0, 0, 0, 0, 0, 0, 0, 0, 0, 0, 0, 0, 0, 0, 0, 561, 561, 0, 0, 0, 0, 0, 0, 0, 0, 0, 0, 0, 0, 0, 0, 0, 0, 0, 0, 0, 0, 0, 0, 0, 0, 0, 561, 0, 0, 0, 0, 0, 0, 0, 0, 561, 0, 0, 0, 0, 0, 0, 0, 0, 561, 0, 0, 0, 0, 0, 0, 0, 0, 0, 0, 0, 0, 0, 0, 0, 0, 0, 0, 0, 0, 0, 0, 0, 0, 0, 0, 0, 0, 0, 0, 0, 0, 0, 0, 561, 561, 0, 0, 0, 0, 0, 0, 0, 0, 0, 0, 0, 0, 0, 0, 0, 0, 0, 0, 0, 0, 0, 0, 0, 0, 0, 561, 0, 0, 0, 0, 0, 0, 0, 0, 561, 0, 0, 0, 0, 0, 0, 0, 0, 561, 0, 0, 0, 0, 0, 0, 0, 0, 0, 0, 0, 0, 0, 0, 0, 0, 0, 0, 0, 0, 0, 0, 0, 0, 0, 0, 0, 0, 0, 0, 0, 0, 0, 0, 561, 561, 0, 0, 0, 0, 0, 0, 0, 0, 0, 0, 0, 0, 0, 0, 0, 0, 0, 0, 0, 0, 0, 0, 0, 0, 0, 561, 0, 0, 0, 0, 0, 0, 0, 0, 561, 0, 0, 0, 0, 0, 0, 0, 0, 561, 0, 0, 0, 0, 0, 0, 0, 0, 0, 0, 0, 0, 0, 0, 0, 0, 0, 0, 0, 0, 0, 0, 0, 0, 0, 0, 0, 0, 0, 0, 0, 0, 0, 0, 561, 561, 0, 0, 0, 0, 0, 0, 0, 0, 0, 0, 0, 0, 0, 0, 0, 0, 0, 0, 0, 0, 0, 0, 0, 0, 0, 561, 0, 0, 0, 0, 0, 0, 0, 0, 561, 0, 0, 0, 0, 0, 0, 0, 0, 561, 0, 0, 0, 0, 0, 0, 0, 0, 0, 0, 0, 0, 0, 0, 0, 0, 0, 0, 0, 0, 0, 0, 0, 0, 0, 0, 0, 0, 0, 0, 0, 0, 0, 0, 561, 561, 0, 0, 0, 0, 0, 0, 0, 0, 0, 0, 0, 0, 0, 0, 0, 0, 0, 0, 0, 0, 0, 0, 0, 0, 0, 561, 0, 0, 0, 0, 0, 0, 0, 0, 561, 0, 0, 0, 0, 0, 0, 0, 0, 561, 0, 0, 0, 0, 0, 0, 0, 0, 0, 0, 0, 0, 0, 0, 0, 0, 0, 0, 0, 0, 0, 0, 0, 0, 0, 0, 0, 0, 0, 0, 0, 0, 0, 0, 561, 561, 0, 0, 0, 0, 0, 0, 0, 0, 0, 0, 0, 0, 0, 0, 0, 0, 0, 0, 0, 0, 0, 0, 0, 0, 0, 561, 0, 0, 0, 0, 0, 0, 0, 0, 561, 0, 0, 0, 0, 0, 0, 0, 0, 561, 0, 0, 0, 0, 0, 0, 0, 0, 0, 0, 0, 0, 0, 0, 0, 0, 0, 0, 0, 0, 0, 0, 0, 0, 0, 0, 0, 0, 0, 0, 0, 0, 0, 0, 561, 561, 0, 0, 0, 0, 0, 0, 0, 0, 0, 0, 0, 0, 0, 0, 0, 0, 0, 0, 0, 0, 0, 0, 0, 0, 0, 562, 0, 0, 0, 0, 0, 0, 0, 0, 562, 0, 0, 0, 0, 0, 0, 0, 0, 562, 0, 0, 0, 0, 0, 0, 0, 0, 0, 0, 0, 0, 0, 0, 0, 0, 0, 0, 0, 0, 0, 0, 0, 0, 0, 0, 0, 0, 0, 0, 0, 0, 0, 0, 561, 561, 0, 0, 0, 0, 0, 0, 0, 0, 0, 0, 0, 0, 0, 0, 0, 0, 0, 0, 0, 0, 0, 0, 0, 0, 0, 0, 0, 0, 0, 0, 0, 0, 0, 0, 0, 0, 0, 0, 0, 0, 0, 0, 0, 0, 0, 0, 0, 0, 0, 0, 0, 0, 0, 0, 0, 0, 0, 0, 0, 0, 0, 0, 0, 0, 0, 0, 0, 0, 0, 0, 0, 0, 0, 0, 0, 0, 0, 0, 561, 561, 0, 0, 0, 0, 0, 0, 0, 0, 0, 0, 0, 0, 0, 0, 0, 0, 0, 0, 0, 0, 0, 0, 0, 0, 0, 0, 0, 0, 0, 0, 0, 0, 0, 0, 0, 0, 0, 0, 0, 0, 0, 0, 0, 0, 0, 0, 0, 0, 0, 0, 0, 0, 0, 0, 0, 0, 0, 0, 0, 0, 0, 0, 0, 0, 0, 0, 0, 0, 0, 0, 0, 0, 0, 0, 0, 0, 0, 0, 561, 561, 0, 0, 0, 0, 0, 0, 0, 0, 0, 0, 0, 0, 0, 0, 0, 0, 0, 0, 0, 0, 0, 0, 0, 0, 0, 0, 0, 0, 0, 0, 0, 0, 0, 0, 0, 0, 0, 0, 0, 0, 0, 0, 0, 0, 0, 0, 0, 0, 0, 0, 0, 0, 0, 0, 0, 0, 0, 0, 0, 0, 0, 0, 0, 0, 0, 0, 0, 0, 0, 0, 0, 0, 0, 0, 0, 0, 0, 0, 561, 561, 0, 0, 0, 0, 0, 0, 0, 0, 0, 0, 0, 0, 0, 0, 0, 0, 0, 0, 0, 0, 0, 0, 0, 0, 0, 0, 0, 0, 0, 0, 0, 0, 0, 0, 0, 0, 0, 0, 0, 0, 0, 0, 0, 0, 0, 0, 0, 0, 0, 0, 0, 0, 0, 0, 0, 0, 0, 0, 0, 0, 0, 0, 0, 0, 0, 0, 0, 0, 0, 0, 0, 0, 0, 0, 0, 0, 0, 0, 561, 561, 0, 0, 0, 0, 0, 0, 0, 0, 0, 0, 0, 0, 0, 0, 0, 0, 0, 0, 0, 0, 0, 0, 0, 0, 0, 0, 0, 0, 0, 0, 0, 0, 0, 0, 0, 0, 0, 0, 0, 0, 0, 0, 0, 0, 0, 0, 0, 0, 0, 0, 0, 0, 0, 0, 0, 0, 0, 0, 0, 0, 0, 0, 0, 0, 0, 0, 0, 0, 0, 0, 0, 0, 0, 0, 0, 0, 0, 0, 561, 561, 0, 0, 0, 0, 0, 0, 0, 0, 0, 0, 0, 0, 0, 0, 0, 0, 0, 0, 0, 0, 0, 0, 0, 0, 0, 0, 0, 0, 0, 0, 0, 0, 0, 0, 0, 0, 0, 0, 0, 0, 0, 0, 0, 0, 0, 0, 0, 0, 0, 0, 0, 0, 0, 0, 0, 0, 0, 0, 0, 0, 0, 0, 0, 0, 0, 0, 0, 0, 0, 0, 0, 0, 0, 0, 0, 0, 0, 0, 561, 561, 0, 0, 0, 0, 0, 0, 0, 0, 0, 0, 0, 0, 0, 0, 0, 0, 0, 0, 0, 0, 0, 0, 0, 0, 0, 0, 0, 0, 0, 0, 0, 0, 0, 0, 0, 0, 0, 0, 0, 0, 0, 0, 0, 0, 0, 0, 0, 0, 0, 0, 0, 0, 0, 0, 0, 0, 0, 0, 0, 0, 0, 0, 0, 0, 0, 0, 0, 0, 0, 0, 0, 0, 0, 0, 0, 0, 0, 0, 561, 561, 0, 0, 0, 0, 0, 0, 0, 0, 0, 0, 0, 0, 0, 0, 0, 0, 0, 0, 0, 0, 0, 0, 0, 0, 0, 0, 0, 0, 0, 0, 0, 0, 0, 0, 0, 0, 0, 0, 0, 0, 0, 0, 0, 0, 0, 0, 0, 0, 0, 0, 0, 0, 0, 0, 0, 0, 0, 0, 0, 0, 0, 0, 0, 0, 0, 0, 0, 0, 0, 0, 0, 0, 0, 0, 0, 0, 0, 0, 561, 561, 0, 0, 0, 0, 0, 0, 0, 0, 0, 0, 0, 0, 0, 0, 0, 0, 0, 0, 0, 0, 0, 0, 0, 0, 0, 0, 0, 0, 0, 0, 0, 0, 0, 0, 0, 0, 0, 0, 0, 0, 0, 0, 0, 0, 0, 0, 0, 0, 0, 0, 0, 0, 0, 0, 0, 0, 0, 0, 0, 0, 0, 0, 0, 0, 0, 0, 0, 0, 0, 0, 0, 0, 0, 0, 0, 0, 0, 0, 561, 561, 0, 0, 0, 0, 0, 0, 0, 0, 0, 0, 0, 0, 0, 0, 0, 0, 0, 0, 0, 0, 0, 0, 0, 0, 0, 0, 0, 0, 0, 0, 0, 0, 0, 0, 0, 0, 0, 0, 0, 0, 0, 0, 0, 0, 0, 0, 0, 0, 0, 0, 0, 0, 0, 0, 0, 0, 0, 0, 0, 0, 0, 0, 0, 0, 0, 0, 0, 0, 0, 0, 0, 0, 0, 0, 0, 0, 0, 0, 561, 561, 0, 0, 0, 0, 0, 0, 0, 0, 0, 0, 0, 0, 0, 0, 0, 0, 0, 0, 0, 0, 0, 0, 0, 0, 0, 0, 0, 0, 0, 0, 0, 0, 0, 0, 0, 0, 0, 0, 0, 0, 0, 0, 0, 0, 0, 0, 0, 0, 0, 0, 0, 0, 0, 0, 0, 0, 0, 0, 0, 0, 0, 0, 0, 0, 0, 0, 0, 0, 0, 0, 0, 0, 0, 0, 0, 0, 0, 0, 561, 561, 0, 0, 0, 0, 0, 0, 0, 0, 0, 0, 0, 0, 0, 0, 0, 0, 0, 0, 0, 0, 0, 0, 0, 0, 0, 0, 0, 0, 0, 0, 0, 0, 0, 0, 0, 0, 0, 0, 0, 0, 0, 0, 0, 0, 0, 0, 0, 0, 0, 0, 0, 0, 0, 0, 0, 0, 0, 0, 0, 0, 0, 0, 0, 0, 0, 0, 0, 0, 0, 0, 0, 0, 0, 0, 0, 0, 0, 0, 561, 561, 0, 0, 0, 0, 0, 0, 0, 0, 0, 0, 0, 0, 0, 0, 0, 0, 0, 0, 0, 0, 0, 0, 0, 0, 0, 0, 0, 0, 0, 0, 0, 0, 0, 0, 0, 0, 0, 0, 0, 0, 0, 0, 0, 0, 0, 0, 0, 0, 0, 0, 0, 0, 0, 0, 0, 0, 0, 0, 0, 0, 0, 0, 0, 0, 0, 0, 0, 0, 0, 0, 0, 0, 0, 0, 0, 0, 0, 0, 561, 581, 585, 585, 585, 585, 585, 585, 585, 585, 585, 585, 585, 585, 585, 585, 585, 585, 585, 585, 585, 585, 585, 585, 585, 585, 585, 1106, 1106, 1106, 1106, 1106, 1106, 1106, 1106, 1106, 1106, 1106, 1106, 1106, 1106, 1106, 1106, 1106, 1106, 1106, 585, 585, 585, 585, 585, 585, 585, 585, 585, 585, 585, 585, 585, 585, 585, 585, 585, 585, 585, 585, 585, 585, 585, 585, 585, 585, 585, 585, 585, 585, 542, 542, 542, 542, 583], objects=[], opacity=0.0, draworder=), Layer(width=0, height=0, name=Object Layer 1, type=objectgroup, visible=false, x=0, y=0, data=[], objects=[com.almasb.fxgl.entity.level.tiled.TiledObject@66140509, com.almasb.fxgl.entity.level.tiled.TiledObject@7261898b, com.almasb.fxgl.entity.level.tiled.TiledObject@49e6b7cf, com.almasb.fxgl.entity.level.tiled.TiledObject@7016b9e0, com.almasb.fxgl.entity.level.tiled.TiledObject@36ecd6a6, com.almasb.fxgl.entity.level.tiled.TiledObject@48bf2c21, com.almasb.fxgl.entity.level.tiled.TiledObject@341bb236, com.almasb.fxgl.entity.level.tiled.TiledObject@7187c4ec, com.almasb.fxgl.entity.level.tiled.TiledObject@218e659c, com.almasb.fxgl.entity.level.tiled.TiledObject@10e18ba8, com.almasb.fxgl.entity.level.tiled.TiledObject@79020180, com.almasb.fxgl.entity.level.tiled.TiledObject@366d0ae8, com.almasb.fxgl.entity.level.tiled.TiledObject@641d3b3c, com.almasb.fxgl.entity.level.tiled.TiledObject@78bd40dc, com.almasb.fxgl.entity.level.tiled.TiledObject@11da404a, com.almasb.fxgl.entity.level.tiled.TiledObject@4f3e32d3, com.almasb.fxgl.entity.level.tiled.TiledObject@427734d3, com.almasb.fxgl.entity.level.tiled.TiledObject@505e27e1, com.almasb.fxgl.entity.level.tiled.TiledObject@1345f5b0, com.almasb.fxgl.entity.level.tiled.TiledObject@2dd3f5a1], opacity=0.0, draworder=)], tilesets=[Tileset(firstgid=1, image=Wall.png, name=Wall, tilewidth=16, tileheight=16, imagewidth=320, imageheight=816, margin=0, spacing=0, columns=20, tilecount=1020, transparentcolor=, tiles=[]), Tileset(firstgid=1021, image=Floor.png, name=Floor, tilewidth=16, tileheight=16, imagewidth=336, imageheight=624, margin=0, spacing=0, columns=21, tilecount=819, transparentcolor=, tiles=[])], backgroundcolor=, renderorder=right-down, nextobjectid=35, version=1, tiledversion=1.7.0, type=map, infinite=false, hexsidelength=0, staggeraxis=, staggerindex=, properties={}, propertytypes={})
17:19:13.239 [FXGL Background Thread 2 ] DEBUG TMXLevelLoader       - Creating tile layer entities
17:19:13.239 [FXGL Background Thread 2 ] DEBUG TilesetLoader        - Loading view for layer Tile Layer 1
17:19:13.240 [FXGL Background Thread 2 ] DEBUG TilesetLoader        - Created buffer with size 1280.0x720.0
17:19:13.250 [FXGL Background Thread 2 ] DEBUG TilesetLoader        - Writing to buffer: dst=0,0, w=16,h=16, src=0,432
17:19:13.250 [FXGL Background Thread 2 ] DEBUG TilesetLoader        - Writing to buffer: dst=16,0, w=16,h=16, src=16,432
17:19:13.250 [FXGL Background Thread 2 ] DEBUG TilesetLoader        - Writing to buffer: dst=32,0, w=16,h=16, src=16,432
17:19:13.250 [FXGL Background Thread 2 ] DEBUG TilesetLoader        - Writing to buffer: dst=48,0, w=16,h=16, src=16,432
17:19:13.250 [FXGL Background Thread 2 ] DEBUG TilesetLoader        - Writing to buffer: dst=64,0, w=16,h=16, src=16,432
17:19:13.250 [FXGL Background Thread 2 ] DEBUG TilesetLoader        - Writing to buffer: dst=80,0, w=16,h=16, src=16,432
17:19:13.250 [FXGL Background Thread 2 ] DEBUG TilesetLoader        - Writing to buffer: dst=96,0, w=16,h=16, src=16,432
17:19:13.250 [FXGL Background Thread 2 ] DEBUG TilesetLoader        - Writing to buffer: dst=112,0, w=16,h=16, src=16,432
17:19:13.250 [FXGL Background Thread 2 ] DEBUG TilesetLoader        - Writing to buffer: dst=128,0, w=16,h=16, src=16,432
17:19:13.250 [FXGL Background Thread 2 ] DEBUG TilesetLoader        - Writing to buffer: dst=144,0, w=16,h=16, src=16,432
17:19:13.250 [FXGL Background Thread 2 ] DEBUG TilesetLoader        - Writing to buffer: dst=160,0, w=16,h=16, src=16,432
17:19:13.250 [FXGL Background Thread 2 ] DEBUG TilesetLoader        - Writing to buffer: dst=176,0, w=16,h=16, src=16,432
17:19:13.251 [FXGL Background Thread 2 ] DEBUG TilesetLoader        - Writing to buffer: dst=192,0, w=16,h=16, src=16,432
17:19:13.251 [FXGL Background Thread 2 ] DEBUG TilesetLoader        - Writing to buffer: dst=208,0, w=16,h=16, src=16,432
17:19:13.251 [FXGL Background Thread 2 ] DEBUG TilesetLoader        - Writing to buffer: dst=224,0, w=16,h=16, src=16,432
17:19:13.251 [FXGL Background Thread 2 ] DEBUG TilesetLoader        - Writing to buffer: dst=240,0, w=16,h=16, src=16,432
17:19:13.251 [FXGL Background Thread 2 ] DEBUG TilesetLoader        - Writing to buffer: dst=256,0, w=16,h=16, src=16,432
17:19:13.251 [FXGL Background Thread 2 ] DEBUG TilesetLoader        - Writing to buffer: dst=272,0, w=16,h=16, src=16,432
17:19:13.251 [FXGL Background Thread 2 ] DEBUG TilesetLoader        - Writing to buffer: dst=288,0, w=16,h=16, src=16,432
17:19:13.251 [FXGL Background Thread 2 ] DEBUG TilesetLoader        - Writing to buffer: dst=304,0, w=16,h=16, src=16,432
17:19:13.251 [FXGL Background Thread 2 ] DEBUG TilesetLoader        - Writing to buffer: dst=320,0, w=16,h=16, src=16,432
17:19:13.251 [FXGL Background Thread 2 ] DEBUG TilesetLoader        - Writing to buffer: dst=336,0, w=16,h=16, src=16,432
17:19:13.251 [FXGL Background Thread 2 ] DEBUG TilesetLoader        - Writing to buffer: dst=352,0, w=16,h=16, src=16,432
17:19:13.251 [FXGL Background Thread 2 ] DEBUG TilesetLoader        - Writing to buffer: dst=368,0, w=16,h=16, src=16,432
17:19:13.251 [FXGL Background Thread 2 ] DEBUG TilesetLoader        - Writing to buffer: dst=384,0, w=16,h=16, src=16,432
17:19:13.251 [FXGL Background Thread 2 ] DEBUG TilesetLoader        - Writing to buffer: dst=400,0, w=16,h=16, src=16,432
17:19:13.255 [FXGL Background Thread 2 ] DEBUG TilesetLoader        - Writing to buffer: dst=416,0, w=16,h=16, src=16,64
17:19:13.255 [FXGL Background Thread 2 ] DEBUG TilesetLoader        - Writing to buffer: dst=432,0, w=16,h=16, src=16,64
17:19:13.255 [FXGL Background Thread 2 ] DEBUG TilesetLoader        - Writing to buffer: dst=448,0, w=16,h=16, src=16,64
17:19:13.255 [FXGL Background Thread 2 ] DEBUG TilesetLoader        - Writing to buffer: dst=464,0, w=16,h=16, src=16,64
17:19:13.255 [FXGL Background Thread 2 ] DEBUG TilesetLoader        - Writing to buffer: dst=480,0, w=16,h=16, src=16,64
17:19:13.255 [FXGL Background Thread 2 ] DEBUG TilesetLoader        - Writing to buffer: dst=496,0, w=16,h=16, src=16,64
17:19:13.255 [FXGL Background Thread 2 ] DEBUG TilesetLoader        - Writing to buffer: dst=512,0, w=16,h=16, src=16,64
17:19:13.255 [FXGL Background Thread 2 ] DEBUG TilesetLoader        - Writing to buffer: dst=528,0, w=16,h=16, src=16,64
17:19:13.255 [FXGL Background Thread 2 ] DEBUG TilesetLoader        - Writing to buffer: dst=544,0, w=16,h=16, src=16,64
17:19:13.255 [FXGL Background Thread 2 ] DEBUG TilesetLoader        - Writing to buffer: dst=560,0, w=16,h=16, src=16,64
17:19:13.255 [FXGL Background Thread 2 ] DEBUG TilesetLoader        - Writing to buffer: dst=576,0, w=16,h=16, src=16,64
17:19:13.255 [FXGL Background Thread 2 ] DEBUG TilesetLoader        - Writing to buffer: dst=592,0, w=16,h=16, src=16,64
17:19:13.255 [FXGL Background Thread 2 ] DEBUG TilesetLoader        - Writing to buffer: dst=608,0, w=16,h=16, src=16,64
17:19:13.255 [FXGL Background Thread 2 ] DEBUG TilesetLoader        - Writing to buffer: dst=624,0, w=16,h=16, src=16,64
17:19:13.255 [FXGL Background Thread 2 ] DEBUG TilesetLoader        - Writing to buffer: dst=640,0, w=16,h=16, src=16,64
17:19:13.255 [FXGL Background Thread 2 ] DEBUG TilesetLoader        - Writing to buffer: dst=656,0, w=16,h=16, src=16,64
17:19:13.255 [FXGL Background Thread 2 ] DEBUG TilesetLoader        - Writing to buffer: dst=672,0, w=16,h=16, src=16,64
17:19:13.255 [FXGL Background Thread 2 ] DEBUG TilesetLoader        - Writing to buffer: dst=688,0, w=16,h=16, src=16,64
17:19:13.256 [FXGL Background Thread 2 ] DEBUG TilesetLoader        - Writing to buffer: dst=704,0, w=16,h=16, src=16,64
17:19:13.256 [FXGL Background Thread 2 ] DEBUG TilesetLoader        - Writing to buffer: dst=720,0, w=16,h=16, src=16,64
17:19:13.256 [FXGL Background Thread 2 ] DEBUG TilesetLoader        - Writing to buffer: dst=736,0, w=16,h=16, src=16,432
17:19:13.256 [FXGL Background Thread 2 ] DEBUG TilesetLoader        - Writing to buffer: dst=752,0, w=16,h=16, src=16,432
17:19:13.256 [FXGL Background Thread 2 ] DEBUG TilesetLoader        - Writing to buffer: dst=768,0, w=16,h=16, src=16,432
17:19:13.256 [FXGL Background Thread 2 ] DEBUG TilesetLoader        - Writing to buffer: dst=784,0, w=16,h=16, src=16,432
17:19:13.256 [FXGL Background Thread 2 ] DEBUG TilesetLoader        - Writing to buffer: dst=800,0, w=16,h=16, src=16,432
17:19:13.256 [FXGL Background Thread 2 ] DEBUG TilesetLoader        - Writing to buffer: dst=816,0, w=16,h=16, src=16,432
17:19:13.256 [FXGL Background Thread 2 ] DEBUG TilesetLoader        - Writing to buffer: dst=832,0, w=16,h=16, src=16,432
17:19:13.256 [FXGL Background Thread 2 ] DEBUG TilesetLoader        - Writing to buffer: dst=848,0, w=16,h=16, src=16,432
17:19:13.256 [FXGL Background Thread 2 ] DEBUG TilesetLoader        - Writing to buffer: dst=864,0, w=16,h=16, src=16,432
17:19:13.256 [FXGL Background Thread 2 ] DEBUG TilesetLoader        - Writing to buffer: dst=880,0, w=16,h=16, src=16,432
17:19:13.256 [FXGL Background Thread 2 ] DEBUG TilesetLoader        - Writing to buffer: dst=896,0, w=16,h=16, src=16,432
17:19:13.256 [FXGL Background Thread 2 ] DEBUG TilesetLoader        - Writing to buffer: dst=912,0, w=16,h=16, src=16,432
17:19:13.256 [FXGL Background Thread 2 ] DEBUG TilesetLoader        - Writing to buffer: dst=928,0, w=16,h=16, src=16,432
17:19:13.256 [FXGL Background Thread 2 ] DEBUG TilesetLoader        - Writing to buffer: dst=944,0, w=16,h=16, src=16,432
17:19:13.256 [FXGL Background Thread 2 ] DEBUG TilesetLoader        - Writing to buffer: dst=960,0, w=16,h=16, src=16,432
17:19:13.256 [FXGL Background Thread 2 ] DEBUG TilesetLoader        - Writing to buffer: dst=976,0, w=16,h=16, src=16,432
17:19:13.256 [FXGL Background Thread 2 ] DEBUG TilesetLoader        - Writing to buffer: dst=992,0, w=16,h=16, src=16,432
17:19:13.256 [FXGL Background Thread 2 ] DEBUG TilesetLoader        - Writing to buffer: dst=1008,0, w=16,h=16, src=16,432
17:19:13.256 [FXGL Background Thread 2 ] DEBUG TilesetLoader        - Writing to buffer: dst=1024,0, w=16,h=16, src=16,432
17:19:13.256 [FXGL Background Thread 2 ] DEBUG TilesetLoader        - Writing to buffer: dst=1040,0, w=16,h=16, src=16,432
17:19:13.256 [FXGL Background Thread 2 ] DEBUG TilesetLoader        - Writing to buffer: dst=1056,0, w=16,h=16, src=16,432
17:19:13.256 [FXGL Background Thread 2 ] DEBUG TilesetLoader        - Writing to buffer: dst=1072,0, w=16,h=16, src=16,432
17:19:13.256 [FXGL Background Thread 2 ] DEBUG TilesetLoader        - Writing to buffer: dst=1088,0, w=16,h=16, src=16,432
17:19:13.256 [FXGL Background Thread 2 ] DEBUG TilesetLoader        - Writing to buffer: dst=1104,0, w=16,h=16, src=16,432
17:19:13.256 [FXGL Background Thread 2 ] DEBUG TilesetLoader        - Writing to buffer: dst=1120,0, w=16,h=16, src=16,432
17:19:13.256 [FXGL Background Thread 2 ] DEBUG TilesetLoader        - Writing to buffer: dst=1136,0, w=16,h=16, src=16,432
17:19:13.256 [FXGL Background Thread 2 ] DEBUG TilesetLoader        - Writing to buffer: dst=1152,0, w=16,h=16, src=16,432
17:19:13.257 [FXGL Background Thread 2 ] DEBUG TilesetLoader        - Writing to buffer: dst=1168,0, w=16,h=16, src=16,432
17:19:13.257 [FXGL Background Thread 2 ] DEBUG TilesetLoader        - Writing to buffer: dst=1184,0, w=16,h=16, src=16,432
17:19:13.257 [FXGL Background Thread 2 ] DEBUG TilesetLoader        - Writing to buffer: dst=1200,0, w=16,h=16, src=16,432
17:19:13.257 [FXGL Background Thread 2 ] DEBUG TilesetLoader        - Writing to buffer: dst=1216,0, w=16,h=16, src=16,432
17:19:13.257 [FXGL Background Thread 2 ] DEBUG TilesetLoader        - Writing to buffer: dst=1232,0, w=16,h=16, src=16,432
17:19:13.257 [FXGL Background Thread 2 ] DEBUG TilesetLoader        - Writing to buffer: dst=1248,0, w=16,h=16, src=16,432
17:19:13.257 [FXGL Background Thread 2 ] DEBUG TilesetLoader        - Writing to buffer: dst=1264,0, w=16,h=16, src=32,432
17:19:13.257 [FXGL Background Thread 2 ] DEBUG TilesetLoader        - Writing to buffer: dst=0,16, w=16,h=16, src=0,448
17:19:13.257 [FXGL Background Thread 2 ] DEBUG TilesetLoader        - Writing to buffer: dst=1264,16, w=16,h=16, src=0,448
17:19:13.257 [FXGL Background Thread 2 ] DEBUG TilesetLoader        - Writing to buffer: dst=0,32, w=16,h=16, src=0,448
17:19:13.257 [FXGL Background Thread 2 ] DEBUG TilesetLoader        - Writing to buffer: dst=1264,32, w=16,h=16, src=0,448
17:19:13.257 [FXGL Background Thread 2 ] DEBUG TilesetLoader        - Writing to buffer: dst=0,48, w=16,h=16, src=0,448
17:19:13.257 [FXGL Background Thread 2 ] DEBUG TilesetLoader        - Writing to buffer: dst=1264,48, w=16,h=16, src=0,448
17:19:13.257 [FXGL Background Thread 2 ] DEBUG TilesetLoader        - Writing to buffer: dst=0,64, w=16,h=16, src=0,448
17:19:13.257 [FXGL Background Thread 2 ] DEBUG TilesetLoader        - Writing to buffer: dst=1264,64, w=16,h=16, src=0,448
17:19:13.257 [FXGL Background Thread 2 ] DEBUG TilesetLoader        - Writing to buffer: dst=0,80, w=16,h=16, src=0,448
17:19:13.257 [FXGL Background Thread 2 ] DEBUG TilesetLoader        - Writing to buffer: dst=1264,80, w=16,h=16, src=0,448
17:19:13.257 [FXGL Background Thread 2 ] DEBUG TilesetLoader        - Writing to buffer: dst=0,96, w=16,h=16, src=0,448
17:19:13.257 [FXGL Background Thread 2 ] DEBUG TilesetLoader        - Writing to buffer: dst=1264,96, w=16,h=16, src=0,448
17:19:13.257 [FXGL Background Thread 2 ] DEBUG TilesetLoader        - Writing to buffer: dst=0,112, w=16,h=16, src=0,448
17:19:13.257 [FXGL Background Thread 2 ] DEBUG TilesetLoader        - Writing to buffer: dst=1264,112, w=16,h=16, src=0,448
17:19:13.257 [FXGL Background Thread 2 ] DEBUG TilesetLoader        - Writing to buffer: dst=0,128, w=16,h=16, src=0,448
17:19:13.257 [FXGL Background Thread 2 ] DEBUG TilesetLoader        - Writing to buffer: dst=1264,128, w=16,h=16, src=0,448
17:19:13.257 [FXGL Background Thread 2 ] DEBUG TilesetLoader        - Writing to buffer: dst=0,144, w=16,h=16, src=0,448
17:19:13.257 [FXGL Background Thread 2 ] DEBUG TilesetLoader        - Writing to buffer: dst=416,144, w=16,h=16, src=48,448
17:19:13.257 [FXGL Background Thread 2 ] DEBUG TilesetLoader        - Writing to buffer: dst=432,144, w=16,h=16, src=16,432
17:19:13.257 [FXGL Background Thread 2 ] DEBUG TilesetLoader        - Writing to buffer: dst=448,144, w=16,h=16, src=16,432
17:19:13.258 [FXGL Background Thread 2 ] DEBUG TilesetLoader        - Writing to buffer: dst=464,144, w=16,h=16, src=16,432
17:19:13.258 [FXGL Background Thread 2 ] DEBUG TilesetLoader        - Writing to buffer: dst=480,144, w=16,h=16, src=16,432
17:19:13.258 [FXGL Background Thread 2 ] DEBUG TilesetLoader        - Writing to buffer: dst=496,144, w=16,h=16, src=16,432
17:19:13.258 [FXGL Background Thread 2 ] DEBUG TilesetLoader        - Writing to buffer: dst=512,144, w=16,h=16, src=16,432
17:19:13.258 [FXGL Background Thread 2 ] DEBUG TilesetLoader        - Writing to buffer: dst=528,144, w=16,h=16, src=16,432
17:19:13.258 [FXGL Background Thread 2 ] DEBUG TilesetLoader        - Writing to buffer: dst=544,144, w=16,h=16, src=16,432
17:19:13.258 [FXGL Background Thread 2 ] DEBUG TilesetLoader        - Writing to buffer: dst=560,144, w=16,h=16, src=64,432
17:19:13.258 [FXGL Background Thread 2 ] DEBUG TilesetLoader        - Writing to buffer: dst=576,144, w=16,h=16, src=16,432
17:19:13.258 [FXGL Background Thread 2 ] DEBUG TilesetLoader        - Writing to buffer: dst=592,144, w=16,h=16, src=16,432
17:19:13.258 [FXGL Background Thread 2 ] DEBUG TilesetLoader        - Writing to buffer: dst=608,144, w=16,h=16, src=16,432
17:19:13.258 [FXGL Background Thread 2 ] DEBUG TilesetLoader        - Writing to buffer: dst=624,144, w=16,h=16, src=16,432
17:19:13.258 [FXGL Background Thread 2 ] DEBUG TilesetLoader        - Writing to buffer: dst=640,144, w=16,h=16, src=16,432
17:19:13.258 [FXGL Background Thread 2 ] DEBUG TilesetLoader        - Writing to buffer: dst=656,144, w=16,h=16, src=16,432
17:19:13.258 [FXGL Background Thread 2 ] DEBUG TilesetLoader        - Writing to buffer: dst=672,144, w=16,h=16, src=16,432
17:19:13.258 [FXGL Background Thread 2 ] DEBUG TilesetLoader        - Writing to buffer: dst=688,144, w=16,h=16, src=16,432
17:19:13.258 [FXGL Background Thread 2 ] DEBUG TilesetLoader        - Writing to buffer: dst=704,144, w=16,h=16, src=32,432
17:19:13.258 [FXGL Background Thread 2 ] DEBUG TilesetLoader        - Writing to buffer: dst=1264,144, w=16,h=16, src=0,448
17:19:13.258 [FXGL Background Thread 2 ] DEBUG TilesetLoader        - Writing to buffer: dst=0,160, w=16,h=16, src=0,448
17:19:13.258 [FXGL Background Thread 2 ] DEBUG TilesetLoader        - Writing to buffer: dst=416,160, w=16,h=16, src=0,448
17:19:13.258 [FXGL Background Thread 2 ] DEBUG TilesetLoader        - Writing to buffer: dst=560,160, w=16,h=16, src=0,448
17:19:13.258 [FXGL Background Thread 2 ] DEBUG TilesetLoader        - Writing to buffer: dst=704,160, w=16,h=16, src=0,448
17:19:13.258 [FXGL Background Thread 2 ] DEBUG TilesetLoader        - Writing to buffer: dst=1264,160, w=16,h=16, src=0,448
17:19:13.258 [FXGL Background Thread 2 ] DEBUG TilesetLoader        - Writing to buffer: dst=0,176, w=16,h=16, src=0,448
17:19:13.258 [FXGL Background Thread 2 ] DEBUG TilesetLoader        - Writing to buffer: dst=416,176, w=16,h=16, src=0,448
17:19:13.258 [FXGL Background Thread 2 ] DEBUG TilesetLoader        - Writing to buffer: dst=560,176, w=16,h=16, src=0,448
17:19:13.258 [FXGL Background Thread 2 ] DEBUG TilesetLoader        - Writing to buffer: dst=704,176, w=16,h=16, src=0,448
17:19:13.258 [FXGL Background Thread 2 ] DEBUG TilesetLoader        - Writing to buffer: dst=1264,176, w=16,h=16, src=0,448
17:19:13.258 [FXGL Background Thread 2 ] DEBUG TilesetLoader        - Writing to buffer: dst=0,192, w=16,h=16, src=0,448
17:19:13.258 [FXGL Background Thread 2 ] DEBUG TilesetLoader        - Writing to buffer: dst=416,192, w=16,h=16, src=0,448
17:19:13.259 [FXGL Background Thread 2 ] DEBUG TilesetLoader        - Writing to buffer: dst=560,192, w=16,h=16, src=0,448
17:19:13.259 [FXGL Background Thread 2 ] DEBUG TilesetLoader        - Writing to buffer: dst=704,192, w=16,h=16, src=0,448
17:19:13.259 [FXGL Background Thread 2 ] DEBUG TilesetLoader        - Writing to buffer: dst=1264,192, w=16,h=16, src=0,448
17:19:13.259 [FXGL Background Thread 2 ] DEBUG TilesetLoader        - Writing to buffer: dst=0,208, w=16,h=16, src=0,448
17:19:13.259 [FXGL Background Thread 2 ] DEBUG TilesetLoader        - Writing to buffer: dst=416,208, w=16,h=16, src=0,448
17:19:13.259 [FXGL Background Thread 2 ] DEBUG TilesetLoader        - Writing to buffer: dst=704,208, w=16,h=16, src=0,448
17:19:13.259 [FXGL Background Thread 2 ] DEBUG TilesetLoader        - Writing to buffer: dst=1264,208, w=16,h=16, src=0,448
17:19:13.259 [FXGL Background Thread 2 ] DEBUG TilesetLoader        - Writing to buffer: dst=0,224, w=16,h=16, src=0,448
17:19:13.259 [FXGL Background Thread 2 ] DEBUG TilesetLoader        - Writing to buffer: dst=416,224, w=16,h=16, src=0,448
17:19:13.259 [FXGL Background Thread 2 ] DEBUG TilesetLoader        - Writing to buffer: dst=704,224, w=16,h=16, src=0,448
17:19:13.259 [FXGL Background Thread 2 ] DEBUG TilesetLoader        - Writing to buffer: dst=1264,224, w=16,h=16, src=0,448
17:19:13.259 [FXGL Background Thread 2 ] DEBUG TilesetLoader        - Writing to buffer: dst=0,240, w=16,h=16, src=0,448
17:19:13.259 [FXGL Background Thread 2 ] DEBUG TilesetLoader        - Writing to buffer: dst=416,240, w=16,h=16, src=0,448
17:19:13.259 [FXGL Background Thread 2 ] DEBUG TilesetLoader        - Writing to buffer: dst=704,240, w=16,h=16, src=0,448
17:19:13.259 [FXGL Background Thread 2 ] DEBUG TilesetLoader        - Writing to buffer: dst=1264,240, w=16,h=16, src=0,448
17:19:13.259 [FXGL Background Thread 2 ] DEBUG TilesetLoader        - Writing to buffer: dst=0,256, w=16,h=16, src=16,64
17:19:13.259 [FXGL Background Thread 2 ] DEBUG TilesetLoader        - Writing to buffer: dst=416,256, w=16,h=16, src=0,448
17:19:13.259 [FXGL Background Thread 2 ] DEBUG TilesetLoader        - Writing to buffer: dst=560,256, w=16,h=16, src=0,448
17:19:13.259 [FXGL Background Thread 2 ] DEBUG TilesetLoader        - Writing to buffer: dst=704,256, w=16,h=16, src=0,448
17:19:13.259 [FXGL Background Thread 2 ] DEBUG TilesetLoader        - Writing to buffer: dst=1264,256, w=16,h=16, src=16,64
17:19:13.259 [FXGL Background Thread 2 ] DEBUG TilesetLoader        - Writing to buffer: dst=0,272, w=16,h=16, src=16,64
17:19:13.259 [FXGL Background Thread 2 ] DEBUG TilesetLoader        - Writing to buffer: dst=416,272, w=16,h=16, src=0,448
17:19:13.259 [FXGL Background Thread 2 ] DEBUG TilesetLoader        - Writing to buffer: dst=560,272, w=16,h=16, src=0,448
17:19:13.259 [FXGL Background Thread 2 ] DEBUG TilesetLoader        - Writing to buffer: dst=704,272, w=16,h=16, src=0,448
17:19:13.259 [FXGL Background Thread 2 ] DEBUG TilesetLoader        - Writing to buffer: dst=1264,272, w=16,h=16, src=16,64
17:19:13.259 [FXGL Background Thread 2 ] DEBUG TilesetLoader        - Writing to buffer: dst=0,288, w=16,h=16, src=16,64
17:19:13.259 [FXGL Background Thread 2 ] DEBUG TilesetLoader        - Writing to buffer: dst=416,288, w=16,h=16, src=0,448
17:19:13.259 [FXGL Background Thread 2 ] DEBUG TilesetLoader        - Writing to buffer: dst=560,288, w=16,h=16, src=0,448
17:19:13.259 [FXGL Background Thread 2 ] DEBUG TilesetLoader        - Writing to buffer: dst=704,288, w=16,h=16, src=0,448
17:19:13.259 [FXGL Background Thread 2 ] DEBUG TilesetLoader        - Writing to buffer: dst=1264,288, w=16,h=16, src=16,64
17:19:13.260 [FXGL Background Thread 2 ] DEBUG TilesetLoader        - Writing to buffer: dst=0,304, w=16,h=16, src=16,64
17:19:13.260 [FXGL Background Thread 2 ] DEBUG TilesetLoader        - Writing to buffer: dst=416,304, w=16,h=16, src=64,432
17:19:13.260 [FXGL Background Thread 2 ] DEBUG TilesetLoader        - Writing to buffer: dst=432,304, w=16,h=16, src=64,464
17:19:13.260 [FXGL Background Thread 2 ] DEBUG TilesetLoader        - Writing to buffer: dst=448,304, w=16,h=16, src=64,464
17:19:13.260 [FXGL Background Thread 2 ] DEBUG TilesetLoader        - Writing to buffer: dst=464,304, w=16,h=16, src=64,464
17:19:13.260 [FXGL Background Thread 2 ] DEBUG TilesetLoader        - Writing to buffer: dst=512,304, w=16,h=16, src=64,464
17:19:13.260 [FXGL Background Thread 2 ] DEBUG TilesetLoader        - Writing to buffer: dst=528,304, w=16,h=16, src=64,464
17:19:13.260 [FXGL Background Thread 2 ] DEBUG TilesetLoader        - Writing to buffer: dst=544,304, w=16,h=16, src=64,464
17:19:13.260 [FXGL Background Thread 2 ] DEBUG TilesetLoader        - Writing to buffer: dst=560,304, w=16,h=16, src=64,432
17:19:13.260 [FXGL Background Thread 2 ] DEBUG TilesetLoader        - Writing to buffer: dst=576,304, w=16,h=16, src=64,464
17:19:13.260 [FXGL Background Thread 2 ] DEBUG TilesetLoader        - Writing to buffer: dst=592,304, w=16,h=16, src=64,464
17:19:13.260 [FXGL Background Thread 2 ] DEBUG TilesetLoader        - Writing to buffer: dst=608,304, w=16,h=16, src=64,464
17:19:13.260 [FXGL Background Thread 2 ] DEBUG TilesetLoader        - Writing to buffer: dst=656,304, w=16,h=16, src=64,464
17:19:13.260 [FXGL Background Thread 2 ] DEBUG TilesetLoader        - Writing to buffer: dst=672,304, w=16,h=16, src=64,464
17:19:13.260 [FXGL Background Thread 2 ] DEBUG TilesetLoader        - Writing to buffer: dst=688,304, w=16,h=16, src=64,464
17:19:13.260 [FXGL Background Thread 2 ] DEBUG TilesetLoader        - Writing to buffer: dst=704,304, w=16,h=16, src=64,432
17:19:13.260 [FXGL Background Thread 2 ] DEBUG TilesetLoader        - Writing to buffer: dst=1264,304, w=16,h=16, src=16,64
17:19:13.260 [FXGL Background Thread 2 ] DEBUG TilesetLoader        - Writing to buffer: dst=0,320, w=16,h=16, src=16,64
17:19:13.260 [FXGL Background Thread 2 ] DEBUG TilesetLoader        - Writing to buffer: dst=416,320, w=16,h=16, src=0,448
17:19:13.260 [FXGL Background Thread 2 ] DEBUG TilesetLoader        - Writing to buffer: dst=560,320, w=16,h=16, src=0,448
17:19:13.260 [FXGL Background Thread 2 ] DEBUG TilesetLoader        - Writing to buffer: dst=704,320, w=16,h=16, src=0,448
17:19:13.260 [FXGL Background Thread 2 ] DEBUG TilesetLoader        - Writing to buffer: dst=1264,320, w=16,h=16, src=16,64
17:19:13.260 [FXGL Background Thread 2 ] DEBUG TilesetLoader        - Writing to buffer: dst=0,336, w=16,h=16, src=16,64
17:19:13.260 [FXGL Background Thread 2 ] DEBUG TilesetLoader        - Writing to buffer: dst=416,336, w=16,h=16, src=0,448
17:19:13.260 [FXGL Background Thread 2 ] DEBUG TilesetLoader        - Writing to buffer: dst=560,336, w=16,h=16, src=0,448
17:19:13.260 [FXGL Background Thread 2 ] DEBUG TilesetLoader        - Writing to buffer: dst=704,336, w=16,h=16, src=0,448
17:19:13.260 [FXGL Background Thread 2 ] DEBUG TilesetLoader        - Writing to buffer: dst=1264,336, w=16,h=16, src=16,64
17:19:13.260 [FXGL Background Thread 2 ] DEBUG TilesetLoader        - Writing to buffer: dst=0,352, w=16,h=16, src=16,64
17:19:13.261 [FXGL Background Thread 2 ] DEBUG TilesetLoader        - Writing to buffer: dst=416,352, w=16,h=16, src=0,448
17:19:13.261 [FXGL Background Thread 2 ] DEBUG TilesetLoader        - Writing to buffer: dst=560,352, w=16,h=16, src=0,448
17:19:13.261 [FXGL Background Thread 2 ] DEBUG TilesetLoader        - Writing to buffer: dst=704,352, w=16,h=16, src=0,448
17:19:13.261 [FXGL Background Thread 2 ] DEBUG TilesetLoader        - Writing to buffer: dst=1264,352, w=16,h=16, src=16,64
17:19:13.261 [FXGL Background Thread 2 ] DEBUG TilesetLoader        - Writing to buffer: dst=0,368, w=16,h=16, src=0,448
17:19:13.261 [FXGL Background Thread 2 ] DEBUG TilesetLoader        - Writing to buffer: dst=416,368, w=16,h=16, src=0,448
17:19:13.261 [FXGL Background Thread 2 ] DEBUG TilesetLoader        - Writing to buffer: dst=560,368, w=16,h=16, src=0,448
17:19:13.261 [FXGL Background Thread 2 ] DEBUG TilesetLoader        - Writing to buffer: dst=704,368, w=16,h=16, src=0,448
17:19:13.261 [FXGL Background Thread 2 ] DEBUG TilesetLoader        - Writing to buffer: dst=1264,368, w=16,h=16, src=0,448
17:19:13.261 [FXGL Background Thread 2 ] DEBUG TilesetLoader        - Writing to buffer: dst=0,384, w=16,h=16, src=0,448
17:19:13.261 [FXGL Background Thread 2 ] DEBUG TilesetLoader        - Writing to buffer: dst=416,384, w=16,h=16, src=0,448
17:19:13.261 [FXGL Background Thread 2 ] DEBUG TilesetLoader        - Writing to buffer: dst=560,384, w=16,h=16, src=0,448
17:19:13.261 [FXGL Background Thread 2 ] DEBUG TilesetLoader        - Writing to buffer: dst=704,384, w=16,h=16, src=0,448
17:19:13.261 [FXGL Background Thread 2 ] DEBUG TilesetLoader        - Writing to buffer: dst=1264,384, w=16,h=16, src=0,448
17:19:13.261 [FXGL Background Thread 2 ] DEBUG TilesetLoader        - Writing to buffer: dst=0,400, w=16,h=16, src=0,448
17:19:13.261 [FXGL Background Thread 2 ] DEBUG TilesetLoader        - Writing to buffer: dst=416,400, w=16,h=16, src=0,448
17:19:13.261 [FXGL Background Thread 2 ] DEBUG TilesetLoader        - Writing to buffer: dst=560,400, w=16,h=16, src=0,448
17:19:13.261 [FXGL Background Thread 2 ] DEBUG TilesetLoader        - Writing to buffer: dst=704,400, w=16,h=16, src=0,448
17:19:13.261 [FXGL Background Thread 2 ] DEBUG TilesetLoader        - Writing to buffer: dst=1264,400, w=16,h=16, src=0,448
17:19:13.261 [FXGL Background Thread 2 ] DEBUG TilesetLoader        - Writing to buffer: dst=0,416, w=16,h=16, src=0,448
17:19:13.261 [FXGL Background Thread 2 ] DEBUG TilesetLoader        - Writing to buffer: dst=416,416, w=16,h=16, src=0,448
17:19:13.261 [FXGL Background Thread 2 ] DEBUG TilesetLoader        - Writing to buffer: dst=560,416, w=16,h=16, src=0,448
17:19:13.261 [FXGL Background Thread 2 ] DEBUG TilesetLoader        - Writing to buffer: dst=704,416, w=16,h=16, src=0,448
17:19:13.261 [FXGL Background Thread 2 ] DEBUG TilesetLoader        - Writing to buffer: dst=1264,416, w=16,h=16, src=0,448
17:19:13.261 [FXGL Background Thread 2 ] DEBUG TilesetLoader        - Writing to buffer: dst=0,432, w=16,h=16, src=0,448
17:19:13.261 [FXGL Background Thread 2 ] DEBUG TilesetLoader        - Writing to buffer: dst=416,432, w=16,h=16, src=0,448
17:19:13.261 [FXGL Background Thread 2 ] DEBUG TilesetLoader        - Writing to buffer: dst=560,432, w=16,h=16, src=0,448
17:19:13.261 [FXGL Background Thread 2 ] DEBUG TilesetLoader        - Writing to buffer: dst=704,432, w=16,h=16, src=0,448
17:19:13.261 [FXGL Background Thread 2 ] DEBUG TilesetLoader        - Writing to buffer: dst=1264,432, w=16,h=16, src=0,448
17:19:13.261 [FXGL Background Thread 2 ] DEBUG TilesetLoader        - Writing to buffer: dst=0,448, w=16,h=16, src=0,448
17:19:13.261 [FXGL Background Thread 2 ] DEBUG TilesetLoader        - Writing to buffer: dst=416,448, w=16,h=16, src=0,448
17:19:13.262 [FXGL Background Thread 2 ] DEBUG TilesetLoader        - Writing to buffer: dst=560,448, w=16,h=16, src=0,448
17:19:13.262 [FXGL Background Thread 2 ] DEBUG TilesetLoader        - Writing to buffer: dst=704,448, w=16,h=16, src=0,448
17:19:13.262 [FXGL Background Thread 2 ] DEBUG TilesetLoader        - Writing to buffer: dst=1264,448, w=16,h=16, src=0,448
17:19:13.262 [FXGL Background Thread 2 ] DEBUG TilesetLoader        - Writing to buffer: dst=0,464, w=16,h=16, src=0,448
17:19:13.262 [FXGL Background Thread 2 ] DEBUG TilesetLoader        - Writing to buffer: dst=416,464, w=16,h=16, src=0,448
17:19:13.262 [FXGL Background Thread 2 ] DEBUG TilesetLoader        - Writing to buffer: dst=560,464, w=16,h=16, src=0,448
17:19:13.262 [FXGL Background Thread 2 ] DEBUG TilesetLoader        - Writing to buffer: dst=704,464, w=16,h=16, src=0,448
17:19:13.262 [FXGL Background Thread 2 ] DEBUG TilesetLoader        - Writing to buffer: dst=1264,464, w=16,h=16, src=0,448
17:19:13.262 [FXGL Background Thread 2 ] DEBUG TilesetLoader        - Writing to buffer: dst=0,480, w=16,h=16, src=0,448
17:19:13.262 [FXGL Background Thread 2 ] DEBUG TilesetLoader        - Writing to buffer: dst=416,480, w=16,h=16, src=16,448
17:19:13.262 [FXGL Background Thread 2 ] DEBUG TilesetLoader        - Writing to buffer: dst=560,480, w=16,h=16, src=16,448
17:19:13.262 [FXGL Background Thread 2 ] DEBUG TilesetLoader        - Writing to buffer: dst=704,480, w=16,h=16, src=16,448
17:19:13.262 [FXGL Background Thread 2 ] DEBUG TilesetLoader        - Writing to buffer: dst=1264,480, w=16,h=16, src=0,448
17:19:13.262 [FXGL Background Thread 2 ] DEBUG TilesetLoader        - Writing to buffer: dst=0,496, w=16,h=16, src=0,448
17:19:13.262 [FXGL Background Thread 2 ] DEBUG TilesetLoader        - Writing to buffer: dst=1264,496, w=16,h=16, src=0,448
17:19:13.262 [FXGL Background Thread 2 ] DEBUG TilesetLoader        - Writing to buffer: dst=0,512, w=16,h=16, src=0,448
17:19:13.262 [FXGL Background Thread 2 ] DEBUG TilesetLoader        - Writing to buffer: dst=1264,512, w=16,h=16, src=0,448
17:19:13.262 [FXGL Background Thread 2 ] DEBUG TilesetLoader        - Writing to buffer: dst=0,528, w=16,h=16, src=0,448
17:19:13.262 [FXGL Background Thread 2 ] DEBUG TilesetLoader        - Writing to buffer: dst=1264,528, w=16,h=16, src=0,448
17:19:13.262 [FXGL Background Thread 2 ] DEBUG TilesetLoader        - Writing to buffer: dst=0,544, w=16,h=16, src=0,448
17:19:13.262 [FXGL Background Thread 2 ] DEBUG TilesetLoader        - Writing to buffer: dst=1264,544, w=16,h=16, src=0,448
17:19:13.262 [FXGL Background Thread 2 ] DEBUG TilesetLoader        - Writing to buffer: dst=0,560, w=16,h=16, src=0,448
17:19:13.262 [FXGL Background Thread 2 ] DEBUG TilesetLoader        - Writing to buffer: dst=1264,560, w=16,h=16, src=0,448
17:19:13.262 [FXGL Background Thread 2 ] DEBUG TilesetLoader        - Writing to buffer: dst=0,576, w=16,h=16, src=0,448
17:19:13.262 [FXGL Background Thread 2 ] DEBUG TilesetLoader        - Writing to buffer: dst=1264,576, w=16,h=16, src=0,448
17:19:13.262 [FXGL Background Thread 2 ] DEBUG TilesetLoader        - Writing to buffer: dst=0,592, w=16,h=16, src=0,448
17:19:13.262 [FXGL Background Thread 2 ] DEBUG TilesetLoader        - Writing to buffer: dst=1264,592, w=16,h=16, src=0,448
17:19:13.262 [FXGL Background Thread 2 ] DEBUG TilesetLoader        - Writing to buffer: dst=0,608, w=16,h=16, src=0,448
17:19:13.262 [FXGL Background Thread 2 ] DEBUG TilesetLoader        - Writing to buffer: dst=1264,608, w=16,h=16, src=0,448
17:19:13.262 [FXGL Background Thread 2 ] DEBUG TilesetLoader        - Writing to buffer: dst=0,624, w=16,h=16, src=0,448
17:19:13.263 [FXGL Background Thread 2 ] DEBUG TilesetLoader        - Writing to buffer: dst=1264,624, w=16,h=16, src=0,448
17:19:13.263 [FXGL Background Thread 2 ] DEBUG TilesetLoader        - Writing to buffer: dst=0,640, w=16,h=16, src=0,448
17:19:13.263 [FXGL Background Thread 2 ] DEBUG TilesetLoader        - Writing to buffer: dst=1264,640, w=16,h=16, src=0,448
17:19:13.263 [FXGL Background Thread 2 ] DEBUG TilesetLoader        - Writing to buffer: dst=0,656, w=16,h=16, src=0,448
17:19:13.263 [FXGL Background Thread 2 ] DEBUG TilesetLoader        - Writing to buffer: dst=1264,656, w=16,h=16, src=0,448
17:19:13.263 [FXGL Background Thread 2 ] DEBUG TilesetLoader        - Writing to buffer: dst=0,672, w=16,h=16, src=0,448
17:19:13.263 [FXGL Background Thread 2 ] DEBUG TilesetLoader        - Writing to buffer: dst=1264,672, w=16,h=16, src=0,448
17:19:13.263 [FXGL Background Thread 2 ] DEBUG TilesetLoader        - Writing to buffer: dst=0,688, w=16,h=16, src=0,448
17:19:13.263 [FXGL Background Thread 2 ] DEBUG TilesetLoader        - Writing to buffer: dst=1264,688, w=16,h=16, src=0,448
17:19:13.263 [FXGL Background Thread 2 ] DEBUG TilesetLoader        - Writing to buffer: dst=0,704, w=16,h=16, src=0,464
17:19:13.263 [FXGL Background Thread 2 ] DEBUG TilesetLoader        - Writing to buffer: dst=16,704, w=16,h=16, src=64,464
17:19:13.263 [FXGL Background Thread 2 ] DEBUG TilesetLoader        - Writing to buffer: dst=32,704, w=16,h=16, src=64,464
17:19:13.263 [FXGL Background Thread 2 ] DEBUG TilesetLoader        - Writing to buffer: dst=48,704, w=16,h=16, src=64,464
17:19:13.263 [FXGL Background Thread 2 ] DEBUG TilesetLoader        - Writing to buffer: dst=64,704, w=16,h=16, src=64,464
17:19:13.263 [FXGL Background Thread 2 ] DEBUG TilesetLoader        - Writing to buffer: dst=80,704, w=16,h=16, src=64,464
17:19:13.263 [FXGL Background Thread 2 ] DEBUG TilesetLoader        - Writing to buffer: dst=96,704, w=16,h=16, src=64,464
17:19:13.263 [FXGL Background Thread 2 ] DEBUG TilesetLoader        - Writing to buffer: dst=112,704, w=16,h=16, src=64,464
17:19:13.263 [FXGL Background Thread 2 ] DEBUG TilesetLoader        - Writing to buffer: dst=128,704, w=16,h=16, src=64,464
17:19:13.263 [FXGL Background Thread 2 ] DEBUG TilesetLoader        - Writing to buffer: dst=144,704, w=16,h=16, src=64,464
17:19:13.263 [FXGL Background Thread 2 ] DEBUG TilesetLoader        - Writing to buffer: dst=160,704, w=16,h=16, src=64,464
17:19:13.263 [FXGL Background Thread 2 ] DEBUG TilesetLoader        - Writing to buffer: dst=176,704, w=16,h=16, src=64,464
17:19:13.263 [FXGL Background Thread 2 ] DEBUG TilesetLoader        - Writing to buffer: dst=192,704, w=16,h=16, src=64,464
17:19:13.263 [FXGL Background Thread 2 ] DEBUG TilesetLoader        - Writing to buffer: dst=208,704, w=16,h=16, src=64,464
17:19:13.263 [FXGL Background Thread 2 ] DEBUG TilesetLoader        - Writing to buffer: dst=224,704, w=16,h=16, src=64,464
17:19:13.263 [FXGL Background Thread 2 ] DEBUG TilesetLoader        - Writing to buffer: dst=240,704, w=16,h=16, src=64,464
17:19:13.263 [FXGL Background Thread 2 ] DEBUG TilesetLoader        - Writing to buffer: dst=256,704, w=16,h=16, src=64,464
17:19:13.263 [FXGL Background Thread 2 ] DEBUG TilesetLoader        - Writing to buffer: dst=272,704, w=16,h=16, src=64,464
17:19:13.263 [FXGL Background Thread 2 ] DEBUG TilesetLoader        - Writing to buffer: dst=288,704, w=16,h=16, src=64,464
17:19:13.263 [FXGL Background Thread 2 ] DEBUG TilesetLoader        - Writing to buffer: dst=304,704, w=16,h=16, src=64,464
17:19:13.263 [FXGL Background Thread 2 ] DEBUG TilesetLoader        - Writing to buffer: dst=320,704, w=16,h=16, src=64,464
17:19:13.263 [FXGL Background Thread 2 ] DEBUG TilesetLoader        - Writing to buffer: dst=336,704, w=16,h=16, src=64,464
17:19:13.263 [FXGL Background Thread 2 ] DEBUG TilesetLoader        - Writing to buffer: dst=352,704, w=16,h=16, src=64,464
17:19:13.263 [FXGL Background Thread 2 ] DEBUG TilesetLoader        - Writing to buffer: dst=368,704, w=16,h=16, src=64,464
17:19:13.264 [FXGL Background Thread 2 ] DEBUG TilesetLoader        - Writing to buffer: dst=384,704, w=16,h=16, src=64,464
17:19:13.264 [FXGL Background Thread 2 ] DEBUG TilesetLoader        - Writing to buffer: dst=400,704, w=16,h=16, src=64,464
17:19:13.264 [FXGL Background Thread 2 ] DEBUG TilesetLoader        - Writing to buffer: dst=416,704, w=16,h=16, src=16,64
17:19:13.264 [FXGL Background Thread 2 ] DEBUG TilesetLoader        - Writing to buffer: dst=432,704, w=16,h=16, src=16,64
17:19:13.264 [FXGL Background Thread 2 ] DEBUG TilesetLoader        - Writing to buffer: dst=448,704, w=16,h=16, src=16,64
17:19:13.264 [FXGL Background Thread 2 ] DEBUG TilesetLoader        - Writing to buffer: dst=464,704, w=16,h=16, src=16,64
17:19:13.264 [FXGL Background Thread 2 ] DEBUG TilesetLoader        - Writing to buffer: dst=480,704, w=16,h=16, src=16,64
17:19:13.264 [FXGL Background Thread 2 ] DEBUG TilesetLoader        - Writing to buffer: dst=496,704, w=16,h=16, src=16,64
17:19:13.264 [FXGL Background Thread 2 ] DEBUG TilesetLoader        - Writing to buffer: dst=512,704, w=16,h=16, src=16,64
17:19:13.264 [FXGL Background Thread 2 ] DEBUG TilesetLoader        - Writing to buffer: dst=528,704, w=16,h=16, src=16,64
17:19:13.264 [FXGL Background Thread 2 ] DEBUG TilesetLoader        - Writing to buffer: dst=544,704, w=16,h=16, src=16,64
17:19:13.264 [FXGL Background Thread 2 ] DEBUG TilesetLoader        - Writing to buffer: dst=560,704, w=16,h=16, src=16,64
17:19:13.264 [FXGL Background Thread 2 ] DEBUG TilesetLoader        - Writing to buffer: dst=576,704, w=16,h=16, src=16,64
17:19:13.264 [FXGL Background Thread 2 ] DEBUG TilesetLoader        - Writing to buffer: dst=592,704, w=16,h=16, src=16,64
17:19:13.264 [FXGL Background Thread 2 ] DEBUG TilesetLoader        - Writing to buffer: dst=608,704, w=16,h=16, src=16,64
17:19:13.264 [FXGL Background Thread 2 ] DEBUG TilesetLoader        - Writing to buffer: dst=624,704, w=16,h=16, src=16,64
17:19:13.264 [FXGL Background Thread 2 ] DEBUG TilesetLoader        - Writing to buffer: dst=640,704, w=16,h=16, src=16,64
17:19:13.264 [FXGL Background Thread 2 ] DEBUG TilesetLoader        - Writing to buffer: dst=656,704, w=16,h=16, src=16,64
17:19:13.264 [FXGL Background Thread 2 ] DEBUG TilesetLoader        - Writing to buffer: dst=672,704, w=16,h=16, src=16,64
17:19:13.264 [FXGL Background Thread 2 ] DEBUG TilesetLoader        - Writing to buffer: dst=688,704, w=16,h=16, src=16,64
17:19:13.264 [FXGL Background Thread 2 ] DEBUG TilesetLoader        - Writing to buffer: dst=704,704, w=16,h=16, src=16,64
17:19:13.264 [FXGL Background Thread 2 ] DEBUG TilesetLoader        - Writing to buffer: dst=720,704, w=16,h=16, src=64,464
17:19:13.264 [FXGL Background Thread 2 ] DEBUG TilesetLoader        - Writing to buffer: dst=736,704, w=16,h=16, src=64,464
17:19:13.264 [FXGL Background Thread 2 ] DEBUG TilesetLoader        - Writing to buffer: dst=752,704, w=16,h=16, src=64,464
17:19:13.264 [FXGL Background Thread 2 ] DEBUG TilesetLoader        - Writing to buffer: dst=768,704, w=16,h=16, src=64,464
17:19:13.264 [FXGL Background Thread 2 ] DEBUG TilesetLoader        - Writing to buffer: dst=784,704, w=16,h=16, src=64,464
17:19:13.265 [FXGL Background Thread 2 ] DEBUG TilesetLoader        - Writing to buffer: dst=800,704, w=16,h=16, src=64,464
17:19:13.265 [FXGL Background Thread 2 ] DEBUG TilesetLoader        - Writing to buffer: dst=816,704, w=16,h=16, src=64,464
17:19:13.265 [FXGL Background Thread 2 ] DEBUG TilesetLoader        - Writing to buffer: dst=832,704, w=16,h=16, src=64,464
17:19:13.265 [FXGL Background Thread 2 ] DEBUG TilesetLoader        - Writing to buffer: dst=848,704, w=16,h=16, src=64,464
17:19:13.265 [FXGL Background Thread 2 ] DEBUG TilesetLoader        - Writing to buffer: dst=864,704, w=16,h=16, src=64,464
17:19:13.265 [FXGL Background Thread 2 ] DEBUG TilesetLoader        - Writing to buffer: dst=880,704, w=16,h=16, src=64,464
17:19:13.265 [FXGL Background Thread 2 ] DEBUG TilesetLoader        - Writing to buffer: dst=896,704, w=16,h=16, src=64,464
17:19:13.265 [FXGL Background Thread 2 ] DEBUG TilesetLoader        - Writing to buffer: dst=912,704, w=16,h=16, src=64,464
17:19:13.265 [FXGL Background Thread 2 ] DEBUG TilesetLoader        - Writing to buffer: dst=928,704, w=16,h=16, src=64,464
17:19:13.265 [FXGL Background Thread 2 ] DEBUG TilesetLoader        - Writing to buffer: dst=944,704, w=16,h=16, src=64,464
17:19:13.265 [FXGL Background Thread 2 ] DEBUG TilesetLoader        - Writing to buffer: dst=960,704, w=16,h=16, src=64,464
17:19:13.265 [FXGL Background Thread 2 ] DEBUG TilesetLoader        - Writing to buffer: dst=976,704, w=16,h=16, src=64,464
17:19:13.265 [FXGL Background Thread 2 ] DEBUG TilesetLoader        - Writing to buffer: dst=992,704, w=16,h=16, src=64,464
17:19:13.265 [FXGL Background Thread 2 ] DEBUG TilesetLoader        - Writing to buffer: dst=1008,704, w=16,h=16, src=64,464
17:19:13.265 [FXGL Background Thread 2 ] DEBUG TilesetLoader        - Writing to buffer: dst=1024,704, w=16,h=16, src=64,464
17:19:13.265 [FXGL Background Thread 2 ] DEBUG TilesetLoader        - Writing to buffer: dst=1040,704, w=16,h=16, src=64,464
17:19:13.265 [FXGL Background Thread 2 ] DEBUG TilesetLoader        - Writing to buffer: dst=1056,704, w=16,h=16, src=64,464
17:19:13.265 [FXGL Background Thread 2 ] DEBUG TilesetLoader        - Writing to buffer: dst=1072,704, w=16,h=16, src=64,464
17:19:13.265 [FXGL Background Thread 2 ] DEBUG TilesetLoader        - Writing to buffer: dst=1088,704, w=16,h=16, src=64,464
17:19:13.265 [FXGL Background Thread 2 ] DEBUG TilesetLoader        - Writing to buffer: dst=1104,704, w=16,h=16, src=64,464
17:19:13.265 [FXGL Background Thread 2 ] DEBUG TilesetLoader        - Writing to buffer: dst=1120,704, w=16,h=16, src=64,464
17:19:13.265 [FXGL Background Thread 2 ] DEBUG TilesetLoader        - Writing to buffer: dst=1136,704, w=16,h=16, src=64,464
17:19:13.265 [FXGL Background Thread 2 ] DEBUG TilesetLoader        - Writing to buffer: dst=1152,704, w=16,h=16, src=64,464
17:19:13.265 [FXGL Background Thread 2 ] DEBUG TilesetLoader        - Writing to buffer: dst=1168,704, w=16,h=16, src=64,464
17:19:13.265 [FXGL Background Thread 2 ] DEBUG TilesetLoader        - Writing to buffer: dst=1184,704, w=16,h=16, src=64,464
17:19:13.265 [FXGL Background Thread 2 ] DEBUG TilesetLoader        - Writing to buffer: dst=1200,704, w=16,h=16, src=16,432
17:19:13.265 [FXGL Background Thread 2 ] DEBUG TilesetLoader        - Writing to buffer: dst=1216,704, w=16,h=16, src=16,432
17:19:13.265 [FXGL Background Thread 2 ] DEBUG TilesetLoader        - Writing to buffer: dst=1232,704, w=16,h=16, src=16,432
17:19:13.265 [FXGL Background Thread 2 ] DEBUG TilesetLoader        - Writing to buffer: dst=1248,704, w=16,h=16, src=16,432
17:19:13.265 [FXGL Background Thread 2 ] DEBUG TilesetLoader        - Writing to buffer: dst=1264,704, w=16,h=16, src=32,464
17:19:13.266 [FXGL Background Thread 2 ] DEBUG TMXLevelLoader       - Creating object layer entities
17:19:13.280 [FXGL Background Thread 2 ] DEBUG GameWorld            - Clearing removable entities
17:19:13.280 [FXGL Background Thread 2 ] DEBUG GameWorld            - Setting level: com.almasb.fxgl.entity.level.Level@169f9a42
17:19:13.284 [FXGL Background Thread 2 ] DEBUG FXGLAssetLoaderServi - Loading from file system: /assets/textures/swordsman.png
17:19:13.285 [FXGL Background Thread 2 ] DEBUG FXGLAssetLoaderServi - Loading from cache: /assets/textures/swordsman.png
17:19:13.285 [FXGL Background Thread 2 ] DEBUG FXGLAssetLoaderServi - Loading from file system: /assets/textures/ninja.png
17:19:13.285 [FXGL Background Thread 2 ] DEBUG FXGLAssetLoaderServi - Loading from file system: /assets/textures/shieldsman.png
17:19:13.285 [FXGL Background Thread 2 ] DEBUG FXGLAssetLoaderServi - Loading from cache: /assets/textures/ninja.png
17:19:13.287 [JavaFX Application Thread] DEBUG LoopRunner           - Stopping loop
17:19:13.288 [JavaFX Application Thread] FATAL FXGLApplication      - Uncaught Exception:
java.lang.RuntimeException: Initialization failed
	at com.almasb.fxgl.app.FXGLApplication$InitAppTask.failed(FXGLApplication.kt:325)
	at javafx.concurrent.Task.setState(Task.java:710)
	at javafx.concurrent.Task$TaskCallable.lambda$call$2(Task.java:1455)
	at com.sun.javafx.application.PlatformImpl.lambda$runLater$10(PlatformImpl.java:428)
	at java.base/java.security.AccessController.doPrivileged(Native Method)
	at com.sun.javafx.application.PlatformImpl.lambda$runLater$11(PlatformImpl.java:427)
	at com.sun.glass.ui.InvokeLaterDispatcher$Future.run(InvokeLaterDispatcher.java:96)
	at com.sun.glass.ui.win.WinApplication._runLoop(Native Method)
	at com.sun.glass.ui.win.WinApplication.lambda$runLoop$3(WinApplication.java:174)
	at java.base/java.lang.Thread.run(Thread.java:834)
Caused by: java.lang.IllegalArgumentException: Property Difficulty does not exist
	at com.almasb.fxgl.core.collection.PropertyMap.get(PropertyMap.kt:215)
	at com.almasb.fxgl.core.collection.PropertyMap.stringProperty(PropertyMap.kt:139)
	at com.group19.javafxgame.Main.initGame(Main.java:46)
	at com.almasb.fxgl.app.FXGLApplication$InitAppTask.initGame(FXGLApplication.kt:321)
	at com.almasb.fxgl.app.FXGLApplication$InitAppTask.call(FXGLApplication.kt:301)
	at com.almasb.fxgl.app.FXGLApplication$InitAppTask.call(FXGLApplication.kt:293)
	at javafx.concurrent.Task$TaskCallable.call(Task.java:1425)
	at java.base/java.util.concurrent.FutureTask.run(FutureTask.java:264)
	at java.base/java.util.concurrent.Executors$RunnableAdapter.call(Executors.java:515)
	at java.base/java.util.concurrent.FutureTask.run(FutureTask.java:264)
	at java.base/java.util.concurrent.ThreadPoolExecutor.runWorker(ThreadPoolExecutor.java:1128)
	at java.base/java.util.concurrent.ThreadPoolExecutor$Worker.run(ThreadPoolExecutor.java:628)
	... 1 more

17:19:13.288 [JavaFX Application Thread] FATAL FXGLApplication      - Application will now exit
17:19:13.295 [JavaFX Application Thread] DEBUG MainWindow           - Push state: ErrorSubScene
17:19:13.295 [JavaFX Application Thread] DEBUG Input                - Clearing active input actions
17:19:13.296 [JavaFX Application Thread] DEBUG GameApplicationServi - Removing overlay from FXGLLoadingScene and adding to ErrorSubScene
17:19:13.297 [JavaFX Application Thread] DEBUG MainWindow           - FXGLLoadingScene -> ErrorSubScene
17:19:29.516 [JavaFX Application Thread] DEBUG FXGLApplication      - Exiting FXGL
17:19:29.516 [JavaFX Application Thread] DEBUG Async                - Shutting down background threads
17:19:29.516 [JavaFX Application Thread] DEBUG MainWindow           - Closing main window
17:19:29.523 [JavaFX Application Thread] DEBUG Logger               - Closing Logger
