17:09:52.152 [main                     ] DEBUG Logger               - Configured Logger
17:09:52.168 [main                     ] DEBUG GameApplication      - Logging settings
Title: Dungeon Crawler
Version: Development 0.0.1
Width: 1280
Height: 720
Fullscreen: false
Intro: false
Profiling: false
Single step:false
App Mode: DEVELOPER
Menu Key: ESCAPE
Stage Style: DECORATED
Scene Factory: class com.group19.javafxgame.ui.menu.main.MainMenuSceneFactory

17:09:53.260 [JavaFX Application Thread] DEBUG FXGLApplication      - Initializing FXGL
17:09:53.265 [JavaFX Application Thread] INFO  Engine               - FXGL-11.12 (11.12.2020 08.51) on MAC (J:11.0.1 FX:11.0.2)
17:09:53.265 [JavaFX Application Thread] DEBUG Engine               - JRE Vendor Name: Oracle Corporation
17:09:53.266 [JavaFX Application Thread] DEBUG Engine               - Running on OS: Mac OS X version 10.16
17:09:53.266 [JavaFX Application Thread] DEBUG Engine               - Architecture: x86_64
17:09:53.266 [JavaFX Application Thread] INFO  Engine               - Source code and latest versions at: https://github.com/AlmasB/FXGL
17:09:53.267 [JavaFX Application Thread] INFO  Engine               -              Join the FXGL chat at: https://gitter.im/AlmasB/FXGL
17:09:53.464 [JavaFX Application Thread] DEBUG MainWindow           - Creating a JavaFX scene
17:09:53.563 [JavaFX Application Thread] DEBUG MainWindow           - Target settings size: 1280.0 x 720.0
17:09:53.563 [JavaFX Application Thread] DEBUG MainWindow           - Scaled scene size:    1280.0 x 720.0
17:09:53.563 [JavaFX Application Thread] DEBUG MainWindow           - Scaled ratio: (1.0, 1.0)
17:09:53.564 [JavaFX Application Thread] DEBUG MainWindow           - Set initial scene to StartupScene
17:09:53.572 [JavaFX Application Thread] DEBUG MainWindow           - Opening main window
17:09:53.650 [JavaFX Application Thread] DEBUG MainWindow           - Window border size: (0.0, 28.0)
17:09:53.650 [JavaFX Application Thread] DEBUG MainWindow           - Scaled size: 1280.0 x 720.0
17:09:53.650 [JavaFX Application Thread] DEBUG MainWindow           - Scaled ratio: (1.0, 1.0)
17:09:53.651 [JavaFX Application Thread] DEBUG MainWindow           - Scene size: 1280.0 x 720.0
17:09:53.651 [JavaFX Application Thread] DEBUG MainWindow           - Stage size: 1280.0 x 748.0
17:09:53.657 [FXGL Background Thread 1 ] DEBUG Engine               - Initializing environment variables
17:09:53.686 [FXGL Background Thread 1 ] DEBUG GameApplicationServi - Applying CSS: fxgl_dark.css
17:09:53.686 [FXGL Background Thread 1 ] DEBUG FXGLAssetLoaderServi - Loading from file system: /assets/ui/css/fxgl_dark.css
17:09:53.757 [FXGL Background Thread 1 ] DEBUG GameApplicationServi - Initializing application scenes
17:09:54.324 [FXGL Background Thread 1 ] DEBUG GameWorld            - Game world initialized
17:09:54.399 [FXGL Background Thread 1 ] DEBUG PhysicsWorld         - Physics world initialized: appHeight=720, physics.ppm=50.0
17:09:54.402 [FXGL Background Thread 1 ] DEBUG GameScene            - Game scene initialized: 1280x720
17:09:54.425 [FXGL Background Thread 1 ] DEBUG FXGLAssetLoaderServi - Loading from file system: /assets/textures/background/MainMenuBackground.jpg
17:09:54.547 [FXGL Background Thread 1 ] DEBUG FXGLAssetLoaderServi - Loading from file system: /assets/textures/particles/trace_horizontal.png
17:09:54.602 [FXGL Background Thread 1 ] DEBUG FXGL.DefaultMenu     - createMenuBodyGameMenu()
17:09:54.618 [FXGL Background Thread 1 ] DEBUG FXGL.DefaultMenu     - createOptionsMenu()
17:09:54.623 [FXGL Background Thread 1 ] DEBUG FXGLAssetLoaderServi - Loading from file system: /assets/textures/particles/smoke.png
17:09:54.688 [FXGL Background Thread 1 ] DEBUG GameApplicationServi - Application scenes initialized
17:09:54.698 [FXGL Background Thread 1 ] DEBUG SystemBundleService  - Loading FXGL system data
17:09:54.704 [FXGL Background Thread 1 ] DEBUG FileSystemAccess     - Reading from: /Users/shaharben-dor/Documents/College Work/CS 2340/CS-2340-Final-Project/system/fxgl.bundle
17:09:54.711 [FXGL Background Thread 1 ] DEBUG SystemBundleService  - Bundle FXGL: {}
17:09:54.712 [FXGL Background Thread 1 ] DEBUG UpdaterService       - Checking for updates
17:09:54.716 [FXGL Background Thread 4 ] DEBUG FXGLApplication      - Loading fonts
17:09:54.717 [FXGL Background Thread 4 ] DEBUG FXGLAssetLoaderServi - Loading from file system: /assets/ui/fonts/VarelaRound-Regular.ttf
17:09:54.718 [FXGL Background Thread 1 ] DEBUG FXGLApplication      - Loading default localization
17:09:54.718 [FXGL Background Thread 1 ] DEBUG FXGLAssetLoaderServi - Loading from file system: /assets/languages/english.lang
17:09:54.736 [FXGL Background Thread 1 ] INFO  FXGLApplication      - FXGL initialization took: 1.079 sec
17:09:54.737 [JavaFX Application Thread] DEBUG FXGLAssetLoaderServi - Loading from file system: /assets/textures/fxgl_icon.png
17:09:54.742 [FXGL Background Thread 4 ] DEBUG FXGLAssetLoaderServi - Loading from file system: /assets/ui/fonts/Abel-Regular.ttf
17:09:54.746 [FXGL Background Thread 4 ] DEBUG FXGLAssetLoaderServi - Loading from file system: /assets/ui/fonts/lucida_console.ttf
17:09:54.751 [FXGL Background Thread 4 ] DEBUG FXGLAssetLoaderServi - Loading from file system: /assets/ui/fonts/Courier-Prime.ttf
17:09:54.781 [JavaFX Application Thread] DEBUG FXGLAssetLoaderServi - Loading from file system: /assets/ui/cursors/fxgl_default.png
17:09:54.795 [JavaFX Application Thread] DEBUG Input                - Registered new binding: Screenshot - P
17:09:54.796 [JavaFX Application Thread] DEBUG Input                - Registered new binding: System info dump - CTRL+9
17:09:54.796 [JavaFX Application Thread] DEBUG Input                - Registered new binding: Restart - CTRL+R
17:09:54.797 [JavaFX Application Thread] DEBUG Input                - Registered new binding: Toggle Debug Camera - CTRL+C
17:09:54.799 [JavaFX Application Thread] DEBUG LoopRunner           - Starting loop
17:09:54.801 [JavaFX Application Thread] DEBUG Input                - Clearing active input actions
17:09:54.808 [JavaFX Application Thread] DEBUG GameApplicationServi - Removing overlay from StartupScene and adding to FXGLMainMenuDummyScene
17:09:54.808 [JavaFX Application Thread] DEBUG MainWindow           - StartupScene -> FXGLMainMenuDummyScene
17:09:54.808 [JavaFX Application Thread] DEBUG MainWindow           - Push state: MainMenu
17:09:54.808 [JavaFX Application Thread] DEBUG Input                - Clearing active input actions
17:09:54.817 [JavaFX Application Thread] DEBUG GameApplicationServi - Removing overlay from FXGLMainMenuDummyScene and adding to MainMenu
17:09:54.817 [JavaFX Application Thread] DEBUG MainWindow           - FXGLMainMenuDummyScene -> MainMenu
17:09:54.851 [JavaFX Application Thread] DEBUG FXGLApplication      - Registering font factories with UI factory
17:09:55.479 [FXGL Background Thread 2 ] INFO  UpdaterService       - Your current version:  11.12
17:09:55.479 [FXGL Background Thread 2 ] INFO  UpdaterService       - Latest stable version: 11.16
17:09:56.599 [JavaFX Application Thread] DEBUG FXGLAssetLoaderServi - Loading from file system: /assets/textures/background/SimplePaintBackground.png
17:09:57.718 [FXGL Background Thread 3 ] DEBUG Engine               - Logging environment variables
17:09:57.719 [FXGL Background Thread 3 ] DEBUG Engine               - achievements: []
17:09:57.720 [FXGL Background Thread 3 ] DEBUG Engine               - actualHeight: 720.0
17:09:57.720 [FXGL Background Thread 3 ] DEBUG Engine               - actualHeightProperty: ReadOnlyDoubleProperty [value: 720.0]
17:09:57.720 [FXGL Background Thread 3 ] DEBUG Engine               - actualWidth: 1280.0
17:09:57.720 [FXGL Background Thread 3 ] DEBUG Engine               - actualWidthProperty: ReadOnlyDoubleProperty [value: 1280.0]
17:09:57.720 [FXGL Background Thread 3 ] DEBUG Engine               - appIcon: fxgl_icon.png
17:09:57.720 [FXGL Background Thread 3 ] DEBUG Engine               - applicationMode: DEVELOPER
17:09:57.720 [FXGL Background Thread 3 ] DEBUG Engine               - cSSList: [fxgl_dark.css]
17:09:57.721 [FXGL Background Thread 3 ] DEBUG Engine               - configClass: Optional.empty
17:09:57.721 [FXGL Background Thread 3 ] DEBUG Engine               - credits: []
17:09:57.721 [FXGL Background Thread 3 ] DEBUG Engine               - devBBoxColorProperty: ObjectProperty [value: 0xff0000ff]
17:09:57.721 [FXGL Background Thread 3 ] DEBUG Engine               - devEnableDebugCameraProperty: BooleanProperty [value: false]
17:09:57.721 [FXGL Background Thread 3 ] DEBUG Engine               - devSensorColorProperty: ObjectProperty [value: 0xffff00ff]
17:09:57.721 [FXGL Background Thread 3 ] DEBUG Engine               - devShowBBoxProperty: BooleanProperty [value: false]
17:09:57.721 [FXGL Background Thread 3 ] DEBUG Engine               - devShowPositionProperty: BooleanProperty [value: false]
17:09:57.722 [FXGL Background Thread 3 ] DEBUG Engine               - enabledMenuItems: []
17:09:57.722 [FXGL Background Thread 3 ] DEBUG Engine               - engineServices: [class com.almasb.fxgl.app.FXGLApplication$GameApplicationService, class com.almasb.fxgl.app.services.FXGLDialogService, class com.almasb.fxgl.app.services.IOTaskExecutorService, class com.almasb.fxgl.event.EventBusService, class com.almasb.fxgl.io.FileSystemService, class com.almasb.fxgl.localization.LocalizationService, class com.almasb.fxgl.app.services.FXGLAssetLoaderService, class com.almasb.fxgl.app.services.SystemBundleService, class com.almasb.fxgl.profile.SaveLoadService, class com.almasb.fxgl.ui.FXGLUIFactoryServiceProvider, class com.almasb.fxgl.ui.FXGLDialogFactoryServiceProvider, class com.almasb.fxgl.audio.AudioPlayer, class com.almasb.fxgl.notification.impl.NotificationServiceProvider, class com.almasb.fxgl.achievement.AchievementService, class com.almasb.fxgl.cutscene.CutsceneService, class com.almasb.fxgl.minigames.MiniGameService, class com.almasb.fxgl.net.NetService, class com.almasb.fxgl.app.services.UpdaterService, class com.almasb.fxgl.dev.DevService]
17:09:57.722 [FXGL Background Thread 3 ] DEBUG Engine               - fontGame: Abel-Regular.ttf
17:09:57.722 [FXGL Background Thread 3 ] DEBUG Engine               - fontMono: lucida_console.ttf
17:09:57.722 [FXGL Background Thread 3 ] DEBUG Engine               - fontText: Courier-Prime.ttf
17:09:57.722 [FXGL Background Thread 3 ] DEBUG Engine               - fontUI: VarelaRound-Regular.ttf
17:09:57.722 [FXGL Background Thread 3 ] DEBUG Engine               - fullScreen: BooleanProperty [value: false]
17:09:57.722 [FXGL Background Thread 3 ] DEBUG Engine               - gameDifficulty: MEDIUM
17:09:57.723 [FXGL Background Thread 3 ] DEBUG Engine               - gameDifficultyProperty: ObjectProperty [value: MEDIUM]
17:09:57.723 [FXGL Background Thread 3 ] DEBUG Engine               - globalMusicVolume: 0.5
17:09:57.723 [FXGL Background Thread 3 ] DEBUG Engine               - globalMusicVolumeProperty: DoubleProperty [value: 0.5]
17:09:57.723 [FXGL Background Thread 3 ] DEBUG Engine               - globalSoundVolume: 0.5
17:09:57.723 [FXGL Background Thread 3 ] DEBUG Engine               - globalSoundVolumeProperty: DoubleProperty [value: 0.5]
17:09:57.723 [FXGL Background Thread 3 ] DEBUG Engine               - height: 720
17:09:57.723 [FXGL Background Thread 3 ] DEBUG Engine               - isAndroid: false
17:09:57.723 [FXGL Background Thread 3 ] DEBUG Engine               - isBrowser: false
17:09:57.723 [FXGL Background Thread 3 ] DEBUG Engine               - isClickFeedbackEnabled: false
17:09:57.724 [FXGL Background Thread 3 ] DEBUG Engine               - isCloseConfirmation: false
17:09:57.724 [FXGL Background Thread 3 ] DEBUG Engine               - isDesktop: true
17:09:57.724 [FXGL Background Thread 3 ] DEBUG Engine               - isDeveloperMenuEnabled: false
17:09:57.724 [FXGL Background Thread 3 ] DEBUG Engine               - isEntityPreloadEnabled: true
17:09:57.724 [FXGL Background Thread 3 ] DEBUG Engine               - isExperimental3D: false
17:09:57.724 [FXGL Background Thread 3 ] DEBUG Engine               - isExperimentalNative: false
17:09:57.724 [FXGL Background Thread 3 ] DEBUG Engine               - isExperimentalTiledLargeMap: false
17:09:57.724 [FXGL Background Thread 3 ] DEBUG Engine               - isFileSystemWriteAllowed: true
17:09:57.724 [FXGL Background Thread 3 ] DEBUG Engine               - isFullScreenAllowed: false
17:09:57.725 [FXGL Background Thread 3 ] DEBUG Engine               - isFullScreenFromStart: false
17:09:57.725 [FXGL Background Thread 3 ] DEBUG Engine               - isGameMenuEnabled: true
17:09:57.725 [FXGL Background Thread 3 ] DEBUG Engine               - isIOS: false
17:09:57.725 [FXGL Background Thread 3 ] DEBUG Engine               - isIntroEnabled: false
17:09:57.725 [FXGL Background Thread 3 ] DEBUG Engine               - isLinux: false
17:09:57.725 [FXGL Background Thread 3 ] DEBUG Engine               - isMac: true
17:09:57.725 [FXGL Background Thread 3 ] DEBUG Engine               - isMainMenuEnabled: true
17:09:57.725 [FXGL Background Thread 3 ] DEBUG Engine               - isManualResizeEnabled: false
17:09:57.725 [FXGL Background Thread 3 ] DEBUG Engine               - isMobile: false
17:09:57.725 [FXGL Background Thread 3 ] DEBUG Engine               - isPreserveResizeRatio: false
17:09:57.725 [FXGL Background Thread 3 ] DEBUG Engine               - isProfilingEnabled: false
17:09:57.725 [FXGL Background Thread 3 ] DEBUG Engine               - isScaleAffectedOnResize: true
17:09:57.725 [FXGL Background Thread 3 ] DEBUG Engine               - isSingleStep: false
17:09:57.725 [FXGL Background Thread 3 ] DEBUG Engine               - isUserProfileEnabled: false
17:09:57.726 [FXGL Background Thread 3 ] DEBUG Engine               - isWindows: false
17:09:57.726 [FXGL Background Thread 3 ] DEBUG Engine               - language: ObjectProperty [value: ENGLISH]
17:09:57.726 [FXGL Background Thread 3 ] DEBUG Engine               - menuKey: ESCAPE
17:09:57.726 [FXGL Background Thread 3 ] DEBUG Engine               - notificationViewClass: class com.almasb.fxgl.notification.view.XboxNotificationView
17:09:57.726 [FXGL Background Thread 3 ] DEBUG Engine               - pixelsPerMeter: 50.0
17:09:57.726 [FXGL Background Thread 3 ] DEBUG Engine               - platform: MAC
17:09:57.726 [FXGL Background Thread 3 ] DEBUG Engine               - prefHeightProperty: ReadOnlyDoubleProperty [value: 720.0]
17:09:57.726 [FXGL Background Thread 3 ] DEBUG Engine               - prefWidthProperty: ReadOnlyDoubleProperty [value: 1280.0]
17:09:57.726 [FXGL Background Thread 3 ] DEBUG Engine               - profileDir: profiles/
17:09:57.726 [FXGL Background Thread 3 ] DEBUG Engine               - profileName: StringProperty [value: DEFAULT]
17:09:57.727 [FXGL Background Thread 3 ] DEBUG Engine               - randomSeed: -1
17:09:57.727 [FXGL Background Thread 3 ] DEBUG Engine               - runtimeInfo: RuntimeInfo(platform=MAC, version=11.12, build=11.12.2020 08.51)
17:09:57.727 [FXGL Background Thread 3 ] DEBUG Engine               - saveFileExt: sav
17:09:57.727 [FXGL Background Thread 3 ] DEBUG Engine               - scaledHeightProp$fxgl: DoubleProperty [bound, value: 720.0]
17:09:57.727 [FXGL Background Thread 3 ] DEBUG Engine               - scaledWidthProp$fxgl: DoubleProperty [bound, value: 1280.0]
17:09:57.727 [FXGL Background Thread 3 ] DEBUG Engine               - sceneFactory: com.group19.javafxgame.ui.menu.main.MainMenuSceneFactory@72eb059d
17:09:57.727 [FXGL Background Thread 3 ] DEBUG Engine               - secondsIn24h: 60
17:09:57.727 [FXGL Background Thread 3 ] DEBUG Engine               - soundMenuBack: menu/back.wav
17:09:57.727 [FXGL Background Thread 3 ] DEBUG Engine               - soundMenuPress: menu/press.wav
17:09:57.727 [FXGL Background Thread 3 ] DEBUG Engine               - soundMenuSelect: menu/select.wav
17:09:57.727 [FXGL Background Thread 3 ] DEBUG Engine               - soundNotification: core/notification.wav
17:09:57.727 [FXGL Background Thread 3 ] DEBUG Engine               - stageStyle: DECORATED
17:09:57.728 [FXGL Background Thread 3 ] DEBUG Engine               - supportedLanguages: [ENGLISH, FRENCH, GERMAN, HUNGARIAN, RUSSIAN]
17:09:57.728 [FXGL Background Thread 3 ] DEBUG Engine               - title: Dungeon Crawler
17:09:57.728 [FXGL Background Thread 3 ] DEBUG Engine               - urlGithub: https://github.com/AlmasB/FXGL
17:09:57.728 [FXGL Background Thread 3 ] DEBUG Engine               - urlLeaderboard: http://fxgl-top.herokuapp.com/
17:09:57.728 [FXGL Background Thread 3 ] DEBUG Engine               - urlPOM: https://raw.githubusercontent.com/AlmasB/FXGL/master/README.md
17:09:57.728 [FXGL Background Thread 3 ] DEBUG Engine               - version: Development 0.0.1
17:09:57.728 [FXGL Background Thread 3 ] DEBUG Engine               - versionCheckDays: 7
17:09:57.728 [FXGL Background Thread 3 ] DEBUG Engine               - width: 1280
17:09:57.728 [FXGL Background Thread 3 ] DEBUG Engine               - Logging services
17:09:57.728 [FXGL Background Thread 3 ] DEBUG Engine               - class com.almasb.fxgl.app.FXGLApplication$GameApplicationService
17:09:57.728 [FXGL Background Thread 3 ] DEBUG Engine               - class com.almasb.fxgl.app.services.FXGLDialogService
17:09:57.728 [FXGL Background Thread 3 ] DEBUG Engine               - class com.almasb.fxgl.app.services.IOTaskExecutorService
17:09:57.728 [FXGL Background Thread 3 ] DEBUG Engine               - class com.almasb.fxgl.event.EventBusService
17:09:57.728 [FXGL Background Thread 3 ] DEBUG Engine               - class com.almasb.fxgl.io.FileSystemService
17:09:57.729 [FXGL Background Thread 3 ] DEBUG Engine               - class com.almasb.fxgl.localization.LocalizationService
17:09:57.729 [FXGL Background Thread 3 ] DEBUG Engine               - class com.almasb.fxgl.app.services.FXGLAssetLoaderService
17:09:57.729 [FXGL Background Thread 3 ] DEBUG Engine               - class com.almasb.fxgl.app.services.SystemBundleService
17:09:57.729 [FXGL Background Thread 3 ] DEBUG Engine               - class com.almasb.fxgl.profile.SaveLoadService
17:09:57.729 [FXGL Background Thread 3 ] DEBUG Engine               - class com.almasb.fxgl.ui.FXGLUIFactoryServiceProvider
17:09:57.729 [FXGL Background Thread 3 ] DEBUG Engine               - class com.almasb.fxgl.ui.FXGLDialogFactoryServiceProvider
17:09:57.729 [FXGL Background Thread 3 ] DEBUG Engine               - class com.almasb.fxgl.audio.AudioPlayer
17:09:57.729 [FXGL Background Thread 3 ] DEBUG Engine               - class com.almasb.fxgl.notification.impl.NotificationServiceProvider
17:09:57.729 [FXGL Background Thread 3 ] DEBUG Engine               - class com.almasb.fxgl.achievement.AchievementService
17:09:57.729 [FXGL Background Thread 3 ] DEBUG Engine               - class com.almasb.fxgl.cutscene.CutsceneService
17:09:57.729 [FXGL Background Thread 3 ] DEBUG Engine               - class com.almasb.fxgl.minigames.MiniGameService
17:09:57.729 [FXGL Background Thread 3 ] DEBUG Engine               - class com.almasb.fxgl.net.NetService
17:09:57.729 [FXGL Background Thread 3 ] DEBUG Engine               - class com.almasb.fxgl.app.services.UpdaterService
17:09:57.729 [FXGL Background Thread 3 ] DEBUG Engine               - class com.almasb.fxgl.dev.DevService
17:09:58.048 [JavaFX Application Thread] DEBUG FXGLAssetLoaderServi - Loading from cache: /assets/textures/background/SimplePaintBackground.png
17:09:58.654 [JavaFX Application Thread] DEBUG Menu                 - fireExit()
17:09:58.664 [JavaFX Application Thread] DEBUG MainWindow           - Push state: DialogSubScene
17:09:58.665 [JavaFX Application Thread] DEBUG Input                - Clearing active input actions
17:09:58.670 [JavaFX Application Thread] DEBUG GameApplicationServi - Removing overlay from MainMenu and adding to DialogSubScene
17:09:58.670 [JavaFX Application Thread] DEBUG MainWindow           - MainMenu -> DialogSubScene
17:09:59.743 [JavaFX Application Thread] DEBUG MainWindow           - Pop state: DialogSubScene
17:09:59.743 [JavaFX Application Thread] DEBUG Input                - Clearing active input actions
17:09:59.744 [JavaFX Application Thread] DEBUG GameApplicationServi - Removing overlay from DialogSubScene and adding to MainMenu
17:09:59.744 [JavaFX Application Thread] DEBUG MainWindow           - MainMenu <- DialogSubScene
17:09:59.744 [JavaFX Application Thread] DEBUG FXGLApplication      - Exiting FXGL
17:09:59.745 [JavaFX Application Thread] DEBUG LoopRunner           - Stopping loop
17:09:59.745 [JavaFX Application Thread] DEBUG SystemBundleService  - Saving FXGL system data
17:09:59.749 [JavaFX Application Thread] DEBUG FileSystemAccess     - Writing to: /Users/shaharben-dor/Documents/College Work/CS 2340/CS-2340-Final-Project/system/fxgl.bundle
17:09:59.751 [JavaFX Application Thread] DEBUG Async                - Shutting down background threads
17:09:59.751 [JavaFX Application Thread] DEBUG MainWindow           - Closing main window
17:09:59.759 [JavaFX Application Thread] DEBUG Logger               - Closing Logger
